2024-01-31 19:40:28.445 [info] Log level: Info
2024-01-31 19:40:28.445 [info] Validating found git in: "git"
2024-01-31 19:40:28.445 [info] Using git "2.43.0" from "git"
2024-01-31 19:40:28.445 [info] > git rev-parse --show-toplevel [17ms]
2024-01-31 19:40:28.445 [info] > git rev-parse --git-dir --git-common-dir [12ms]
2024-01-31 19:40:28.445 [info] Open repository: /home/void/Documents/TEP-and-Integrity-Codes
2024-01-31 19:40:28.481 [info] > git rev-parse --show-toplevel [20ms]
2024-01-31 19:40:28.514 [info] > git rev-parse --show-toplevel [18ms]
2024-01-31 19:40:28.533 [info] > git for-each-ref --format=%(refname)%00%(upstream:short)%00%(objectname)%00%(upstream:track)%00%(upstream:remotename)%00%(upstream:remoteref) refs/heads/main refs/remotes/main [23ms]
2024-01-31 19:40:28.538 [info] > git rev-parse --show-toplevel [7ms]
2024-01-31 19:40:28.577 [info] > git rev-parse --show-toplevel [23ms]
2024-01-31 19:40:28.597 [info] > git status -z -uall [25ms]
2024-01-31 19:40:28.617 [info] > git rev-parse --show-toplevel [23ms]
2024-01-31 19:40:28.643 [info] > git for-each-ref --format=%(refname)%00%(upstream:short)%00%(objectname)%00%(upstream:track)%00%(upstream:remotename)%00%(upstream:remoteref) refs/heads/main refs/remotes/main [4ms]
2024-01-31 19:40:28.667 [info] > git status -z -uall [5ms]
2024-01-31 19:40:28.992 [info] > git check-ignore -v -z --stdin [3ms]
2024-01-31 20:01:16.599 [info] > git check-ignore -v -z --stdin [3ms]
2024-01-31 20:01:16.998 [info] > git show --textconv :Paper/TEPandIntegrity.tex [22ms]
2024-01-31 20:01:16.999 [info] > git ls-files --stage -- /home/void/Documents/TEP-and-Integrity-Codes/Paper/TEPandIntegrity.tex [10ms]
2024-01-31 20:01:17.013 [info] > git cat-file -s f8b9cc0b42b99fdaab51a34f7c3bba4a179152c4 [3ms]
2024-01-31 20:01:20.032 [info] > git show --textconv :Presi/template-pdflatex.tex [358ms]
2024-01-31 20:01:20.035 [info] > git ls-files --stage -- /home/void/Documents/TEP-and-Integrity-Codes/Presi/template-pdflatex.tex [347ms]
2024-01-31 20:01:20.050 [info] > git cat-file -s b473d39442144fb214b45825ea3879c6b82dd41b [4ms]
2024-01-31 20:02:01.173 [info] > git show --textconv :Presi/template-pdflatex.tex [30ms]
2024-01-31 20:02:01.178 [info] > git ls-files --stage -- /home/void/Documents/TEP-and-Integrity-Codes/Presi/template-pdflatex.tex [9ms]
2024-01-31 20:02:01.213 [info] > git cat-file -s b473d39442144fb214b45825ea3879c6b82dd41b [13ms]
2024-01-31 20:03:14.196 [info] > git for-each-ref --format=%(refname)%00%(upstream:short)%00%(objectname)%00%(upstream:track)%00%(upstream:remotename)%00%(upstream:remoteref) refs/heads/main refs/remotes/main [6ms]
2024-01-31 20:03:14.230 [info] > git status -z -uall [10ms]
2024-01-31 20:03:40.522 [info] > git show --textconv :Presi/template-pdflatex.tex [11ms]
2024-01-31 20:03:40.524 [info] > git ls-files --stage -- /home/void/Documents/TEP-and-Integrity-Codes/Presi/template-pdflatex.tex [3ms]
2024-01-31 20:03:40.536 [info] > git cat-file -s b473d39442144fb214b45825ea3879c6b82dd41b [2ms]
2024-01-31 20:04:22.120 [info] > git for-each-ref --format=%(refname)%00%(upstream:short)%00%(objectname)%00%(upstream:track)%00%(upstream:remotename)%00%(upstream:remoteref) refs/heads/main refs/remotes/main [6ms]
2024-01-31 20:04:22.160 [info] > git status -z -uall [12ms]
2024-01-31 20:09:39.381 [info] > git show --textconv :Presi/template-pdflatex.tex [11ms]
2024-01-31 20:09:39.383 [info] > git ls-files --stage -- /home/void/Documents/TEP-and-Integrity-Codes/Presi/template-pdflatex.tex [3ms]
2024-01-31 20:09:39.395 [info] > git cat-file -s b473d39442144fb214b45825ea3879c6b82dd41b [3ms]
2024-01-31 20:27:59.650 [info] > git show --textconv :Presi/template-pdflatex.tex [11ms]
2024-01-31 20:27:59.652 [info] > git ls-files --stage -- /home/void/Documents/TEP-and-Integrity-Codes/Presi/template-pdflatex.tex [2ms]
2024-01-31 20:27:59.664 [info] > git cat-file -s b473d39442144fb214b45825ea3879c6b82dd41b [2ms]
2024-01-31 20:35:59.706 [info] > git show --textconv :Presi/template-pdflatex.tex [11ms]
2024-01-31 20:35:59.708 [info] > git ls-files --stage -- /home/void/Documents/TEP-and-Integrity-Codes/Presi/template-pdflatex.tex [2ms]
2024-01-31 20:35:59.720 [info] > git cat-file -s b473d39442144fb214b45825ea3879c6b82dd41b [2ms]
2024-01-31 20:40:08.090 [info] > git for-each-ref --format=%(refname)%00%(upstream:short)%00%(objectname)%00%(upstream:track)%00%(upstream:remotename)%00%(upstream:remoteref) refs/heads/main refs/remotes/main [7ms]
2024-01-31 20:40:08.128 [info] > git status -z -uall [11ms]
2024-01-31 21:00:34.026 [info] > git show --textconv :Presi/template-pdflatex.tex [13ms]
2024-01-31 21:00:34.028 [info] > git ls-files --stage -- /home/void/Documents/TEP-and-Integrity-Codes/Presi/template-pdflatex.tex [3ms]
2024-01-31 21:00:34.040 [info] > git cat-file -s b473d39442144fb214b45825ea3879c6b82dd41b [2ms]
2024-01-31 21:09:02.080 [info] > git for-each-ref --format=%(refname)%00%(upstream:short)%00%(objectname)%00%(upstream:track)%00%(upstream:remotename)%00%(upstream:remoteref) refs/heads/main refs/remotes/main [6ms]
2024-01-31 21:09:02.117 [info] > git status -z -uall [9ms]
2024-01-31 21:09:02.184 [info] > git ls-files --stage -- /home/void/Documents/TEP-and-Integrity-Codes/Presi/template-pdflatex.tex [5ms]
2024-01-31 21:09:02.213 [info] > git cat-file -s b473d39442144fb214b45825ea3879c6b82dd41b [4ms]
2024-01-31 21:09:02.253 [info] > git show --textconv :Presi/template-pdflatex.tex [10ms]
2024-01-31 21:10:15.352 [info] > git for-each-ref --format=%(refname)%00%(upstream:short)%00%(objectname)%00%(upstream:track)%00%(upstream:remotename)%00%(upstream:remoteref) refs/heads/main refs/remotes/main [7ms]
2024-01-31 21:10:15.386 [info] > git status -z -uall [8ms]
2024-01-31 21:10:15.448 [info] > git ls-files --stage -- /home/void/Documents/TEP-and-Integrity-Codes/Presi/template-pdflatex.tex [5ms]
2024-01-31 21:10:15.477 [info] > git cat-file -s d0f8af97504ff5d88eb5da5efbed15086f46b411 [5ms]
2024-01-31 21:10:15.521 [info] > git show --textconv :Presi/template-pdflatex.tex [13ms]
2024-01-31 21:10:18.720 [info] > git ls-files --stage -- /home/void/Documents/TEP-and-Integrity-Codes/Presi/template-pdflatex.tex [5ms]
2024-01-31 21:10:18.749 [info] > git cat-file -s b473d39442144fb214b45825ea3879c6b82dd41b [5ms]
2024-01-31 21:10:18.785 [info] > git show --textconv :Presi/template-pdflatex.tex [5ms]
2024-01-31 21:10:20.464 [info] > git config --get commit.template [26ms]
2024-01-31 21:10:20.465 [info] > git for-each-ref --format=%(refname)%00%(upstream:short)%00%(objectname)%00%(upstream:track)%00%(upstream:remotename)%00%(upstream:remoteref) refs/heads/main refs/remotes/main [6ms]
2024-01-31 21:10:20.501 [info] > git status -z -uall [10ms]
2024-01-31 21:10:55.428 [info] > git show --textconv :Presi/template-pdflatex.tex [16ms]
2024-01-31 21:10:55.430 [info] > git ls-files --stage -- /home/void/Documents/TEP-and-Integrity-Codes/Presi/template-pdflatex.tex [2ms]
2024-01-31 21:10:55.446 [info] > git cat-file -s b473d39442144fb214b45825ea3879c6b82dd41b [3ms]
2024-01-31 21:11:45.746 [info] > git config --get commit.template [25ms]
2024-01-31 21:11:45.748 [info] > git for-each-ref --format=%(refname)%00%(upstream:short)%00%(objectname)%00%(upstream:track)%00%(upstream:remotename)%00%(upstream:remoteref) refs/heads/main refs/remotes/main [5ms]
2024-01-31 21:11:45.779 [info] > git status -z -uall [7ms]
2024-01-31 21:11:59.201 [info] > git show --textconv :Paper/TEPandIntegrity.tex [15ms]
2024-01-31 21:11:59.203 [info] > git ls-files --stage -- /home/void/Documents/TEP-and-Integrity-Codes/Paper/TEPandIntegrity.tex [3ms]
2024-01-31 21:11:59.217 [info] > git cat-file -s f8b9cc0b42b99fdaab51a34f7c3bba4a179152c4 [2ms]
2024-01-31 21:12:02.906 [info] > git show --textconv :Presi/template-pdflatex.tex [22ms]
2024-01-31 21:12:02.913 [info] > git ls-files --stage -- /home/void/Documents/TEP-and-Integrity-Codes/Presi/template-pdflatex.tex [8ms]
2024-01-31 21:12:02.940 [info] > git cat-file -s b473d39442144fb214b45825ea3879c6b82dd41b [4ms]
2024-01-31 21:12:05.838 [info] > git check-ignore -v -z --stdin [4ms]
2024-01-31 21:12:07.178 [info] > git check-ignore -v -z --stdin [9ms]
2024-01-31 21:12:20.447 [info] > git config --get commit.template [31ms]
2024-01-31 21:12:20.450 [info] > git for-each-ref --format=%(refname)%00%(upstream:short)%00%(objectname)%00%(upstream:track)%00%(upstream:remotename)%00%(upstream:remoteref) refs/heads/main refs/remotes/main [7ms]
2024-01-31 21:12:20.489 [info] > git status -z -uall [11ms]
2024-01-31 21:12:20.536 [info] > git ls-files --stage -- /home/void/Documents/TEP-and-Integrity-Codes/Presi/template-pdflatex.tex [7ms]
2024-01-31 21:12:20.567 [info] > git cat-file -s b473d39442144fb214b45825ea3879c6b82dd41b [5ms]
2024-01-31 21:12:20.607 [info] > git show --textconv :Presi/template-pdflatex.tex [11ms]
2024-01-31 21:12:23.941 [info] > git check-ignore -v -z --stdin [4ms]
2024-01-31 21:12:24.047 [info] > git ls-files --stage -- /home/void/Documents/TEP-and-Integrity-Codes/Presi/template-pdflatex.tex [5ms]
2024-01-31 21:12:24.079 [info] > git cat-file -s b473d39442144fb214b45825ea3879c6b82dd41b [6ms]
2024-01-31 21:12:24.117 [info] > git show --textconv :Presi/template-pdflatex.tex [7ms]
2024-01-31 21:12:25.539 [info] > git for-each-ref --format=%(refname)%00%(upstream:short)%00%(objectname)%00%(upstream:track)%00%(upstream:remotename)%00%(upstream:remoteref) refs/heads/main refs/remotes/main [7ms]
2024-01-31 21:12:25.587 [info] > git status -z -uall [17ms]
2024-01-31 21:12:40.438 [info] > git check-ignore -v -z --stdin [2ms]
2024-01-31 21:12:41.494 [info] > git check-ignore -v -z --stdin [2ms]
2024-01-31 21:12:43.733 [info] > git for-each-ref --format=%(refname)%00%(upstream:short)%00%(objectname)%00%(upstream:track)%00%(upstream:remotename)%00%(upstream:remoteref) refs/heads/main refs/remotes/main [7ms]
2024-01-31 21:12:43.777 [info] > git status -z -uall [15ms]
2024-01-31 21:12:50.121 [info] > git show --textconv :Presi/template-pdflatex.tex [13ms]
2024-01-31 21:12:50.123 [info] > git ls-files --stage -- /home/void/Documents/TEP-and-Integrity-Codes/Presi/template-pdflatex.tex [3ms]
2024-01-31 21:12:50.137 [info] > git cat-file -s b473d39442144fb214b45825ea3879c6b82dd41b [3ms]
2024-01-31 21:13:35.541 [info] > git check-ignore -v -z --stdin [1ms]
2024-01-31 21:13:39.094 [info] > git for-each-ref --format=%(refname)%00%(upstream:short)%00%(objectname)%00%(upstream:track)%00%(upstream:remotename)%00%(upstream:remoteref) refs/heads/main refs/remotes/main [8ms]
2024-01-31 21:13:39.143 [info] > git status -z -uall [17ms]
2024-01-31 21:16:46.631 [info] > git show --textconv :Presi/template-pdflatex.tex [15ms]
2024-01-31 21:16:46.634 [info] > git ls-files --stage -- /home/void/Documents/TEP-and-Integrity-Codes/Presi/template-pdflatex.tex [6ms]
2024-01-31 21:16:46.647 [info] > git cat-file -s b473d39442144fb214b45825ea3879c6b82dd41b [2ms]
2024-01-31 21:18:36.249 [info] > git show --textconv :Presi/template-pdflatex.tex [12ms]
2024-01-31 21:18:36.254 [info] > git ls-files --stage -- /home/void/Documents/TEP-and-Integrity-Codes/Presi/template-pdflatex.tex [6ms]
2024-01-31 21:18:36.266 [info] > git cat-file -s b473d39442144fb214b45825ea3879c6b82dd41b [2ms]
2024-01-31 21:19:33.204 [info] > git for-each-ref --format=%(refname)%00%(upstream:short)%00%(objectname)%00%(upstream:track)%00%(upstream:remotename)%00%(upstream:remoteref) refs/heads/main refs/remotes/main [6ms]
2024-01-31 21:19:33.240 [info] > git status -z -uall [12ms]
2024-01-31 21:21:13.136 [info] > git for-each-ref --format=%(refname)%00%(upstream:short)%00%(objectname)%00%(upstream:track)%00%(upstream:remotename)%00%(upstream:remoteref) refs/heads/main refs/remotes/main [6ms]
2024-01-31 21:21:13.172 [info] > git status -z -uall [11ms]
2024-01-31 21:30:41.120 [info] > git check-ignore -v -z --stdin [5ms]
2024-01-31 21:30:41.902 [info] > git check-ignore -v -z --stdin [5ms]
2024-01-31 21:30:58.597 [info] > git show --textconv :Presi/template-pdflatex.tex [13ms]
2024-01-31 21:30:58.599 [info] > git ls-files --stage -- /home/void/Documents/TEP-and-Integrity-Codes/Presi/template-pdflatex.tex [3ms]
2024-01-31 21:30:58.613 [info] > git cat-file -s b473d39442144fb214b45825ea3879c6b82dd41b [2ms]
2024-01-31 21:30:59.730 [info] > git for-each-ref --format=%(refname)%00%(upstream:short)%00%(objectname)%00%(upstream:track)%00%(upstream:remotename)%00%(upstream:remoteref) refs/heads/main refs/remotes/main [4ms]
2024-01-31 21:30:59.753 [info] > git status -z -uall [7ms]
2024-01-31 21:31:40.360 [info] > git for-each-ref --format=%(refname)%00%(upstream:short)%00%(objectname)%00%(upstream:track)%00%(upstream:remotename)%00%(upstream:remoteref) refs/heads/main refs/remotes/main [6ms]
2024-01-31 21:31:40.395 [info] > git status -z -uall [12ms]
2024-01-31 21:31:52.950 [info] > git config --get commit.template [6ms]
2024-01-31 21:31:52.984 [info] > git for-each-ref --format=%(refname)%00%(upstream:short)%00%(objectname)%00%(upstream:track)%00%(upstream:remotename)%00%(upstream:remoteref) refs/heads/main refs/remotes/main [7ms]
2024-01-31 21:31:53.025 [info] > git status -z -uall [11ms]
2024-01-31 21:32:10.882 [info] > git config --get commit.template [26ms]
2024-01-31 21:32:10.884 [info] > git for-each-ref --format=%(refname)%00%(upstream:short)%00%(objectname)%00%(upstream:track)%00%(upstream:remotename)%00%(upstream:remoteref) refs/heads/main refs/remotes/main [5ms]
2024-01-31 21:32:10.914 [info] > git status -z -uall [7ms]
2024-01-31 21:32:58.025 [info] > git config --get commit.template [25ms]
2024-01-31 21:32:58.027 [info] > git for-each-ref --format=%(refname)%00%(upstream:short)%00%(objectname)%00%(upstream:track)%00%(upstream:remotename)%00%(upstream:remoteref) refs/heads/main refs/remotes/main [5ms]
2024-01-31 21:32:58.057 [info] > git status -z -uall [7ms]
2024-01-31 21:33:07.268 [info] > git config --get commit.template [31ms]
2024-01-31 21:33:07.270 [info] > git for-each-ref --format=%(refname)%00%(upstream:short)%00%(objectname)%00%(upstream:track)%00%(upstream:remotename)%00%(upstream:remoteref) refs/heads/main refs/remotes/main [6ms]
2024-01-31 21:33:07.309 [info] > git status -z -uall [10ms]
2024-01-31 21:33:13.844 [info] > git show --textconv :Presi/template-pdflatex.tex [12ms]
2024-01-31 21:33:13.846 [info] > git ls-files --stage -- /home/void/Documents/TEP-and-Integrity-Codes/Presi/template-pdflatex.tex [2ms]
2024-01-31 21:33:13.860 [info] > git cat-file -s 2e58fcb04c34b4c3f9a4a26f0f6be41c46cc2601 [3ms]
2024-01-31 21:33:14.225 [info] > git check-ignore -v -z --stdin [5ms]
2024-01-31 21:35:03.385 [info] > git show --textconv :Paper/TEPandIntegrity.tex [21ms]
2024-01-31 21:35:03.388 [info] > git ls-files --stage -- /home/void/Documents/TEP-and-Integrity-Codes/Paper/TEPandIntegrity.tex [4ms]
2024-01-31 21:35:03.408 [info] > git cat-file -s f8b9cc0b42b99fdaab51a34f7c3bba4a179152c4 [2ms]
2024-01-31 21:46:45.015 [info] > git show --textconv :Presi/template-pdflatex.tex [352ms]
2024-01-31 21:46:45.019 [info] > git ls-files --stage -- /home/void/Documents/TEP-and-Integrity-Codes/Presi/template-pdflatex.tex [6ms]
2024-01-31 21:46:45.033 [info] > git cat-file -s 2e58fcb04c34b4c3f9a4a26f0f6be41c46cc2601 [2ms]
2024-01-31 22:21:30.377 [info] > git config --get commit.template [7ms]
2024-01-31 22:21:30.435 [info] > git for-each-ref --format=%(refname)%00%(upstream:short)%00%(objectname)%00%(upstream:track)%00%(upstream:remotename)%00%(upstream:remoteref) refs/heads/main refs/remotes/main [10ms]
2024-01-31 22:21:30.503 [info] > git status -z -uall [9ms]
2024-01-31 22:21:32.099 [info] > git show --textconv :Presi/template-pdflatex.tex [11ms]
2024-01-31 22:21:32.101 [info] > git ls-files --stage -- /home/void/Documents/TEP-and-Integrity-Codes/Presi/template-pdflatex.tex [2ms]
2024-01-31 22:21:32.113 [info] > git cat-file -s 2e58fcb04c34b4c3f9a4a26f0f6be41c46cc2601 [3ms]
2024-01-31 22:21:41.462 [info] > git show --textconv :Presi/template-pdflatex.tex [12ms]
2024-01-31 22:21:41.464 [info] > git ls-files --stage -- /home/void/Documents/TEP-and-Integrity-Codes/Presi/template-pdflatex.tex [3ms]
2024-01-31 22:21:41.477 [info] > git cat-file -s 2e58fcb04c34b4c3f9a4a26f0f6be41c46cc2601 [2ms]
2024-01-31 22:24:26.396 [info] > git config --get commit.template [26ms]
2024-01-31 22:24:26.398 [info] > git for-each-ref --format=%(refname)%00%(upstream:short)%00%(objectname)%00%(upstream:track)%00%(upstream:remotename)%00%(upstream:remoteref) refs/heads/main refs/remotes/main [5ms]
2024-01-31 22:24:26.430 [info] > git status -z -uall [8ms]
2024-01-31 22:25:02.528 [info] > git show --textconv :Presi/template-pdflatex.tex [13ms]
2024-01-31 22:25:02.530 [info] > git ls-files --stage -- /home/void/Documents/TEP-and-Integrity-Codes/Presi/template-pdflatex.tex [2ms]
2024-01-31 22:25:02.542 [info] > git cat-file -s 2e58fcb04c34b4c3f9a4a26f0f6be41c46cc2601 [2ms]
2024-01-31 22:25:05.607 [info] > git config --get commit.template [18ms]
2024-01-31 22:25:05.611 [info] > git for-each-ref --format=%(refname)%00%(upstream:short)%00%(objectname)%00%(upstream:track)%00%(upstream:remotename)%00%(upstream:remoteref) refs/heads/main refs/remotes/main [7ms]
2024-01-31 22:25:05.632 [info] > git status -z -uall [6ms]
2024-01-31 22:25:31.057 [info] > git show --textconv :Presi/template-pdflatex.tex [13ms]
2024-01-31 22:25:31.059 [info] > git ls-files --stage -- /home/void/Documents/TEP-and-Integrity-Codes/Presi/template-pdflatex.tex [3ms]
2024-01-31 22:25:31.072 [info] > git cat-file -s 2e58fcb04c34b4c3f9a4a26f0f6be41c46cc2601 [2ms]
2024-01-31 22:25:40.937 [info] > git config --get commit.template [26ms]
2024-01-31 22:25:40.938 [info] > git for-each-ref --format=%(refname)%00%(upstream:short)%00%(objectname)%00%(upstream:track)%00%(upstream:remotename)%00%(upstream:remoteref) refs/heads/main refs/remotes/main [5ms]
2024-01-31 22:25:40.971 [info] > git status -z -uall [8ms]
2024-01-31 22:25:49.754 [info] > git show --textconv :Presi/template-pdflatex.tex [12ms]
2024-01-31 22:25:49.756 [info] > git ls-files --stage -- /home/void/Documents/TEP-and-Integrity-Codes/Presi/template-pdflatex.tex [3ms]
2024-01-31 22:25:49.769 [info] > git cat-file -s 2e58fcb04c34b4c3f9a4a26f0f6be41c46cc2601 [1ms]
2024-01-31 22:26:01.807 [info] > git config --get commit.template [4ms]
2024-01-31 22:26:01.835 [info] > git for-each-ref --format=%(refname)%00%(upstream:short)%00%(objectname)%00%(upstream:track)%00%(upstream:remotename)%00%(upstream:remoteref) refs/heads/main refs/remotes/main [5ms]
2024-01-31 22:26:01.869 [info] > git status -z -uall [8ms]
2024-01-31 22:26:12.071 [info] > git show --textconv :Presi/template-pdflatex.tex [11ms]
2024-01-31 22:26:12.073 [info] > git ls-files --stage -- /home/void/Documents/TEP-and-Integrity-Codes/Presi/template-pdflatex.tex [1ms]
2024-01-31 22:26:12.085 [info] > git cat-file -s 2e58fcb04c34b4c3f9a4a26f0f6be41c46cc2601 [2ms]
2024-01-31 22:39:43.369 [info] > git show --textconv :Presi/template-pdflatex.tex [11ms]
2024-01-31 22:39:43.371 [info] > git ls-files --stage -- /home/void/Documents/TEP-and-Integrity-Codes/Presi/template-pdflatex.tex [1ms]
2024-01-31 22:39:43.382 [info] > git cat-file -s 2e58fcb04c34b4c3f9a4a26f0f6be41c46cc2601 [2ms]
2024-01-31 22:50:37.300 [info] > git config --get commit.template [29ms]
2024-01-31 22:50:37.301 [info] > git for-each-ref --format=%(refname)%00%(upstream:short)%00%(objectname)%00%(upstream:track)%00%(upstream:remotename)%00%(upstream:remoteref) refs/heads/main refs/remotes/main [3ms]
2024-01-31 22:50:37.319 [info] > git status -z -uall [5ms]
2024-01-31 23:08:31.708 [info] > git config --get commit.template [32ms]
2024-01-31 23:08:31.710 [info] > git for-each-ref --format=%(refname)%00%(upstream:short)%00%(objectname)%00%(upstream:track)%00%(upstream:remotename)%00%(upstream:remoteref) refs/heads/main refs/remotes/main [6ms]
2024-01-31 23:08:31.745 [info] > git status -z -uall [9ms]
2024-01-31 23:08:40.351 [info] > git config --get commit.template [38ms]
2024-01-31 23:08:40.355 [info] > git for-each-ref --format=%(refname)%00%(upstream:short)%00%(objectname)%00%(upstream:track)%00%(upstream:remotename)%00%(upstream:remoteref) refs/heads/main refs/remotes/main [5ms]
2024-01-31 23:08:40.391 [info] > git status -z -uall [9ms]
2024-01-31 23:10:47.276 [info] > git config --get commit.template [26ms]
2024-01-31 23:10:47.277 [info] > git for-each-ref --format=%(refname)%00%(upstream:short)%00%(objectname)%00%(upstream:track)%00%(upstream:remotename)%00%(upstream:remoteref) refs/heads/main refs/remotes/main [5ms]
2024-01-31 23:10:47.309 [info] > git status -z -uall [8ms]
2024-01-31 23:10:56.360 [info] > git config --get commit.template [37ms]
2024-01-31 23:10:56.363 [info] > git for-each-ref --format=%(refname)%00%(upstream:short)%00%(objectname)%00%(upstream:track)%00%(upstream:remotename)%00%(upstream:remoteref) refs/heads/main refs/remotes/main [7ms]
2024-01-31 23:10:56.404 [info] > git status -z -uall [10ms]
2024-01-31 23:11:08.553 [info] > git show --textconv :Presi/template-pdflatex.tex [11ms]
2024-01-31 23:11:08.555 [info] > git ls-files --stage -- /home/void/Documents/TEP-and-Integrity-Codes/Presi/template-pdflatex.tex [2ms]
2024-01-31 23:11:08.569 [info] > git cat-file -s 2e58fcb04c34b4c3f9a4a26f0f6be41c46cc2601 [3ms]
2024-01-31 23:11:41.453 [info] > git config --get commit.template [27ms]
2024-01-31 23:11:41.455 [info] > git for-each-ref --format=%(refname)%00%(upstream:short)%00%(objectname)%00%(upstream:track)%00%(upstream:remotename)%00%(upstream:remoteref) refs/heads/main refs/remotes/main [4ms]
2024-01-31 23:11:41.487 [info] > git status -z -uall [8ms]
2024-01-31 23:12:09.424 [info] > git show --textconv :Presi/template-pdflatex.tex [14ms]
2024-01-31 23:12:09.425 [info] > git ls-files --stage -- /home/void/Documents/TEP-and-Integrity-Codes/Presi/template-pdflatex.tex [2ms]
2024-01-31 23:12:09.440 [info] > git cat-file -s 2e58fcb04c34b4c3f9a4a26f0f6be41c46cc2601 [2ms]
2024-01-31 23:12:27.844 [info] > git show --textconv :Presi/template-pdflatex.tex [12ms]
2024-01-31 23:12:27.845 [info] > git ls-files --stage -- /home/void/Documents/TEP-and-Integrity-Codes/Presi/template-pdflatex.tex [2ms]
2024-01-31 23:12:27.857 [info] > git cat-file -s 2e58fcb04c34b4c3f9a4a26f0f6be41c46cc2601 [2ms]
2024-01-31 23:17:15.345 [info] > git show --textconv :Presi/template-pdflatex.tex [11ms]
2024-01-31 23:17:15.346 [info] > git ls-files --stage -- /home/void/Documents/TEP-and-Integrity-Codes/Presi/template-pdflatex.tex [2ms]
2024-01-31 23:17:15.358 [info] > git cat-file -s 2e58fcb04c34b4c3f9a4a26f0f6be41c46cc2601 [1ms]
2024-01-31 23:17:27.155 [info] > git config --get commit.template [28ms]
2024-01-31 23:17:27.158 [info] > git for-each-ref --format=%(refname)%00%(upstream:short)%00%(objectname)%00%(upstream:track)%00%(upstream:remotename)%00%(upstream:remoteref) refs/heads/main refs/remotes/main [5ms]
2024-01-31 23:17:27.191 [info] > git status -z -uall [8ms]
2024-01-31 23:27:59.112 [info] > git show --textconv :Presi/template-pdflatex.tex [31ms]
2024-01-31 23:27:59.114 [info] > git ls-files --stage -- /home/void/Documents/TEP-and-Integrity-Codes/Presi/template-pdflatex.tex [3ms]
2024-01-31 23:27:59.132 [info] > git cat-file -s 2e58fcb04c34b4c3f9a4a26f0f6be41c46cc2601 [4ms]
2024-01-31 23:28:18.941 [info] > git config --get commit.template [10ms]
2024-01-31 23:28:18.942 [info] > git for-each-ref --format=%(refname)%00%(upstream:short)%00%(objectname)%00%(upstream:track)%00%(upstream:remotename)%00%(upstream:remoteref) refs/heads/main refs/remotes/main [2ms]
2024-01-31 23:28:18.954 [info] > git status -z -uall [3ms]
2024-01-31 23:28:23.981 [info] > git config --get commit.template [13ms]
2024-01-31 23:28:23.982 [info] > git for-each-ref --format=%(refname)%00%(upstream:short)%00%(objectname)%00%(upstream:track)%00%(upstream:remotename)%00%(upstream:remoteref) refs/heads/main refs/remotes/main [2ms]
2024-01-31 23:28:24.000 [info] > git status -z -uall [3ms]
2024-01-31 23:36:08.531 [info] > git show --textconv :Presi/template-pdflatex.tex [13ms]
2024-01-31 23:36:08.533 [info] > git ls-files --stage -- /home/void/Documents/TEP-and-Integrity-Codes/Presi/template-pdflatex.tex [2ms]
2024-01-31 23:36:08.549 [info] > git cat-file -s 2e58fcb04c34b4c3f9a4a26f0f6be41c46cc2601 [4ms]
2024-02-01 10:56:10.204 [info] > git show --textconv :Presi/template-pdflatex.tex [14ms]
2024-02-01 10:56:10.205 [info] > git ls-files --stage -- /home/void/Documents/TEP-and-Integrity-Codes/Presi/template-pdflatex.tex [4ms]
2024-02-01 10:56:10.219 [info] > git cat-file -s 2e58fcb04c34b4c3f9a4a26f0f6be41c46cc2601 [3ms]
2024-02-01 10:59:26.715 [info] > git show --textconv :Presi/template-pdflatex.tex [13ms]
2024-02-01 10:59:26.717 [info] > git ls-files --stage -- /home/void/Documents/TEP-and-Integrity-Codes/Presi/template-pdflatex.tex [4ms]
2024-02-01 10:59:26.729 [info] > git cat-file -s 2e58fcb04c34b4c3f9a4a26f0f6be41c46cc2601 [2ms]
2024-02-01 10:59:44.413 [info] > git config --get commit.template [36ms]
2024-02-01 10:59:44.415 [info] > git for-each-ref --format=%(refname)%00%(upstream:short)%00%(objectname)%00%(upstream:track)%00%(upstream:remotename)%00%(upstream:remoteref) refs/heads/main refs/remotes/main [5ms]
2024-02-01 10:59:44.467 [info] > git status -z -uall [15ms]
2024-02-01 11:05:34.178 [info] > git config --get commit.template [34ms]
2024-02-01 11:05:34.180 [info] > git for-each-ref --format=%(refname)%00%(upstream:short)%00%(objectname)%00%(upstream:track)%00%(upstream:remotename)%00%(upstream:remoteref) refs/heads/main refs/remotes/main [7ms]
2024-02-01 11:05:34.225 [info] > git status -z -uall [10ms]
2024-02-01 17:49:28.996 [info] > git config --get commit.template [39ms]
2024-02-01 17:49:29.001 [info] > git for-each-ref --format=%(refname)%00%(upstream:short)%00%(objectname)%00%(upstream:track)%00%(upstream:remotename)%00%(upstream:remoteref) refs/heads/main refs/remotes/main [8ms]
2024-02-01 17:49:29.039 [info] > git status -z -uall [9ms]
2024-02-01 17:49:35.199 [info] > git show --textconv :Presi/template-pdflatex.tex [15ms]
2024-02-01 17:49:35.201 [info] > git ls-files --stage -- /home/void/Documents/TEP-and-Integrity-Codes/Presi/template-pdflatex.tex [5ms]
2024-02-01 17:49:35.214 [info] > git cat-file -s 2e58fcb04c34b4c3f9a4a26f0f6be41c46cc2601 [2ms]
2024-02-01 17:49:48.656 [info] > git show --textconv :Paper/TEPandIntegrity.tex [20ms]
2024-02-01 17:49:48.658 [info] > git ls-files --stage -- /home/void/Documents/TEP-and-Integrity-Codes/Paper/TEPandIntegrity.tex [3ms]
2024-02-01 17:49:48.676 [info] > git cat-file -s f8b9cc0b42b99fdaab51a34f7c3bba4a179152c4 [3ms]
2024-02-01 17:50:08.026 [info] > git show --textconv :Paper/TEPandIntegrity.tex [16ms]
2024-02-01 17:50:08.028 [info] > git ls-files --stage -- /home/void/Documents/TEP-and-Integrity-Codes/Paper/TEPandIntegrity.tex [3ms]
2024-02-01 17:50:08.040 [info] > git cat-file -s f8b9cc0b42b99fdaab51a34f7c3bba4a179152c4 [2ms]
2024-02-01 17:57:20.756 [info] > git config --get commit.template [37ms]
2024-02-01 17:57:20.758 [info] > git for-each-ref --format=%(refname)%00%(upstream:short)%00%(objectname)%00%(upstream:track)%00%(upstream:remotename)%00%(upstream:remoteref) refs/heads/main refs/remotes/main [5ms]
2024-02-01 17:57:20.796 [info] > git status -z -uall [9ms]
2024-02-01 18:05:31.987 [info] > git config --get commit.template [29ms]
2024-02-01 18:05:31.989 [info] > git for-each-ref --format=%(refname)%00%(upstream:short)%00%(objectname)%00%(upstream:track)%00%(upstream:remotename)%00%(upstream:remoteref) refs/heads/main refs/remotes/main [4ms]
2024-02-01 18:05:32.025 [info] > git status -z -uall [8ms]
2024-02-01 18:06:02.123 [info] > git config --get commit.template [32ms]
2024-02-01 18:06:02.125 [info] > git for-each-ref --format=%(refname)%00%(upstream:short)%00%(objectname)%00%(upstream:track)%00%(upstream:remotename)%00%(upstream:remoteref) refs/heads/main refs/remotes/main [6ms]
2024-02-01 18:06:02.162 [info] > git status -z -uall [9ms]
2024-02-01 18:06:13.410 [info] > git config --get commit.template [26ms]
2024-02-01 18:06:13.414 [info] > git for-each-ref --format=%(refname)%00%(upstream:short)%00%(objectname)%00%(upstream:track)%00%(upstream:remotename)%00%(upstream:remoteref) refs/heads/main refs/remotes/main [5ms]
2024-02-01 18:06:13.444 [info] > git status -z -uall [7ms]
2024-02-01 18:06:13.497 [info] > git ls-files --stage -- /home/void/Documents/TEP-and-Integrity-Codes/Paper/TEPandIntegrity.tex [4ms]
2024-02-01 18:06:13.527 [info] > git cat-file -s 3b4a9e5c729ef2c31f87006cc4641f3a7a932751 [5ms]
2024-02-01 18:06:13.563 [info] > git show --textconv :Paper/TEPandIntegrity.tex [6ms]
2024-02-05 09:51:53.504 [info] > git config --get commit.template [33ms]
2024-02-05 09:51:53.508 [info] > git for-each-ref --format=%(refname)%00%(upstream:short)%00%(objectname)%00%(upstream:track)%00%(upstream:remotename)%00%(upstream:remoteref) refs/heads/main refs/remotes/main [7ms]
2024-02-05 09:51:53.552 [info] > git status -z -uall [8ms]
2024-02-05 12:37:09.284 [info] > git show --textconv :Paper/TEPandIntegrity.tex [9ms]
2024-02-05 12:37:09.285 [info] > git ls-files --stage -- /home/void/Documents/TEP-and-Integrity-Codes/Paper/TEPandIntegrity.tex [2ms]
2024-02-05 12:37:09.293 [info] > git cat-file -s 3b4a9e5c729ef2c31f87006cc4641f3a7a932751 [1ms]
2024-02-05 12:39:19.300 [info] > git config --get commit.template [31ms]
2024-02-05 12:39:19.303 [info] > git for-each-ref --format=%(refname)%00%(upstream:short)%00%(objectname)%00%(upstream:track)%00%(upstream:remotename)%00%(upstream:remoteref) refs/heads/main refs/remotes/main [6ms]
2024-02-05 12:39:19.328 [info] > git status -z -uall [5ms]
2024-02-05 12:39:19.718 [info] > git show --textconv :Paper/TEPandIntegrity.tex [8ms]
2024-02-05 12:39:19.719 [info] > git ls-files --stage -- /home/void/Documents/TEP-and-Integrity-Codes/Paper/TEPandIntegrity.tex [2ms]
2024-02-05 12:39:19.728 [info] > git cat-file -s 3b4a9e5c729ef2c31f87006cc4641f3a7a932751 [1ms]
2024-02-05 12:40:49.136 [info] > git config --get commit.template [13ms]
2024-02-05 12:40:49.137 [info] > git for-each-ref --format=%(refname)%00%(upstream:short)%00%(objectname)%00%(upstream:track)%00%(upstream:remotename)%00%(upstream:remoteref) refs/heads/main refs/remotes/main [2ms]
2024-02-05 12:40:49.152 [info] > git status -z -uall [3ms]
2024-02-05 15:01:31.368 [info] > git config --get commit.template [35ms]
2024-02-05 15:01:31.374 [info] > git for-each-ref --format=%(refname)%00%(upstream:short)%00%(objectname)%00%(upstream:track)%00%(upstream:remotename)%00%(upstream:remoteref) refs/heads/main refs/remotes/main [9ms]
2024-02-05 15:01:31.412 [info] > git status -z -uall [10ms]
2024-02-05 15:01:50.929 [info] > git show --textconv :Paper/TEPandIntegrity.tex [12ms]
2024-02-05 15:01:50.931 [info] > git ls-files --stage -- /home/void/Documents/TEP-and-Integrity-Codes/Paper/TEPandIntegrity.tex [3ms]
2024-02-05 15:01:50.944 [info] > git cat-file -s 3b4a9e5c729ef2c31f87006cc4641f3a7a932751 [2ms]
2024-02-05 15:02:00.649 [info] > git config --get commit.template [38ms]
2024-02-05 15:02:00.654 [info] > git for-each-ref --format=%(refname)%00%(upstream:short)%00%(objectname)%00%(upstream:track)%00%(upstream:remotename)%00%(upstream:remoteref) refs/heads/main refs/remotes/main [8ms]
2024-02-05 15:02:00.700 [info] > git status -z -uall [9ms]
2024-02-05 15:02:08.836 [info] > git config --get commit.template [31ms]
2024-02-05 15:02:08.839 [info] > git for-each-ref --format=%(refname)%00%(upstream:short)%00%(objectname)%00%(upstream:track)%00%(upstream:remotename)%00%(upstream:remoteref) refs/heads/main refs/remotes/main [6ms]
2024-02-05 15:02:08.878 [info] > git status -z -uall [9ms]
2024-02-05 15:08:06.819 [info] > git show --textconv :Paper/TEPandIntegrity.tex [11ms]
2024-02-05 15:08:06.822 [info] > git ls-files --stage -- /home/void/Documents/TEP-and-Integrity-Codes/Paper/TEPandIntegrity.tex [2ms]
2024-02-05 15:08:06.835 [info] > git cat-file -s 3b4a9e5c729ef2c31f87006cc4641f3a7a932751 [3ms]
2024-02-05 15:40:11.855 [info] > git config --get commit.template [31ms]
2024-02-05 15:40:11.859 [info] > git for-each-ref --format=%(refname)%00%(upstream:short)%00%(objectname)%00%(upstream:track)%00%(upstream:remotename)%00%(upstream:remoteref) refs/heads/main refs/remotes/main [7ms]
2024-02-05 15:40:11.899 [info] > git status -z -uall [10ms]
2024-02-05 16:41:53.630 [info] > git config --get commit.template [36ms]
2024-02-05 16:41:53.633 [info] > git for-each-ref --format=%(refname)%00%(upstream:short)%00%(objectname)%00%(upstream:track)%00%(upstream:remotename)%00%(upstream:remoteref) refs/heads/main refs/remotes/main [8ms]
2024-02-05 16:41:53.674 [info] > git status -z -uall [8ms]
2024-02-05 16:42:16.512 [info] > git show --textconv :Paper/TEPandIntegrity.tex [14ms]
2024-02-05 16:42:16.514 [info] > git ls-files --stage -- /home/void/Documents/TEP-and-Integrity-Codes/Paper/TEPandIntegrity.tex [2ms]
2024-02-05 16:42:16.529 [info] > git cat-file -s 3b4a9e5c729ef2c31f87006cc4641f3a7a932751 [2ms]
2024-02-05 16:44:28.696 [info] > git config --get commit.template [41ms]
2024-02-05 16:44:28.702 [info] > git for-each-ref --format=%(refname)%00%(upstream:short)%00%(objectname)%00%(upstream:track)%00%(upstream:remotename)%00%(upstream:remoteref) refs/heads/main refs/remotes/main [10ms]
2024-02-05 16:44:28.748 [info] > git status -z -uall [10ms]
2024-02-05 16:50:37.345 [info] > git config --get commit.template [33ms]
2024-02-05 16:50:37.349 [info] > git for-each-ref --format=%(refname)%00%(upstream:short)%00%(objectname)%00%(upstream:track)%00%(upstream:remotename)%00%(upstream:remoteref) refs/heads/main refs/remotes/main [8ms]
2024-02-05 16:50:37.392 [info] > git status -z -uall [10ms]
2024-02-05 16:50:39.244 [info] > git show --textconv :Paper/TEPandIntegrity.tex [15ms]
2024-02-05 16:50:39.259 [info] > git ls-files --stage -- /home/void/Documents/TEP-and-Integrity-Codes/Paper/TEPandIntegrity.tex [16ms]
2024-02-05 16:50:39.275 [info] > git cat-file -s 3b4a9e5c729ef2c31f87006cc4641f3a7a932751 [2ms]
2024-02-05 16:51:09.419 [info] > git show --textconv :Paper/TEPandIntegrity.tex [15ms]
2024-02-05 16:51:09.437 [info] > git ls-files --stage -- /home/void/Documents/TEP-and-Integrity-Codes/Paper/TEPandIntegrity.tex [19ms]
2024-02-05 16:51:09.452 [info] > git cat-file -s 3b4a9e5c729ef2c31f87006cc4641f3a7a932751 [3ms]
2024-02-05 16:58:32.924 [info] > git show --textconv :Paper/TEPandIntegrity.tex [14ms]
2024-02-05 16:58:32.926 [info] > git ls-files --stage -- /home/void/Documents/TEP-and-Integrity-Codes/Paper/TEPandIntegrity.tex [3ms]
2024-02-05 16:58:32.943 [info] > git cat-file -s 3b4a9e5c729ef2c31f87006cc4641f3a7a932751 [3ms]
2024-02-05 17:00:22.694 [info] > git show --textconv :Paper/TEPandIntegrity.tex [14ms]
2024-02-05 17:00:22.696 [info] > git ls-files --stage -- /home/void/Documents/TEP-and-Integrity-Codes/Paper/TEPandIntegrity.tex [3ms]
2024-02-05 17:00:22.709 [info] > git cat-file -s 3b4a9e5c729ef2c31f87006cc4641f3a7a932751 [2ms]
2024-02-05 17:32:16.101 [info] > git config --get commit.template [47ms]
2024-02-05 17:32:16.106 [info] > git for-each-ref --format=%(refname)%00%(upstream:short)%00%(objectname)%00%(upstream:track)%00%(upstream:remotename)%00%(upstream:remoteref) refs/heads/main refs/remotes/main [10ms]
2024-02-05 17:32:16.161 [info] > git status -z -uall [14ms]
2024-02-05 17:32:30.747 [info] > git show --textconv :Paper/TEPandIntegrity.tex [17ms]
2024-02-05 17:32:30.751 [info] > git ls-files --stage -- /home/void/Documents/TEP-and-Integrity-Codes/Paper/TEPandIntegrity.tex [6ms]
2024-02-05 17:32:30.764 [info] > git cat-file -s 3b4a9e5c729ef2c31f87006cc4641f3a7a932751 [2ms]
