2024-01-29 14:55:34.319 [info] Log level: Info
2024-01-29 14:55:34.319 [info] Validating found git in: "git"
2024-01-29 14:55:34.319 [info] Using git "2.43.0" from "git"
2024-01-29 14:55:34.344 [info] > git rev-parse --show-toplevel [8ms]
2024-01-29 14:55:34.614 [info] > git rev-parse --git-dir --git-common-dir [31ms]
2024-01-29 14:55:34.627 [info] Open repository: /home/void/Documents/TEP-and-Integrity-Codes
2024-01-29 14:55:34.667 [info] > git rev-parse --show-toplevel [15ms]
2024-01-29 14:55:34.669 [info] > git config --get commit.template [25ms]
2024-01-29 14:55:34.712 [info] > git rev-parse --show-toplevel [14ms]
2024-01-29 14:55:34.727 [info] > git for-each-ref --format=%(refname)%00%(upstream:short)%00%(objectname)%00%(upstream:track)%00%(upstream:remotename)%00%(upstream:remoteref) refs/heads/main refs/remotes/main [17ms]
2024-01-29 14:55:34.729 [info] > git rev-parse --show-toplevel [3ms]
2024-01-29 14:55:34.760 [info] > git rev-parse --show-toplevel [13ms]
2024-01-29 14:55:34.772 [info] > git status -z -uall [12ms]
2024-01-29 14:55:34.794 [info] > git rev-parse --git-dir --git-common-dir [24ms]
2024-01-29 14:55:34.801 [info] Open repository: /home/void/Documents/TEP-and-Integrity-Codes/beamer-tum
2024-01-29 14:55:34.826 [info] > git config --get commit.template [32ms]
2024-01-29 14:55:34.829 [info] > git rev-parse --show-toplevel [4ms]
2024-01-29 14:55:34.829 [info] > git config --get commit.template [14ms]
2024-01-29 14:55:34.942 [info] > git rev-parse --show-toplevel [14ms]
2024-01-29 14:55:34.944 [info] > git for-each-ref --format=%(refname)%00%(upstream:short)%00%(objectname)%00%(upstream:track)%00%(upstream:remotename)%00%(upstream:remoteref) refs/heads/main refs/remotes/main [25ms]
2024-01-29 14:55:34.945 [info] > git for-each-ref --format=%(refname)%00%(upstream:short)%00%(objectname)%00%(upstream:track)%00%(upstream:remotename)%00%(upstream:remoteref) refs/heads/master refs/remotes/master [4ms]
2024-01-29 14:55:34.958 [warning] ENOENT: no such file or directory, open '/home/void/Documents/TEP-and-Integrity-Codes/beamer-tum/.git/refs/remotes/origin/master'
2024-01-29 14:55:34.960 [info] > git rev-parse refs/remotes/origin/master [2ms]
2024-01-29 14:55:34.983 [info] > git status -z -uall [13ms]
2024-01-29 14:55:34.983 [info] > git status -z -uall [3ms]
2024-01-29 14:55:35.009 [info] > git config --get commit.template [8ms]
2024-01-29 14:55:35.023 [info] > git for-each-ref --format=%(refname)%00%(upstream:short)%00%(objectname)%00%(upstream:track)%00%(upstream:remotename)%00%(upstream:remoteref) refs/heads/master refs/remotes/master [2ms]
2024-01-29 14:55:35.033 [warning] ENOENT: no such file or directory, open '/home/void/Documents/TEP-and-Integrity-Codes/beamer-tum/.git/refs/remotes/origin/master'
2024-01-29 14:55:35.034 [info] > git rev-parse refs/remotes/origin/master [1ms]
2024-01-29 14:55:35.047 [info] > git status -z -uall [2ms]
2024-01-29 14:55:35.468 [info] > git show --textconv :Conference-LaTeX-template_10-17-19/TEPandIntegrity.tex [82ms]
2024-01-29 14:55:35.468 [info] > git check-ignore -v -z --stdin [31ms]
2024-01-29 14:55:35.472 [info] > git check-ignore -v -z --stdin [8ms]
2024-01-29 14:55:35.474 [info] > git ls-files --stage -- /home/void/Documents/TEP-and-Integrity-Codes/Conference-LaTeX-template_10-17-19/TEPandIntegrity.tex [61ms]
2024-01-29 14:55:35.505 [info] > git cat-file -s 909f29c6e623ff53a014c3c64c2bf1ba8b29923e [8ms]
2024-01-29 14:57:25.483 [info] > git check-ignore -v -z --stdin [19ms]
2024-01-29 14:57:25.516 [info] > git show --textconv :template-pdflatex.tex [19ms]
2024-01-29 14:57:25.519 [info] > git ls-files --stage -- /home/void/Documents/TEP-and-Integrity-Codes/beamer-tum/template-pdflatex.tex [5ms]
2024-01-29 14:57:25.533 [info] > git cat-file -s 976eb1a2b425b16a3b9e4ca2c50af8426f8c907b [3ms]
2024-01-29 15:02:31.445 [info] > git show --textconv :Conference-LaTeX-template_10-17-19/TEPandIntegrity.tex [12ms]
2024-01-29 15:02:31.448 [info] > git ls-files --stage -- /home/void/Documents/TEP-and-Integrity-Codes/Conference-LaTeX-template_10-17-19/TEPandIntegrity.tex [3ms]
2024-01-29 15:02:31.462 [info] > git cat-file -s 909f29c6e623ff53a014c3c64c2bf1ba8b29923e [2ms]
2024-01-29 15:02:32.651 [info] > git show --textconv :template-pdflatex.tex [16ms]
2024-01-29 15:02:32.653 [info] > git ls-files --stage -- /home/void/Documents/TEP-and-Integrity-Codes/beamer-tum/template-pdflatex.tex [4ms]
2024-01-29 15:02:32.667 [info] > git cat-file -s 976eb1a2b425b16a3b9e4ca2c50af8426f8c907b [2ms]
2024-01-29 15:02:45.513 [info] > git show --textconv :template-pdflatex.tex [12ms]
2024-01-29 15:02:45.515 [info] > git ls-files --stage -- /home/void/Documents/TEP-and-Integrity-Codes/beamer-tum/template-pdflatex.tex [5ms]
2024-01-29 15:02:45.526 [info] > git cat-file -s 976eb1a2b425b16a3b9e4ca2c50af8426f8c907b [2ms]
2024-01-29 15:03:36.234 [info] > git show --textconv :Conference-LaTeX-template_10-17-19/TEPandIntegrity.tex [19ms]
2024-01-29 15:03:36.237 [info] > git ls-files --stage -- /home/void/Documents/TEP-and-Integrity-Codes/Conference-LaTeX-template_10-17-19/TEPandIntegrity.tex [4ms]
2024-01-29 15:03:36.252 [info] > git cat-file -s 909f29c6e623ff53a014c3c64c2bf1ba8b29923e [3ms]
2024-01-29 15:03:49.241 [info] > git show --textconv :template-pdflatex.tex [14ms]
2024-01-29 15:03:49.243 [info] > git ls-files --stage -- /home/void/Documents/TEP-and-Integrity-Codes/beamer-tum/template-pdflatex.tex [4ms]
2024-01-29 15:03:49.256 [info] > git cat-file -s 976eb1a2b425b16a3b9e4ca2c50af8426f8c907b [2ms]
2024-01-29 15:04:00.359 [info] > git show --textconv :Conference-LaTeX-template_10-17-19/TEPandIntegrity.tex [12ms]
2024-01-29 15:04:00.360 [info] > git ls-files --stage -- /home/void/Documents/TEP-and-Integrity-Codes/Conference-LaTeX-template_10-17-19/TEPandIntegrity.tex [3ms]
2024-01-29 15:04:00.372 [info] > git cat-file -s 909f29c6e623ff53a014c3c64c2bf1ba8b29923e [2ms]
2024-01-29 15:04:12.071 [info] > git show --textconv :template-pdflatex.tex [20ms]
2024-01-29 15:04:12.073 [info] > git ls-files --stage -- /home/void/Documents/TEP-and-Integrity-Codes/beamer-tum/template-pdflatex.tex [4ms]
2024-01-29 15:04:12.093 [info] > git cat-file -s 976eb1a2b425b16a3b9e4ca2c50af8426f8c907b [3ms]
2024-01-29 15:04:23.901 [info] > git config --get commit.template [5ms]
2024-01-29 15:04:23.902 [info] > git config --get commit.template [34ms]
2024-01-29 15:04:23.953 [info] > git for-each-ref --format=%(refname)%00%(upstream:short)%00%(objectname)%00%(upstream:track)%00%(upstream:remotename)%00%(upstream:remoteref) refs/heads/main refs/remotes/main [27ms]
2024-01-29 15:04:23.956 [info] > git for-each-ref --format=%(refname)%00%(upstream:short)%00%(objectname)%00%(upstream:track)%00%(upstream:remotename)%00%(upstream:remoteref) refs/heads/master refs/remotes/master [5ms]
2024-01-29 15:04:23.981 [warning] ENOENT: no such file or directory, open '/home/void/Documents/TEP-and-Integrity-Codes/beamer-tum/.git/refs/remotes/origin/master'
2024-01-29 15:04:24.009 [info] > git rev-parse refs/remotes/origin/master [27ms]
2024-01-29 15:04:24.035 [info] > git status -z -uall [28ms]
2024-01-29 15:04:24.044 [info] > git status -z -uall [11ms]
2024-01-29 15:04:34.309 [info] > git show --textconv :template-pdflatex.tex [29ms]
2024-01-29 15:04:34.313 [info] > git ls-files --stage -- /home/void/Documents/TEP-and-Integrity-Codes/beamer-tum/template-pdflatex.tex [5ms]
2024-01-29 15:04:34.361 [info] > git cat-file -s 976eb1a2b425b16a3b9e4ca2c50af8426f8c907b [12ms]
2024-01-29 15:04:44.396 [info] > git config --get commit.template [5ms]
2024-01-29 15:04:44.396 [info] > git config --get commit.template [22ms]
2024-01-29 15:04:44.420 [info] > git for-each-ref --format=%(refname)%00%(upstream:short)%00%(objectname)%00%(upstream:track)%00%(upstream:remotename)%00%(upstream:remoteref) refs/heads/main refs/remotes/main [12ms]
2024-01-29 15:04:44.421 [info] > git for-each-ref --format=%(refname)%00%(upstream:short)%00%(objectname)%00%(upstream:track)%00%(upstream:remotename)%00%(upstream:remoteref) refs/heads/master refs/remotes/master [2ms]
2024-01-29 15:04:44.433 [warning] ENOENT: no such file or directory, open '/home/void/Documents/TEP-and-Integrity-Codes/beamer-tum/.git/refs/remotes/origin/master'
2024-01-29 15:04:44.446 [info] > git rev-parse refs/remotes/origin/master [13ms]
2024-01-29 15:04:44.458 [info] > git status -z -uall [13ms]
2024-01-29 15:04:44.462 [info] > git status -z -uall [5ms]
2024-01-29 15:04:46.962 [info] > git show --textconv :template-pdflatex.tex [12ms]
2024-01-29 15:04:46.964 [info] > git ls-files --stage -- /home/void/Documents/TEP-and-Integrity-Codes/beamer-tum/template-pdflatex.tex [3ms]
2024-01-29 15:04:46.976 [info] > git cat-file -s 976eb1a2b425b16a3b9e4ca2c50af8426f8c907b [2ms]
2024-01-29 15:05:21.271 [info] > git show --textconv :template-pdflatex.tex [13ms]
2024-01-29 15:05:21.273 [info] > git ls-files --stage -- /home/void/Documents/TEP-and-Integrity-Codes/beamer-tum/template-pdflatex.tex [3ms]
2024-01-29 15:05:21.285 [info] > git cat-file -s 976eb1a2b425b16a3b9e4ca2c50af8426f8c907b [2ms]
2024-01-29 15:05:26.138 [info] > git show --textconv :template-pdflatex.tex [11ms]
2024-01-29 15:05:26.139 [info] > git ls-files --stage -- /home/void/Documents/TEP-and-Integrity-Codes/beamer-tum/template-pdflatex.tex [2ms]
2024-01-29 15:05:26.151 [info] > git cat-file -s 976eb1a2b425b16a3b9e4ca2c50af8426f8c907b [2ms]
2024-01-29 15:05:28.762 [info] > git show --textconv :Conference-LaTeX-template_10-17-19/TEPandIntegrity.tex [20ms]
2024-01-29 15:05:28.767 [info] > git ls-files --stage -- /home/void/Documents/TEP-and-Integrity-Codes/Conference-LaTeX-template_10-17-19/TEPandIntegrity.tex [11ms]
2024-01-29 15:05:28.783 [info] > git cat-file -s 909f29c6e623ff53a014c3c64c2bf1ba8b29923e [3ms]
2024-01-29 15:05:31.222 [info] > git show --textconv :template-pdflatex.tex [16ms]
2024-01-29 15:05:31.223 [info] > git ls-files --stage -- /home/void/Documents/TEP-and-Integrity-Codes/beamer-tum/template-pdflatex.tex [3ms]
2024-01-29 15:05:31.238 [info] > git cat-file -s 976eb1a2b425b16a3b9e4ca2c50af8426f8c907b [3ms]
2024-01-29 15:11:27.475 [info] > git show --textconv :template-pdflatex.tex [12ms]
2024-01-29 15:11:27.478 [info] > git ls-files --stage -- /home/void/Documents/TEP-and-Integrity-Codes/beamer-tum/template-pdflatex.tex [4ms]
2024-01-29 15:11:27.491 [info] > git cat-file -s 976eb1a2b425b16a3b9e4ca2c50af8426f8c907b [3ms]
2024-01-29 15:15:20.907 [info] > git show --textconv :template-pdflatex.tex [12ms]
2024-01-29 15:15:20.909 [info] > git ls-files --stage -- /home/void/Documents/TEP-and-Integrity-Codes/beamer-tum/template-pdflatex.tex [3ms]
2024-01-29 15:15:20.921 [info] > git cat-file -s 976eb1a2b425b16a3b9e4ca2c50af8426f8c907b [2ms]
2024-01-29 15:16:04.197 [info] > git config --get commit.template [29ms]
2024-01-29 15:16:04.201 [info] > git config --get commit.template [8ms]
2024-01-29 15:16:04.257 [info] > git for-each-ref --format=%(refname)%00%(upstream:short)%00%(objectname)%00%(upstream:track)%00%(upstream:remotename)%00%(upstream:remoteref) refs/heads/main refs/remotes/main [30ms]
2024-01-29 15:16:04.260 [info] > git for-each-ref --format=%(refname)%00%(upstream:short)%00%(objectname)%00%(upstream:track)%00%(upstream:remotename)%00%(upstream:remoteref) refs/heads/master refs/remotes/master [7ms]
2024-01-29 15:16:04.287 [warning] ENOENT: no such file or directory, open '/home/void/Documents/TEP-and-Integrity-Codes/beamer-tum/.git/refs/remotes/origin/master'
2024-01-29 15:16:04.317 [info] > git rev-parse refs/remotes/origin/master [30ms]
2024-01-29 15:16:04.333 [info] > git status -z -uall [18ms]
2024-01-29 15:16:04.338 [info] > git status -z -uall [7ms]
2024-01-29 15:16:07.817 [info] > git show --textconv :template-pdflatex.tex [27ms]
2024-01-29 15:16:07.833 [info] > git ls-files --stage -- /home/void/Documents/TEP-and-Integrity-Codes/beamer-tum/template-pdflatex.tex [17ms]
2024-01-29 15:16:07.847 [info] > git cat-file -s 976eb1a2b425b16a3b9e4ca2c50af8426f8c907b [3ms]
2024-01-29 15:17:10.914 [info] > git show --textconv :template-pdflatex.tex [18ms]
2024-01-29 15:17:10.916 [info] > git ls-files --stage -- /home/void/Documents/TEP-and-Integrity-Codes/beamer-tum/template-pdflatex.tex [4ms]
2024-01-29 15:17:10.931 [info] > git cat-file -s 976eb1a2b425b16a3b9e4ca2c50af8426f8c907b [2ms]
2024-01-29 15:17:17.028 [info] > git show --textconv :template-pdflatex.tex [13ms]
2024-01-29 15:17:17.030 [info] > git ls-files --stage -- /home/void/Documents/TEP-and-Integrity-Codes/beamer-tum/template-pdflatex.tex [2ms]
2024-01-29 15:17:17.044 [info] > git cat-file -s 976eb1a2b425b16a3b9e4ca2c50af8426f8c907b [2ms]
2024-01-29 15:18:16.536 [info] > git show --textconv :template-pdflatex.tex [11ms]
2024-01-29 15:18:16.538 [info] > git ls-files --stage -- /home/void/Documents/TEP-and-Integrity-Codes/beamer-tum/template-pdflatex.tex [3ms]
2024-01-29 15:18:16.552 [info] > git cat-file -s 976eb1a2b425b16a3b9e4ca2c50af8426f8c907b [3ms]
2024-01-29 15:18:20.114 [info] > git config --get commit.template [29ms]
2024-01-29 15:18:20.118 [info] > git config --get commit.template [8ms]
2024-01-29 15:18:20.176 [info] > git for-each-ref --format=%(refname)%00%(upstream:short)%00%(objectname)%00%(upstream:track)%00%(upstream:remotename)%00%(upstream:remoteref) refs/heads/main refs/remotes/main [31ms]
2024-01-29 15:18:20.180 [info] > git for-each-ref --format=%(refname)%00%(upstream:short)%00%(objectname)%00%(upstream:track)%00%(upstream:remotename)%00%(upstream:remoteref) refs/heads/master refs/remotes/master [7ms]
2024-01-29 15:18:20.208 [warning] ENOENT: no such file or directory, open '/home/void/Documents/TEP-and-Integrity-Codes/beamer-tum/.git/refs/remotes/origin/master'
2024-01-29 15:18:20.242 [info] > git rev-parse refs/remotes/origin/master [34ms]
2024-01-29 15:18:20.274 [info] > git status -z -uall [34ms]
2024-01-29 15:18:20.284 [info] > git status -z -uall [14ms]
2024-01-29 15:18:33.608 [info] > git show --textconv :template-pdflatex.tex [12ms]
2024-01-29 15:18:33.611 [info] > git ls-files --stage -- /home/void/Documents/TEP-and-Integrity-Codes/beamer-tum/template-pdflatex.tex [4ms]
2024-01-29 15:18:33.624 [info] > git cat-file -s 976eb1a2b425b16a3b9e4ca2c50af8426f8c907b [2ms]
2024-01-29 15:18:58.228 [info] > git show --textconv :template-pdflatex.tex [13ms]
2024-01-29 15:18:58.231 [info] > git ls-files --stage -- /home/void/Documents/TEP-and-Integrity-Codes/beamer-tum/template-pdflatex.tex [3ms]
2024-01-29 15:18:58.244 [info] > git cat-file -s 976eb1a2b425b16a3b9e4ca2c50af8426f8c907b [2ms]
2024-01-29 15:19:20.418 [info] > git show --textconv :template-pdflatex.tex [15ms]
2024-01-29 15:19:20.419 [info] > git ls-files --stage -- /home/void/Documents/TEP-and-Integrity-Codes/beamer-tum/template-pdflatex.tex [2ms]
2024-01-29 15:19:20.434 [info] > git cat-file -s 976eb1a2b425b16a3b9e4ca2c50af8426f8c907b [2ms]
2024-01-29 15:19:23.267 [info] > git config --get commit.template [33ms]
2024-01-29 15:19:23.322 [info] > git config --get commit.template [59ms]
2024-01-29 15:19:23.324 [info] > git for-each-ref --format=%(refname)%00%(upstream:short)%00%(objectname)%00%(upstream:track)%00%(upstream:remotename)%00%(upstream:remoteref) refs/heads/main refs/remotes/main [29ms]
2024-01-29 15:19:23.326 [info] > git for-each-ref --format=%(refname)%00%(upstream:short)%00%(objectname)%00%(upstream:track)%00%(upstream:remotename)%00%(upstream:remoteref) refs/heads/master refs/remotes/master [5ms]
2024-01-29 15:19:23.353 [warning] ENOENT: no such file or directory, open '/home/void/Documents/TEP-and-Integrity-Codes/beamer-tum/.git/refs/remotes/origin/master'
2024-01-29 15:19:23.383 [info] > git rev-parse refs/remotes/origin/master [29ms]
2024-01-29 15:19:23.412 [info] > git status -z -uall [32ms]
2024-01-29 15:19:23.421 [info] > git status -z -uall [11ms]
2024-01-29 15:19:24.469 [info] > git show --textconv :template-pdflatex.tex [14ms]
2024-01-29 15:19:24.471 [info] > git ls-files --stage -- /home/void/Documents/TEP-and-Integrity-Codes/beamer-tum/template-pdflatex.tex [4ms]
2024-01-29 15:19:24.484 [info] > git cat-file -s 976eb1a2b425b16a3b9e4ca2c50af8426f8c907b [2ms]
2024-01-29 15:20:34.414 [info] > git show --textconv :template-pdflatex.tex [25ms]
2024-01-29 15:20:34.416 [info] > git ls-files --stage -- /home/void/Documents/TEP-and-Integrity-Codes/beamer-tum/template-pdflatex.tex [3ms]
2024-01-29 15:20:34.430 [info] > git cat-file -s 976eb1a2b425b16a3b9e4ca2c50af8426f8c907b [2ms]
2024-01-29 15:20:54.708 [info] > git show --textconv :Conference-LaTeX-template_10-17-19/TEPandIntegrity.tex [16ms]
2024-01-29 15:20:54.710 [info] > git ls-files --stage -- /home/void/Documents/TEP-and-Integrity-Codes/Conference-LaTeX-template_10-17-19/TEPandIntegrity.tex [3ms]
2024-01-29 15:20:54.726 [info] > git cat-file -s 909f29c6e623ff53a014c3c64c2bf1ba8b29923e [3ms]
2024-01-29 15:20:56.788 [info] > git show --textconv :template-pdflatex.tex [14ms]
2024-01-29 15:20:56.790 [info] > git ls-files --stage -- /home/void/Documents/TEP-and-Integrity-Codes/beamer-tum/template-pdflatex.tex [3ms]
2024-01-29 15:20:56.804 [info] > git cat-file -s 976eb1a2b425b16a3b9e4ca2c50af8426f8c907b [2ms]
2024-01-29 15:21:16.043 [info] > git config --get commit.template [14ms]
2024-01-29 15:21:16.044 [info] > git config --get commit.template [3ms]
2024-01-29 15:21:16.071 [info] > git for-each-ref --format=%(refname)%00%(upstream:short)%00%(objectname)%00%(upstream:track)%00%(upstream:remotename)%00%(upstream:remoteref) refs/heads/main refs/remotes/main [16ms]
2024-01-29 15:21:16.073 [info] > git for-each-ref --format=%(refname)%00%(upstream:short)%00%(objectname)%00%(upstream:track)%00%(upstream:remotename)%00%(upstream:remoteref) refs/heads/master refs/remotes/master [4ms]
2024-01-29 15:21:16.088 [warning] ENOENT: no such file or directory, open '/home/void/Documents/TEP-and-Integrity-Codes/beamer-tum/.git/refs/remotes/origin/master'
2024-01-29 15:21:16.104 [info] > git rev-parse refs/remotes/origin/master [17ms]
2024-01-29 15:21:16.118 [info] > git status -z -uall [16ms]
2024-01-29 15:21:16.126 [info] > git status -z -uall [9ms]
2024-01-29 15:22:17.142 [info] > git show --textconv :Conference-LaTeX-template_10-17-19/TEPandIntegrity.tex [17ms]
2024-01-29 15:22:17.145 [info] > git ls-files --stage -- /home/void/Documents/TEP-and-Integrity-Codes/Conference-LaTeX-template_10-17-19/TEPandIntegrity.tex [4ms]
2024-01-29 15:22:17.161 [info] > git cat-file -s 909f29c6e623ff53a014c3c64c2bf1ba8b29923e [2ms]
2024-01-29 15:22:18.311 [info] > git show --textconv :template-pdflatex.tex [13ms]
2024-01-29 15:22:18.312 [info] > git ls-files --stage -- /home/void/Documents/TEP-and-Integrity-Codes/beamer-tum/template-pdflatex.tex [3ms]
2024-01-29 15:22:18.325 [info] > git cat-file -s 976eb1a2b425b16a3b9e4ca2c50af8426f8c907b [2ms]
2024-01-29 15:22:18.765 [info] > git config --get commit.template [77ms]
2024-01-29 15:22:18.767 [info] > git config --get commit.template [4ms]
2024-01-29 15:22:18.839 [info] > git for-each-ref --format=%(refname)%00%(upstream:short)%00%(objectname)%00%(upstream:track)%00%(upstream:remotename)%00%(upstream:remoteref) refs/heads/main refs/remotes/main [34ms]
2024-01-29 15:22:18.841 [info] > git for-each-ref --format=%(refname)%00%(upstream:short)%00%(objectname)%00%(upstream:track)%00%(upstream:remotename)%00%(upstream:remoteref) refs/heads/master refs/remotes/master [5ms]
2024-01-29 15:22:18.868 [warning] ENOENT: no such file or directory, open '/home/void/Documents/TEP-and-Integrity-Codes/beamer-tum/.git/refs/remotes/origin/master'
2024-01-29 15:22:18.899 [info] > git rev-parse refs/remotes/origin/master [32ms]
2024-01-29 15:22:18.931 [info] > git status -z -uall [35ms]
2024-01-29 15:22:18.944 [info] > git status -z -uall [16ms]
2024-01-29 15:22:30.525 [info] > git show --textconv :template-pdflatex.tex [13ms]
2024-01-29 15:22:30.527 [info] > git ls-files --stage -- /home/void/Documents/TEP-and-Integrity-Codes/beamer-tum/template-pdflatex.tex [2ms]
2024-01-29 15:22:30.541 [info] > git cat-file -s 976eb1a2b425b16a3b9e4ca2c50af8426f8c907b [2ms]
2024-01-29 15:24:18.540 [info] > git config --get commit.template [2ms]
2024-01-29 15:24:18.540 [info] > git config --get commit.template [16ms]
2024-01-29 15:24:18.568 [info] > git for-each-ref --format=%(refname)%00%(upstream:short)%00%(objectname)%00%(upstream:track)%00%(upstream:remotename)%00%(upstream:remoteref) refs/heads/main refs/remotes/main [16ms]
2024-01-29 15:24:18.569 [info] > git for-each-ref --format=%(refname)%00%(upstream:short)%00%(objectname)%00%(upstream:track)%00%(upstream:remotename)%00%(upstream:remoteref) refs/heads/master refs/remotes/master [4ms]
2024-01-29 15:24:18.582 [warning] ENOENT: no such file or directory, open '/home/void/Documents/TEP-and-Integrity-Codes/beamer-tum/.git/refs/remotes/origin/master'
2024-01-29 15:24:18.598 [info] > git rev-parse refs/remotes/origin/master [15ms]
2024-01-29 15:24:18.614 [info] > git status -z -uall [17ms]
2024-01-29 15:24:18.618 [info] > git status -z -uall [6ms]
2024-01-29 15:24:34.362 [info] > git config --get commit.template [32ms]
2024-01-29 15:24:34.416 [info] > git config --get commit.template [57ms]
2024-01-29 15:24:34.417 [info] > git for-each-ref --format=%(refname)%00%(upstream:short)%00%(objectname)%00%(upstream:track)%00%(upstream:remotename)%00%(upstream:remoteref) refs/heads/main refs/remotes/main [29ms]
2024-01-29 15:24:34.420 [info] > git for-each-ref --format=%(refname)%00%(upstream:short)%00%(objectname)%00%(upstream:track)%00%(upstream:remotename)%00%(upstream:remoteref) refs/heads/master refs/remotes/master [5ms]
2024-01-29 15:24:34.446 [warning] ENOENT: no such file or directory, open '/home/void/Documents/TEP-and-Integrity-Codes/beamer-tum/.git/refs/remotes/origin/master'
2024-01-29 15:24:34.478 [info] > git rev-parse refs/remotes/origin/master [32ms]
2024-01-29 15:24:34.509 [info] > git status -z -uall [35ms]
2024-01-29 15:24:34.518 [info] > git status -z -uall [11ms]
2024-01-29 15:29:17.269 [info] > git show --textconv :template-pdflatex.tex [14ms]
2024-01-29 15:29:17.271 [info] > git ls-files --stage -- /home/void/Documents/TEP-and-Integrity-Codes/beamer-tum/template-pdflatex.tex [4ms]
2024-01-29 15:29:17.284 [info] > git cat-file -s 976eb1a2b425b16a3b9e4ca2c50af8426f8c907b [2ms]
2024-01-29 15:29:45.232 [info] > git config --get commit.template [35ms]
2024-01-29 15:29:45.235 [info] > git config --get commit.template [6ms]
2024-01-29 15:29:45.291 [info] > git for-each-ref --format=%(refname)%00%(upstream:short)%00%(objectname)%00%(upstream:track)%00%(upstream:remotename)%00%(upstream:remoteref) refs/heads/main refs/remotes/main [29ms]
2024-01-29 15:29:45.294 [info] > git for-each-ref --format=%(refname)%00%(upstream:short)%00%(objectname)%00%(upstream:track)%00%(upstream:remotename)%00%(upstream:remoteref) refs/heads/master refs/remotes/master [6ms]
2024-01-29 15:29:45.348 [warning] ENOENT: no such file or directory, open '/home/void/Documents/TEP-and-Integrity-Codes/beamer-tum/.git/refs/remotes/origin/master'
2024-01-29 15:29:45.350 [info] > git status -z -uall [29ms]
2024-01-29 15:29:45.359 [info] > git rev-parse refs/remotes/origin/master [10ms]
2024-01-29 15:29:45.393 [info] > git status -z -uall [8ms]
2024-01-29 15:35:51.648 [info] > git config --get commit.template [15ms]
2024-01-29 15:35:51.649 [info] > git for-each-ref --format=%(refname)%00%(upstream:short)%00%(objectname)%00%(upstream:track)%00%(upstream:remotename)%00%(upstream:remoteref) refs/heads/main refs/remotes/main [3ms]
2024-01-29 15:35:51.667 [info] > git status -z -uall [4ms]
2024-01-29 15:35:54.229 [info] > git show --textconv :template-pdflatex.tex [12ms]
2024-01-29 15:35:54.231 [info] > git ls-files --stage -- /home/void/Documents/TEP-and-Integrity-Codes/beamer-tum/template-pdflatex.tex [3ms]
2024-01-29 15:35:54.246 [info] > git cat-file -s 976eb1a2b425b16a3b9e4ca2c50af8426f8c907b [5ms]
2024-01-29 15:35:56.733 [info] > git config --get commit.template [30ms]
2024-01-29 15:35:56.736 [info] > git for-each-ref --format=%(refname)%00%(upstream:short)%00%(objectname)%00%(upstream:track)%00%(upstream:remotename)%00%(upstream:remoteref) refs/heads/main refs/remotes/main [5ms]
2024-01-29 15:35:56.772 [info] > git status -z -uall [8ms]
2024-01-29 15:37:55.089 [info] > git show --textconv :template-pdflatex.tex [12ms]
2024-01-29 15:37:55.092 [info] > git ls-files --stage -- /home/void/Documents/TEP-and-Integrity-Codes/beamer-tum/template-pdflatex.tex [4ms]
2024-01-29 15:37:55.106 [info] > git cat-file -s 976eb1a2b425b16a3b9e4ca2c50af8426f8c907b [2ms]
2024-01-29 15:37:59.928 [info] > git config --get commit.template [31ms]
2024-01-29 15:37:59.983 [info] > git config --get commit.template [58ms]
2024-01-29 15:37:59.984 [info] > git for-each-ref --format=%(refname)%00%(upstream:short)%00%(objectname)%00%(upstream:track)%00%(upstream:remotename)%00%(upstream:remoteref) refs/heads/main refs/remotes/main [29ms]
2024-01-29 15:37:59.986 [info] > git for-each-ref --format=%(refname)%00%(upstream:short)%00%(objectname)%00%(upstream:track)%00%(upstream:remotename)%00%(upstream:remoteref) refs/heads/master refs/remotes/master [6ms]
2024-01-29 15:38:00.012 [warning] ENOENT: no such file or directory, open '/home/void/Documents/TEP-and-Integrity-Codes/beamer-tum/.git/refs/remotes/origin/master'
2024-01-29 15:38:00.042 [info] > git rev-parse refs/remotes/origin/master [29ms]
2024-01-29 15:38:00.069 [info] > git status -z -uall [30ms]
2024-01-29 15:38:00.079 [info] > git status -z -uall [12ms]
2024-01-29 15:38:14.894 [info] > git show --textconv :Conference-LaTeX-template_10-17-19/TEPandIntegrity.tex [16ms]
2024-01-29 15:38:14.896 [info] > git ls-files --stage -- /home/void/Documents/TEP-and-Integrity-Codes/Conference-LaTeX-template_10-17-19/TEPandIntegrity.tex [3ms]
2024-01-29 15:38:14.912 [info] > git cat-file -s 909f29c6e623ff53a014c3c64c2bf1ba8b29923e [2ms]
2024-01-29 15:38:45.841 [info] > git check-ignore -v -z --stdin [6ms]
2024-01-29 15:40:50.407 [info] > git show --textconv :template-pdflatex.tex [16ms]
2024-01-29 15:40:50.409 [info] > git ls-files --stage -- /home/void/Documents/TEP-and-Integrity-Codes/beamer-tum/template-pdflatex.tex [2ms]
2024-01-29 15:40:50.424 [info] > git cat-file -s 976eb1a2b425b16a3b9e4ca2c50af8426f8c907b [2ms]
2024-01-29 16:10:08.247 [info] > git show --textconv :template-pdflatex.tex [16ms]
2024-01-29 16:10:08.249 [info] > git ls-files --stage -- /home/void/Documents/TEP-and-Integrity-Codes/beamer-tum/template-pdflatex.tex [5ms]
2024-01-29 16:10:08.263 [info] > git cat-file -s 976eb1a2b425b16a3b9e4ca2c50af8426f8c907b [3ms]
2024-01-29 16:51:25.225 [info] > git show --textconv :template-pdflatex.tex [17ms]
2024-01-29 16:51:25.227 [info] > git ls-files --stage -- /home/void/Documents/TEP-and-Integrity-Codes/beamer-tum/template-pdflatex.tex [5ms]
2024-01-29 16:51:25.244 [info] > git cat-file -s 976eb1a2b425b16a3b9e4ca2c50af8426f8c907b [2ms]
2024-01-29 17:17:25.232 [info] > git show --textconv :template-pdflatex.tex [10ms]
2024-01-29 17:17:25.233 [info] > git ls-files --stage -- /home/void/Documents/TEP-and-Integrity-Codes/beamer-tum/template-pdflatex.tex [1ms]
2024-01-29 17:17:25.243 [info] > git cat-file -s 976eb1a2b425b16a3b9e4ca2c50af8426f8c907b [2ms]
2024-01-29 18:11:09.430 [info] > git config --get commit.template [12ms]
2024-01-29 18:11:09.431 [info] > git for-each-ref --format=%(refname)%00%(upstream:short)%00%(objectname)%00%(upstream:track)%00%(upstream:remotename)%00%(upstream:remoteref) refs/heads/main refs/remotes/main [2ms]
2024-01-29 18:11:09.444 [info] > git status -z -uall [3ms]
2024-01-29 18:20:48.128 [info] > git config --get commit.template [11ms]
2024-01-29 18:20:48.129 [info] > git for-each-ref --format=%(refname)%00%(upstream:short)%00%(objectname)%00%(upstream:track)%00%(upstream:remotename)%00%(upstream:remoteref) refs/heads/main refs/remotes/main [2ms]
2024-01-29 18:20:48.143 [info] > git status -z -uall [3ms]
2024-01-29 18:24:39.337 [info] > git config --get commit.template [15ms]
2024-01-29 18:24:39.338 [info] > git for-each-ref --format=%(refname)%00%(upstream:short)%00%(objectname)%00%(upstream:track)%00%(upstream:remotename)%00%(upstream:remoteref) refs/heads/main refs/remotes/main [1ms]
2024-01-29 18:24:39.356 [info] > git status -z -uall [3ms]
2024-01-29 18:29:49.570 [info] > git config --get commit.template [16ms]
2024-01-29 18:29:49.570 [info] > git for-each-ref --format=%(refname)%00%(upstream:short)%00%(objectname)%00%(upstream:track)%00%(upstream:remotename)%00%(upstream:remoteref) refs/heads/main refs/remotes/main [3ms]
2024-01-29 18:29:49.585 [info] > git status -z -uall [3ms]
2024-01-29 21:11:03.177 [info] > git config --get commit.template [35ms]
2024-01-29 21:11:03.278 [info] > git for-each-ref --format=%(refname)%00%(upstream:short)%00%(objectname)%00%(upstream:track)%00%(upstream:remotename)%00%(upstream:remoteref) refs/heads/main refs/remotes/main [107ms]
2024-01-29 21:11:03.323 [info] > git status -z -uall [8ms]
2024-01-29 21:18:16.262 [info] > git config --get commit.template [6ms]
2024-01-29 21:18:16.303 [info] > git for-each-ref --format=%(refname)%00%(upstream:short)%00%(objectname)%00%(upstream:track)%00%(upstream:remotename)%00%(upstream:remoteref) refs/heads/main refs/remotes/main [7ms]
2024-01-29 21:18:16.345 [info] > git status -z -uall [9ms]
2024-01-29 21:18:21.414 [info] > git config --get commit.template [30ms]
2024-01-29 21:18:21.417 [info] > git for-each-ref --format=%(refname)%00%(upstream:short)%00%(objectname)%00%(upstream:track)%00%(upstream:remotename)%00%(upstream:remoteref) refs/heads/main refs/remotes/main [6ms]
2024-01-29 21:18:21.450 [info] > git status -z -uall [7ms]
2024-01-30 16:36:48.649 [info] > git show --textconv :template-pdflatex.tex [14ms]
2024-01-30 16:36:48.651 [info] > git ls-files --stage -- /home/void/Documents/TEP-and-Integrity-Codes/beamer-tum/template-pdflatex.tex [3ms]
2024-01-30 16:36:48.664 [info] > git cat-file -s 976eb1a2b425b16a3b9e4ca2c50af8426f8c907b [2ms]
2024-01-30 16:39:51.995 [info] > git show --textconv :template-pdflatex.tex [11ms]
2024-01-30 16:39:51.997 [info] > git ls-files --stage -- /home/void/Documents/TEP-and-Integrity-Codes/beamer-tum/template-pdflatex.tex [3ms]
2024-01-30 16:39:52.009 [info] > git cat-file -s 976eb1a2b425b16a3b9e4ca2c50af8426f8c907b [2ms]
2024-01-30 16:40:13.986 [info] > git show --textconv :template-pdflatex.tex [11ms]
2024-01-30 16:40:13.987 [info] > git ls-files --stage -- /home/void/Documents/TEP-and-Integrity-Codes/beamer-tum/template-pdflatex.tex [2ms]
2024-01-30 16:40:13.999 [info] > git cat-file -s 976eb1a2b425b16a3b9e4ca2c50af8426f8c907b [1ms]
2024-01-30 16:55:10.080 [info] > git show --textconv :template-pdflatex.tex [11ms]
2024-01-30 16:55:10.082 [info] > git ls-files --stage -- /home/void/Documents/TEP-and-Integrity-Codes/beamer-tum/template-pdflatex.tex [2ms]
2024-01-30 16:55:10.093 [info] > git cat-file -s 976eb1a2b425b16a3b9e4ca2c50af8426f8c907b [2ms]
2024-01-30 16:55:16.045 [info] > git show --textconv :Conference-LaTeX-template_10-17-19/TEPandIntegrity.tex [3ms]
2024-01-30 16:55:16.060 [info] > git ls-files --stage -- /home/void/Documents/TEP-and-Integrity-Codes/Conference-LaTeX-template_10-17-19/TEPandIntegrity.tex [3ms]
2024-01-30 16:55:16.073 [info] > git cat-file -s 909f29c6e623ff53a014c3c64c2bf1ba8b29923e [2ms]
2024-01-31 10:24:57.086 [info] > git show --textconv :template-pdflatex.tex [26ms]
2024-01-31 10:24:57.090 [info] > git ls-files --stage -- /home/void/Documents/TEP-and-Integrity-Codes/beamer-tum/template-pdflatex.tex [5ms]
2024-01-31 10:24:57.120 [info] > git cat-file -s 976eb1a2b425b16a3b9e4ca2c50af8426f8c907b [6ms]
2024-01-31 10:28:31.519 [info] > git show --textconv :template-pdflatex.tex [11ms]
2024-01-31 10:28:31.521 [info] > git ls-files --stage -- /home/void/Documents/TEP-and-Integrity-Codes/beamer-tum/template-pdflatex.tex [3ms]
2024-01-31 10:28:31.533 [info] > git cat-file -s 976eb1a2b425b16a3b9e4ca2c50af8426f8c907b [3ms]
2024-01-31 10:28:37.846 [info] > git show --textconv :template-pdflatex.tex [28ms]
2024-01-31 10:28:37.850 [info] > git ls-files --stage -- /home/void/Documents/TEP-and-Integrity-Codes/beamer-tum/template-pdflatex.tex [5ms]
2024-01-31 10:28:37.915 [info] > git cat-file -s 976eb1a2b425b16a3b9e4ca2c50af8426f8c907b [23ms]
2024-01-31 10:30:06.333 [info] > git show --textconv :template-pdflatex.tex [15ms]
2024-01-31 10:30:06.335 [info] > git ls-files --stage -- /home/void/Documents/TEP-and-Integrity-Codes/beamer-tum/template-pdflatex.tex [2ms]
2024-01-31 10:30:06.354 [info] > git cat-file -s 976eb1a2b425b16a3b9e4ca2c50af8426f8c907b [3ms]
2024-01-31 11:33:24.663 [info] > git config --get commit.template [30ms]
2024-01-31 11:33:24.715 [info] > git config --get commit.template [57ms]
2024-01-31 11:33:24.717 [info] > git for-each-ref --format=%(refname)%00%(upstream:short)%00%(objectname)%00%(upstream:track)%00%(upstream:remotename)%00%(upstream:remoteref) refs/heads/main refs/remotes/main [29ms]
2024-01-31 11:33:24.719 [info] > git for-each-ref --format=%(refname)%00%(upstream:short)%00%(objectname)%00%(upstream:track)%00%(upstream:remotename)%00%(upstream:remoteref) refs/heads/master refs/remotes/master [6ms]
2024-01-31 11:33:24.744 [warning] ENOENT: no such file or directory, open '/home/void/Documents/TEP-and-Integrity-Codes/beamer-tum/.git/refs/remotes/origin/master'
2024-01-31 11:33:24.772 [info] > git rev-parse refs/remotes/origin/master [27ms]
2024-01-31 11:33:24.796 [info] > git status -z -uall [27ms]
2024-01-31 11:33:24.811 [info] > git status -z -uall [16ms]
2024-01-31 11:33:44.939 [info] > git show --textconv :template-pdflatex.tex [11ms]
2024-01-31 11:33:44.941 [info] > git ls-files --stage -- /home/void/Documents/TEP-and-Integrity-Codes/beamer-tum/template-pdflatex.tex [1ms]
2024-01-31 11:33:44.953 [info] > git cat-file -s 976eb1a2b425b16a3b9e4ca2c50af8426f8c907b [2ms]
2024-01-31 11:34:04.790 [info] > git config --get commit.template [26ms]
2024-01-31 11:34:04.836 [info] > git config --get commit.template [50ms]
2024-01-31 11:34:04.838 [info] > git for-each-ref --format=%(refname)%00%(upstream:short)%00%(objectname)%00%(upstream:track)%00%(upstream:remotename)%00%(upstream:remoteref) refs/heads/main refs/remotes/main [26ms]
2024-01-31 11:34:04.839 [info] > git for-each-ref --format=%(refname)%00%(upstream:short)%00%(objectname)%00%(upstream:track)%00%(upstream:remotename)%00%(upstream:remoteref) refs/heads/master refs/remotes/master [4ms]
2024-01-31 11:34:04.864 [warning] ENOENT: no such file or directory, open '/home/void/Documents/TEP-and-Integrity-Codes/beamer-tum/.git/refs/remotes/origin/master'
2024-01-31 11:34:04.890 [info] > git rev-parse refs/remotes/origin/master [27ms]
2024-01-31 11:34:04.914 [info] > git status -z -uall [26ms]
2024-01-31 11:34:04.922 [info] > git status -z -uall [10ms]
2024-01-31 11:34:05.510 [info] > git show --textconv :template-pdflatex.tex [11ms]
2024-01-31 11:34:05.512 [info] > git ls-files --stage -- /home/void/Documents/TEP-and-Integrity-Codes/beamer-tum/template-pdflatex.tex [2ms]
2024-01-31 11:34:05.524 [info] > git cat-file -s 976eb1a2b425b16a3b9e4ca2c50af8426f8c907b [1ms]
2024-01-31 11:34:50.295 [info] > git config --get commit.template [27ms]
2024-01-31 11:34:50.297 [info] > git for-each-ref --format=%(refname)%00%(upstream:short)%00%(objectname)%00%(upstream:track)%00%(upstream:remotename)%00%(upstream:remoteref) refs/heads/main refs/remotes/main [5ms]
2024-01-31 11:34:50.328 [info] > git status -z -uall [7ms]
2024-01-31 11:36:52.841 [info] > git config --get commit.template [38ms]
2024-01-31 11:36:52.843 [info] > git for-each-ref --format=%(refname)%00%(upstream:short)%00%(objectname)%00%(upstream:track)%00%(upstream:remotename)%00%(upstream:remoteref) refs/heads/main refs/remotes/main [5ms]
2024-01-31 11:36:52.878 [info] > git status -z -uall [5ms]
2024-01-31 11:37:09.064 [info] > git config --get commit.template [4ms]
2024-01-31 11:37:09.080 [info] > git for-each-ref --format=%(refname)%00%(upstream:short)%00%(objectname)%00%(upstream:track)%00%(upstream:remotename)%00%(upstream:remoteref) refs/heads/main refs/remotes/main [3ms]
2024-01-31 11:37:09.100 [info] > git status -z -uall [5ms]
2024-01-31 11:38:22.743 [info] > git config --get commit.template [36ms]
2024-01-31 11:38:22.745 [info] > git for-each-ref --format=%(refname)%00%(upstream:short)%00%(objectname)%00%(upstream:track)%00%(upstream:remotename)%00%(upstream:remoteref) refs/heads/main refs/remotes/main [7ms]
2024-01-31 11:38:22.785 [info] > git status -z -uall [9ms]
2024-01-31 11:38:35.884 [info] > git config --get commit.template [9ms]
2024-01-31 11:38:35.885 [info] > git config --get commit.template [43ms]
2024-01-31 11:38:35.959 [info] > git for-each-ref --format=%(refname)%00%(upstream:short)%00%(objectname)%00%(upstream:track)%00%(upstream:remotename)%00%(upstream:remoteref) refs/heads/main refs/remotes/main [39ms]
2024-01-31 11:38:35.963 [info] > git for-each-ref --format=%(refname)%00%(upstream:short)%00%(objectname)%00%(upstream:track)%00%(upstream:remotename)%00%(upstream:remoteref) refs/heads/master refs/remotes/master [8ms]
2024-01-31 11:38:35.996 [warning] ENOENT: no such file or directory, open '/home/void/Documents/TEP-and-Integrity-Codes/beamer-tum/.git/refs/remotes/origin/master'
2024-01-31 11:38:36.032 [info] > git rev-parse refs/remotes/origin/master [35ms]
2024-01-31 11:38:36.065 [info] > git status -z -uall [36ms]
2024-01-31 11:38:36.079 [info] > git status -z -uall [17ms]
2024-01-31 11:38:43.688 [info] > git show --textconv :template-pdflatex.tex [13ms]
2024-01-31 11:38:43.690 [info] > git ls-files --stage -- /home/void/Documents/TEP-and-Integrity-Codes/beamer-tum/template-pdflatex.tex [3ms]
2024-01-31 11:38:43.703 [info] > git cat-file -s 976eb1a2b425b16a3b9e4ca2c50af8426f8c907b [2ms]
2024-01-31 11:38:50.646 [info] > git config --get commit.template [29ms]
2024-01-31 11:38:50.649 [info] > git for-each-ref --format=%(refname)%00%(upstream:short)%00%(objectname)%00%(upstream:track)%00%(upstream:remotename)%00%(upstream:remoteref) refs/heads/main refs/remotes/main [5ms]
2024-01-31 11:38:50.724 [info] > git status -z -uall [48ms]
2024-01-31 11:38:50.737 [info] > git ls-files --stage -- /home/void/Documents/TEP-and-Integrity-Codes/beamer-tum/template-pdflatex.tex [14ms]
2024-01-31 11:38:50.772 [info] > git cat-file -s 976eb1a2b425b16a3b9e4ca2c50af8426f8c907b [8ms]
2024-01-31 11:38:50.811 [info] > git show --textconv :template-pdflatex.tex [8ms]
2024-01-31 11:39:33.011 [info] > git config --get commit.template [32ms]
2024-01-31 11:39:33.014 [info] > git for-each-ref --format=%(refname)%00%(upstream:short)%00%(objectname)%00%(upstream:track)%00%(upstream:remotename)%00%(upstream:remoteref) refs/heads/main refs/remotes/main [5ms]
2024-01-31 11:39:33.079 [info] > git status -z -uall [37ms]
2024-01-31 11:39:38.203 [info] > git check-ignore -v -z --stdin [34ms]
2024-01-31 11:39:38.207 [info] > git check-ignore -v -z --stdin [8ms]
2024-01-31 11:39:40.985 [info] > git check-ignore -v -z --stdin [6ms]
2024-01-31 11:39:49.202 [info] > git check-ignore -v -z --stdin [7ms]
2024-01-31 11:40:22.399 [warning] ENOENT: no such file or directory, open '/home/void/Documents/TEP-and-Integrity-Codes/beamer-tum/.git/HEAD'
2024-01-31 11:40:22.413 [warning] getRemotes() - ENOENT: no such file or directory, open '/home/void/Documents/TEP-and-Integrity-Codes/beamer-tum/.git/config'
2024-01-31 11:40:22.432 [info] > git remote --verbose [19ms]
2024-01-31 11:40:22.434 [info] > git symbolic-ref --short HEAD [35ms]
2024-01-31 11:40:22.451 [info] > git config --get commit.template [68ms]
2024-01-31 11:40:22.469 [info] > git for-each-ref --format=%(refname)%00%(upstream:short)%00%(objectname)%00%(upstream:track)%00%(upstream:remotename)%00%(upstream:remoteref) refs/heads/main refs/remotes/main [18ms]
2024-01-31 11:40:22.470 [info] > git config --get commit.template [40ms]
2024-01-31 11:40:22.501 [warning] ENOENT: no such file or directory, open '/home/void/Documents/TEP-and-Integrity-Codes/beamer-tum/.git/refs/remotes/origin/main'
2024-01-31 11:40:22.504 [info] > git ls-files --stage -- /home/void/Documents/TEP-and-Integrity-Codes/beamer-tum/template-pdflatex.tex [37ms]
2024-01-31 11:40:22.506 [info] > git rev-parse refs/remotes/origin/main [6ms]
2024-01-31 11:40:22.526 [info] > git for-each-ref --format=%(refname)%00%(upstream:short)%00%(objectname)%00%(upstream:track)%00%(upstream:remotename)%00%(upstream:remoteref) refs/heads/main refs/remotes/main [40ms]
2024-01-31 11:40:22.550 [info] > git status -z -uall [25ms]
2024-01-31 11:40:22.567 [info] > git show --textconv :template-pdflatex.tex [19ms]
2024-01-31 11:40:22.609 [info] > git status -z -uall [21ms]
2024-01-31 11:40:26.422 [info] > git check-ignore -v -z --stdin [4ms]
2024-01-31 11:40:31.468 [info] > git check-ignore -v -z --stdin [32ms]
2024-01-31 11:40:31.473 [info] > git check-ignore -v -z --stdin [7ms]
2024-01-31 11:40:31.940 [warning] ENOENT: no such file or directory, open '/home/void/Documents/TEP-and-Integrity-Codes/beamer-tum/.git/HEAD'
2024-01-31 11:40:31.955 [warning] getRemotes() - ENOENT: no such file or directory, open '/home/void/Documents/TEP-and-Integrity-Codes/beamer-tum/.git/config'
2024-01-31 11:40:31.989 [info] > git remote --verbose [33ms]
2024-01-31 11:40:31.990 [info] > git symbolic-ref --short HEAD [49ms]
2024-01-31 11:40:32.020 [info] > git config --get commit.template [94ms]
2024-01-31 11:40:32.026 [info] > git config --get commit.template [41ms]
2024-01-31 11:40:32.059 [info] > git for-each-ref --format=%(refname)%00%(upstream:short)%00%(objectname)%00%(upstream:track)%00%(upstream:remotename)%00%(upstream:remoteref) refs/heads/main refs/remotes/main [40ms]
2024-01-31 11:40:32.090 [warning] ENOENT: no such file or directory, open '/home/void/Documents/TEP-and-Integrity-Codes/beamer-tum/.git/refs/remotes/origin/main'
2024-01-31 11:40:32.092 [info] > git for-each-ref --format=%(refname)%00%(upstream:short)%00%(objectname)%00%(upstream:track)%00%(upstream:remotename)%00%(upstream:remoteref) refs/heads/main refs/remotes/main [36ms]
2024-01-31 11:40:32.094 [info] > git rev-parse refs/remotes/origin/main [5ms]
2024-01-31 11:40:32.161 [info] > git status -z -uall [35ms]
2024-01-31 11:40:32.190 [info] > git status -z -uall [31ms]
2024-01-31 11:40:45.363 [info] > git config --get commit.template [29ms]
2024-01-31 11:40:45.366 [info] > git for-each-ref --format=%(refname)%00%(upstream:short)%00%(objectname)%00%(upstream:track)%00%(upstream:remotename)%00%(upstream:remoteref) refs/heads/main refs/remotes/main [5ms]
2024-01-31 11:40:45.420 [info] > git status -z -uall [27ms]
2024-01-31 11:40:47.873 [info] > git ls-files --stage -- /home/void/Documents/TEP-and-Integrity-Codes/beamer-tum/template-pdflatex.tex [7ms]
2024-01-31 11:40:47.909 [info] > git show --textconv :template-pdflatex.tex [5ms]
2024-01-31 11:40:50.488 [info] > git config --get commit.template [29ms]
2024-01-31 11:40:50.491 [info] > git for-each-ref --format=%(refname)%00%(upstream:short)%00%(objectname)%00%(upstream:track)%00%(upstream:remotename)%00%(upstream:remoteref) refs/heads/main refs/remotes/main [6ms]
2024-01-31 11:40:50.546 [info] > git status -z -uall [27ms]
2024-01-31 11:40:57.200 [info] > git config --get commit.template [29ms]
2024-01-31 11:40:57.203 [info] > git for-each-ref --format=%(refname)%00%(upstream:short)%00%(objectname)%00%(upstream:track)%00%(upstream:remotename)%00%(upstream:remoteref) refs/heads/main refs/remotes/main [6ms]
2024-01-31 11:40:57.239 [info] > git status -z -uall [8ms]
2024-01-31 11:40:57.368 [info] > git ls-files --stage -- /home/void/Documents/TEP-and-Integrity-Codes/beamer-tum/template-pdflatex.tex [2ms]
2024-01-31 11:40:57.385 [info] > git show --textconv :template-pdflatex.tex [2ms]
2024-01-31 11:41:10.229 [info] > git config --get commit.template [29ms]
2024-01-31 11:41:10.232 [info] > git for-each-ref --format=%(refname)%00%(upstream:short)%00%(objectname)%00%(upstream:track)%00%(upstream:remotename)%00%(upstream:remoteref) refs/heads/main refs/remotes/main [5ms]
2024-01-31 11:41:10.267 [info] > git status -z -uall [8ms]
2024-01-31 11:41:10.331 [info] > git ls-files --stage -- /home/void/Documents/TEP-and-Integrity-Codes/beamer-tum/template-pdflatex.tex [5ms]
2024-01-31 11:41:10.367 [info] > git show --textconv :template-pdflatex.tex [5ms]
2024-01-31 11:43:05.814 [info] > git config --get commit.template [29ms]
2024-01-31 11:43:05.817 [info] > git for-each-ref --format=%(refname)%00%(upstream:short)%00%(objectname)%00%(upstream:track)%00%(upstream:remotename)%00%(upstream:remoteref) refs/heads/main refs/remotes/main [5ms]
2024-01-31 11:43:05.852 [info] > git status -z -uall [8ms]
2024-01-31 11:43:05.898 [info] > git ls-files --stage -- /home/void/Documents/TEP-and-Integrity-Codes/beamer-tum/template-pdflatex.tex [5ms]
2024-01-31 11:43:05.933 [info] > git show --textconv :template-pdflatex.tex [5ms]
2024-01-31 11:43:24.893 [info] > git config --get commit.template [37ms]
2024-01-31 11:43:24.896 [info] > git for-each-ref --format=%(refname)%00%(upstream:short)%00%(objectname)%00%(upstream:track)%00%(upstream:remotename)%00%(upstream:remoteref) refs/heads/main refs/remotes/main [6ms]
2024-01-31 11:43:24.957 [info] > git check-ignore -v -z --stdin [31ms]
2024-01-31 11:43:24.964 [info] > git status -z -uall [10ms]
2024-01-31 11:43:32.832 [warning] ENOENT: no such file or directory, open '/home/void/Documents/TEP-and-Integrity-Codes/beamer-tum/.git/HEAD'
2024-01-31 11:43:32.883 [warning] getRemotes() - ENOENT: no such file or directory, open '/home/void/Documents/TEP-and-Integrity-Codes/beamer-tum/.git/config'
2024-01-31 11:43:32.953 [warning] ENOENT: no such file or directory, open '/home/void/Documents/TEP-and-Integrity-Codes/beamer-tum/.git/HEAD'
2024-01-31 11:43:33.004 [warning] getRemotes() - ENOENT: no such file or directory, open '/home/void/Documents/TEP-and-Integrity-Codes/beamer-tum/.git/config'
2024-01-31 11:43:33.034 [info] > git config --get commit.template [226ms]
2024-01-31 11:43:33.073 [info] > git for-each-ref --format=%(refname)%00%(upstream:short)%00%(objectname)%00%(upstream:track)%00%(upstream:remotename)%00%(upstream:remoteref) refs/heads/main refs/remotes/main [5ms]
2024-01-31 11:43:33.111 [info] > git status -z -uall [9ms]
2024-01-31 11:43:33.573 [info] > git check-ignore -v -z --stdin [5ms]
2024-01-31 11:43:37.356 [info] > git ls-files --stage -- /home/void/Documents/TEP-and-Integrity-Codes/beamer-tum/template-pdflatex.tex [5ms]
2024-01-31 11:43:37.394 [info] > git show --textconv :beamer-tum/template-pdflatex.tex [7ms]
2024-01-31 11:43:38.181 [info] > git config --get commit.template [30ms]
2024-01-31 11:43:38.185 [info] > git for-each-ref --format=%(refname)%00%(upstream:short)%00%(objectname)%00%(upstream:track)%00%(upstream:remotename)%00%(upstream:remoteref) refs/heads/main refs/remotes/main [7ms]
2024-01-31 11:43:38.220 [info] > git status -z -uall [8ms]
2024-01-31 11:43:42.197 [info] > git ls-files --stage -- /home/void/Documents/TEP-and-Integrity-Codes/beamer-tum/template-pdflatex.tex [4ms]
2024-01-31 11:43:42.232 [info] > git show --textconv :beamer-tum/template-pdflatex.tex [5ms]
2024-01-31 11:43:43.295 [info] > git config --get commit.template [28ms]
2024-01-31 11:43:43.297 [info] > git for-each-ref --format=%(refname)%00%(upstream:short)%00%(objectname)%00%(upstream:track)%00%(upstream:remotename)%00%(upstream:remoteref) refs/heads/main refs/remotes/main [5ms]
2024-01-31 11:43:43.333 [info] > git status -z -uall [7ms]
2024-01-31 11:44:14.663 [info] > git config --get commit.template [28ms]
2024-01-31 11:44:14.665 [info] > git for-each-ref --format=%(refname)%00%(upstream:short)%00%(objectname)%00%(upstream:track)%00%(upstream:remotename)%00%(upstream:remoteref) refs/heads/main refs/remotes/main [5ms]
2024-01-31 11:44:14.700 [info] > git status -z -uall [8ms]
2024-01-31 11:44:14.781 [info] > git ls-files --stage -- /home/void/Documents/TEP-and-Integrity-Codes/beamer-tum/template-pdflatex.tex [7ms]
2024-01-31 11:44:14.826 [info] > git show --textconv :beamer-tum/template-pdflatex.tex [15ms]
2024-01-31 11:44:16.948 [info] > git ls-files --stage -- /home/void/Documents/TEP-and-Integrity-Codes/beamer-tum/template-pdflatex.tex [4ms]
2024-01-31 11:44:16.982 [info] > git show --textconv :beamer-tum/template-pdflatex.tex [5ms]
2024-01-31 11:44:19.769 [info] > git config --get commit.template [29ms]
2024-01-31 11:44:19.772 [info] > git for-each-ref --format=%(refname)%00%(upstream:short)%00%(objectname)%00%(upstream:track)%00%(upstream:remotename)%00%(upstream:remoteref) refs/heads/main refs/remotes/main [6ms]
2024-01-31 11:44:19.807 [info] > git status -z -uall [7ms]
2024-01-31 11:44:21.437 [info] > git ls-files --stage -- /home/void/Documents/TEP-and-Integrity-Codes/beamer-tum/template-pdflatex.tex [4ms]
2024-01-31 11:44:21.471 [info] > git show --textconv :beamer-tum/template-pdflatex.tex [4ms]
2024-01-31 11:44:24.873 [info] > git config --get commit.template [26ms]
2024-01-31 11:44:24.875 [info] > git for-each-ref --format=%(refname)%00%(upstream:short)%00%(objectname)%00%(upstream:track)%00%(upstream:remotename)%00%(upstream:remoteref) refs/heads/main refs/remotes/main [5ms]
2024-01-31 11:44:24.906 [info] > git status -z -uall [7ms]
