2024-02-05 09:48:31.734 [info] Added views:workbench.panel.markers.view in workbench.panel.markers
2024-02-05 09:48:31.734 [info] Added views:workbench.panel.output in workbench.panel.output
2024-02-05 09:48:31.734 [info] Added views:terminal in terminal
2024-02-05 09:48:31.734 [info] Added views:outline in workbench.view.explorer
2024-02-05 09:48:31.734 [info] Added views:workbench.scm in workbench.view.scm
2024-02-05 09:48:31.734 [info] Added views:workbench.view.search in workbench.view.search
2024-02-05 09:48:31.734 [info] Added views:timeline in workbench.view.explorer
2024-02-05 09:48:31.734 [info] Added views:workbench.explorer.emptyView in workbench.view.explorer
2024-02-05 09:48:32.355 [info] Added views:workbench.debug.variablesView,workbench.debug.watchExpressionsView,workbench.debug.callStackView,workbench.debug.breakPointsView in workbench.view.debug
2024-02-05 09:48:32.594 [info] Added views:~remote.forwardedPorts in ~remote.forwardedPortsContainer
2024-02-05 09:48:32.812 [info] Added views:workbench.panel.repl.view in workbench.panel.repl
2024-02-05 09:48:32.812 [info] Removed views:workbench.debug.breakPointsView,workbench.debug.callStackView,workbench.debug.watchExpressionsView,workbench.debug.variablesView from workbench.view.debug
2024-02-05 09:48:32.814 [info] Added views:workbench.debug.welcome in workbench.view.debug
2024-02-05 09:48:36.010 [info] Added views:workbench.panel.markers.view in workbench.panel.markers
2024-02-05 09:48:36.010 [info] Added views:workbench.panel.output in workbench.panel.output
2024-02-05 09:48:36.010 [info] Added views:terminal in terminal
2024-02-05 09:48:36.010 [info] Added views:outline in workbench.view.explorer
2024-02-05 09:48:36.010 [info] Added views:workbench.scm in workbench.view.scm
2024-02-05 09:48:36.010 [info] Added views:workbench.view.search in workbench.view.search
2024-02-05 09:48:36.010 [info] Added views:timeline in workbench.view.explorer
2024-02-05 09:48:36.010 [info] Added views:workbench.explorer.fileView in workbench.view.explorer
2024-02-05 09:48:36.293 [info] Added views:workbench.debug.welcome in workbench.view.debug
2024-02-05 09:48:36.945 [info] Added views:workbench.panel.repl.view in workbench.panel.repl
2024-02-05 09:48:38.275 [info] Added views:~remote.forwardedPorts in ~remote.forwardedPortsContainer
2024-02-05 09:48:38.545 [info] Added views:latex-workshop-commands,latex-workshop-structure,latex-workshop-snippet-view in workbench.view.extension.latex-workshop-activitybar
2024-02-05 11:16:35.906 [info] Added views:workbench.views.extensions.installed,workbench.views.extensions.popular,extensions.recommendedList in workbench.view.extensions
2024-02-05 11:16:35.911 [info] Removed views:workbench.views.extensions.popular from workbench.view.extensions
