2023-11-09 14:36:23.847 [info] Started initializing default profile extensions in extensions installation folder. file:///home/void/.vscode-oss/extensions
2023-11-09 14:36:24.215 [warning] Failed to create default profile extensions manifest in extensions installation folder. file:///home/void/.vscode-oss/extensions Unable to create file 'vscode-userdata:/home/void/.vscode-oss/extensions/extensions.json' that already exists when overwrite flag is not set
2023-11-09 14:36:24.215 [info] Completed initializing default profile extensions in extensions installation folder. file:///home/void/.vscode-oss/extensions
2023-11-09 14:36:59.852 [info] Getting Manifest... ms-python.python
2023-11-09 14:36:59.904 [info] Installing extension: ms-python.python
2023-11-09 14:37:00.625 [info] Getting Manifest... ms-python.vscode-pylance
2023-11-09 14:37:00.786 [info] Installing extension: ms-python.vscode-pylance ms-python.python
2023-11-09 14:37:01.838 [info] Extension signature verification is not done: ms-python.python
2023-11-09 14:37:05.186 [info] Extracted extension to file:///home/void/.vscode-oss/extensions/ms-python.python-2023.20.0: ms-python.python
2023-11-09 14:37:05.203 [info] Renamed to /home/void/.vscode-oss/extensions/ms-python.python-2023.20.0
2023-11-09 14:37:05.209 [info] Extracting extension completed. ms-python.python
2023-11-09 14:37:05.316 [error] [uncaught exception in sharedProcess]: Error: ENOENT: no such file or directory, stat '/home/void/.vscode-oss/extensions/extensions.json.vsctmp': EntryNotFound (FileSystemError): Error: ENOENT: no such file or directory, stat '/home/void/.vscode-oss/extensions/extensions.json.vsctmp'
    at s.create (/usr/lib/code-oss/resources/app/out/vs/code/node/sharedProcess/sharedProcessMain.js:51:30209)
    at i (/usr/lib/code-oss/resources/app/out/vs/code/node/sharedProcess/sharedProcessMain.js:51:30329)
    at t.fb (/usr/lib/code-oss/resources/app/out/vs/code/node/sharedProcess/sharedProcessMain.js:56:35755)
    at t.stat (/usr/lib/code-oss/resources/app/out/vs/code/node/sharedProcess/sharedProcessMain.js:56:28201)
    at async w.stat (/usr/lib/code-oss/resources/app/out/vs/code/node/sharedProcess/sharedProcessMain.js:56:15579)
    at async Q.tb (/usr/lib/code-oss/resources/app/out/vs/code/node/sharedProcess/sharedProcessMain.js:109:9514)
2023-11-09 14:37:06.187 [info] Extension signature verification is not done: ms-python.vscode-pylance
2023-11-09 14:37:12.294 [info] Extracted extension to file:///home/void/.vscode-oss/extensions/ms-python.vscode-pylance-2023.11.10: ms-python.vscode-pylance
2023-11-09 14:37:12.321 [info] Renamed to /home/void/.vscode-oss/extensions/ms-python.vscode-pylance-2023.11.10
2023-11-09 14:37:12.325 [info] Extracting extension completed. ms-python.vscode-pylance
2023-11-09 14:37:12.343 [info] Extension installed successfully: ms-python.python
2023-11-09 14:37:12.344 [info] Extension installed successfully: ms-python.vscode-pylance
2023-11-09 14:37:12.418 [error] [uncaught exception in sharedProcess]: Error: ENOENT: no such file or directory, stat '/home/void/.vscode-oss/extensions/extensions.json.vsctmp': EntryNotFound (FileSystemError): Error: ENOENT: no such file or directory, stat '/home/void/.vscode-oss/extensions/extensions.json.vsctmp'
    at s.create (/usr/lib/code-oss/resources/app/out/vs/code/node/sharedProcess/sharedProcessMain.js:51:30209)
    at i (/usr/lib/code-oss/resources/app/out/vs/code/node/sharedProcess/sharedProcessMain.js:51:30329)
    at t.fb (/usr/lib/code-oss/resources/app/out/vs/code/node/sharedProcess/sharedProcessMain.js:56:35755)
    at t.stat (/usr/lib/code-oss/resources/app/out/vs/code/node/sharedProcess/sharedProcessMain.js:56:28201)
    at async w.stat (/usr/lib/code-oss/resources/app/out/vs/code/node/sharedProcess/sharedProcessMain.js:56:15579)
    at async Q.tb (/usr/lib/code-oss/resources/app/out/vs/code/node/sharedProcess/sharedProcessMain.js:109:9514)
2023-11-09 14:38:04.646 [info] Getting Manifest... visualstudioexptteam.vscodeintellicode
2023-11-09 14:38:04.669 [info] Installing extension: visualstudioexptteam.vscodeintellicode
2023-11-09 14:38:05.135 [info] Getting Manifest... visualstudioexptteam.intellicode-api-usage-examples
2023-11-09 14:38:05.606 [info] Installing extension: visualstudioexptteam.intellicode-api-usage-examples visualstudioexptteam.vscodeintellicode
2023-11-09 14:38:06.254 [info] Extension signature verification is not done: visualstudioexptteam.intellicode-api-usage-examples
2023-11-09 14:38:06.802 [info] Extracted extension to file:///home/void/.vscode-oss/extensions/visualstudioexptteam.intellicode-api-usage-examples-0.2.8: visualstudioexptteam.intellicode-api-usage-examples
2023-11-09 14:38:06.835 [info] Renamed to /home/void/.vscode-oss/extensions/visualstudioexptteam.intellicode-api-usage-examples-0.2.8
2023-11-09 14:38:06.839 [info] Extracting extension completed. visualstudioexptteam.intellicode-api-usage-examples
2023-11-09 14:38:06.958 [error] [uncaught exception in sharedProcess]: Error: ENOENT: no such file or directory, stat '/home/void/.vscode-oss/extensions/extensions.json.vsctmp': EntryNotFound (FileSystemError): Error: ENOENT: no such file or directory, stat '/home/void/.vscode-oss/extensions/extensions.json.vsctmp'
    at s.create (/usr/lib/code-oss/resources/app/out/vs/code/node/sharedProcess/sharedProcessMain.js:51:30209)
    at i (/usr/lib/code-oss/resources/app/out/vs/code/node/sharedProcess/sharedProcessMain.js:51:30329)
    at t.fb (/usr/lib/code-oss/resources/app/out/vs/code/node/sharedProcess/sharedProcessMain.js:56:35755)
    at t.stat (/usr/lib/code-oss/resources/app/out/vs/code/node/sharedProcess/sharedProcessMain.js:56:28201)
    at async w.stat (/usr/lib/code-oss/resources/app/out/vs/code/node/sharedProcess/sharedProcessMain.js:56:15579)
    at async Q.tb (/usr/lib/code-oss/resources/app/out/vs/code/node/sharedProcess/sharedProcessMain.js:109:9514)
2023-11-09 14:38:11.433 [info] Extension signature verification is not done: visualstudioexptteam.vscodeintellicode
2023-11-09 14:38:13.927 [info] Extracted extension to file:///home/void/.vscode-oss/extensions/visualstudioexptteam.vscodeintellicode-1.2.30: visualstudioexptteam.vscodeintellicode
2023-11-09 14:38:13.939 [info] Renamed to /home/void/.vscode-oss/extensions/visualstudioexptteam.vscodeintellicode-1.2.30
2023-11-09 14:38:13.943 [info] Extracting extension completed. visualstudioexptteam.vscodeintellicode
2023-11-09 14:38:13.955 [info] Extension installed successfully: visualstudioexptteam.intellicode-api-usage-examples
2023-11-09 14:38:13.955 [info] Extension installed successfully: visualstudioexptteam.vscodeintellicode
2023-11-09 14:38:14.030 [error] [uncaught exception in sharedProcess]: Error: ENOENT: no such file or directory, stat '/home/void/.vscode-oss/extensions/extensions.json.vsctmp': EntryNotFound (FileSystemError): Error: ENOENT: no such file or directory, stat '/home/void/.vscode-oss/extensions/extensions.json.vsctmp'
    at s.create (/usr/lib/code-oss/resources/app/out/vs/code/node/sharedProcess/sharedProcessMain.js:51:30209)
    at i (/usr/lib/code-oss/resources/app/out/vs/code/node/sharedProcess/sharedProcessMain.js:51:30329)
    at t.fb (/usr/lib/code-oss/resources/app/out/vs/code/node/sharedProcess/sharedProcessMain.js:56:35755)
    at t.stat (/usr/lib/code-oss/resources/app/out/vs/code/node/sharedProcess/sharedProcessMain.js:56:28201)
    at async w.stat (/usr/lib/code-oss/resources/app/out/vs/code/node/sharedProcess/sharedProcessMain.js:56:15579)
    at async Q.tb (/usr/lib/code-oss/resources/app/out/vs/code/node/sharedProcess/sharedProcessMain.js:109:9514)
