2024-02-05 17:47:07.564 [info] Configuration changed
2024-02-05 17:49:38.361 [info] /home/void/Documents/TEP-and-Integrity-Codes/Paper/TEPandIntegrity.tex.git closed
2024-02-05 18:01:50.088 [info] Active editor: file:///home/void/Documents/TEP-and-Integrity-Codes/Paper/TEPandIntegrity.tex
2024-02-05 18:31:47.460 [info] /home/void/Documents/TEP-and-Integrity-Codes/Paper/TEPandIntegrity.tex.git closed
2024-02-05 18:33:42.719 [info] Active editor: file:///home/void/Documents/TEP-and-Integrity-Codes/Paper/TEPandIntegrity.tex
2024-02-05 18:43:00.127 [info] /home/void/Documents/TEP-and-Integrity-Codes/Paper/TEPandIntegrity.tex.git closed
2024-02-05 18:43:01.870 [info] Active editor: file:///home/void/Documents/TEP-and-Integrity-Codes/Paper/TEPandIntegrity.tex
2024-02-05 19:17:12.682 [info] Searching for man in the middle
2024-02-05 20:47:29.611 [info] /home/void/Documents/TEP-and-Integrity-Codes/Paper/TEPandIntegrity.tex.git closed
2024-02-05 20:47:30.353 [info] Active editor: file:///home/void/Documents/TEP-and-Integrity-Codes/Paper/TEPandIntegrity.tex
2024-02-05 20:47:32.296 [info] Executing :w
2024-02-05 20:47:33.612 [info] /home/void/Documents/TEP-and-Integrity-Codes/Paper/TEPandIntegrity.tex.git closed
2024-02-05 20:47:50.367 [info] Active editor: file:///home/void/Documents/TEP-and-Integrity-Codes/Paper/TEPandIntegrity.tex
2024-02-05 20:54:08.044 [info] Executing :w
2024-02-05 20:54:11.458 [info] /home/void/Documents/TEP-and-Integrity-Codes/Paper/TEPandIntegrity.tex.git closed
2024-02-05 20:54:12.679 [info] Active editor: file:///home/void/Documents/TEP-and-Integrity-Codes/Paper/TEPandIntegrity.tex
2024-02-05 20:54:27.237 [info] /home/void/Documents/TEP-and-Integrity-Codes/Paper/TEPandIntegrity.tex.git closed
2024-02-05 20:54:31.998 [info] Active editor: file:///home/void/Documents/TEP-and-Integrity-Codes/Paper/TEPandIntegrity.tex
2024-02-05 20:54:33.644 [info] Executing :w
2024-02-05 20:54:34.518 [info] /home/void/Documents/TEP-and-Integrity-Codes/Paper/TEPandIntegrity.tex.git closed
2024-02-05 20:54:45.157 [info] Active editor: file:///home/void/Documents/TEP-and-Integrity-Codes/Paper/TEPandIntegrity.tex
2024-02-05 20:59:08.699 [info] /home/void/Documents/TEP-and-Integrity-Codes/Paper/TEPandIntegrity.tex.git closed
2024-02-05 20:59:10.174 [info] Active editor: file:///home/void/Documents/TEP-and-Integrity-Codes/Paper/TEPandIntegrity.tex
2024-02-05 20:59:11.714 [info] /home/void/Documents/TEP-and-Integrity-Codes/Paper/TEPandIntegrity.tex.git closed
2024-02-05 20:59:13.815 [info] Active editor: file:///home/void/Documents/TEP-and-Integrity-Codes/Paper/TEPandIntegrity.tex
2024-02-05 21:00:45.259 [info] /home/void/Documents/TEP-and-Integrity-Codes/Paper/TEPandIntegrity.tex.git closed
2024-02-05 21:03:00.122 [info] Active editor: file:///home/void/Documents/TEP-and-Integrity-Codes/Paper/TEPandIntegrity.tex
2024-02-05 21:05:06.299 [info] Executing :w
2024-02-05 21:06:27.998 [info] /home/void/Documents/TEP-and-Integrity-Codes/Paper/TEPandIntegrity.tex.git closed
2024-02-05 21:07:57.467 [info] Active editor: file:///home/void/Documents/TEP-and-Integrity-Codes/Paper/TEPandIntegrity.tex
2024-02-05 21:19:20.612 [info] Executing :w
2024-02-05 21:19:22.777 [info] /home/void/Documents/TEP-and-Integrity-Codes/Paper/TEPandIntegrity.tex.git closed
2024-02-07 19:47:53.336 [info] Active editor: file:///home/void/Documents/TEP-and-Integrity-Codes/Paper/TEPandIntegrity.tex
2024-02-07 19:47:54.258 [info] /home/void/Documents/TEP-and-Integrity-Codes/Paper/TEPandIntegrity.tex.git closed
2024-02-07 19:48:00.470 [info] Active editor: file:///home/void/Documents/TEP-and-Integrity-Codes/Paper/TEPandIntegrity.tex
2024-02-07 19:48:05.322 [info] /home/void/Documents/TEP-and-Integrity-Codes/Paper/TEPandIntegrity.tex.git closed
2024-02-07 19:48:09.882 [info] Active editor: file:///home/void/Documents/TEP-and-Integrity-Codes/Paper/TEPandIntegrity.tex
2024-02-07 23:33:35.641 [info] /home/void/Documents/TEP-and-Integrity-Codes/Paper/TEPandIntegrity.tex.git closed
2024-02-07 23:34:46.068 [info] Active editor: file:///home/void/Documents/TEP-and-Integrity-Codes/Paper/TEPandIntegrity.tex
2024-02-08 10:21:27.981 [info] Executing :w
2024-02-08 10:22:46.118 [info] Executing :w
2024-02-08 10:22:48.283 [info] /home/void/Documents/TEP-and-Integrity-Codes/Paper/TEPandIntegrity.tex.git closed
2024-02-08 10:22:59.154 [info] Active editor: file:///home/void/Documents/TEP-and-Integrity-Codes/Paper/TEPandIntegrity.tex
2024-02-08 10:23:47.572 [info] Executing :ww
2024-02-08 10:23:48.859 [info] /home/void/Documents/TEP-and-Integrity-Codes/Paper/TEPandIntegrity.tex.git closed
2024-02-08 10:23:54.601 [info] Active editor: file:///home/void/Documents/TEP-and-Integrity-Codes/Paper/TEPandIntegrity.tex
2024-02-08 10:23:57.256 [info] Executing :w
2024-02-08 10:23:59.198 [info] /home/void/Documents/TEP-and-Integrity-Codes/Paper/TEPandIntegrity.tex.git closed
2024-02-08 10:24:09.450 [info] Active editor: file:///home/void/Documents/TEP-and-Integrity-Codes/Paper/TEPandIntegrity.tex
2024-02-08 10:24:21.502 [info] /home/void/Documents/TEP-and-Integrity-Codes/Paper/TEPandIntegrity.tex.git closed
2024-02-08 10:24:23.426 [info] Active editor: file:///home/void/Documents/TEP-and-Integrity-Codes/Paper/TEPandIntegrity.tex
2024-02-08 10:24:53.597 [info] Executing :w
2024-02-08 10:24:57.129 [info] /home/void/Documents/TEP-and-Integrity-Codes/Paper/TEPandIntegrity.tex.git closed
2024-02-08 10:25:01.714 [info] Active editor: file:///home/void/Documents/TEP-and-Integrity-Codes/Paper/TEPandIntegrity.tex
2024-02-08 10:28:27.857 [info] /home/void/Documents/TEP-and-Integrity-Codes/Paper/TEPandIntegrity.tex.git closed
2024-02-08 10:43:12.969 [info] Active editor: file:///home/void/Documents/TEP-and-Integrity-Codes/Paper/TEPandIntegrity.tex
2024-02-08 22:51:46.535 [info] /home/void/Documents/TEP-and-Integrity-Codes/Paper/TEPandIntegrity.tex.git closed
2024-02-08 22:51:49.319 [info] Active editor: file:///home/void/Documents/TEP-and-Integrity-Codes/Paper/TEPandIntegrity.log
2024-02-08 22:51:50.521 [info] /home/void/Documents/TEP-and-Integrity-Codes/Paper/TEPandIntegrity.log closed
2024-02-08 22:51:57.733 [info] Active editor: file:///home/void/Documents/TEP-and-Integrity-Codes/Paper/TEPandIntegrity.tex
