2024-02-05 17:47:07.456 [info] Log level: Info
2024-02-05 17:47:07.456 [info] Validating found git in: "git"
2024-02-05 17:47:07.456 [info] Using git "2.43.0" from "git"
2024-02-05 17:47:07.456 [info] > git rev-parse --show-toplevel [9ms]
2024-02-05 17:47:07.456 [info] > git rev-parse --git-dir --git-common-dir [62ms]
2024-02-05 17:47:07.456 [info] Open repository: /home/void/Documents/TEP-and-Integrity-Codes
2024-02-05 17:47:07.456 [info] > git rev-parse --show-toplevel [73ms]
2024-02-05 17:47:07.456 [info] > git config --get commit.template [91ms]
2024-02-05 17:47:07.488 [info] > git rev-parse --show-toplevel [20ms]
2024-02-05 17:47:07.523 [info] > git for-each-ref --format=%(refname)%00%(upstream:short)%00%(objectname)%00%(upstream:track)%00%(upstream:remotename)%00%(upstream:remoteref) refs/heads/main refs/remotes/main [37ms]
2024-02-05 17:47:07.526 [info] > git rev-parse --show-toplevel [3ms]
2024-02-05 17:47:07.558 [info] > git rev-parse --show-toplevel [3ms]
2024-02-05 17:47:07.594 [info] > git status -z -uall [15ms]
2024-02-05 17:47:07.623 [info] > git rev-parse --show-toplevel [31ms]
2024-02-05 17:47:07.652 [info] > git config --get commit.template [30ms]
2024-02-05 17:47:07.654 [info] > git rev-parse --show-toplevel [2ms]
2024-02-05 17:47:07.707 [info] > git show --textconv :Paper/TEPandIntegrity.tex [39ms]
2024-02-05 17:47:07.707 [info] > git ls-files --stage -- /home/void/Documents/TEP-and-Integrity-Codes/Paper/TEPandIntegrity.tex [23ms]
2024-02-05 17:47:07.737 [info] > git cat-file -s 3b4a9e5c729ef2c31f87006cc4641f3a7a932751 [17ms]
2024-02-05 17:47:07.738 [info] > git for-each-ref --format=%(refname)%00%(upstream:short)%00%(objectname)%00%(upstream:track)%00%(upstream:remotename)%00%(upstream:remoteref) refs/heads/main refs/remotes/main [39ms]
2024-02-05 17:47:07.860 [info] > git status -z -uall [5ms]
2024-02-05 17:47:07.885 [info] > git check-ignore -v -z --stdin [4ms]
2024-02-05 17:47:11.749 [info] > git check-ignore -v -z --stdin [5ms]
2024-02-05 18:01:50.314 [info] > git show --textconv :Paper/TEPandIntegrity.tex [10ms]
2024-02-05 18:01:50.315 [info] > git ls-files --stage -- /home/void/Documents/TEP-and-Integrity-Codes/Paper/TEPandIntegrity.tex [4ms]
2024-02-05 18:01:50.325 [info] > git cat-file -s 3b4a9e5c729ef2c31f87006cc4641f3a7a932751 [2ms]
2024-02-05 18:33:42.950 [info] > git show --textconv :Paper/TEPandIntegrity.tex [9ms]
2024-02-05 18:33:42.951 [info] > git ls-files --stage -- /home/void/Documents/TEP-and-Integrity-Codes/Paper/TEPandIntegrity.tex [2ms]
2024-02-05 18:33:42.960 [info] > git cat-file -s 3b4a9e5c729ef2c31f87006cc4641f3a7a932751 [1ms]
2024-02-05 18:43:02.091 [info] > git show --textconv :Paper/TEPandIntegrity.tex [8ms]
2024-02-05 18:43:02.093 [info] > git ls-files --stage -- /home/void/Documents/TEP-and-Integrity-Codes/Paper/TEPandIntegrity.tex [2ms]
2024-02-05 18:43:02.101 [info] > git cat-file -s 3b4a9e5c729ef2c31f87006cc4641f3a7a932751 [1ms]
2024-02-05 19:05:30.264 [info] > git config --get commit.template [2ms]
2024-02-05 19:05:30.280 [info] > git for-each-ref --format=%(refname)%00%(upstream:short)%00%(objectname)%00%(upstream:track)%00%(upstream:remotename)%00%(upstream:remoteref) refs/heads/main refs/remotes/main [3ms]
2024-02-05 19:05:30.297 [info] > git status -z -uall [3ms]
2024-02-05 19:15:54.479 [info] > git config --get commit.template [15ms]
2024-02-05 19:15:54.480 [info] > git for-each-ref --format=%(refname)%00%(upstream:short)%00%(objectname)%00%(upstream:track)%00%(upstream:remotename)%00%(upstream:remoteref) refs/heads/main refs/remotes/main [3ms]
2024-02-05 19:15:54.496 [info] > git status -z -uall [3ms]
2024-02-05 20:47:30.597 [info] > git show --textconv :Paper/TEPandIntegrity.tex [13ms]
2024-02-05 20:47:30.600 [info] > git ls-files --stage -- /home/void/Documents/TEP-and-Integrity-Codes/Paper/TEPandIntegrity.tex [4ms]
2024-02-05 20:47:30.612 [info] > git cat-file -s 3b4a9e5c729ef2c31f87006cc4641f3a7a932751 [2ms]
2024-02-05 20:47:34.767 [info] > git config --get commit.template [33ms]
2024-02-05 20:47:34.769 [info] > git for-each-ref --format=%(refname)%00%(upstream:short)%00%(objectname)%00%(upstream:track)%00%(upstream:remotename)%00%(upstream:remoteref) refs/heads/main refs/remotes/main [6ms]
2024-02-05 20:47:34.812 [info] > git status -z -uall [10ms]
2024-02-05 20:47:50.597 [info] > git show --textconv :Paper/TEPandIntegrity.tex [11ms]
2024-02-05 20:47:50.599 [info] > git ls-files --stage -- /home/void/Documents/TEP-and-Integrity-Codes/Paper/TEPandIntegrity.tex [2ms]
2024-02-05 20:47:50.611 [info] > git cat-file -s 3b4a9e5c729ef2c31f87006cc4641f3a7a932751 [2ms]
2024-02-05 20:54:10.584 [info] > git config --get commit.template [34ms]
2024-02-05 20:54:10.586 [info] > git for-each-ref --format=%(refname)%00%(upstream:short)%00%(objectname)%00%(upstream:track)%00%(upstream:remotename)%00%(upstream:remoteref) refs/heads/main refs/remotes/main [6ms]
2024-02-05 20:54:10.624 [info] > git status -z -uall [8ms]
2024-02-05 20:54:12.924 [info] > git show --textconv :Paper/TEPandIntegrity.tex [13ms]
2024-02-05 20:54:12.926 [info] > git ls-files --stage -- /home/void/Documents/TEP-and-Integrity-Codes/Paper/TEPandIntegrity.tex [4ms]
2024-02-05 20:54:12.940 [info] > git cat-file -s 3b4a9e5c729ef2c31f87006cc4641f3a7a932751 [3ms]
2024-02-05 20:54:32.225 [info] > git show --textconv :Paper/TEPandIntegrity.tex [11ms]
2024-02-05 20:54:32.227 [info] > git ls-files --stage -- /home/void/Documents/TEP-and-Integrity-Codes/Paper/TEPandIntegrity.tex [3ms]
2024-02-05 20:54:32.239 [info] > git cat-file -s 3b4a9e5c729ef2c31f87006cc4641f3a7a932751 [2ms]
2024-02-05 20:54:36.095 [info] > git config --get commit.template [32ms]
2024-02-05 20:54:36.098 [info] > git for-each-ref --format=%(refname)%00%(upstream:short)%00%(objectname)%00%(upstream:track)%00%(upstream:remotename)%00%(upstream:remoteref) refs/heads/main refs/remotes/main [7ms]
2024-02-05 20:54:36.136 [info] > git status -z -uall [8ms]
2024-02-05 20:54:45.385 [info] > git show --textconv :Paper/TEPandIntegrity.tex [13ms]
2024-02-05 20:54:45.387 [info] > git ls-files --stage -- /home/void/Documents/TEP-and-Integrity-Codes/Paper/TEPandIntegrity.tex [2ms]
2024-02-05 20:54:45.401 [info] > git cat-file -s 3b4a9e5c729ef2c31f87006cc4641f3a7a932751 [2ms]
2024-02-05 20:59:10.412 [info] > git show --textconv :Paper/TEPandIntegrity.tex [12ms]
2024-02-05 20:59:10.413 [info] > git ls-files --stage -- /home/void/Documents/TEP-and-Integrity-Codes/Paper/TEPandIntegrity.tex [2ms]
2024-02-05 20:59:10.425 [info] > git cat-file -s 3b4a9e5c729ef2c31f87006cc4641f3a7a932751 [2ms]
2024-02-05 20:59:14.046 [info] > git show --textconv :Paper/TEPandIntegrity.tex [11ms]
2024-02-05 20:59:14.048 [info] > git ls-files --stage -- /home/void/Documents/TEP-and-Integrity-Codes/Paper/TEPandIntegrity.tex [2ms]
2024-02-05 20:59:14.059 [info] > git cat-file -s 3b4a9e5c729ef2c31f87006cc4641f3a7a932751 [2ms]
2024-02-05 21:03:00.366 [info] > git show --textconv :Paper/TEPandIntegrity.tex [13ms]
2024-02-05 21:03:00.368 [info] > git ls-files --stage -- /home/void/Documents/TEP-and-Integrity-Codes/Paper/TEPandIntegrity.tex [3ms]
2024-02-05 21:03:00.380 [info] > git cat-file -s 3b4a9e5c729ef2c31f87006cc4641f3a7a932751 [1ms]
2024-02-05 21:05:09.480 [info] > git config --get commit.template [30ms]
2024-02-05 21:05:09.483 [info] > git for-each-ref --format=%(refname)%00%(upstream:short)%00%(objectname)%00%(upstream:track)%00%(upstream:remotename)%00%(upstream:remoteref) refs/heads/main refs/remotes/main [9ms]
2024-02-05 21:05:09.529 [info] > git status -z -uall [9ms]
2024-02-05 21:07:57.713 [info] > git show --textconv :Paper/TEPandIntegrity.tex [11ms]
2024-02-05 21:07:57.715 [info] > git ls-files --stage -- /home/void/Documents/TEP-and-Integrity-Codes/Paper/TEPandIntegrity.tex [3ms]
2024-02-05 21:07:57.726 [info] > git cat-file -s 3b4a9e5c729ef2c31f87006cc4641f3a7a932751 [2ms]
2024-02-05 21:19:22.963 [info] > git config --get commit.template [14ms]
2024-02-05 21:19:22.964 [info] > git for-each-ref --format=%(refname)%00%(upstream:short)%00%(objectname)%00%(upstream:track)%00%(upstream:remotename)%00%(upstream:remoteref) refs/heads/main refs/remotes/main [2ms]
2024-02-05 21:19:22.979 [info] > git status -z -uall [3ms]
2024-02-06 12:56:40.451 [info] > git config --get commit.template [39ms]
2024-02-06 12:56:40.456 [info] > git for-each-ref --format=%(refname)%00%(upstream:short)%00%(objectname)%00%(upstream:track)%00%(upstream:remotename)%00%(upstream:remoteref) refs/heads/main refs/remotes/main [10ms]
2024-02-06 12:56:40.512 [info] > git status -z -uall [12ms]
2024-02-06 12:56:53.090 [info] > git config --get commit.template [5ms]
2024-02-06 12:56:53.120 [info] > git for-each-ref --format=%(refname)%00%(upstream:short)%00%(objectname)%00%(upstream:track)%00%(upstream:remotename)%00%(upstream:remoteref) refs/heads/main refs/remotes/main [6ms]
2024-02-06 12:56:53.151 [info] > git status -z -uall [7ms]
2024-02-06 12:57:00.684 [info] > git config --get commit.template [30ms]
2024-02-06 12:57:00.686 [info] > git for-each-ref --format=%(refname)%00%(upstream:short)%00%(objectname)%00%(upstream:track)%00%(upstream:remotename)%00%(upstream:remoteref) refs/heads/main refs/remotes/main [5ms]
2024-02-06 12:57:00.721 [info] > git status -z -uall [8ms]
2024-02-07 19:47:49.778 [info] > git config --get commit.template [10ms]
2024-02-07 19:47:49.779 [info] > git for-each-ref --format=%(refname)%00%(upstream:short)%00%(objectname)%00%(upstream:track)%00%(upstream:remotename)%00%(upstream:remoteref) refs/heads/main refs/remotes/main [2ms]
2024-02-07 19:47:49.790 [info] > git status -z -uall [3ms]
2024-02-07 19:47:53.565 [info] > git show --textconv :Paper/TEPandIntegrity.tex [10ms]
2024-02-07 19:47:53.567 [info] > git ls-files --stage -- /home/void/Documents/TEP-and-Integrity-Codes/Paper/TEPandIntegrity.tex [2ms]
2024-02-07 19:47:53.577 [info] > git cat-file -s 4b991f6ed366c00112e8362460ef700c3ceb4c41 [2ms]
2024-02-07 19:47:54.823 [info] > git config --get commit.template [14ms]
2024-02-07 19:47:54.824 [info] > git for-each-ref --format=%(refname)%00%(upstream:short)%00%(objectname)%00%(upstream:track)%00%(upstream:remotename)%00%(upstream:remoteref) refs/heads/main refs/remotes/main [2ms]
2024-02-07 19:47:54.847 [info] > git status -z -uall [9ms]
2024-02-07 19:48:00.689 [info] > git show --textconv :Paper/TEPandIntegrity.tex [8ms]
2024-02-07 19:48:00.690 [info] > git ls-files --stage -- /home/void/Documents/TEP-and-Integrity-Codes/Paper/TEPandIntegrity.tex [1ms]
2024-02-07 19:48:00.698 [info] > git cat-file -s 4b991f6ed366c00112e8362460ef700c3ceb4c41 [2ms]
2024-02-07 19:48:10.103 [info] > git show --textconv :Paper/TEPandIntegrity.tex [9ms]
2024-02-07 19:48:10.104 [info] > git ls-files --stage -- /home/void/Documents/TEP-and-Integrity-Codes/Paper/TEPandIntegrity.tex [2ms]
2024-02-07 19:48:10.112 [info] > git cat-file -s 4b991f6ed366c00112e8362460ef700c3ceb4c41 [1ms]
2024-02-07 23:33:31.740 [info] > git config --get commit.template [6ms]
2024-02-07 23:33:31.807 [info] > git ls-files --stage -- /home/void/Documents/TEP-and-Integrity-Codes/Paper/TEPandIntegrity.tex [36ms]
2024-02-07 23:33:31.836 [info] > git for-each-ref --format=%(refname)%00%(upstream:short)%00%(objectname)%00%(upstream:track)%00%(upstream:remotename)%00%(upstream:remoteref) refs/heads/main refs/remotes/main [32ms]
2024-02-07 23:33:31.839 [info] > git cat-file -s 0a21888934f67b787e9407dd6061a6e8ecd136c6 [5ms]
2024-02-07 23:33:31.875 [info] > git status -z -uall [8ms]
2024-02-07 23:33:31.971 [info] > git show --textconv :Paper/TEPandIntegrity.tex [6ms]
2024-02-07 23:33:36.958 [info] > git config --get commit.template [36ms]
2024-02-07 23:33:36.963 [info] > git for-each-ref --format=%(refname)%00%(upstream:short)%00%(objectname)%00%(upstream:track)%00%(upstream:remotename)%00%(upstream:remoteref) refs/heads/main refs/remotes/main [7ms]
2024-02-07 23:33:37.011 [info] > git status -z -uall [10ms]
2024-02-07 23:34:46.300 [info] > git show --textconv :Paper/TEPandIntegrity.tex [13ms]
2024-02-07 23:34:46.302 [info] > git ls-files --stage -- /home/void/Documents/TEP-and-Integrity-Codes/Paper/TEPandIntegrity.tex [3ms]
2024-02-07 23:34:46.313 [info] > git cat-file -s 0a21888934f67b787e9407dd6061a6e8ecd136c6 [2ms]
2024-02-08 10:08:53.952 [info] > git config --get commit.template [3ms]
2024-02-08 10:08:53.969 [info] > git for-each-ref --format=%(refname)%00%(upstream:short)%00%(objectname)%00%(upstream:track)%00%(upstream:remotename)%00%(upstream:remoteref) refs/heads/main refs/remotes/main [3ms]
2024-02-08 10:08:53.987 [info] > git status -z -uall [4ms]
2024-02-08 10:21:30.467 [info] > git config --get commit.template [30ms]
2024-02-08 10:21:30.470 [info] > git for-each-ref --format=%(refname)%00%(upstream:short)%00%(objectname)%00%(upstream:track)%00%(upstream:remotename)%00%(upstream:remoteref) refs/heads/main refs/remotes/main [5ms]
2024-02-08 10:21:30.503 [info] > git status -z -uall [8ms]
2024-02-08 10:22:49.661 [info] > git config --get commit.template [29ms]
2024-02-08 10:22:49.663 [info] > git for-each-ref --format=%(refname)%00%(upstream:short)%00%(objectname)%00%(upstream:track)%00%(upstream:remotename)%00%(upstream:remoteref) refs/heads/main refs/remotes/main [5ms]
2024-02-08 10:22:49.696 [info] > git status -z -uall [7ms]
2024-02-08 10:22:59.395 [info] > git show --textconv :Paper/TEPandIntegrity.tex [13ms]
2024-02-08 10:22:59.397 [info] > git ls-files --stage -- /home/void/Documents/TEP-and-Integrity-Codes/Paper/TEPandIntegrity.tex [3ms]
2024-02-08 10:22:59.411 [info] > git cat-file -s 0a21888934f67b787e9407dd6061a6e8ecd136c6 [1ms]
2024-02-08 10:23:54.830 [info] > git show --textconv :Paper/TEPandIntegrity.tex [12ms]
2024-02-08 10:23:54.831 [info] > git ls-files --stage -- /home/void/Documents/TEP-and-Integrity-Codes/Paper/TEPandIntegrity.tex [2ms]
2024-02-08 10:23:54.842 [info] > git cat-file -s 0a21888934f67b787e9407dd6061a6e8ecd136c6 [2ms]
2024-02-08 10:24:00.708 [info] > git config --get commit.template [27ms]
2024-02-08 10:24:00.710 [info] > git for-each-ref --format=%(refname)%00%(upstream:short)%00%(objectname)%00%(upstream:track)%00%(upstream:remotename)%00%(upstream:remoteref) refs/heads/main refs/remotes/main [5ms]
2024-02-08 10:24:00.743 [info] > git status -z -uall [6ms]
2024-02-08 10:24:09.676 [info] > git show --textconv :Paper/TEPandIntegrity.tex [12ms]
2024-02-08 10:24:09.678 [info] > git ls-files --stage -- /home/void/Documents/TEP-and-Integrity-Codes/Paper/TEPandIntegrity.tex [3ms]
2024-02-08 10:24:09.691 [info] > git cat-file -s 0a21888934f67b787e9407dd6061a6e8ecd136c6 [1ms]
2024-02-08 10:24:23.663 [info] > git show --textconv :Paper/TEPandIntegrity.tex [12ms]
2024-02-08 10:24:23.665 [info] > git ls-files --stage -- /home/void/Documents/TEP-and-Integrity-Codes/Paper/TEPandIntegrity.tex [3ms]
2024-02-08 10:24:23.677 [info] > git cat-file -s 0a21888934f67b787e9407dd6061a6e8ecd136c6 [2ms]
2024-02-08 10:24:56.028 [info] > git config --get commit.template [29ms]
2024-02-08 10:24:56.030 [info] > git for-each-ref --format=%(refname)%00%(upstream:short)%00%(objectname)%00%(upstream:track)%00%(upstream:remotename)%00%(upstream:remoteref) refs/heads/main refs/remotes/main [5ms]
2024-02-08 10:24:56.063 [info] > git status -z -uall [7ms]
2024-02-08 10:25:01.944 [info] > git show --textconv :Paper/TEPandIntegrity.tex [14ms]
2024-02-08 10:25:01.946 [info] > git ls-files --stage -- /home/void/Documents/TEP-and-Integrity-Codes/Paper/TEPandIntegrity.tex [3ms]
2024-02-08 10:25:01.960 [info] > git cat-file -s 0a21888934f67b787e9407dd6061a6e8ecd136c6 [2ms]
2024-02-08 10:43:13.197 [info] > git show --textconv :Paper/TEPandIntegrity.tex [11ms]
2024-02-08 10:43:13.198 [info] > git ls-files --stage -- /home/void/Documents/TEP-and-Integrity-Codes/Paper/TEPandIntegrity.tex [2ms]
2024-02-08 10:43:13.211 [info] > git cat-file -s 0a21888934f67b787e9407dd6061a6e8ecd136c6 [2ms]
2024-02-08 11:46:55.575 [info] > git config --get commit.template [36ms]
2024-02-08 11:46:55.577 [info] > git for-each-ref --format=%(refname)%00%(upstream:short)%00%(objectname)%00%(upstream:track)%00%(upstream:remotename)%00%(upstream:remoteref) refs/heads/main refs/remotes/main [8ms]
2024-02-08 11:46:55.617 [info] > git status -z -uall [8ms]
2024-02-08 11:46:55.664 [info] > git ls-files --stage -- /home/void/Documents/TEP-and-Integrity-Codes/Paper/TEPandIntegrity.tex [6ms]
2024-02-08 11:46:55.693 [info] > git cat-file -s 6a2eb1819c2169f3fce20e551b4aea4761bd4d60 [5ms]
2024-02-08 11:46:55.729 [info] > git show --textconv :Paper/TEPandIntegrity.tex [6ms]
2024-02-08 11:46:59.751 [info] > git ls-files --stage -- /home/void/Documents/TEP-and-Integrity-Codes/Paper/TEPandIntegrity.tex [5ms]
2024-02-08 11:46:59.780 [info] > git cat-file -s 6a2eb1819c2169f3fce20e551b4aea4761bd4d60 [5ms]
2024-02-08 11:46:59.817 [info] > git show --textconv :Paper/TEPandIntegrity.tex [7ms]
2024-02-08 11:47:00.682 [info] > git config --get commit.template [25ms]
2024-02-08 11:47:00.685 [info] > git for-each-ref --format=%(refname)%00%(upstream:short)%00%(objectname)%00%(upstream:track)%00%(upstream:remotename)%00%(upstream:remoteref) refs/heads/main refs/remotes/main [4ms]
2024-02-08 11:47:00.715 [info] > git status -z -uall [6ms]
2024-02-08 11:49:05.875 [info] > git config --get commit.template [4ms]
2024-02-08 11:49:05.909 [info] > git for-each-ref --format=%(refname)%00%(upstream:short)%00%(objectname)%00%(upstream:track)%00%(upstream:remotename)%00%(upstream:remoteref) refs/heads/main refs/remotes/main [5ms]
2024-02-08 11:49:05.943 [info] > git status -z -uall [8ms]
2024-02-08 11:49:05.988 [info] > git ls-files --stage -- /home/void/Documents/TEP-and-Integrity-Codes/Paper/TEPandIntegrity.tex [6ms]
2024-02-08 11:49:06.026 [info] > git cat-file -s 6a2eb1819c2169f3fce20e551b4aea4761bd4d60 [7ms]
2024-02-08 11:49:06.073 [info] > git show --textconv :Paper/TEPandIntegrity.tex [6ms]
2024-02-08 11:49:14.454 [info] > git config --get commit.template [34ms]
2024-02-08 11:49:14.459 [info] > git for-each-ref --format=%(refname)%00%(upstream:short)%00%(objectname)%00%(upstream:track)%00%(upstream:remotename)%00%(upstream:remoteref) refs/heads/main refs/remotes/main [6ms]
2024-02-08 11:49:14.494 [info] > git status -z -uall [8ms]
2024-02-08 11:49:14.535 [info] > git ls-files --stage -- /home/void/Documents/TEP-and-Integrity-Codes/Paper/TEPandIntegrity.tex [5ms]
2024-02-08 11:49:14.564 [info] > git cat-file -s 6a2eb1819c2169f3fce20e551b4aea4761bd4d60 [5ms]
2024-02-08 11:49:14.644 [info] > git show --textconv :Paper/TEPandIntegrity.tex [3ms]
2024-02-08 11:49:18.881 [info] > git ls-files --stage -- /home/void/Documents/TEP-and-Integrity-Codes/Paper/TEPandIntegrity.tex [4ms]
2024-02-08 11:49:18.910 [info] > git cat-file -s 6a2eb1819c2169f3fce20e551b4aea4761bd4d60 [5ms]
2024-02-08 11:49:18.947 [info] > git show --textconv :Paper/TEPandIntegrity.tex [6ms]
2024-02-08 11:49:19.563 [info] > git config --get commit.template [30ms]
2024-02-08 11:49:19.565 [info] > git for-each-ref --format=%(refname)%00%(upstream:short)%00%(objectname)%00%(upstream:track)%00%(upstream:remotename)%00%(upstream:remoteref) refs/heads/main refs/remotes/main [5ms]
2024-02-08 11:49:19.604 [info] > git status -z -uall [9ms]
2024-02-08 22:50:26.726 [info] > git config --get commit.template [29ms]
2024-02-08 22:50:26.729 [info] > git for-each-ref --format=%(refname)%00%(upstream:short)%00%(objectname)%00%(upstream:track)%00%(upstream:remotename)%00%(upstream:remoteref) refs/heads/main refs/remotes/main [5ms]
2024-02-08 22:50:26.763 [info] > git status -z -uall [8ms]
2024-02-08 22:50:26.806 [info] > git ls-files --stage -- /home/void/Documents/TEP-and-Integrity-Codes/Paper/TEPandIntegrity.tex [4ms]
2024-02-08 22:50:26.835 [info] > git cat-file -s 6a2eb1819c2169f3fce20e551b4aea4761bd4d60 [4ms]
2024-02-08 22:50:26.871 [info] > git show --textconv :Paper/TEPandIntegrity.tex [7ms]
2024-02-08 22:50:29.092 [info] > git ls-files --stage -- /home/void/Documents/TEP-and-Integrity-Codes/Paper/TEPandIntegrity.tex [2ms]
2024-02-08 22:50:29.106 [info] > git cat-file -s 2a7c359c2b516f563b777ebdf0f6fba99b4db12c [2ms]
2024-02-08 22:50:29.123 [info] > git show --textconv :Paper/TEPandIntegrity.tex [3ms]
2024-02-08 22:50:31.832 [info] > git config --get commit.template [31ms]
2024-02-08 22:50:31.834 [info] > git for-each-ref --format=%(refname)%00%(upstream:short)%00%(objectname)%00%(upstream:track)%00%(upstream:remotename)%00%(upstream:remoteref) refs/heads/main refs/remotes/main [5ms]
2024-02-08 22:50:31.875 [info] > git status -z -uall [13ms]
2024-02-08 22:50:40.540 [info] > git config --get commit.template [28ms]
2024-02-08 22:50:40.542 [info] > git for-each-ref --format=%(refname)%00%(upstream:short)%00%(objectname)%00%(upstream:track)%00%(upstream:remotename)%00%(upstream:remoteref) refs/heads/main refs/remotes/main [5ms]
2024-02-08 22:50:40.587 [info] > git status -z -uall [12ms]
2024-02-08 22:50:40.629 [info] > git ls-files --stage -- /home/void/Documents/TEP-and-Integrity-Codes/Paper/TEPandIntegrity.tex [5ms]
2024-02-08 22:50:40.657 [info] > git cat-file -s 2a7c359c2b516f563b777ebdf0f6fba99b4db12c [5ms]
2024-02-08 22:50:40.692 [info] > git show --textconv :Paper/TEPandIntegrity.tex [7ms]
2024-02-08 22:50:42.525 [info] > git ls-files --stage -- /home/void/Documents/TEP-and-Integrity-Codes/Paper/TEPandIntegrity.tex [5ms]
2024-02-08 22:50:42.557 [info] > git cat-file -s 2a7c359c2b516f563b777ebdf0f6fba99b4db12c [5ms]
2024-02-08 22:50:42.595 [info] > git show --textconv :Paper/TEPandIntegrity.tex [6ms]
2024-02-08 22:50:45.661 [info] > git config --get commit.template [35ms]
2024-02-08 22:50:45.662 [info] > git for-each-ref --format=%(refname)%00%(upstream:short)%00%(objectname)%00%(upstream:track)%00%(upstream:remotename)%00%(upstream:remoteref) refs/heads/main refs/remotes/main [8ms]
2024-02-08 22:50:45.701 [info] > git status -z -uall [12ms]
2024-02-08 22:51:04.426 [info] > git config --get commit.template [33ms]
2024-02-08 22:51:04.427 [info] > git for-each-ref --format=%(refname)%00%(upstream:short)%00%(objectname)%00%(upstream:track)%00%(upstream:remotename)%00%(upstream:remoteref) refs/heads/main refs/remotes/main [8ms]
2024-02-08 22:51:04.473 [info] > git status -z -uall [13ms]
2024-02-08 22:51:08.309 [info] > git ls-files --stage -- /home/void/Documents/TEP-and-Integrity-Codes/Paper/TEPandIntegrity.tex [5ms]
2024-02-08 22:51:08.342 [info] > git cat-file -s 2a7c359c2b516f563b777ebdf0f6fba99b4db12c [5ms]
2024-02-08 22:51:08.379 [info] > git show --textconv :Paper/TEPandIntegrity.tex [7ms]
2024-02-08 22:51:09.546 [info] > git config --get commit.template [32ms]
2024-02-08 22:51:09.550 [info] > git for-each-ref --format=%(refname)%00%(upstream:short)%00%(objectname)%00%(upstream:track)%00%(upstream:remotename)%00%(upstream:remoteref) refs/heads/main refs/remotes/main [8ms]
2024-02-08 22:51:09.589 [info] > git status -z -uall [8ms]
2024-02-08 22:51:19.648 [info] > git config --get commit.template [30ms]
2024-02-08 22:51:19.651 [info] > git for-each-ref --format=%(refname)%00%(upstream:short)%00%(objectname)%00%(upstream:track)%00%(upstream:remotename)%00%(upstream:remoteref) refs/heads/main refs/remotes/main [7ms]
2024-02-08 22:51:19.689 [info] > git status -z -uall [8ms]
2024-02-08 22:51:19.734 [info] > git ls-files --stage -- /home/void/Documents/TEP-and-Integrity-Codes/Paper/TEPandIntegrity.tex [9ms]
2024-02-08 22:51:19.764 [info] > git cat-file -s 2a7c359c2b516f563b777ebdf0f6fba99b4db12c [5ms]
2024-02-08 22:51:19.800 [info] > git show --textconv :Paper/TEPandIntegrity.tex [6ms]
2024-02-08 22:51:28.869 [info] > git config --get commit.template [27ms]
2024-02-08 22:51:28.872 [info] > git for-each-ref --format=%(refname)%00%(upstream:short)%00%(objectname)%00%(upstream:track)%00%(upstream:remotename)%00%(upstream:remoteref) refs/heads/main refs/remotes/main [6ms]
2024-02-08 22:51:28.902 [info] > git status -z -uall [7ms]
2024-02-08 22:51:28.952 [info] > git ls-files --stage -- /home/void/Documents/TEP-and-Integrity-Codes/Paper/TEPandIntegrity.tex [3ms]
2024-02-08 22:51:28.978 [info] > git cat-file -s 2a7c359c2b516f563b777ebdf0f6fba99b4db12c [4ms]
2024-02-08 22:51:29.025 [info] > git show --textconv :Paper/TEPandIntegrity.tex [8ms]
2024-02-08 22:51:31.215 [info] > git ls-files --stage -- /home/void/Documents/TEP-and-Integrity-Codes/Paper/TEPandIntegrity.tex [2ms]
2024-02-08 22:51:31.227 [info] > git cat-file -s b98853c1f20b993e65303fad35401259602fb533 [2ms]
2024-02-08 22:51:31.242 [info] > git show --textconv :Paper/TEPandIntegrity.tex [3ms]
2024-02-08 22:51:33.944 [info] > git for-each-ref --format=%(refname)%00%(upstream:short)%00%(objectname)%00%(upstream:track)%00%(upstream:remotename)%00%(upstream:remoteref) refs/heads/main refs/remotes/main [6ms]
2024-02-08 22:51:33.980 [info] > git status -z -uall [7ms]
2024-02-08 22:51:45.736 [info] > git check-ignore -v -z --stdin [5ms]
2024-02-08 22:51:48.702 [info] > git check-ignore -v -z --stdin [5ms]
2024-02-08 22:51:58.002 [info] > git show --textconv :Paper/TEPandIntegrity.tex [16ms]
2024-02-08 22:51:58.005 [info] > git ls-files --stage -- /home/void/Documents/TEP-and-Integrity-Codes/Paper/TEPandIntegrity.tex [4ms]
2024-02-08 22:51:58.022 [info] > git cat-file -s b98853c1f20b993e65303fad35401259602fb533 [3ms]
