2024-01-29 10:23:17.732 [info] Log level: Info
2024-01-29 10:23:17.732 [info] Validating found git in: "git"
2024-01-29 10:23:17.732 [info] Using git "2.43.0" from "git"
2024-01-29 10:23:25.722 [info] Log level: Info
2024-01-29 10:23:25.722 [info] Validating found git in: "git"
2024-01-29 10:23:25.722 [info] Using git "2.43.0" from "git"
2024-01-29 10:23:25.722 [info] > git rev-parse --show-toplevel [38ms]
2024-01-29 10:23:26.144 [info] > git rev-parse --git-dir --git-common-dir [412ms]
2024-01-29 10:23:26.157 [info] Open repository: /home/void/Documents
2024-01-29 10:23:26.260 [info] > git rev-parse --show-toplevel [20ms]
2024-01-29 10:23:26.262 [info] > git config --get commit.template [37ms]
2024-01-29 10:23:26.311 [info] > git for-each-ref --format=%(refname)%00%(upstream:short)%00%(objectname)%00%(upstream:track)%00%(upstream:remotename)%00%(upstream:remoteref) refs/heads/main refs/remotes/main [22ms]
2024-01-29 10:23:26.312 [info] > git rev-parse --show-toplevel [37ms]
2024-01-29 10:23:26.382 [info] > git rev-parse --show-toplevel [60ms]
2024-01-29 10:23:26.405 [info] > git status -z -uall [51ms]
2024-01-29 10:23:26.455 [info] > git rev-parse --git-dir --git-common-dir [60ms]
2024-01-29 10:23:26.461 [info] Open repository: /home/void/Documents/itsec/code_stuff
2024-01-29 10:23:26.493 [info] > git config --get commit.template [39ms]
2024-01-29 10:23:26.495 [info] > git rev-parse --show-toplevel [4ms]
2024-01-29 10:23:26.495 [info] > git config --get commit.template [14ms]
2024-01-29 10:23:26.559 [info] > git rev-parse --show-toplevel [21ms]
2024-01-29 10:23:26.561 [info] > git for-each-ref --format=%(refname)%00%(upstream:short)%00%(objectname)%00%(upstream:track)%00%(upstream:remotename)%00%(upstream:remoteref) refs/heads/main refs/remotes/main [39ms]
2024-01-29 10:23:26.573 [info] > git for-each-ref --format=%(refname)%00%(upstream:short)%00%(objectname)%00%(upstream:track)%00%(upstream:remotename)%00%(upstream:remoteref) refs/heads/main refs/remotes/main [17ms]
2024-01-29 10:23:26.630 [info] > git status -z -uall [41ms]
2024-01-29 10:23:26.630 [info] > git status -z -uall [18ms]
2024-01-29 10:23:26.774 [info] > git config --get commit.template [23ms]
2024-01-29 10:23:26.797 [info] > git for-each-ref --format=%(refname)%00%(upstream:short)%00%(objectname)%00%(upstream:track)%00%(upstream:remotename)%00%(upstream:remoteref) refs/heads/main refs/remotes/main [4ms]
2024-01-29 10:23:26.828 [info] > git status -z -uall [12ms]
2024-01-29 10:23:27.044 [info] > git show --textconv :itsec/sec.md [17ms]
2024-01-29 10:23:27.048 [info] > git ls-files --stage -- /home/void/Documents/itsec/sec.md [6ms]
2024-01-29 10:23:27.088 [info] > git cat-file -s 3529b101468e594007bd68b9c526ca0086d213d5 [25ms]
2024-01-29 10:23:27.098 [info] > git check-ignore -v -z --stdin [12ms]
2024-01-29 10:23:31.598 [info] > git check-ignore -v -z --stdin [36ms]
2024-01-29 10:23:31.601 [info] > git check-ignore -v -z --stdin [7ms]
2024-01-29 10:23:36.426 [info] > git show --textconv :itsec/sec.md [31ms]
2024-01-29 10:23:36.431 [info] > git ls-files --stage -- /home/void/Documents/itsec/sec.md [8ms]
2024-01-29 10:23:36.462 [info] > git cat-file -s 3529b101468e594007bd68b9c526ca0086d213d5 [6ms]
2024-01-29 10:45:57.172 [info] > git merge-base refs/heads/main refs/remotes/origin/main [19ms]
2024-01-29 10:45:57.191 [info] > git merge-base refs/heads/main refs/remotes/origin/main [23ms]
2024-01-29 10:45:57.209 [info] > git rev-list --count --left-right refs/heads/main...refs/remotes/origin/main [21ms]
2024-01-29 10:45:57.212 [info] > git rev-list --count --left-right refs/heads/main...refs/remotes/origin/main [6ms]
2024-01-29 10:45:57.702 [info] > git check-ignore -v -z --stdin [6ms]
2024-01-29 10:46:02.992 [info] > git check-ignore -v -z --stdin [5ms]
2024-01-29 10:46:15.973 [info] > git config --get commit.template [5ms]
2024-01-29 10:46:16.010 [info] > git for-each-ref --format=%(refname)%00%(upstream:short)%00%(objectname)%00%(upstream:track)%00%(upstream:remotename)%00%(upstream:remoteref) refs/heads/main refs/remotes/main [13ms]
2024-01-29 10:46:16.072 [info] > git status -z -uall [35ms]
2024-01-29 10:46:16.084 [info] > git ls-files --stage -- /home/void/Documents/itsec/sec.md [14ms]
2024-01-29 10:46:16.124 [info] > git cat-file -s 3529b101468e594007bd68b9c526ca0086d213d5 [6ms]
2024-01-29 10:46:16.181 [info] > git show --textconv :itsec/sec.md [11ms]
2024-01-29 10:46:19.665 [info] > git ls-files --stage -- /home/void/Documents/itsec/sec.md [6ms]
2024-01-29 10:46:19.694 [info] > git cat-file -s 3529b101468e594007bd68b9c526ca0086d213d5 [5ms]
2024-01-29 10:46:19.737 [info] > git show --textconv :itsec/sec.md [8ms]
2024-01-29 10:46:21.124 [info] > git config --get commit.template [10ms]
2024-01-29 10:46:21.155 [info] > git for-each-ref --format=%(refname)%00%(upstream:short)%00%(objectname)%00%(upstream:track)%00%(upstream:remotename)%00%(upstream:remoteref) refs/heads/main refs/remotes/main [6ms]
2024-01-29 10:46:21.207 [info] > git status -z -uall [24ms]
2024-01-29 10:46:24.233 [info] > git ls-files --stage -- /home/void/Documents/itsec/sec.md [5ms]
2024-01-29 10:46:24.262 [info] > git cat-file -s 3529b101468e594007bd68b9c526ca0086d213d5 [5ms]
2024-01-29 10:46:24.298 [info] > git show --textconv :itsec/sec.md [7ms]
2024-01-29 10:46:26.262 [info] > git config --get commit.template [8ms]
2024-01-29 10:46:26.294 [info] > git for-each-ref --format=%(refname)%00%(upstream:short)%00%(objectname)%00%(upstream:track)%00%(upstream:remotename)%00%(upstream:remoteref) refs/heads/main refs/remotes/main [6ms]
2024-01-29 10:46:26.349 [info] > git status -z -uall [28ms]
2024-01-29 10:54:18.067 [info] > git config --get commit.template [30ms]
2024-01-29 10:54:18.070 [info] > git for-each-ref --format=%(refname)%00%(upstream:short)%00%(objectname)%00%(upstream:track)%00%(upstream:remotename)%00%(upstream:remoteref) refs/heads/main refs/remotes/main [6ms]
2024-01-29 10:54:18.125 [info] > git status -z -uall [25ms]
2024-01-29 10:54:23.191 [info] > git config --get commit.template [25ms]
2024-01-29 10:54:23.194 [info] > git for-each-ref --format=%(refname)%00%(upstream:short)%00%(objectname)%00%(upstream:track)%00%(upstream:remotename)%00%(upstream:remoteref) refs/heads/main refs/remotes/main [5ms]
2024-01-29 10:54:23.239 [info] > git status -z -uall [22ms]
2024-01-29 12:40:42.291 [info] > git config --get commit.template [29ms]
2024-01-29 12:40:42.294 [info] > git for-each-ref --format=%(refname)%00%(upstream:short)%00%(objectname)%00%(upstream:track)%00%(upstream:remotename)%00%(upstream:remoteref) refs/heads/main refs/remotes/main [5ms]
2024-01-29 12:40:42.357 [info] > git status -z -uall [28ms]
2024-01-29 12:41:03.426 [info] > git config --get commit.template [5ms]
2024-01-29 12:41:03.463 [info] > git for-each-ref --format=%(refname)%00%(upstream:short)%00%(objectname)%00%(upstream:track)%00%(upstream:remotename)%00%(upstream:remoteref) refs/heads/main refs/remotes/main [6ms]
2024-01-29 12:41:03.505 [info] > git status -z -uall [13ms]
2024-01-29 12:42:20.899 [info] > git config --get commit.template [14ms]
2024-01-29 12:42:20.900 [info] > git for-each-ref --format=%(refname)%00%(upstream:short)%00%(objectname)%00%(upstream:track)%00%(upstream:remotename)%00%(upstream:remoteref) refs/heads/main refs/remotes/main [3ms]
2024-01-29 12:42:20.935 [info] > git status -z -uall [17ms]
