2023-11-09 14:36:24.112 [info] Extension host with pid 20493 started
2023-11-09 14:36:24.197 [info] ExtensionService#_doActivateExtension vscode.git-base, startup: true, activationEvent: '*', root cause: vscode.git
2023-11-09 14:36:24.258 [info] ExtensionService#_doActivateExtension vscode.git, startup: true, activationEvent: '*'
2023-11-09 14:36:24.396 [info] ExtensionService#_doActivateExtension vscode.github, startup: true, activationEvent: '*'
2023-11-09 14:36:24.682 [info] Eager extensions activated
2023-11-09 14:36:24.806 [info] ExtensionService#_doActivateExtension vscode.debug-auto-launch, startup: false, activationEvent: 'onStartupFinished'
2023-11-09 14:36:24.810 [info] ExtensionService#_doActivateExtension vscode.merge-conflict, startup: false, activationEvent: 'onStartupFinished'
2023-11-09 14:36:46.464 [info] ExtensionService#_doActivateExtension vscode.emmet, startup: false, activationEvent: 'onLanguage'
2023-11-09 14:37:12.780 [info] ExtensionService#_doActivateExtension ms-python.python, startup: false, activationEvent: 'onLanguage:python'
2023-11-09 14:37:13.299 [info] ExtensionService#_doActivateExtension ms-python.vscode-pylance, startup: false, activationEvent: 'onLanguage:python'
2023-11-09 14:37:16.597 [error] Error: Extension 'ms-python.python' CANNOT use API proposal: testObserver.
Its package.json#enabledApiProposals-property declares:  but NOT testObserver.
 The missing proposal MUST be added and you must start in extension development mode or use the following command line switch: --enable-proposed-api ms-python.python
	at E (/usr/lib/code-oss/resources/app/out/vs/workbench/api/node/extensionHostProcess.js:123:71061)
	at get testResults [as testResults] (/usr/lib/code-oss/resources/app/out/vs/workbench/api/node/extensionHostProcess.js:140:23653)
	at T.activate (/home/void/.vscode-oss/extensions/ms-python.python-2023.20.0/out/client/extension.js:2:791840)
	at /home/void/.vscode-oss/extensions/ms-python.python-2023.20.0/out/client/extension.js:2:2386
	at Array.map (<anonymous>)
	at g.activateWorkspace (/home/void/.vscode-oss/extensions/ms-python.python-2023.20.0/out/client/extension.js:2:2376)
2023-11-09 14:38:14.057 [info] ExtensionService#_doActivateExtension VisualStudioExptTeam.intellicode-api-usage-examples, startup: false, activationEvent: 'onLanguage:python'
2023-11-09 14:38:14.291 [info] ExtensionService#_doActivateExtension VisualStudioExptTeam.vscodeintellicode, startup: false, activationEvent: 'onLanguage:python'
2023-11-09 15:12:28.108 [info] Extension host terminating: renderer closed the MessagePort
2023-11-09 15:12:28.127 [info] Extension host with pid 20493 exiting with code 0
