[10:13:14.688][Logger] New log placeholder %WS1% registered for /home/void/Documents/TEP-and-Integrity-Codes .
[10:13:14.688][Extension] Initializing LaTeX Workshop.
[10:13:15.117][Build][Recipe] Set $LATEXWORKSHOP_DOCKER_LATEX: ""
[10:13:15.198][Server] Creating LaTeX Workshop http and websocket server.
[10:13:15.436][Format][Bib] Bibtex format config: {"tab":"  ","case":"lowercase","left":"{","right":"}","trailingComma":false,"sort":["key"],"alignOnEqual":true,"sortFields":false,"fieldsOrder":[],"firstEntries":["string","xdata"]}
[10:13:15.524][Server] Server successfully started: {"address":"127.0.0.1","family":"IPv4","port":39133} .
[10:13:15.663][Extension] Extension root: /home/void/.vscode-oss/extensions/james-yu.latex-workshop-9.18.0
[10:13:15.664][Extension] $PATH: /home/void/.local/bin:/home/void/.opam/5.0.0/bin:/opt/texlive/2023/bin/x86_64-linux:/usr/local/sbin:/usr/local/bin:/usr/bin:/usr/sbin:/sbin:/bin
[10:13:15.665][Extension] $SHELL: /bin/fish
[10:13:15.666][Extension] $LANG: en_GB.UTF-8
[10:13:15.667][Extension] $LC_ALL: undefined
[10:13:15.668][Extension] process.platform: linux
[10:13:15.668][Extension] process.arch: x64
[10:13:15.669][Extension] vscode.env.appName: Code - OSS
[10:13:15.670][Extension] vscode.env.remoteName: undefined
[10:13:15.671][Extension] vscode.env.uiKind: 1
[10:13:15.787][Extension] Trigger characters for intellisense of LaTeX documents: ["\\",",","{"]
[10:13:15.791][Root] Current workspace folders: ["file://%WS1%"]
[10:13:15.792][Extension] LaTeX Workshop initialized.
[10:13:15.793][Root] Found root file from active editor: %WS1%/Conference-LaTeX-template_10-17-19/TEPandIntegrity.tex
[10:13:15.794][Root] Root file changed: from %WS1%/Conference-LaTeX-template_10-17-19/TEPandIntegrity.tex to %WS1%/Conference-LaTeX-template_10-17-19/TEPandIntegrity.tex, langID latex . Refresh dependencies
[10:13:15.794][Event] ROOT_FILE_CHANGED: "%WS1%/Conference-LaTeX-template_10-17-19/TEPandIntegrity.tex"
[10:13:15.795][Cacher][Watcher] Reset.
[10:13:15.796][Cacher][Watcher] Reset.
[10:13:15.796][Cacher][Watcher] Reset.
[10:13:15.804][Cacher] Adding %WS1%/Conference-LaTeX-template_10-17-19/TEPandIntegrity.tex .
[10:13:15.806][Cacher][Watcher] Watched %WS1%/Conference-LaTeX-template_10-17-19/TEPandIntegrity.tex with a new watcher on %WS1%/Conference-LaTeX-template_10-17-19 .
[10:13:15.807][Event] FILE_WATCHED: "%WS1%/Conference-LaTeX-template_10-17-19/TEPandIntegrity.tex"
[10:13:15.810][Cacher] Caching %WS1%/Conference-LaTeX-template_10-17-19/TEPandIntegrity.tex .
[10:13:15.812][Cacher] Updated inputs of %WS1%/Conference-LaTeX-template_10-17-19/TEPandIntegrity.tex .
[10:13:15.812][Cacher] Parse LaTeX AST: %WS1%/Conference-LaTeX-template_10-17-19/TEPandIntegrity.tex .
[10:13:15.813][Event] ROOT_FILE_SEARCHED
[10:13:15.821][Server] valdOrigin is http://127.0.0.1:39133
[10:13:17.044][Cacher] Parsed LaTeX AST: %WS1%/Conference-LaTeX-template_10-17-19/TEPandIntegrity.tex .
[10:13:17.048][File] Calling kpsewhich to resolve IEEEtran.cls .
[10:13:17.299][Cacher] Updated elements in 253.35 ms: %WS1%/Conference-LaTeX-template_10-17-19/TEPandIntegrity.tex .
[10:13:17.300][Event] FILE_PARSED: "%WS1%/Conference-LaTeX-template_10-17-19/TEPandIntegrity.tex"
[10:13:17.304][Cacher] Parsing .fls %WS1%/Conference-LaTeX-template_10-17-19/TEPandIntegrity.fls .
[10:13:17.308][Cacher] Adding %WS1%/Conference-LaTeX-template_10-17-19/IEEEtran.cls .
[10:13:17.308][Cacher][Watcher] Watched %WS1%/Conference-LaTeX-template_10-17-19/IEEEtran.cls .
[10:13:17.309][Event] FILE_WATCHED: "%WS1%/Conference-LaTeX-template_10-17-19/IEEEtran.cls"
[10:13:17.328][Cacher] Found .aux %WS1%/Conference-LaTeX-template_10-17-19/TEPandIntegrity.tex from .fls %WS1%/Conference-LaTeX-template_10-17-19/TEPandIntegrity.fls , parsing.
[10:13:17.329][Cacher] Parsed .aux %WS1%/Conference-LaTeX-template_10-17-19/TEPandIntegrity.tex .
[10:13:17.330][Cacher] Parsed .fls %WS1%/Conference-LaTeX-template_10-17-19/TEPandIntegrity.fls .
[10:13:17.334][Structure] Structure force updated with 0 root sections for %WS1%/Conference-LaTeX-template_10-17-19/TEPandIntegrity.tex .
[10:13:17.335][Event] STRUCTURE_UPDATED
[11:48:18.597][Extension] onDidSaveTextDocument triggered: file://%WS1%/Conference-LaTeX-template_10-17-19/TEPandIntegrity.tex
[11:48:18.664][Cacher][Watcher] "change" emitted on %WS1%/Conference-LaTeX-template_10-17-19/TEPandIntegrity.tex.
[11:48:18.680][Cacher] Caching %WS1%/Conference-LaTeX-template_10-17-19/TEPandIntegrity.tex .
[11:48:18.688][Cacher] Updated inputs of %WS1%/Conference-LaTeX-template_10-17-19/TEPandIntegrity.tex .
[11:48:18.690][Cacher] Parse LaTeX AST: %WS1%/Conference-LaTeX-template_10-17-19/TEPandIntegrity.tex .
[11:48:18.692][Build] Auto build starteddetecting the change of a file: %WS1%/Conference-LaTeX-template_10-17-19/TEPandIntegrity.tex .
[11:48:18.693][Event] AUTO_BUILD_INITIATED: {"type":"onFileChange","file":"%WS1%/Conference-LaTeX-template_10-17-19/TEPandIntegrity.tex"}
[11:48:18.696][Build] The document of the active editor: file://%WS1%/Conference-LaTeX-template_10-17-19/TEPandIntegrity.tex
[11:48:18.697][Build] The languageId of the document: latex
[11:48:18.699][Build] Building root file: %WS1%/Conference-LaTeX-template_10-17-19/TEPandIntegrity.tex
[11:48:18.701][Build][Recipe] Build root file %WS1%/Conference-LaTeX-template_10-17-19/TEPandIntegrity.tex
[11:48:18.703][Event] FILE_CHANGED: "%WS1%/Conference-LaTeX-template_10-17-19/TEPandIntegrity.tex"
[11:48:18.716][Build][Recipe] Preparing to run recipe: latexmk.
[11:48:18.718][Build][Recipe] Prepared 1 tools.
[11:48:18.772][Build][Recipe] outDir: %WS1%/Conference-LaTeX-template_10-17-19 .
[11:48:18.781][Build] Recipe step 1 The command is latexmk:["-synctex=1","-interaction=nonstopmode","-file-line-error","-pdf","-outdir=%WS1%/Conference-LaTeX-template_10-17-19","%WS1%/Conference-LaTeX-template_10-17-19/TEPandIntegrity"].
[11:48:18.782][Build] env: {}
[11:48:18.783][Build] root: %WS1%/Conference-LaTeX-template_10-17-19/TEPandIntegrity.tex
[11:48:18.784][Build] cwd: %WS1%/Conference-LaTeX-template_10-17-19
[11:48:18.819][Build] LaTeX build process spawned with PID 30228.
[11:48:19.185][Cacher] Parsed LaTeX AST: %WS1%/Conference-LaTeX-template_10-17-19/TEPandIntegrity.tex .
[11:48:19.232][File] Calling kpsewhich to resolve IEEEtran.cls .
[11:48:19.486][Cacher] Updated elements in 299.52 ms: %WS1%/Conference-LaTeX-template_10-17-19/TEPandIntegrity.tex .
[11:48:19.488][Event] FILE_PARSED: "%WS1%/Conference-LaTeX-template_10-17-19/TEPandIntegrity.tex"
[11:48:19.489][Structure] Structure force updated with 13 root sections for %WS1%/Conference-LaTeX-template_10-17-19/TEPandIntegrity.tex .
[11:48:19.490][Event] STRUCTURE_UPDATED
[11:48:20.023][Parser][TexLog] Logged 11 messages.
[11:48:20.025][Build] Finished a step in recipe with PID 30228.
[11:48:20.026][Build] Successfully built %WS1%/Conference-LaTeX-template_10-17-19/TEPandIntegrity.tex .
[11:48:20.026][Event] BUILD_DONE
[11:48:20.027][Viewer] Call refreshExistingViewer: "%WS1%/Conference-LaTeX-template_10-17-19/TEPandIntegrity.pdf" .
[11:48:20.028][Viewer] Not found PDF viewers to refresh: %WS1%/Conference-LaTeX-template_10-17-19/TEPandIntegrity.pdf
[11:48:20.030][Cacher] Parsing .fls %WS1%/Conference-LaTeX-template_10-17-19/TEPandIntegrity.fls .
[11:48:20.049][Cacher] Found .aux %WS1%/Conference-LaTeX-template_10-17-19/TEPandIntegrity.tex from .fls %WS1%/Conference-LaTeX-template_10-17-19/TEPandIntegrity.fls , parsing.
[11:48:20.050][Cacher] Parsed .aux %WS1%/Conference-LaTeX-template_10-17-19/TEPandIntegrity.tex .
[11:48:20.050][Cacher] Parsed .fls %WS1%/Conference-LaTeX-template_10-17-19/TEPandIntegrity.fls .
[11:48:20.686][Viewer][Panel] Internal PDF viewer at http://127.0.0.1:39133/viewer.html?file=pdf..ZmlsZSUzQSUyRiUyRiUyRmhvbWUlMkZ2b2lkJTJGRG9jdW1lbnRzJTJGVEVQLWFuZC1JbnRlZ3JpdHktQ29kZXMlMkZDb25mZXJlbmNlLUxhVGVYLXRlbXBsYXRlXzEwLTE3LTE5JTJGVEVQYW5kSW50ZWdyaXR5LnBkZg .
[11:48:20.690][Cacher][Watcher] Watched %WS1%/Conference-LaTeX-template_10-17-19/TEPandIntegrity.pdf with a new watcher on %WS1%/Conference-LaTeX-template_10-17-19 .
[11:48:20.691][Event] FILE_WATCHED: "%WS1%/Conference-LaTeX-template_10-17-19/TEPandIntegrity.pdf"
[11:48:21.016][Viewer] Handle data type: open
[11:48:21.168][Server] Preview PDF file: file://%WS1%/Conference-LaTeX-template_10-17-19/TEPandIntegrity.pdf
[11:48:21.595][Viewer] Handle data type: loaded
[11:48:21.596][Event] VIEWER_PAGE_LOADED
[11:48:27.064][Event] STRUCTURE_UPDATED
[11:48:30.214][Preview][Math][Cursor] Parse LaTeX AST from $M = N + \lceil logN \rceil$ .
[11:48:30.766][Preview][Math][Cursor] Use previous AST of $M = N + \lceil logN \rceil$ .
[12:28:15.133][Event] STRUCTURE_UPDATED
[12:28:16.919][Extension] onDidSaveTextDocument triggered: file://%WS1%/Conference-LaTeX-template_10-17-19/TEPandIntegrity.tex
[12:28:16.977][Cacher][Watcher] "change" emitted on %WS1%/Conference-LaTeX-template_10-17-19/TEPandIntegrity.tex.
[12:28:16.987][Cacher] Caching %WS1%/Conference-LaTeX-template_10-17-19/TEPandIntegrity.tex .
[12:28:16.990][Cacher] Updated inputs of %WS1%/Conference-LaTeX-template_10-17-19/TEPandIntegrity.tex .
[12:28:16.991][Cacher] Parse LaTeX AST: %WS1%/Conference-LaTeX-template_10-17-19/TEPandIntegrity.tex .
[12:28:16.993][Build] Auto build starteddetecting the change of a file: %WS1%/Conference-LaTeX-template_10-17-19/TEPandIntegrity.tex .
[12:28:16.994][Event] AUTO_BUILD_INITIATED: {"type":"onFileChange","file":"%WS1%/Conference-LaTeX-template_10-17-19/TEPandIntegrity.tex"}
[12:28:16.994][Build] The document of the active editor: file://%WS1%/Conference-LaTeX-template_10-17-19/TEPandIntegrity.tex
[12:28:16.995][Build] The languageId of the document: latex
[12:28:16.996][Build] Building root file: %WS1%/Conference-LaTeX-template_10-17-19/TEPandIntegrity.tex
[12:28:16.996][Build][Recipe] Build root file %WS1%/Conference-LaTeX-template_10-17-19/TEPandIntegrity.tex
[12:28:16.997][Event] FILE_CHANGED: "%WS1%/Conference-LaTeX-template_10-17-19/TEPandIntegrity.tex"
[12:28:17.001][Build][Recipe] Preparing to run recipe: latexmk.
[12:28:17.002][Build][Recipe] Prepared 1 tools.
[12:28:17.005][Build][Recipe] outDir: %WS1%/Conference-LaTeX-template_10-17-19 .
[12:28:17.007][Build] Recipe step 1 The command is latexmk:["-synctex=1","-interaction=nonstopmode","-file-line-error","-pdf","-outdir=%WS1%/Conference-LaTeX-template_10-17-19","%WS1%/Conference-LaTeX-template_10-17-19/TEPandIntegrity"].
[12:28:17.007][Build] env: {}
[12:28:17.007][Build] root: %WS1%/Conference-LaTeX-template_10-17-19/TEPandIntegrity.tex
[12:28:17.008][Build] cwd: %WS1%/Conference-LaTeX-template_10-17-19
[12:28:17.020][Build] LaTeX build process spawned with PID 21269.
[12:28:17.330][Cacher] Parsed LaTeX AST: %WS1%/Conference-LaTeX-template_10-17-19/TEPandIntegrity.tex .
[12:28:17.331][File] Calling kpsewhich to resolve IEEEtran.cls .
[12:28:17.620][Cacher] Updated elements in 289.08 ms: %WS1%/Conference-LaTeX-template_10-17-19/TEPandIntegrity.tex .
[12:28:17.621][Event] FILE_PARSED: "%WS1%/Conference-LaTeX-template_10-17-19/TEPandIntegrity.tex"
[12:28:17.622][Structure] Structure force updated with 13 root sections for %WS1%/Conference-LaTeX-template_10-17-19/TEPandIntegrity.tex .
[12:28:17.622][Event] STRUCTURE_UPDATED
[12:28:18.142][Parser][TexLog] Logged 10 messages.
[12:28:18.143][Build] Finished a step in recipe with PID 21269.
[12:28:18.144][Build] Successfully built %WS1%/Conference-LaTeX-template_10-17-19/TEPandIntegrity.tex .
[12:28:18.144][Event] BUILD_DONE
[12:28:18.145][Viewer] Call refreshExistingViewer: "%WS1%/Conference-LaTeX-template_10-17-19/TEPandIntegrity.pdf" .
[12:28:18.145][Viewer] Refresh PDF viewer: %WS1%/Conference-LaTeX-template_10-17-19/TEPandIntegrity.pdf
[12:28:18.147][Cacher] Parsing .fls %WS1%/Conference-LaTeX-template_10-17-19/TEPandIntegrity.fls .
[12:28:18.164][Cacher] Found .aux %WS1%/Conference-LaTeX-template_10-17-19/TEPandIntegrity.tex from .fls %WS1%/Conference-LaTeX-template_10-17-19/TEPandIntegrity.fls , parsing.
[12:28:18.165][Cacher] Parsed .aux %WS1%/Conference-LaTeX-template_10-17-19/TEPandIntegrity.tex .
[12:28:18.165][Cacher] Parsed .fls %WS1%/Conference-LaTeX-template_10-17-19/TEPandIntegrity.fls .
[12:28:18.174][Server] Preview PDF file: file://%WS1%/Conference-LaTeX-template_10-17-19/TEPandIntegrity.pdf
[12:28:18.386][Cacher][Watcher] "change" emitted on %WS1%/Conference-LaTeX-template_10-17-19/TEPandIntegrity.pdf after polling for 251 ms.
[12:28:18.387][Viewer] Call refreshExistingViewer: "%WS1%/Conference-LaTeX-template_10-17-19/TEPandIntegrity.pdf" .
[12:28:18.387][Viewer] Refresh PDF viewer: %WS1%/Conference-LaTeX-template_10-17-19/TEPandIntegrity.pdf
[12:28:18.388][Event] FILE_CHANGED: "%WS1%/Conference-LaTeX-template_10-17-19/TEPandIntegrity.pdf"
[12:28:18.417][Server] Preview PDF file: file://%WS1%/Conference-LaTeX-template_10-17-19/TEPandIntegrity.pdf
[12:28:19.237][Viewer] Handle data type: loaded
[12:28:19.238][Event] VIEWER_PAGE_LOADED
[12:28:19.239][Viewer] Handle data type: loaded
[12:28:19.240][Event] VIEWER_PAGE_LOADED
[12:29:42.752][Event] STRUCTURE_UPDATED
[12:45:51.822][Extension] onDidSaveTextDocument triggered: file://%WS1%/Conference-LaTeX-template_10-17-19/TEPandIntegrity.tex
[12:45:51.877][Cacher][Watcher] "change" emitted on %WS1%/Conference-LaTeX-template_10-17-19/TEPandIntegrity.tex.
[12:45:51.880][Cacher] Caching %WS1%/Conference-LaTeX-template_10-17-19/TEPandIntegrity.tex .
[12:45:51.883][Cacher] Updated inputs of %WS1%/Conference-LaTeX-template_10-17-19/TEPandIntegrity.tex .
[12:45:51.884][Cacher] Parse LaTeX AST: %WS1%/Conference-LaTeX-template_10-17-19/TEPandIntegrity.tex .
[12:45:51.885][Build] Auto build starteddetecting the change of a file: %WS1%/Conference-LaTeX-template_10-17-19/TEPandIntegrity.tex .
[12:45:51.885][Event] AUTO_BUILD_INITIATED: {"type":"onFileChange","file":"%WS1%/Conference-LaTeX-template_10-17-19/TEPandIntegrity.tex"}
[12:45:51.886][Build] The document of the active editor: file://%WS1%/Conference-LaTeX-template_10-17-19/TEPandIntegrity.tex
[12:45:51.887][Build] The languageId of the document: latex
[12:45:51.888][Build] Building root file: %WS1%/Conference-LaTeX-template_10-17-19/TEPandIntegrity.tex
[12:45:51.889][Build][Recipe] Build root file %WS1%/Conference-LaTeX-template_10-17-19/TEPandIntegrity.tex
[12:45:51.890][Event] FILE_CHANGED: "%WS1%/Conference-LaTeX-template_10-17-19/TEPandIntegrity.tex"
[12:45:51.895][Build][Recipe] Preparing to run recipe: latexmk.
[12:45:51.896][Build][Recipe] Prepared 1 tools.
[12:45:51.900][Build][Recipe] outDir: %WS1%/Conference-LaTeX-template_10-17-19 .
[12:45:51.902][Build] Recipe step 1 The command is latexmk:["-synctex=1","-interaction=nonstopmode","-file-line-error","-pdf","-outdir=%WS1%/Conference-LaTeX-template_10-17-19","%WS1%/Conference-LaTeX-template_10-17-19/TEPandIntegrity"].
[12:45:51.903][Build] env: {}
[12:45:51.904][Build] root: %WS1%/Conference-LaTeX-template_10-17-19/TEPandIntegrity.tex
[12:45:51.906][Build] cwd: %WS1%/Conference-LaTeX-template_10-17-19
[12:45:51.929][Build] LaTeX build process spawned with PID 30987.
[12:45:52.357][Cacher] Parsed LaTeX AST: %WS1%/Conference-LaTeX-template_10-17-19/TEPandIntegrity.tex .
[12:45:52.359][File] Calling kpsewhich to resolve IEEEtran.cls .
[12:45:52.576][Cacher] Updated elements in 218.00 ms: %WS1%/Conference-LaTeX-template_10-17-19/TEPandIntegrity.tex .
[12:45:52.577][Event] FILE_PARSED: "%WS1%/Conference-LaTeX-template_10-17-19/TEPandIntegrity.tex"
[12:45:52.579][Structure] Structure force updated with 13 root sections for %WS1%/Conference-LaTeX-template_10-17-19/TEPandIntegrity.tex .
[12:45:52.580][Event] STRUCTURE_UPDATED
[12:45:53.043][Parser][TexLog] Logged 10 messages.
[12:45:53.045][Build] Finished a step in recipe with PID 30987.
[12:45:53.045][Build] Successfully built %WS1%/Conference-LaTeX-template_10-17-19/TEPandIntegrity.tex .
[12:45:53.046][Event] BUILD_DONE
[12:45:53.046][Viewer] Call refreshExistingViewer: "%WS1%/Conference-LaTeX-template_10-17-19/TEPandIntegrity.pdf" .
[12:45:53.047][Viewer] Refresh PDF viewer: %WS1%/Conference-LaTeX-template_10-17-19/TEPandIntegrity.pdf
[12:45:53.048][Cacher] Parsing .fls %WS1%/Conference-LaTeX-template_10-17-19/TEPandIntegrity.fls .
[12:45:53.062][Cacher] Found .aux %WS1%/Conference-LaTeX-template_10-17-19/TEPandIntegrity.tex from .fls %WS1%/Conference-LaTeX-template_10-17-19/TEPandIntegrity.fls , parsing.
[12:45:53.063][Cacher] Parsed .aux %WS1%/Conference-LaTeX-template_10-17-19/TEPandIntegrity.tex .
[12:45:53.063][Cacher] Parsed .fls %WS1%/Conference-LaTeX-template_10-17-19/TEPandIntegrity.fls .
[12:45:53.069][Server] Preview PDF file: file://%WS1%/Conference-LaTeX-template_10-17-19/TEPandIntegrity.pdf
[12:45:53.287][Cacher][Watcher] "change" emitted on %WS1%/Conference-LaTeX-template_10-17-19/TEPandIntegrity.pdf after polling for 250 ms.
[12:45:53.288][Viewer] Call refreshExistingViewer: "%WS1%/Conference-LaTeX-template_10-17-19/TEPandIntegrity.pdf" .
[12:45:53.288][Viewer] Refresh PDF viewer: %WS1%/Conference-LaTeX-template_10-17-19/TEPandIntegrity.pdf
[12:45:53.289][Event] FILE_CHANGED: "%WS1%/Conference-LaTeX-template_10-17-19/TEPandIntegrity.pdf"
[12:45:53.317][Server] Preview PDF file: file://%WS1%/Conference-LaTeX-template_10-17-19/TEPandIntegrity.pdf
[12:45:53.609][Viewer] Handle data type: loaded
[12:45:53.610][Event] VIEWER_PAGE_LOADED
[12:45:53.613][Viewer] Handle data type: loaded
[12:45:53.614][Event] VIEWER_PAGE_LOADED
[15:10:32.295][Event] STRUCTURE_UPDATED
[15:10:40.014][Event] STRUCTURE_UPDATED
[15:10:43.453][Event] STRUCTURE_UPDATED
[15:11:23.728][Event] STRUCTURE_UPDATED
[15:53:01.494][Event] STRUCTURE_UPDATED
[15:55:00.249][Event] STRUCTURE_UPDATED
[17:17:31.175][Event] STRUCTURE_UPDATED
[10:14:06.794][Event] STRUCTURE_UPDATED
[12:41:17.605][Root] Current workspace folders: ["file://%WS1%"]
[12:41:17.620][Root] Found root file from active editor: %WS1%/beamer-tum/template-pdflatex.tex
[12:41:17.638][Root] Root file changed: from %WS1%/beamer-tum/template-pdflatex.tex to %WS1%/beamer-tum/template-pdflatex.tex, langID latex . Refresh dependencies
[12:41:17.639][Event] ROOT_FILE_CHANGED: "%WS1%/beamer-tum/template-pdflatex.tex"
[12:41:17.640][Cacher][Watcher] Reset.
[12:41:17.640][Cacher][Watcher] Reset.
[12:41:17.640][Cacher][Watcher] Reset.
[12:41:17.643][Cacher] Adding %WS1%/beamer-tum/template-pdflatex.tex .
[12:41:17.644][Cacher][Watcher] Watched %WS1%/beamer-tum/template-pdflatex.tex with a new watcher on %WS1%/beamer-tum .
[12:41:17.644][Event] FILE_WATCHED: "%WS1%/beamer-tum/template-pdflatex.tex"
[12:41:17.646][Cacher] Caching %WS1%/beamer-tum/template-pdflatex.tex .
[12:41:17.647][Cacher] Updated inputs of %WS1%/beamer-tum/template-pdflatex.tex .
[12:41:17.648][Cacher] Parse LaTeX AST: %WS1%/beamer-tum/template-pdflatex.tex .
[12:41:17.648][Event] ROOT_FILE_SEARCHED
[12:41:17.649][Event] STRUCTURE_UPDATED
[12:41:17.749][Cacher] Parsed LaTeX AST: %WS1%/beamer-tum/template-pdflatex.tex .
[12:41:17.750][File] Calling kpsewhich to resolve beamer.cls .
[12:41:18.030][Cacher] Updated elements in 280.85 ms: %WS1%/beamer-tum/template-pdflatex.tex .
[12:41:18.033][Event] FILE_PARSED: "%WS1%/beamer-tum/template-pdflatex.tex"
[12:41:18.040][Structure] Structure force updated with 13 root sections for %WS1%/beamer-tum/template-pdflatex.tex .
[12:41:18.042][Event] STRUCTURE_UPDATED
[12:41:20.414][Commander] BUILD command invoked.
[12:41:20.415][Build] The document of the active editor: file://%WS1%/beamer-tum/template-pdflatex.tex
[12:41:20.417][Build] The languageId of the document: latex
[12:41:20.418][Root] Current workspace folders: ["file://%WS1%"]
[12:41:20.420][Root] Found root file from active editor: %WS1%/beamer-tum/template-pdflatex.tex
[12:41:20.421][Root] Keep using the same root file: %WS1%/beamer-tum/template-pdflatex.tex
[12:41:20.423][Event] ROOT_FILE_SEARCHED
[12:41:20.424][Event] STRUCTURE_UPDATED
[12:41:20.425][Build] Building root file: %WS1%/beamer-tum/template-pdflatex.tex
[12:41:20.426][Build][Recipe] Build root file %WS1%/beamer-tum/template-pdflatex.tex
[12:41:20.471][Extension] onDidSaveTextDocument triggered: file://%WS1%/Conference-LaTeX-template_10-17-19/TEPandIntegrity.tex
[12:41:20.508][Build][Recipe] Preparing to run recipe: latexmk.
[12:41:20.510][Build][Recipe] Prepared 1 tools.
[12:41:20.514][Build][Recipe] outDir: %WS1%/beamer-tum .
[12:41:20.517][Build] Recipe step 1 The command is latexmk:["-synctex=1","-interaction=nonstopmode","-file-line-error","-pdf","-outdir=%WS1%/beamer-tum","%WS1%/beamer-tum/template-pdflatex"].
[12:41:20.518][Build] env: {}
[12:41:20.519][Build] root: %WS1%/beamer-tum/template-pdflatex.tex
[12:41:20.521][Build] cwd: %WS1%/beamer-tum
[12:41:20.546][Build] LaTeX build process spawned with PID 9796.
[12:41:24.502][Parser][TexLog] Logged 0 messages.
[12:41:24.503][Build] Finished a step in recipe with PID 9796.
[12:41:24.503][Build] Successfully built %WS1%/beamer-tum/template-pdflatex.tex .
[12:41:24.503][Event] BUILD_DONE
[12:41:24.504][Viewer] Call refreshExistingViewer: "%WS1%/beamer-tum/template-pdflatex.pdf" .
[12:41:24.504][Viewer] Not found PDF viewers to refresh: %WS1%/beamer-tum/template-pdflatex.pdf
[12:41:24.505][Cacher] Parsing .fls %WS1%/beamer-tum/template-pdflatex.fls .
[12:41:24.552][Cacher] Found .aux %WS1%/beamer-tum/template-pdflatex.tex from .fls %WS1%/beamer-tum/template-pdflatex.fls , parsing.
[12:41:24.552][Cacher] Parsed .aux %WS1%/beamer-tum/template-pdflatex.tex .
[12:41:24.553][Cacher] Parsed .fls %WS1%/beamer-tum/template-pdflatex.fls .
[12:41:26.311][Viewer][Panel] Internal PDF viewer at http://127.0.0.1:39133/viewer.html?file=pdf..ZmlsZSUzQSUyRiUyRiUyRmhvbWUlMkZ2b2lkJTJGRG9jdW1lbnRzJTJGVEVQLWFuZC1JbnRlZ3JpdHktQ29kZXMlMkZiZWFtZXItdHVtJTJGdGVtcGxhdGUtcGRmbGF0ZXgucGRm .
[12:41:26.313][Cacher][Watcher] Watched %WS1%/beamer-tum/template-pdflatex.pdf with a new watcher on %WS1%/beamer-tum .
[12:41:26.314][Event] FILE_WATCHED: "%WS1%/beamer-tum/template-pdflatex.pdf"
[12:41:26.608][Viewer] Handle data type: open
[12:41:26.759][Server] Preview PDF file: file://%WS1%/beamer-tum/template-pdflatex.pdf
[12:41:26.943][Viewer] Handle data type: loaded
[12:41:26.944][Event] VIEWER_PAGE_LOADED
[12:41:37.944][Event] STRUCTURE_UPDATED
[12:41:48.403][Root] Current workspace folders: ["file://%WS1%"]
[12:41:48.435][Root] Found root file from active editor: %WS1%/Conference-LaTeX-template_10-17-19/TEPandIntegrity.tex
[12:41:48.438][Root] Root file changed: from %WS1%/Conference-LaTeX-template_10-17-19/TEPandIntegrity.tex to %WS1%/Conference-LaTeX-template_10-17-19/TEPandIntegrity.tex, langID latex . Refresh dependencies
[12:41:48.439][Event] ROOT_FILE_CHANGED: "%WS1%/Conference-LaTeX-template_10-17-19/TEPandIntegrity.tex"
[12:41:48.441][Cacher][Watcher] Reset.
[12:41:48.442][Cacher][Watcher] Reset.
[12:41:48.443][Cacher][Watcher] Reset.
[12:41:48.447][Cacher] Adding %WS1%/Conference-LaTeX-template_10-17-19/TEPandIntegrity.tex .
[12:41:48.448][Cacher][Watcher] Watched %WS1%/Conference-LaTeX-template_10-17-19/TEPandIntegrity.tex with a new watcher on %WS1%/Conference-LaTeX-template_10-17-19 .
[12:41:48.449][Event] FILE_WATCHED: "%WS1%/Conference-LaTeX-template_10-17-19/TEPandIntegrity.tex"
[12:41:48.452][Cacher] Caching %WS1%/Conference-LaTeX-template_10-17-19/TEPandIntegrity.tex .
[12:41:48.455][Cacher] Updated inputs of %WS1%/Conference-LaTeX-template_10-17-19/TEPandIntegrity.tex .
[12:41:48.456][Cacher] Parse LaTeX AST: %WS1%/Conference-LaTeX-template_10-17-19/TEPandIntegrity.tex .
[12:41:48.457][Event] ROOT_FILE_SEARCHED
[12:41:48.462][Event] STRUCTURE_UPDATED
[12:41:48.928][Cacher] Parsed LaTeX AST: %WS1%/Conference-LaTeX-template_10-17-19/TEPandIntegrity.tex .
[12:41:48.929][File] Calling kpsewhich to resolve IEEEtran.cls .
[12:41:49.231][Cacher] Updated elements in 302.90 ms: %WS1%/Conference-LaTeX-template_10-17-19/TEPandIntegrity.tex .
[12:41:49.232][Event] FILE_PARSED: "%WS1%/Conference-LaTeX-template_10-17-19/TEPandIntegrity.tex"
[12:41:49.233][Cacher] Parsing .fls %WS1%/Conference-LaTeX-template_10-17-19/TEPandIntegrity.fls .
[12:41:49.236][Cacher] Adding %WS1%/Conference-LaTeX-template_10-17-19/IEEEtran.cls .
[12:41:49.236][Cacher][Watcher] Watched %WS1%/Conference-LaTeX-template_10-17-19/IEEEtran.cls .
[12:41:49.237][Event] FILE_WATCHED: "%WS1%/Conference-LaTeX-template_10-17-19/IEEEtran.cls"
[12:41:49.246][Cacher] Found .aux %WS1%/Conference-LaTeX-template_10-17-19/TEPandIntegrity.tex from .fls %WS1%/Conference-LaTeX-template_10-17-19/TEPandIntegrity.fls , parsing.
[12:41:49.246][Cacher] Parsed .aux %WS1%/Conference-LaTeX-template_10-17-19/TEPandIntegrity.tex .
[12:41:49.246][Cacher] Parsed .fls %WS1%/Conference-LaTeX-template_10-17-19/TEPandIntegrity.fls .
[12:41:49.248][Structure] Structure force updated with 2 root sections for %WS1%/Conference-LaTeX-template_10-17-19/TEPandIntegrity.tex .
[12:41:49.249][Event] STRUCTURE_UPDATED
[12:41:50.400][Root] Current workspace folders: ["file://%WS1%"]
[12:41:50.435][Root] Found root file from active editor: %WS1%/beamer-tum/template-pdflatex.tex
[12:41:50.438][Root] Root file changed: from %WS1%/beamer-tum/template-pdflatex.tex to %WS1%/beamer-tum/template-pdflatex.tex, langID latex . Refresh dependencies
[12:41:50.439][Event] ROOT_FILE_CHANGED: "%WS1%/beamer-tum/template-pdflatex.tex"
[12:41:50.442][Cacher][Watcher] Reset.
[12:41:50.444][Cacher][Watcher] Reset.
[12:41:50.444][Cacher][Watcher] Reset.
[12:41:50.446][Cacher] Adding %WS1%/beamer-tum/template-pdflatex.tex .
[12:41:50.447][Cacher][Watcher] Watched %WS1%/beamer-tum/template-pdflatex.tex with a new watcher on %WS1%/beamer-tum .
[12:41:50.448][Event] FILE_WATCHED: "%WS1%/beamer-tum/template-pdflatex.tex"
[12:41:50.451][Cacher] Caching %WS1%/beamer-tum/template-pdflatex.tex .
[12:41:50.452][Cacher] Updated inputs of %WS1%/beamer-tum/template-pdflatex.tex .
[12:41:50.453][Cacher] Parse LaTeX AST: %WS1%/beamer-tum/template-pdflatex.tex .
[12:41:50.454][Event] ROOT_FILE_SEARCHED
[12:41:50.456][Event] STRUCTURE_UPDATED
[12:41:50.498][Cacher] Parsed LaTeX AST: %WS1%/beamer-tum/template-pdflatex.tex .
[12:41:50.499][File] Calling kpsewhich to resolve beamer.cls .
[12:41:50.754][Cacher] Updated elements in 254.83 ms: %WS1%/beamer-tum/template-pdflatex.tex .
[12:41:50.755][Event] FILE_PARSED: "%WS1%/beamer-tum/template-pdflatex.tex"
[12:41:50.756][Cacher] Parsing .fls %WS1%/beamer-tum/template-pdflatex.fls .
[12:41:50.784][Cacher] Found .aux %WS1%/beamer-tum/template-pdflatex.tex from .fls %WS1%/beamer-tum/template-pdflatex.fls , parsing.
[12:41:50.784][Cacher] Parsed .aux %WS1%/beamer-tum/template-pdflatex.tex .
[12:41:50.785][Cacher] Parsed .fls %WS1%/beamer-tum/template-pdflatex.fls .
[12:41:50.785][Structure] Structure force updated with 13 root sections for %WS1%/beamer-tum/template-pdflatex.tex .
[12:41:50.786][Event] STRUCTURE_UPDATED
[12:44:15.614][Root] Current workspace folders: ["file://%WS1%"]
[12:44:15.646][Root] Found root file from active editor: %WS1%/Conference-LaTeX-template_10-17-19/TEPandIntegrity.tex
[12:44:15.649][Root] Root file changed: from %WS1%/Conference-LaTeX-template_10-17-19/TEPandIntegrity.tex to %WS1%/Conference-LaTeX-template_10-17-19/TEPandIntegrity.tex, langID latex . Refresh dependencies
[12:44:15.649][Event] ROOT_FILE_CHANGED: "%WS1%/Conference-LaTeX-template_10-17-19/TEPandIntegrity.tex"
[12:44:15.651][Cacher][Watcher] Reset.
[12:44:15.651][Cacher][Watcher] Reset.
[12:44:15.652][Cacher][Watcher] Reset.
[12:44:15.654][Cacher] Adding %WS1%/Conference-LaTeX-template_10-17-19/TEPandIntegrity.tex .
[12:44:15.655][Cacher][Watcher] Watched %WS1%/Conference-LaTeX-template_10-17-19/TEPandIntegrity.tex with a new watcher on %WS1%/Conference-LaTeX-template_10-17-19 .
[12:44:15.655][Event] FILE_WATCHED: "%WS1%/Conference-LaTeX-template_10-17-19/TEPandIntegrity.tex"
[12:44:15.656][Cacher] Caching %WS1%/Conference-LaTeX-template_10-17-19/TEPandIntegrity.tex .
[12:44:15.658][Cacher] Updated inputs of %WS1%/Conference-LaTeX-template_10-17-19/TEPandIntegrity.tex .
[12:44:15.658][Cacher] Parse LaTeX AST: %WS1%/Conference-LaTeX-template_10-17-19/TEPandIntegrity.tex .
[12:44:15.659][Event] ROOT_FILE_SEARCHED
[12:44:15.662][Event] STRUCTURE_UPDATED
[12:44:16.030][Cacher] Parsed LaTeX AST: %WS1%/Conference-LaTeX-template_10-17-19/TEPandIntegrity.tex .
[12:44:16.033][File] Calling kpsewhich to resolve IEEEtran.cls .
[12:44:16.258][Cacher] Updated elements in 227.18 ms: %WS1%/Conference-LaTeX-template_10-17-19/TEPandIntegrity.tex .
[12:44:16.259][Event] FILE_PARSED: "%WS1%/Conference-LaTeX-template_10-17-19/TEPandIntegrity.tex"
[12:44:16.260][Cacher] Parsing .fls %WS1%/Conference-LaTeX-template_10-17-19/TEPandIntegrity.fls .
[12:44:16.264][Cacher] Adding %WS1%/Conference-LaTeX-template_10-17-19/IEEEtran.cls .
[12:44:16.264][Cacher][Watcher] Watched %WS1%/Conference-LaTeX-template_10-17-19/IEEEtran.cls .
[12:44:16.265][Event] FILE_WATCHED: "%WS1%/Conference-LaTeX-template_10-17-19/IEEEtran.cls"
[12:44:16.275][Cacher] Found .aux %WS1%/Conference-LaTeX-template_10-17-19/TEPandIntegrity.tex from .fls %WS1%/Conference-LaTeX-template_10-17-19/TEPandIntegrity.fls , parsing.
[12:44:16.275][Cacher] Parsed .aux %WS1%/Conference-LaTeX-template_10-17-19/TEPandIntegrity.tex .
[12:44:16.276][Cacher] Parsed .fls %WS1%/Conference-LaTeX-template_10-17-19/TEPandIntegrity.fls .
[12:44:16.278][Structure] Structure force updated with 2 root sections for %WS1%/Conference-LaTeX-template_10-17-19/TEPandIntegrity.tex .
[12:44:16.278][Event] STRUCTURE_UPDATED
[14:42:21.668][Event] STRUCTURE_UPDATED
