ReadyRc files read:
  NONE
Latexmk: This is Latexmk, John Collins, 6 Nov. 2023. Version 4.81.
Latexmk: applying rule 'pdflatex'...
Rule 'pdflatex':  Reasons for rerun
Changed files or newly in use/created:
  /home/void/Documents/TEP-and-Integrity-Codes/Conference-LaTeX-template_10-17-19/TEPandIntegrity.tex
  TEPandIntegrity.tex
Category 'changed_user':
  /home/void/Documents/TEP-and-Integrity-Codes/Conference-LaTeX-template_10-17-19/TEPandIntegrity.tex
  TEPandIntegrity.tex

------------
Run number 1 of rule 'pdflatex'
------------
------------
Running 'pdflatex  -synctex=1 -interaction=nonstopmode -file-line-error -recorder  "/home/void/Documents/TEP-and-Integrity-Codes/Conference-LaTeX-template_10-17-19/TEPandIntegrity.tex"'
------------
This is pdfTeX, Version 3.141592653-2.6-1.40.25 (TeX Live 2023) (preloaded format=pdflatex)
 restricted \write18 enabled.
entering extended mode
(/home/void/Documents/TEP-and-Integrity-Codes/Conference-LaTeX-template_10-17-19/TEPandIntegrity.tex
LaTeX2e <2023-11-01>
L3 programming layer <2023-11-09>
(./IEEEtran.cls
Document Class: IEEEtran 2015/08/26 V1.8b by Michael Shell
-- See the "IEEEtran_HOWTO" manual for usage information.
-- http://www.michaelshell.org/tex/ieeetran/
(/opt/texlive/2023/texmf-dist/tex/latex/psnfss/ot1ptm.fd)
-- Using 8.5in x 11in (letter) paper.
-- Using PDF output.
-- This is a 10 point document.
)
** ATTENTION: Overriding command lockouts (line 2).
(/opt/texlive/2023/texmf-dist/tex/latex/cite/cite.sty) (/opt/texlive/2023/texmf-dist/tex/latex/amsmath/amsmath.sty
For additional information on amsmath, use the `?' option.
(/opt/texlive/2023/texmf-dist/tex/latex/amsmath/amstext.sty (/opt/texlive/2023/texmf-dist/tex/latex/amsmath/amsgen.sty)) (/opt/texlive/2023/texmf-dist/tex/latex/amsmath/amsbsy.sty) (/opt/texlive/2023/texmf-dist/tex/latex/amsmath/amsopn.sty)) (/opt/texlive/2023/texmf-dist/tex/latex/amsfonts/amssymb.sty (/opt/texlive/2023/texmf-dist/tex/latex/amsfonts/amsfonts.sty)) (/opt/texlive/2023/texmf-dist/tex/latex/algorithms/algorithmic.sty (/opt/texlive/2023/texmf-dist/tex/latex/base/ifthen.sty) (/opt/texlive/2023/texmf-dist/tex/latex/graphics/keyval.sty)) (/opt/texlive/2023/texmf-dist/tex/latex/graphics/graphicx.sty (/opt/texlive/2023/texmf-dist/tex/latex/graphics/graphics.sty (/opt/texlive/2023/texmf-dist/tex/latex/graphics/trig.sty) (/opt/texlive/2023/texmf-dist/tex/latex/graphics-cfg/graphics.cfg) (/opt/texlive/2023/texmf-dist/tex/latex/graphics-def/pdftex.def))) (/opt/texlive/2023/texmf-dist/tex/latex/base/textcomp.sty) (/opt/texlive/2023/texmf-dist/tex/latex/xcolor/xcolor.sty (/opt/texlive/2023/texmf-dist/tex/latex/graphics-cfg/color.cfg) (/opt/texlive/2023/texmf-dist/tex/latex/graphics/mathcolor.ltx)) (/opt/texlive/2023/texmf-dist/tex/latex/l3backend/l3backend-pdftex.def) (./TEPandIntegrity.aux)
-- Lines per column: 56 (exact).
(/opt/texlive/2023/texmf-dist/tex/context/base/mkii/supp-pdf.mkii
[Loading MPS to PDF converter (version 2006.09.02).]
) (/opt/texlive/2023/texmf-dist/tex/latex/epstopdf-pkg/epstopdf-base.sty (/opt/texlive/2023/texmf-dist/tex/latex/latexconfig/epstopdf-sys.cfg)) (/opt/texlive/2023/texmf-dist/tex/latex/amsfonts/umsa.fd) (/opt/texlive/2023/texmf-dist/tex/latex/amsfonts/umsb.fd)
Underfull \hbox (badness 1584) in paragraph at lines 46--59
\OT1/ptm/m/n/10 de-signed bit strings known as ``de-lim-iters''. The sender

Underfull \hbox (badness 1371) in paragraph at lines 46--59
\OT1/ptm/m/n/10 a new con-cept called ``Au-then-ti-ca-tion through pres-ence''

Underfull \hbox (badness 10000) in paragraph at lines 46--59

(/opt/texlive/2023/texmf-dist/tex/latex/psnfss/ot1pcr.fd)
Underfull \hbox (badness 10000) in paragraph at lines 60--61
[]\OT1/pcr/m/n/10 TODO: "Authentication through presence",

Underfull \hbox (badness 10000) in paragraph at lines 60--61
\OT1/pcr/m/n/10 access points, key establishment over

Underfull \hbox (badness 10000) in paragraph at lines 60--61
\OT1/pcr/m/n/10 insecure channel, DH-KeyAgreement,
[1{/opt/texlive/2023/texmf-var/fonts/map/pdftex/updmap/pdftex.map}{/opt/texlive/2023/texmf-dist/fonts/enc/dvips/base/8r.enc}]
Underfull \hbox (badness 10000) in paragraph at lines 109--117
[]\OT1/pcr/m/n/10 TODO: klarheit schaffen wie die

Underfull \hbox (badness 10000) in paragraph at lines 109--117
\OT1/pcr/m/n/10 uebertragungen funktionieren \OT1/ptm/m/n/10 HELP, an in-

Underfull \hbox (badness 10000) in paragraph at lines 109--117
\OT1/pcr/m/n/10 depth, security analysis of phy-primitive

Underfull \hbox (badness 10000) in paragraph at lines 109--117

[2]
Underfull \vbox (badness 1910) has occurred while \output is active

** Conference Paper **
Before submitting the final camera ready copy, remember to:

 1. Manually equalize the lengths of two columns on the last page
 of your paper;

 2. Ensure that any PostScript and/or PDF output post-processing
 uses only Type 1 fonts and that every step in the generation
 process uses the appropriate paper size.

[3] (./TEPandIntegrity.aux) )
(see the transcript file for additional information)</opt/texlive/2023/texmf-dist/fonts/type1/public/amsfonts/cm/cmmi10.pfb></opt/texlive/2023/texmf-dist/fonts/type1/public/amsfonts/cm/cmmi5.pfb></opt/texlive/2023/texmf-dist/fonts/type1/public/amsfonts/cm/cmmi7.pfb></opt/texlive/2023/texmf-dist/fonts/type1/public/amsfonts/cm/cmr10.pfb></opt/texlive/2023/texmf-dist/fonts/type1/public/amsfonts/cm/cmr7.pfb></opt/texlive/2023/texmf-dist/fonts/type1/public/amsfonts/cm/cmsy10.pfb></opt/texlive/2023/texmf-dist/fonts/type1/public/amsfonts/cm/cmsy7.pfb></opt/texlive/2023/texmf-dist/fonts/type1/public/amsfonts/symbols/msbm10.pfb></opt/texlive/2023/texmf-dist/fonts/type1/urw/courier/ucrr8a.pfb></opt/texlive/2023/texmf-dist/fonts/type1/urw/times/utmb8a.pfb></opt/texlive/2023/texmf-dist/fonts/type1/urw/times/utmbi8a.pfb></opt/texlive/2023/texmf-dist/fonts/type1/urw/times/utmr8a.pfb></opt/texlive/2023/texmf-dist/fonts/type1/urw/times/utmri8a.pfb>
Output written on TEPandIntegrity.pdf (3 pages, 145094 bytes).
SyncTeX written on TEPandIntegrity.synctex.gz.
Transcript written on TEPandIntegrity.log.
Latexmk: Getting log file 'TEPandIntegrity.log'
Latexmk: Examining 'TEPandIntegrity.fls'
Latexmk: Examining 'TEPandIntegrity.log'
Latexmk: Log file says output to 'TEPandIntegrity.pdf'
Latexmk: All targets () are up-to-date

Rc files read:
  NONE
Latexmk: This is Latexmk, John Collins, 6 Nov. 2023. Version 4.81.
Latexmk: applying rule 'pdflatex'...
Rule 'pdflatex':  Reasons for rerun
Changed files or newly in use/created:
  /home/void/Documents/TEP-and-Integrity-Codes/Conference-LaTeX-template_10-17-19/TEPandIntegrity.tex
  TEPandIntegrity.tex
Category 'changed_user':
  /home/void/Documents/TEP-and-Integrity-Codes/Conference-LaTeX-template_10-17-19/TEPandIntegrity.tex
  TEPandIntegrity.tex

------------
Run number 1 of rule 'pdflatex'
------------
------------
Running 'pdflatex  -synctex=1 -interaction=nonstopmode -file-line-error -recorder  "/home/void/Documents/TEP-and-Integrity-Codes/Conference-LaTeX-template_10-17-19/TEPandIntegrity.tex"'
------------
This is pdfTeX, Version 3.141592653-2.6-1.40.25 (TeX Live 2023) (preloaded format=pdflatex)
 restricted \write18 enabled.
entering extended mode
(/home/void/Documents/TEP-and-Integrity-Codes/Conference-LaTeX-template_10-17-19/TEPandIntegrity.tex
LaTeX2e <2023-11-01>
L3 programming layer <2023-11-09>
(./IEEEtran.cls
Document Class: IEEEtran 2015/08/26 V1.8b by Michael Shell
-- See the "IEEEtran_HOWTO" manual for usage information.
-- http://www.michaelshell.org/tex/ieeetran/
(/opt/texlive/2023/texmf-dist/tex/latex/psnfss/ot1ptm.fd)
-- Using 8.5in x 11in (letter) paper.
-- Using PDF output.
-- This is a 10 point document.
)
** ATTENTION: Overriding command lockouts (line 2).
(/opt/texlive/2023/texmf-dist/tex/latex/cite/cite.sty) (/opt/texlive/2023/texmf-dist/tex/latex/amsmath/amsmath.sty
For additional information on amsmath, use the `?' option.
(/opt/texlive/2023/texmf-dist/tex/latex/amsmath/amstext.sty (/opt/texlive/2023/texmf-dist/tex/latex/amsmath/amsgen.sty)) (/opt/texlive/2023/texmf-dist/tex/latex/amsmath/amsbsy.sty) (/opt/texlive/2023/texmf-dist/tex/latex/amsmath/amsopn.sty)) (/opt/texlive/2023/texmf-dist/tex/latex/amsfonts/amssymb.sty (/opt/texlive/2023/texmf-dist/tex/latex/amsfonts/amsfonts.sty)) (/opt/texlive/2023/texmf-dist/tex/latex/algorithms/algorithmic.sty (/opt/texlive/2023/texmf-dist/tex/latex/base/ifthen.sty) (/opt/texlive/2023/texmf-dist/tex/latex/graphics/keyval.sty)) (/opt/texlive/2023/texmf-dist/tex/latex/graphics/graphicx.sty (/opt/texlive/2023/texmf-dist/tex/latex/graphics/graphics.sty (/opt/texlive/2023/texmf-dist/tex/latex/graphics/trig.sty) (/opt/texlive/2023/texmf-dist/tex/latex/graphics-cfg/graphics.cfg) (/opt/texlive/2023/texmf-dist/tex/latex/graphics-def/pdftex.def))) (/opt/texlive/2023/texmf-dist/tex/latex/base/textcomp.sty) (/opt/texlive/2023/texmf-dist/tex/latex/xcolor/xcolor.sty (/opt/texlive/2023/texmf-dist/tex/latex/graphics-cfg/color.cfg) (/opt/texlive/2023/texmf-dist/tex/latex/graphics/mathcolor.ltx)) (/opt/texlive/2023/texmf-dist/tex/latex/l3backend/l3backend-pdftex.def) (./TEPandIntegrity.aux)
-- Lines per column: 56 (exact).
(/opt/texlive/2023/texmf-dist/tex/context/base/mkii/supp-pdf.mkii
[Loading MPS to PDF converter (version 2006.09.02).]
) (/opt/texlive/2023/texmf-dist/tex/latex/epstopdf-pkg/epstopdf-base.sty (/opt/texlive/2023/texmf-dist/tex/latex/latexconfig/epstopdf-sys.cfg)) (/opt/texlive/2023/texmf-dist/tex/latex/amsfonts/umsa.fd) (/opt/texlive/2023/texmf-dist/tex/latex/amsfonts/umsb.fd)
Underfull \hbox (badness 1584) in paragraph at lines 46--59
\OT1/ptm/m/n/10 de-signed bit strings known as ``de-lim-iters''. The sender

Underfull \hbox (badness 1371) in paragraph at lines 46--59
\OT1/ptm/m/n/10 a new con-cept called ``Au-then-ti-ca-tion through pres-ence''

Underfull \hbox (badness 10000) in paragraph at lines 46--59

(/opt/texlive/2023/texmf-dist/tex/latex/psnfss/ot1pcr.fd)
Underfull \hbox (badness 10000) in paragraph at lines 60--61
[]\OT1/pcr/m/n/10 TODO: "Authentication through presence",

Underfull \hbox (badness 10000) in paragraph at lines 60--61
\OT1/pcr/m/n/10 access points, key establishment over

Underfull \hbox (badness 10000) in paragraph at lines 60--61
\OT1/pcr/m/n/10 insecure channel, DH-KeyAgreement,
[1{/opt/texlive/2023/texmf-var/fonts/map/pdftex/updmap/pdftex.map}{/opt/texlive/2023/texmf-dist/fonts/enc/dvips/base/8r.enc}]
Underfull \hbox (badness 10000) in paragraph at lines 96--104
[]\OT1/pcr/m/n/10 TODO: klarheit schaffen wie die

Underfull \hbox (badness 10000) in paragraph at lines 96--104
\OT1/pcr/m/n/10 uebertragungen funktionieren \OT1/ptm/m/n/10 HELP, an in-

Underfull \hbox (badness 10000) in paragraph at lines 96--104
\OT1/pcr/m/n/10 depth, security analysis of phy-primitive

Underfull \hbox (badness 10000) in paragraph at lines 96--104

[2]

** Conference Paper **
Before submitting the final camera ready copy, remember to:

 1. Manually equalize the lengths of two columns on the last page
 of your paper;

 2. Ensure that any PostScript and/or PDF output post-processing
 uses only Type 1 fonts and that every step in the generation
 process uses the appropriate paper size.

[3] (./TEPandIntegrity.aux) )
(see the transcript file for additional information)</opt/texlive/2023/texmf-dist/fonts/type1/public/amsfonts/cm/cmmi10.pfb></opt/texlive/2023/texmf-dist/fonts/type1/public/amsfonts/cm/cmmi5.pfb></opt/texlive/2023/texmf-dist/fonts/type1/public/amsfonts/cm/cmmi7.pfb></opt/texlive/2023/texmf-dist/fonts/type1/public/amsfonts/cm/cmr10.pfb></opt/texlive/2023/texmf-dist/fonts/type1/public/amsfonts/cm/cmr7.pfb></opt/texlive/2023/texmf-dist/fonts/type1/public/amsfonts/cm/cmsy10.pfb></opt/texlive/2023/texmf-dist/fonts/type1/public/amsfonts/cm/cmsy7.pfb></opt/texlive/2023/texmf-dist/fonts/type1/public/amsfonts/symbols/msbm10.pfb></opt/texlive/2023/texmf-dist/fonts/type1/urw/courier/ucrr8a.pfb></opt/texlive/2023/texmf-dist/fonts/type1/urw/times/utmb8a.pfb></opt/texlive/2023/texmf-dist/fonts/type1/urw/times/utmbi8a.pfb></opt/texlive/2023/texmf-dist/fonts/type1/urw/times/utmr8a.pfb></opt/texlive/2023/texmf-dist/fonts/type1/urw/times/utmri8a.pfb>
Output written on TEPandIntegrity.pdf (3 pages, 144551 bytes).
SyncTeX written on TEPandIntegrity.synctex.gz.
Transcript written on TEPandIntegrity.log.
Latexmk: Getting log file 'TEPandIntegrity.log'
Latexmk: Examining 'TEPandIntegrity.fls'
Latexmk: Examining 'TEPandIntegrity.log'
Latexmk: Log file says output to 'TEPandIntegrity.pdf'
Latexmk: All targets () are up-to-date

Rc files read:
  NONE
Latexmk: This is Latexmk, John Collins, 6 Nov. 2023. Version 4.81.
Latexmk: applying rule 'pdflatex'...
Rule 'pdflatex':  Reasons for rerun
Changed files or newly in use/created:
  /home/void/Documents/TEP-and-Integrity-Codes/Conference-LaTeX-template_10-17-19/TEPandIntegrity.tex
  TEPandIntegrity.tex
Category 'changed_user':
  /home/void/Documents/TEP-and-Integrity-Codes/Conference-LaTeX-template_10-17-19/TEPandIntegrity.tex
  TEPandIntegrity.tex

------------
Run number 1 of rule 'pdflatex'
------------
------------
Running 'pdflatex  -synctex=1 -interaction=nonstopmode -file-line-error -recorder  "/home/void/Documents/TEP-and-Integrity-Codes/Conference-LaTeX-template_10-17-19/TEPandIntegrity.tex"'
------------
This is pdfTeX, Version 3.141592653-2.6-1.40.25 (TeX Live 2023) (preloaded format=pdflatex)
 restricted \write18 enabled.
entering extended mode
(/home/void/Documents/TEP-and-Integrity-Codes/Conference-LaTeX-template_10-17-19/TEPandIntegrity.tex
LaTeX2e <2023-11-01>
L3 programming layer <2023-11-09>
(./IEEEtran.cls
Document Class: IEEEtran 2015/08/26 V1.8b by Michael Shell
-- See the "IEEEtran_HOWTO" manual for usage information.
-- http://www.michaelshell.org/tex/ieeetran/
(/opt/texlive/2023/texmf-dist/tex/latex/psnfss/ot1ptm.fd)
-- Using 8.5in x 11in (letter) paper.
-- Using PDF output.
-- This is a 10 point document.
)
** ATTENTION: Overriding command lockouts (line 2).
(/opt/texlive/2023/texmf-dist/tex/latex/cite/cite.sty) (/opt/texlive/2023/texmf-dist/tex/latex/amsmath/amsmath.sty
For additional information on amsmath, use the `?' option.
(/opt/texlive/2023/texmf-dist/tex/latex/amsmath/amstext.sty (/opt/texlive/2023/texmf-dist/tex/latex/amsmath/amsgen.sty)) (/opt/texlive/2023/texmf-dist/tex/latex/amsmath/amsbsy.sty) (/opt/texlive/2023/texmf-dist/tex/latex/amsmath/amsopn.sty)) (/opt/texlive/2023/texmf-dist/tex/latex/amsfonts/amssymb.sty (/opt/texlive/2023/texmf-dist/tex/latex/amsfonts/amsfonts.sty)) (/opt/texlive/2023/texmf-dist/tex/latex/algorithms/algorithmic.sty (/opt/texlive/2023/texmf-dist/tex/latex/base/ifthen.sty) (/opt/texlive/2023/texmf-dist/tex/latex/graphics/keyval.sty)) (/opt/texlive/2023/texmf-dist/tex/latex/graphics/graphicx.sty (/opt/texlive/2023/texmf-dist/tex/latex/graphics/graphics.sty (/opt/texlive/2023/texmf-dist/tex/latex/graphics/trig.sty) (/opt/texlive/2023/texmf-dist/tex/latex/graphics-cfg/graphics.cfg) (/opt/texlive/2023/texmf-dist/tex/latex/graphics-def/pdftex.def))) (/opt/texlive/2023/texmf-dist/tex/latex/base/textcomp.sty) (/opt/texlive/2023/texmf-dist/tex/latex/xcolor/xcolor.sty (/opt/texlive/2023/texmf-dist/tex/latex/graphics-cfg/color.cfg) (/opt/texlive/2023/texmf-dist/tex/latex/graphics/mathcolor.ltx)) (/opt/texlive/2023/texmf-dist/tex/latex/l3backend/l3backend-pdftex.def) (./TEPandIntegrity.aux)
-- Lines per column: 56 (exact).
(/opt/texlive/2023/texmf-dist/tex/context/base/mkii/supp-pdf.mkii
[Loading MPS to PDF converter (version 2006.09.02).]
) (/opt/texlive/2023/texmf-dist/tex/latex/epstopdf-pkg/epstopdf-base.sty (/opt/texlive/2023/texmf-dist/tex/latex/latexconfig/epstopdf-sys.cfg)) (/opt/texlive/2023/texmf-dist/tex/latex/amsfonts/umsa.fd) (/opt/texlive/2023/texmf-dist/tex/latex/amsfonts/umsb.fd)
Underfull \hbox (badness 1584) in paragraph at lines 46--59
\OT1/ptm/m/n/10 de-signed bit strings known as ``de-lim-iters''. The sender

Underfull \hbox (badness 1371) in paragraph at lines 46--59
\OT1/ptm/m/n/10 a new con-cept called ``Au-then-ti-ca-tion through pres-ence''

Underfull \hbox (badness 10000) in paragraph at lines 46--59

(/opt/texlive/2023/texmf-dist/tex/latex/psnfss/ot1pcr.fd)
Underfull \hbox (badness 10000) in paragraph at lines 60--61
[]\OT1/pcr/m/n/10 TODO: "Authentication through presence",

Underfull \hbox (badness 10000) in paragraph at lines 60--61
\OT1/pcr/m/n/10 access points, key establishment over

Underfull \hbox (badness 10000) in paragraph at lines 60--61
\OT1/pcr/m/n/10 insecure channel, DH-KeyAgreement,
[1{/opt/texlive/2023/texmf-var/fonts/map/pdftex/updmap/pdftex.map}{/opt/texlive/2023/texmf-dist/fonts/enc/dvips/base/8r.enc}]
Underfull \hbox (badness 10000) in paragraph at lines 96--104
[]\OT1/pcr/m/n/10 TODO: klarheit schaffen wie die

Underfull \hbox (badness 10000) in paragraph at lines 96--104
\OT1/pcr/m/n/10 uebertragungen funktionieren \OT1/ptm/m/n/10 HELP, an in-

Underfull \hbox (badness 10000) in paragraph at lines 96--104
\OT1/pcr/m/n/10 depth, security analysis of phy-primitive

Underfull \hbox (badness 10000) in paragraph at lines 96--104

[2]

** Conference Paper **
Before submitting the final camera ready copy, remember to:

 1. Manually equalize the lengths of two columns on the last page
 of your paper;

 2. Ensure that any PostScript and/or PDF output post-processing
 uses only Type 1 fonts and that every step in the generation
 process uses the appropriate paper size.

[3] (./TEPandIntegrity.aux) )
(see the transcript file for additional information)</opt/texlive/2023/texmf-dist/fonts/type1/public/amsfonts/cm/cmmi10.pfb></opt/texlive/2023/texmf-dist/fonts/type1/public/amsfonts/cm/cmmi5.pfb></opt/texlive/2023/texmf-dist/fonts/type1/public/amsfonts/cm/cmmi7.pfb></opt/texlive/2023/texmf-dist/fonts/type1/public/amsfonts/cm/cmr10.pfb></opt/texlive/2023/texmf-dist/fonts/type1/public/amsfonts/cm/cmr7.pfb></opt/texlive/2023/texmf-dist/fonts/type1/public/amsfonts/cm/cmsy10.pfb></opt/texlive/2023/texmf-dist/fonts/type1/public/amsfonts/cm/cmsy7.pfb></opt/texlive/2023/texmf-dist/fonts/type1/public/amsfonts/symbols/msbm10.pfb></opt/texlive/2023/texmf-dist/fonts/type1/urw/courier/ucrr8a.pfb></opt/texlive/2023/texmf-dist/fonts/type1/urw/times/utmb8a.pfb></opt/texlive/2023/texmf-dist/fonts/type1/urw/times/utmbi8a.pfb></opt/texlive/2023/texmf-dist/fonts/type1/urw/times/utmr8a.pfb></opt/texlive/2023/texmf-dist/fonts/type1/urw/times/utmri8a.pfb>
Output written on TEPandIntegrity.pdf (3 pages, 144553 bytes).
SyncTeX written on TEPandIntegrity.synctex.gz.
Transcript written on TEPandIntegrity.log.
Latexmk: Getting log file 'TEPandIntegrity.log'
Latexmk: Examining 'TEPandIntegrity.fls'
Latexmk: Examining 'TEPandIntegrity.log'
Latexmk: Log file says output to 'TEPandIntegrity.pdf'
Latexmk: All targets () are up-to-date

Rc files read:
  NONE
Latexmk: This is Latexmk, John Collins, 6 Nov. 2023. Version 4.81.
No existing .aux file, so I'll make a simple one, and require run of *latex.
Latexmk: applying rule 'pdflatex'...
Rule 'pdflatex':  Reasons for rerun
Category 'other':
  Rerun of 'pdflatex' forced or previously required

------------
Run number 1 of rule 'pdflatex'
------------
------------
Running 'pdflatex  -synctex=1 -interaction=nonstopmode -file-line-error -recorder  "/home/void/Documents/TEP-and-Integrity-Codes/beamer-tum/template-pdflatex.tex"'
------------
This is pdfTeX, Version 3.141592653-2.6-1.40.25 (TeX Live 2023) (preloaded format=pdflatex)
 restricted \write18 enabled.
entering extended mode
(/home/void/Documents/TEP-and-Integrity-Codes/beamer-tum/template-pdflatex.tex
LaTeX2e <2023-11-01>
L3 programming layer <2023-11-09>
(/opt/texlive/2023/texmf-dist/tex/latex/beamer/beamer.cls
Document Class: beamer 2023/05/15 v3.70 A class for typesetting presentations
(/opt/texlive/2023/texmf-dist/tex/latex/beamer/beamerbasemodes.sty (/opt/texlive/2023/texmf-dist/tex/latex/etoolbox/etoolbox.sty) (/opt/texlive/2023/texmf-dist/tex/latex/beamer/beamerbasedecode.sty)) (/opt/texlive/2023/texmf-dist/tex/generic/iftex/iftex.sty) (/opt/texlive/2023/texmf-dist/tex/latex/beamer/beamerbaseoptions.sty (/opt/texlive/2023/texmf-dist/tex/latex/graphics/keyval.sty)) (/opt/texlive/2023/texmf-dist/tex/latex/geometry/geometry.sty (/opt/texlive/2023/texmf-dist/tex/generic/iftex/ifvtex.sty)) (/opt/texlive/2023/texmf-dist/tex/latex/pgf/math/pgfmath.sty (/opt/texlive/2023/texmf-dist/tex/latex/pgf/utilities/pgfrcs.sty (/opt/texlive/2023/texmf-dist/tex/generic/pgf/utilities/pgfutil-common.tex) (/opt/texlive/2023/texmf-dist/tex/generic/pgf/utilities/pgfutil-latex.def) (/opt/texlive/2023/texmf-dist/tex/generic/pgf/utilities/pgfrcs.code.tex (/opt/texlive/2023/texmf-dist/tex/generic/pgf/pgf.revision.tex))) (/opt/texlive/2023/texmf-dist/tex/latex/pgf/utilities/pgfkeys.sty (/opt/texlive/2023/texmf-dist/tex/generic/pgf/utilities/pgfkeys.code.tex (/opt/texlive/2023/texmf-dist/tex/generic/pgf/utilities/pgfkeyslibraryfiltered.code.tex))) (/opt/texlive/2023/texmf-dist/tex/generic/pgf/math/pgfmath.code.tex (/opt/texlive/2023/texmf-dist/tex/generic/pgf/math/pgfmathutil.code.tex) (/opt/texlive/2023/texmf-dist/tex/generic/pgf/math/pgfmathparser.code.tex) (/opt/texlive/2023/texmf-dist/tex/generic/pgf/math/pgfmathfunctions.code.tex) (/opt/texlive/2023/texmf-dist/tex/generic/pgf/math/pgfmathfunctions.basic.code.tex) (/opt/texlive/2023/texmf-dist/tex/generic/pgf/math/pgfmathfunctions.trigonometric.code.tex) (/opt/texlive/2023/texmf-dist/tex/generic/pgf/math/pgfmathfunctions.random.code.tex) (/opt/texlive/2023/texmf-dist/tex/generic/pgf/math/pgfmathfunctions.comparison.code.tex) (/opt/texlive/2023/texmf-dist/tex/generic/pgf/math/pgfmathfunctions.base.code.tex) (/opt/texlive/2023/texmf-dist/tex/generic/pgf/math/pgfmathfunctions.round.code.tex) (/opt/texlive/2023/texmf-dist/tex/generic/pgf/math/pgfmathfunctions.misc.code.tex) (/opt/texlive/2023/texmf-dist/tex/generic/pgf/math/pgfmathfunctions.integerarithmetics.code.tex) (/opt/texlive/2023/texmf-dist/tex/generic/pgf/math/pgfmathcalc.code.tex) (/opt/texlive/2023/texmf-dist/tex/generic/pgf/math/pgfmathfloat.code.tex))) (/opt/texlive/2023/texmf-dist/tex/latex/base/size11.clo) (/opt/texlive/2023/texmf-dist/tex/latex/pgf/basiclayer/pgfcore.sty (/opt/texlive/2023/texmf-dist/tex/latex/graphics/graphicx.sty (/opt/texlive/2023/texmf-dist/tex/latex/graphics/graphics.sty (/opt/texlive/2023/texmf-dist/tex/latex/graphics/trig.sty) (/opt/texlive/2023/texmf-dist/tex/latex/graphics-cfg/graphics.cfg) (/opt/texlive/2023/texmf-dist/tex/latex/graphics-def/pdftex.def))) (/opt/texlive/2023/texmf-dist/tex/latex/pgf/systemlayer/pgfsys.sty (/opt/texlive/2023/texmf-dist/tex/generic/pgf/systemlayer/pgfsys.code.tex (/opt/texlive/2023/texmf-dist/tex/generic/pgf/systemlayer/pgf.cfg) (/opt/texlive/2023/texmf-dist/tex/generic/pgf/systemlayer/pgfsys-pdftex.def (/opt/texlive/2023/texmf-dist/tex/generic/pgf/systemlayer/pgfsys-common-pdf.def))) (/opt/texlive/2023/texmf-dist/tex/generic/pgf/systemlayer/pgfsyssoftpath.code.tex) (/opt/texlive/2023/texmf-dist/tex/generic/pgf/systemlayer/pgfsysprotocol.code.tex)) (/opt/texlive/2023/texmf-dist/tex/latex/xcolor/xcolor.sty (/opt/texlive/2023/texmf-dist/tex/latex/graphics-cfg/color.cfg) (/opt/texlive/2023/texmf-dist/tex/latex/graphics/mathcolor.ltx)) (/opt/texlive/2023/texmf-dist/tex/generic/pgf/basiclayer/pgfcore.code.tex (/opt/texlive/2023/texmf-dist/tex/generic/pgf/math/pgfint.code.tex) (/opt/texlive/2023/texmf-dist/tex/generic/pgf/basiclayer/pgfcorepoints.code.tex) (/opt/texlive/2023/texmf-dist/tex/generic/pgf/basiclayer/pgfcorepathconstruct.code.tex) (/opt/texlive/2023/texmf-dist/tex/generic/pgf/basiclayer/pgfcorepathusage.code.tex) (/opt/texlive/2023/texmf-dist/tex/generic/pgf/basiclayer/pgfcorescopes.code.tex) (/opt/texlive/2023/texmf-dist/tex/generic/pgf/basiclayer/pgfcoregraphicstate.code.tex) (/opt/texlive/2023/texmf-dist/tex/generic/pgf/basiclayer/pgfcoretransformations.code.tex) (/opt/texlive/2023/texmf-dist/tex/generic/pgf/basiclayer/pgfcorequick.code.tex) (/opt/texlive/2023/texmf-dist/tex/generic/pgf/basiclayer/pgfcoreobjects.code.tex) (/opt/texlive/2023/texmf-dist/tex/generic/pgf/basiclayer/pgfcorepathprocessing.code.tex) (/opt/texlive/2023/texmf-dist/tex/generic/pgf/basiclayer/pgfcorearrows.code.tex) (/opt/texlive/2023/texmf-dist/tex/generic/pgf/basiclayer/pgfcoreshade.code.tex) (/opt/texlive/2023/texmf-dist/tex/generic/pgf/basiclayer/pgfcoreimage.code.tex) (/opt/texlive/2023/texmf-dist/tex/generic/pgf/basiclayer/pgfcoreexternal.code.tex) (/opt/texlive/2023/texmf-dist/tex/generic/pgf/basiclayer/pgfcorelayers.code.tex) (/opt/texlive/2023/texmf-dist/tex/generic/pgf/basiclayer/pgfcoretransparency.code.tex) (/opt/texlive/2023/texmf-dist/tex/generic/pgf/basiclayer/pgfcorepatterns.code.tex) (/opt/texlive/2023/texmf-dist/tex/generic/pgf/basiclayer/pgfcorerdf.code.tex))) (/opt/texlive/2023/texmf-dist/tex/latex/pgf/utilities/xxcolor.sty) (/opt/texlive/2023/texmf-dist/tex/latex/base/atbegshi-ltx.sty) (/opt/texlive/2023/texmf-dist/tex/latex/hyperref/hyperref.sty (/opt/texlive/2023/texmf-dist/tex/generic/infwarerr/infwarerr.sty) (/opt/texlive/2023/texmf-dist/tex/latex/kvsetkeys/kvsetkeys.sty) (/opt/texlive/2023/texmf-dist/tex/generic/kvdefinekeys/kvdefinekeys.sty) (/opt/texlive/2023/texmf-dist/tex/generic/pdfescape/pdfescape.sty (/opt/texlive/2023/texmf-dist/tex/generic/ltxcmds/ltxcmds.sty) (/opt/texlive/2023/texmf-dist/tex/generic/pdftexcmds/pdftexcmds.sty)) (/opt/texlive/2023/texmf-dist/tex/latex/hycolor/hycolor.sty) (/opt/texlive/2023/texmf-dist/tex/latex/letltxmacro/letltxmacro.sty) (/opt/texlive/2023/texmf-dist/tex/latex/auxhook/auxhook.sty) (/opt/texlive/2023/texmf-dist/tex/latex/hyperref/nameref.sty (/opt/texlive/2023/texmf-dist/tex/latex/refcount/refcount.sty) (/opt/texlive/2023/texmf-dist/tex/generic/gettitlestring/gettitlestring.sty (/opt/texlive/2023/texmf-dist/tex/latex/kvoptions/kvoptions.sty))) (/opt/texlive/2023/texmf-dist/tex/latex/hyperref/pd1enc.def) (/opt/texlive/2023/texmf-dist/tex/generic/intcalc/intcalc.sty) (/opt/texlive/2023/texmf-dist/tex/latex/hyperref/puenc.def) (/opt/texlive/2023/texmf-dist/tex/latex/url/url.sty) (/opt/texlive/2023/texmf-dist/tex/generic/bitset/bitset.sty (/opt/texlive/2023/texmf-dist/tex/generic/bigintcalc/bigintcalc.sty))

Package hyperref Message: Stopped early.

) (/opt/texlive/2023/texmf-dist/tex/latex/hyperref/hpdftex.def (/opt/texlive/2023/texmf-dist/tex/latex/base/atveryend-ltx.sty) (/opt/texlive/2023/texmf-dist/tex/latex/rerunfilecheck/rerunfilecheck.sty (/opt/texlive/2023/texmf-dist/tex/generic/uniquecounter/uniquecounter.sty))) (/opt/texlive/2023/texmf-dist/tex/latex/beamer/beamerbaserequires.sty (/opt/texlive/2023/texmf-dist/tex/latex/beamer/beamerbasecompatibility.sty) (/opt/texlive/2023/texmf-dist/tex/latex/beamer/beamerbasefont.sty (/opt/texlive/2023/texmf-dist/tex/latex/amsfonts/amssymb.sty (/opt/texlive/2023/texmf-dist/tex/latex/amsfonts/amsfonts.sty)) (/opt/texlive/2023/texmf-dist/tex/latex/sansmathaccent/sansmathaccent.sty (/opt/texlive/2023/texmf-dist/tex/latex/koma-script/scrlfile.sty (/opt/texlive/2023/texmf-dist/tex/latex/koma-script/scrlfile-hook.sty (/opt/texlive/2023/texmf-dist/tex/latex/koma-script/scrlogo.sty))))) (/opt/texlive/2023/texmf-dist/tex/latex/beamer/beamerbasetranslator.sty (/opt/texlive/2023/texmf-dist/tex/latex/translator/translator.sty)) (/opt/texlive/2023/texmf-dist/tex/latex/beamer/beamerbasemisc.sty) (/opt/texlive/2023/texmf-dist/tex/latex/beamer/beamerbasetwoscreens.sty) (/opt/texlive/2023/texmf-dist/tex/latex/beamer/beamerbaseoverlay.sty) (/opt/texlive/2023/texmf-dist/tex/latex/beamer/beamerbasetitle.sty) (/opt/texlive/2023/texmf-dist/tex/latex/beamer/beamerbasesection.sty) (/opt/texlive/2023/texmf-dist/tex/latex/beamer/beamerbaseframe.sty) (/opt/texlive/2023/texmf-dist/tex/latex/beamer/beamerbaseverbatim.sty) (/opt/texlive/2023/texmf-dist/tex/latex/beamer/beamerbaseframesize.sty) (/opt/texlive/2023/texmf-dist/tex/latex/beamer/beamerbaseframecomponents.sty) (/opt/texlive/2023/texmf-dist/tex/latex/beamer/beamerbasecolor.sty) (/opt/texlive/2023/texmf-dist/tex/latex/beamer/beamerbasenotes.sty) (/opt/texlive/2023/texmf-dist/tex/latex/beamer/beamerbasetoc.sty) (/opt/texlive/2023/texmf-dist/tex/latex/beamer/beamerbasetemplates.sty (/opt/texlive/2023/texmf-dist/tex/latex/beamer/beamerbaseauxtemplates.sty (/opt/texlive/2023/texmf-dist/tex/latex/beamer/beamerbaseboxes.sty))) (/opt/texlive/2023/texmf-dist/tex/latex/beamer/beamerbaselocalstructure.sty (/opt/texlive/2023/texmf-dist/tex/latex/tools/enumerate.sty)) (/opt/texlive/2023/texmf-dist/tex/latex/beamer/beamerbasenavigation.sty (/opt/texlive/2023/texmf-dist/tex/latex/beamer/beamerbasenavigationsymbols.tex)) (/opt/texlive/2023/texmf-dist/tex/latex/beamer/beamerbasetheorems.sty (/opt/texlive/2023/texmf-dist/tex/latex/amsmath/amsmath.sty
For additional information on amsmath, use the `?' option.
(/opt/texlive/2023/texmf-dist/tex/latex/amsmath/amstext.sty (/opt/texlive/2023/texmf-dist/tex/latex/amsmath/amsgen.sty)) (/opt/texlive/2023/texmf-dist/tex/latex/amsmath/amsbsy.sty) (/opt/texlive/2023/texmf-dist/tex/latex/amsmath/amsopn.sty)) (/opt/texlive/2023/texmf-dist/tex/latex/amscls/amsthm.sty)) (/opt/texlive/2023/texmf-dist/tex/latex/beamer/beamerbasethemes.sty)) (/opt/texlive/2023/texmf-dist/tex/latex/beamer/beamerthemedefault.sty (/opt/texlive/2023/texmf-dist/tex/latex/beamer/beamerfontthemedefault.sty) (/opt/texlive/2023/texmf-dist/tex/latex/beamer/beamercolorthemedefault.sty) (/opt/texlive/2023/texmf-dist/tex/latex/beamer/beamerinnerthemedefault.sty) (/opt/texlive/2023/texmf-dist/tex/latex/beamer/beamerouterthemedefault.sty))) (/opt/texlive/2023/texmf-dist/tex/latex/base/inputenc.sty) (/opt/texlive/2023/texmf-dist/tex/latex/psnfss/helvet.sty) (/opt/texlive/2023/texmf-dist/tex/generic/babel/babel.sty (/opt/texlive/2023/texmf-dist/tex/generic/babel/txtbabel.def) (/opt/texlive/2023/texmf-dist/tex/generic/babel-english/english.ldf) (/opt/texlive/2023/texmf-dist/tex/generic/babel-german/ngerman.ldf (/opt/texlive/2023/texmf-dist/tex/generic/babel-german/ngermanb.ldf))) (/opt/texlive/2023/texmf-dist/tex/generic/babel/locale/de/babel-ngerman.tex) (/opt/texlive/2023/texmf-dist/tex/generic/babel/locale/en/babel-english.tex) (./beamercolorthemetum.sty) (./beamerouterthemetum.sty) (/opt/texlive/2023/texmf-dist/tex/latex/beamer/beamerinnerthemerectangles.sty) (/opt/texlive/2023/texmf-dist/tex/latex/pgf/basiclayer/pgf.sty (/opt/texlive/2023/texmf-dist/tex/generic/pgf/modules/pgfmoduleshapes.code.tex) (/opt/texlive/2023/texmf-dist/tex/generic/pgf/modules/pgfmoduleplot.code.tex) (/opt/texlive/2023/texmf-dist/tex/latex/pgf/compatibility/pgfcomp-version-0-65.sty) (/opt/texlive/2023/texmf-dist/tex/latex/pgf/compatibility/pgfcomp-version-1-18.sty)) (/opt/texlive/2023/texmf-dist/tex/latex/pgf/frontendlayer/tikz.sty (/opt/texlive/2023/texmf-dist/tex/latex/pgf/utilities/pgffor.sty (/opt/texlive/2023/texmf-dist/tex/generic/pgf/utilities/pgffor.code.tex)) (/opt/texlive/2023/texmf-dist/tex/generic/pgf/frontendlayer/tikz/tikz.code.tex (/opt/texlive/2023/texmf-dist/tex/generic/pgf/libraries/pgflibraryplothandlers.code.tex) (/opt/texlive/2023/texmf-dist/tex/generic/pgf/modules/pgfmodulematrix.code.tex) (/opt/texlive/2023/texmf-dist/tex/generic/pgf/frontendlayer/tikz/libraries/tikzlibrarytopaths.code.tex))) (/opt/texlive/2023/texmf-dist/tex/latex/psnfss/ot1phv.fd) (/opt/texlive/2023/texmf-dist/tex/latex/l3backend/l3backend-pdftex.def) (./template-pdflatex.aux)
*geometry* driver: auto-detecting
*geometry* detected driver: pdftex
(/opt/texlive/2023/texmf-dist/tex/context/base/mkii/supp-pdf.mkii
[Loading MPS to PDF converter (version 2006.09.02).]
) (/opt/texlive/2023/texmf-dist/tex/latex/epstopdf-pkg/epstopdf-base.sty (/opt/texlive/2023/texmf-dist/tex/latex/latexconfig/epstopdf-sys.cfg)) (/opt/texlive/2023/texmf-dist/tex/latex/translator/translator-basic-dictionary-English.dict) (/opt/texlive/2023/texmf-dist/tex/latex/translator/translator-bibliography-dictionary-English.dict) (/opt/texlive/2023/texmf-dist/tex/latex/translator/translator-environment-dictionary-English.dict) (/opt/texlive/2023/texmf-dist/tex/latex/translator/translator-months-dictionary-English.dict) (/opt/texlive/2023/texmf-dist/tex/latex/translator/translator-numbers-dictionary-English.dict) (/opt/texlive/2023/texmf-dist/tex/latex/translator/translator-theorem-dictionary-English.dict)
No file template-pdflatex.nav.
[1{/opt/texlive/2023/texmf-var/fonts/map/pdftex/updmap/pdftex.map}{/opt/texlive/2023/texmf-dist/fonts/enc/dvips/base/8r.enc}] [2] (./template-pdflatex.aux)

Package rerunfilecheck Warning: File `template-pdflatex.out' has changed.
(rerunfilecheck)                Rerun to get outlines right
(rerunfilecheck)                or use package `bookmark'.

 )</opt/texlive/2023/texmf-dist/fonts/type1/urw/helvetic/uhvr8a.pfb>
Output written on template-pdflatex.pdf (2 pages, 12461 bytes).
SyncTeX written on template-pdflatex.synctex.gz.
Transcript written on template-pdflatex.log.
Latexmk: Missing input file 'template-pdflatex.nav' (or dependence on it) from following:
  No file template-pdflatex.nav.
Latexmk: Getting log file 'template-pdflatex.log'
Latexmk: Examining 'template-pdflatex.fls'
Latexmk: Examining 'template-pdflatex.log'
Latexmk: References changed.
Latexmk: Log file says output to 'template-pdflatex.pdf'
Latexmk: applying rule 'pdflatex'...
Rule 'pdflatex':  Reasons for rerun
Changed files or newly in use/created:
  template-pdflatex.aux
  template-pdflatex.nav
  template-pdflatex.out

------------
Run number 2 of rule 'pdflatex'
------------
------------
Running 'pdflatex  -synctex=1 -interaction=nonstopmode -file-line-error -recorder  "/home/void/Documents/TEP-and-Integrity-Codes/beamer-tum/template-pdflatex.tex"'
------------
This is pdfTeX, Version 3.141592653-2.6-1.40.25 (TeX Live 2023) (preloaded format=pdflatex)
 restricted \write18 enabled.
entering extended mode
(/home/void/Documents/TEP-and-Integrity-Codes/beamer-tum/template-pdflatex.tex
LaTeX2e <2023-11-01>
L3 programming layer <2023-11-09>
(/opt/texlive/2023/texmf-dist/tex/latex/beamer/beamer.cls
Document Class: beamer 2023/05/15 v3.70 A class for typesetting presentations
(/opt/texlive/2023/texmf-dist/tex/latex/beamer/beamerbasemodes.sty (/opt/texlive/2023/texmf-dist/tex/latex/etoolbox/etoolbox.sty) (/opt/texlive/2023/texmf-dist/tex/latex/beamer/beamerbasedecode.sty)) (/opt/texlive/2023/texmf-dist/tex/generic/iftex/iftex.sty) (/opt/texlive/2023/texmf-dist/tex/latex/beamer/beamerbaseoptions.sty (/opt/texlive/2023/texmf-dist/tex/latex/graphics/keyval.sty)) (/opt/texlive/2023/texmf-dist/tex/latex/geometry/geometry.sty (/opt/texlive/2023/texmf-dist/tex/generic/iftex/ifvtex.sty)) (/opt/texlive/2023/texmf-dist/tex/latex/pgf/math/pgfmath.sty (/opt/texlive/2023/texmf-dist/tex/latex/pgf/utilities/pgfrcs.sty (/opt/texlive/2023/texmf-dist/tex/generic/pgf/utilities/pgfutil-common.tex) (/opt/texlive/2023/texmf-dist/tex/generic/pgf/utilities/pgfutil-latex.def) (/opt/texlive/2023/texmf-dist/tex/generic/pgf/utilities/pgfrcs.code.tex (/opt/texlive/2023/texmf-dist/tex/generic/pgf/pgf.revision.tex))) (/opt/texlive/2023/texmf-dist/tex/latex/pgf/utilities/pgfkeys.sty (/opt/texlive/2023/texmf-dist/tex/generic/pgf/utilities/pgfkeys.code.tex (/opt/texlive/2023/texmf-dist/tex/generic/pgf/utilities/pgfkeyslibraryfiltered.code.tex))) (/opt/texlive/2023/texmf-dist/tex/generic/pgf/math/pgfmath.code.tex (/opt/texlive/2023/texmf-dist/tex/generic/pgf/math/pgfmathutil.code.tex) (/opt/texlive/2023/texmf-dist/tex/generic/pgf/math/pgfmathparser.code.tex) (/opt/texlive/2023/texmf-dist/tex/generic/pgf/math/pgfmathfunctions.code.tex) (/opt/texlive/2023/texmf-dist/tex/generic/pgf/math/pgfmathfunctions.basic.code.tex) (/opt/texlive/2023/texmf-dist/tex/generic/pgf/math/pgfmathfunctions.trigonometric.code.tex) (/opt/texlive/2023/texmf-dist/tex/generic/pgf/math/pgfmathfunctions.random.code.tex) (/opt/texlive/2023/texmf-dist/tex/generic/pgf/math/pgfmathfunctions.comparison.code.tex) (/opt/texlive/2023/texmf-dist/tex/generic/pgf/math/pgfmathfunctions.base.code.tex) (/opt/texlive/2023/texmf-dist/tex/generic/pgf/math/pgfmathfunctions.round.code.tex) (/opt/texlive/2023/texmf-dist/tex/generic/pgf/math/pgfmathfunctions.misc.code.tex) (/opt/texlive/2023/texmf-dist/tex/generic/pgf/math/pgfmathfunctions.integerarithmetics.code.tex) (/opt/texlive/2023/texmf-dist/tex/generic/pgf/math/pgfmathcalc.code.tex) (/opt/texlive/2023/texmf-dist/tex/generic/pgf/math/pgfmathfloat.code.tex))) (/opt/texlive/2023/texmf-dist/tex/latex/base/size11.clo) (/opt/texlive/2023/texmf-dist/tex/latex/pgf/basiclayer/pgfcore.sty (/opt/texlive/2023/texmf-dist/tex/latex/graphics/graphicx.sty (/opt/texlive/2023/texmf-dist/tex/latex/graphics/graphics.sty (/opt/texlive/2023/texmf-dist/tex/latex/graphics/trig.sty) (/opt/texlive/2023/texmf-dist/tex/latex/graphics-cfg/graphics.cfg) (/opt/texlive/2023/texmf-dist/tex/latex/graphics-def/pdftex.def))) (/opt/texlive/2023/texmf-dist/tex/latex/pgf/systemlayer/pgfsys.sty (/opt/texlive/2023/texmf-dist/tex/generic/pgf/systemlayer/pgfsys.code.tex (/opt/texlive/2023/texmf-dist/tex/generic/pgf/systemlayer/pgf.cfg) (/opt/texlive/2023/texmf-dist/tex/generic/pgf/systemlayer/pgfsys-pdftex.def (/opt/texlive/2023/texmf-dist/tex/generic/pgf/systemlayer/pgfsys-common-pdf.def))) (/opt/texlive/2023/texmf-dist/tex/generic/pgf/systemlayer/pgfsyssoftpath.code.tex) (/opt/texlive/2023/texmf-dist/tex/generic/pgf/systemlayer/pgfsysprotocol.code.tex)) (/opt/texlive/2023/texmf-dist/tex/latex/xcolor/xcolor.sty (/opt/texlive/2023/texmf-dist/tex/latex/graphics-cfg/color.cfg) (/opt/texlive/2023/texmf-dist/tex/latex/graphics/mathcolor.ltx)) (/opt/texlive/2023/texmf-dist/tex/generic/pgf/basiclayer/pgfcore.code.tex (/opt/texlive/2023/texmf-dist/tex/generic/pgf/math/pgfint.code.tex) (/opt/texlive/2023/texmf-dist/tex/generic/pgf/basiclayer/pgfcorepoints.code.tex) (/opt/texlive/2023/texmf-dist/tex/generic/pgf/basiclayer/pgfcorepathconstruct.code.tex) (/opt/texlive/2023/texmf-dist/tex/generic/pgf/basiclayer/pgfcorepathusage.code.tex) (/opt/texlive/2023/texmf-dist/tex/generic/pgf/basiclayer/pgfcorescopes.code.tex) (/opt/texlive/2023/texmf-dist/tex/generic/pgf/basiclayer/pgfcoregraphicstate.code.tex) (/opt/texlive/2023/texmf-dist/tex/generic/pgf/basiclayer/pgfcoretransformations.code.tex) (/opt/texlive/2023/texmf-dist/tex/generic/pgf/basiclayer/pgfcorequick.code.tex) (/opt/texlive/2023/texmf-dist/tex/generic/pgf/basiclayer/pgfcoreobjects.code.tex) (/opt/texlive/2023/texmf-dist/tex/generic/pgf/basiclayer/pgfcorepathprocessing.code.tex) (/opt/texlive/2023/texmf-dist/tex/generic/pgf/basiclayer/pgfcorearrows.code.tex) (/opt/texlive/2023/texmf-dist/tex/generic/pgf/basiclayer/pgfcoreshade.code.tex) (/opt/texlive/2023/texmf-dist/tex/generic/pgf/basiclayer/pgfcoreimage.code.tex) (/opt/texlive/2023/texmf-dist/tex/generic/pgf/basiclayer/pgfcoreexternal.code.tex) (/opt/texlive/2023/texmf-dist/tex/generic/pgf/basiclayer/pgfcorelayers.code.tex) (/opt/texlive/2023/texmf-dist/tex/generic/pgf/basiclayer/pgfcoretransparency.code.tex) (/opt/texlive/2023/texmf-dist/tex/generic/pgf/basiclayer/pgfcorepatterns.code.tex) (/opt/texlive/2023/texmf-dist/tex/generic/pgf/basiclayer/pgfcorerdf.code.tex))) (/opt/texlive/2023/texmf-dist/tex/latex/pgf/utilities/xxcolor.sty) (/opt/texlive/2023/texmf-dist/tex/latex/base/atbegshi-ltx.sty) (/opt/texlive/2023/texmf-dist/tex/latex/hyperref/hyperref.sty (/opt/texlive/2023/texmf-dist/tex/generic/infwarerr/infwarerr.sty) (/opt/texlive/2023/texmf-dist/tex/latex/kvsetkeys/kvsetkeys.sty) (/opt/texlive/2023/texmf-dist/tex/generic/kvdefinekeys/kvdefinekeys.sty) (/opt/texlive/2023/texmf-dist/tex/generic/pdfescape/pdfescape.sty (/opt/texlive/2023/texmf-dist/tex/generic/ltxcmds/ltxcmds.sty) (/opt/texlive/2023/texmf-dist/tex/generic/pdftexcmds/pdftexcmds.sty)) (/opt/texlive/2023/texmf-dist/tex/latex/hycolor/hycolor.sty) (/opt/texlive/2023/texmf-dist/tex/latex/letltxmacro/letltxmacro.sty) (/opt/texlive/2023/texmf-dist/tex/latex/auxhook/auxhook.sty) (/opt/texlive/2023/texmf-dist/tex/latex/hyperref/nameref.sty (/opt/texlive/2023/texmf-dist/tex/latex/refcount/refcount.sty) (/opt/texlive/2023/texmf-dist/tex/generic/gettitlestring/gettitlestring.sty (/opt/texlive/2023/texmf-dist/tex/latex/kvoptions/kvoptions.sty))) (/opt/texlive/2023/texmf-dist/tex/latex/hyperref/pd1enc.def) (/opt/texlive/2023/texmf-dist/tex/generic/intcalc/intcalc.sty) (/opt/texlive/2023/texmf-dist/tex/latex/hyperref/puenc.def) (/opt/texlive/2023/texmf-dist/tex/latex/url/url.sty) (/opt/texlive/2023/texmf-dist/tex/generic/bitset/bitset.sty (/opt/texlive/2023/texmf-dist/tex/generic/bigintcalc/bigintcalc.sty))

Package hyperref Message: Stopped early.

) (/opt/texlive/2023/texmf-dist/tex/latex/hyperref/hpdftex.def (/opt/texlive/2023/texmf-dist/tex/latex/base/atveryend-ltx.sty) (/opt/texlive/2023/texmf-dist/tex/latex/rerunfilecheck/rerunfilecheck.sty (/opt/texlive/2023/texmf-dist/tex/generic/uniquecounter/uniquecounter.sty))) (/opt/texlive/2023/texmf-dist/tex/latex/beamer/beamerbaserequires.sty (/opt/texlive/2023/texmf-dist/tex/latex/beamer/beamerbasecompatibility.sty) (/opt/texlive/2023/texmf-dist/tex/latex/beamer/beamerbasefont.sty (/opt/texlive/2023/texmf-dist/tex/latex/amsfonts/amssymb.sty (/opt/texlive/2023/texmf-dist/tex/latex/amsfonts/amsfonts.sty)) (/opt/texlive/2023/texmf-dist/tex/latex/sansmathaccent/sansmathaccent.sty (/opt/texlive/2023/texmf-dist/tex/latex/koma-script/scrlfile.sty (/opt/texlive/2023/texmf-dist/tex/latex/koma-script/scrlfile-hook.sty (/opt/texlive/2023/texmf-dist/tex/latex/koma-script/scrlogo.sty))))) (/opt/texlive/2023/texmf-dist/tex/latex/beamer/beamerbasetranslator.sty (/opt/texlive/2023/texmf-dist/tex/latex/translator/translator.sty)) (/opt/texlive/2023/texmf-dist/tex/latex/beamer/beamerbasemisc.sty) (/opt/texlive/2023/texmf-dist/tex/latex/beamer/beamerbasetwoscreens.sty) (/opt/texlive/2023/texmf-dist/tex/latex/beamer/beamerbaseoverlay.sty) (/opt/texlive/2023/texmf-dist/tex/latex/beamer/beamerbasetitle.sty) (/opt/texlive/2023/texmf-dist/tex/latex/beamer/beamerbasesection.sty) (/opt/texlive/2023/texmf-dist/tex/latex/beamer/beamerbaseframe.sty) (/opt/texlive/2023/texmf-dist/tex/latex/beamer/beamerbaseverbatim.sty) (/opt/texlive/2023/texmf-dist/tex/latex/beamer/beamerbaseframesize.sty) (/opt/texlive/2023/texmf-dist/tex/latex/beamer/beamerbaseframecomponents.sty) (/opt/texlive/2023/texmf-dist/tex/latex/beamer/beamerbasecolor.sty) (/opt/texlive/2023/texmf-dist/tex/latex/beamer/beamerbasenotes.sty) (/opt/texlive/2023/texmf-dist/tex/latex/beamer/beamerbasetoc.sty) (/opt/texlive/2023/texmf-dist/tex/latex/beamer/beamerbasetemplates.sty (/opt/texlive/2023/texmf-dist/tex/latex/beamer/beamerbaseauxtemplates.sty (/opt/texlive/2023/texmf-dist/tex/latex/beamer/beamerbaseboxes.sty))) (/opt/texlive/2023/texmf-dist/tex/latex/beamer/beamerbaselocalstructure.sty (/opt/texlive/2023/texmf-dist/tex/latex/tools/enumerate.sty)) (/opt/texlive/2023/texmf-dist/tex/latex/beamer/beamerbasenavigation.sty (/opt/texlive/2023/texmf-dist/tex/latex/beamer/beamerbasenavigationsymbols.tex)) (/opt/texlive/2023/texmf-dist/tex/latex/beamer/beamerbasetheorems.sty (/opt/texlive/2023/texmf-dist/tex/latex/amsmath/amsmath.sty
For additional information on amsmath, use the `?' option.
(/opt/texlive/2023/texmf-dist/tex/latex/amsmath/amstext.sty (/opt/texlive/2023/texmf-dist/tex/latex/amsmath/amsgen.sty)) (/opt/texlive/2023/texmf-dist/tex/latex/amsmath/amsbsy.sty) (/opt/texlive/2023/texmf-dist/tex/latex/amsmath/amsopn.sty)) (/opt/texlive/2023/texmf-dist/tex/latex/amscls/amsthm.sty)) (/opt/texlive/2023/texmf-dist/tex/latex/beamer/beamerbasethemes.sty)) (/opt/texlive/2023/texmf-dist/tex/latex/beamer/beamerthemedefault.sty (/opt/texlive/2023/texmf-dist/tex/latex/beamer/beamerfontthemedefault.sty) (/opt/texlive/2023/texmf-dist/tex/latex/beamer/beamercolorthemedefault.sty) (/opt/texlive/2023/texmf-dist/tex/latex/beamer/beamerinnerthemedefault.sty) (/opt/texlive/2023/texmf-dist/tex/latex/beamer/beamerouterthemedefault.sty))) (/opt/texlive/2023/texmf-dist/tex/latex/base/inputenc.sty) (/opt/texlive/2023/texmf-dist/tex/latex/psnfss/helvet.sty) (/opt/texlive/2023/texmf-dist/tex/generic/babel/babel.sty (/opt/texlive/2023/texmf-dist/tex/generic/babel/txtbabel.def) (/opt/texlive/2023/texmf-dist/tex/generic/babel-english/english.ldf) (/opt/texlive/2023/texmf-dist/tex/generic/babel-german/ngerman.ldf (/opt/texlive/2023/texmf-dist/tex/generic/babel-german/ngermanb.ldf))) (/opt/texlive/2023/texmf-dist/tex/generic/babel/locale/de/babel-ngerman.tex) (/opt/texlive/2023/texmf-dist/tex/generic/babel/locale/en/babel-english.tex) (./beamercolorthemetum.sty) (./beamerouterthemetum.sty) (/opt/texlive/2023/texmf-dist/tex/latex/beamer/beamerinnerthemerectangles.sty) (/opt/texlive/2023/texmf-dist/tex/latex/pgf/basiclayer/pgf.sty (/opt/texlive/2023/texmf-dist/tex/generic/pgf/modules/pgfmoduleshapes.code.tex) (/opt/texlive/2023/texmf-dist/tex/generic/pgf/modules/pgfmoduleplot.code.tex) (/opt/texlive/2023/texmf-dist/tex/latex/pgf/compatibility/pgfcomp-version-0-65.sty) (/opt/texlive/2023/texmf-dist/tex/latex/pgf/compatibility/pgfcomp-version-1-18.sty)) (/opt/texlive/2023/texmf-dist/tex/latex/pgf/frontendlayer/tikz.sty (/opt/texlive/2023/texmf-dist/tex/latex/pgf/utilities/pgffor.sty (/opt/texlive/2023/texmf-dist/tex/generic/pgf/utilities/pgffor.code.tex)) (/opt/texlive/2023/texmf-dist/tex/generic/pgf/frontendlayer/tikz/tikz.code.tex (/opt/texlive/2023/texmf-dist/tex/generic/pgf/libraries/pgflibraryplothandlers.code.tex) (/opt/texlive/2023/texmf-dist/tex/generic/pgf/modules/pgfmodulematrix.code.tex) (/opt/texlive/2023/texmf-dist/tex/generic/pgf/frontendlayer/tikz/libraries/tikzlibrarytopaths.code.tex))) (/opt/texlive/2023/texmf-dist/tex/latex/psnfss/ot1phv.fd) (/opt/texlive/2023/texmf-dist/tex/latex/l3backend/l3backend-pdftex.def) (./template-pdflatex.aux)
*geometry* driver: auto-detecting
*geometry* detected driver: pdftex
(/opt/texlive/2023/texmf-dist/tex/context/base/mkii/supp-pdf.mkii
[Loading MPS to PDF converter (version 2006.09.02).]
) (/opt/texlive/2023/texmf-dist/tex/latex/epstopdf-pkg/epstopdf-base.sty (/opt/texlive/2023/texmf-dist/tex/latex/latexconfig/epstopdf-sys.cfg)) (./template-pdflatex.out) (./template-pdflatex.out) (/opt/texlive/2023/texmf-dist/tex/latex/translator/translator-basic-dictionary-English.dict) (/opt/texlive/2023/texmf-dist/tex/latex/translator/translator-bibliography-dictionary-English.dict) (/opt/texlive/2023/texmf-dist/tex/latex/translator/translator-environment-dictionary-English.dict) (/opt/texlive/2023/texmf-dist/tex/latex/translator/translator-months-dictionary-English.dict) (/opt/texlive/2023/texmf-dist/tex/latex/translator/translator-numbers-dictionary-English.dict) (/opt/texlive/2023/texmf-dist/tex/latex/translator/translator-theorem-dictionary-English.dict) (./template-pdflatex.nav) [1{/opt/texlive/2023/texmf-var/fonts/map/pdftex/updmap/pdftex.map}{/opt/texlive/2023/texmf-dist/fonts/enc/dvips/base/8r.enc}] [2] (./template-pdflatex.aux) )</opt/texlive/2023/texmf-dist/fonts/type1/urw/helvetic/uhvr8a.pfb>
Output written on template-pdflatex.pdf (2 pages, 12479 bytes).
SyncTeX written on template-pdflatex.synctex.gz.
Transcript written on template-pdflatex.log.
Latexmk: Getting log file 'template-pdflatex.log'
Latexmk: Examining 'template-pdflatex.fls'
Latexmk: Examining 'template-pdflatex.log'
Latexmk: Log file says output to 'template-pdflatex.pdf'
Latexmk: All targets () are up-to-date

