[10:13:16] Initializing LaTeX Utilities.
[10:13:16] Live Snippets Loaded
[10:13:16] Completion Watcher Initialised
[10:13:16] TexCount args: -merge,-brief
[10:13:16] LaTeX Utilities Started
[10:13:16] TeXCount output for word: 1912+28+0 (16/0/52/0) File: TEPandIntegrity.tex

[10:13:16] TexCount args: -merge,-brief,-char
[10:13:16] LaTeX Utilities version: 0.4.11
[10:13:16] TeXCount output for char: 9776+204+0 (16/0/52/0) File: TEPandIntegrity.tex

[11:31:10] withTelemetry: onDidChangeTextDocument
[11:31:10] withTelemetry: onDidChangeTextDocument
[11:31:10] withTelemetry: onDidChangeTextDocument
[11:31:10] withTelemetry: onDidChangeTextDocument
[11:31:11] withTelemetry: onDidChangeTextDocument
[11:31:11] withTelemetry: onDidChangeTextDocument
[11:31:11] withTelemetry: onDidChangeTextDocument
[11:31:11] withTelemetry: onDidChangeTextDocument
[11:31:11] withTelemetry: onDidChangeTextDocument
[11:31:11] withTelemetry: onDidChangeTextDocument
[11:31:11] withTelemetry: onDidChangeTextDocument
[11:31:11] withTelemetry: onDidChangeTextDocument
[11:31:11] withTelemetry: onDidChangeTextDocument
[11:31:12] withTelemetry: onDidChangeTextDocument
[11:31:12] withTelemetry: onDidChangeTextDocument
[11:31:12] withTelemetry: onDidChangeTextDocument
[11:31:12] withTelemetry: onDidChangeTextDocument
[11:31:12] withTelemetry: onDidChangeTextDocument
[11:31:13] withTelemetry: onDidChangeTextDocument
[11:31:13] withTelemetry: onDidChangeTextDocument
[11:31:13] withTelemetry: onDidChangeTextDocument
[11:31:13] withTelemetry: onDidChangeTextDocument
[11:31:13] withTelemetry: onDidChangeTextDocument
[11:31:14] withTelemetry: onDidChangeTextDocument
[11:31:31] withTelemetry: onDidChangeTextDocument
[11:31:32] withTelemetry: onDidChangeTextDocument
[11:31:32] withTelemetry: onDidChangeTextDocument
[11:31:32] withTelemetry: onDidChangeTextDocument
[11:31:32] withTelemetry: onDidChangeTextDocument
[11:31:32] withTelemetry: onDidChangeTextDocument
[11:31:33] withTelemetry: onDidChangeTextDocument
[11:31:33] withTelemetry: onDidChangeTextDocument
[11:31:33] withTelemetry: onDidChangeTextDocument
[11:31:34] withTelemetry: onDidChangeTextDocument
[11:31:36] withTelemetry: onDidChangeTextDocument
[11:31:36] withTelemetry: onDidChangeTextDocument
[11:31:36] withTelemetry: onDidChangeTextDocument
[11:31:36] withTelemetry: onDidChangeTextDocument
[11:31:37] withTelemetry: onDidChangeTextDocument
[11:31:37] withTelemetry: onDidChangeTextDocument
[11:31:37] withTelemetry: onDidChangeTextDocument
[11:31:38] withTelemetry: onDidChangeTextDocument
[11:31:38] withTelemetry: onDidChangeTextDocument
[11:31:38] withTelemetry: onDidChangeTextDocument
[11:31:38] withTelemetry: onDidChangeTextDocument
[11:31:39] withTelemetry: onDidChangeTextDocument
[11:31:39] withTelemetry: onDidChangeTextDocument
[11:31:39] withTelemetry: onDidChangeTextDocument
[11:31:40] withTelemetry: onDidChangeTextDocument
[11:31:40] withTelemetry: onDidChangeTextDocument
[11:31:40] withTelemetry: onDidChangeTextDocument
[11:31:40] withTelemetry: onDidChangeTextDocument
[11:31:40] withTelemetry: onDidChangeTextDocument
[11:31:57] withTelemetry: onDidChangeTextDocument
[11:31:57] withTelemetry: onDidChangeTextDocument
[11:31:57] withTelemetry: onDidChangeTextDocument
[11:31:57] withTelemetry: onDidChangeTextDocument
[11:31:57] withTelemetry: onDidChangeTextDocument
[11:31:57] withTelemetry: onDidChangeTextDocument
[11:31:58] withTelemetry: onDidChangeTextDocument
[11:31:58] withTelemetry: onDidChangeTextDocument
[11:31:58] withTelemetry: onDidChangeTextDocument
[11:32:01] withTelemetry: onDidChangeTextDocument
[11:32:02] withTelemetry: onDidChangeTextDocument
[11:33:20] withTelemetry: onDidChangeTextDocument
[11:33:20] withTelemetry: onDidChangeTextDocument
[11:33:20] withTelemetry: onDidChangeTextDocument
[11:33:20] withTelemetry: onDidChangeTextDocument
[11:33:20] withTelemetry: onDidChangeTextDocument
[11:33:21] withTelemetry: onDidChangeTextDocument
[11:33:21] withTelemetry: onDidChangeTextDocument
[11:33:21] withTelemetry: onDidChangeTextDocument
[11:33:21] withTelemetry: onDidChangeTextDocument
[11:33:21] withTelemetry: onDidChangeTextDocument
[11:33:21] withTelemetry: onDidChangeTextDocument
[11:33:22] withTelemetry: onDidChangeTextDocument
[11:33:22] withTelemetry: onDidChangeTextDocument
[11:33:22] withTelemetry: onDidChangeTextDocument
[11:33:22] withTelemetry: onDidChangeTextDocument
[11:33:22] withTelemetry: onDidChangeTextDocument
[11:33:22] withTelemetry: onDidChangeTextDocument
[11:33:23] withTelemetry: onDidChangeTextDocument
[11:33:23] withTelemetry: onDidChangeTextDocument
[11:33:23] withTelemetry: onDidChangeTextDocument
[11:33:23] withTelemetry: onDidChangeTextDocument
[11:33:37] withTelemetry: onDidChangeTextDocument
[11:33:37] withTelemetry: onDidChangeTextDocument
[11:33:37] withTelemetry: onDidChangeTextDocument
[11:33:38] withTelemetry: onDidChangeTextDocument
[11:33:39] withTelemetry: onDidChangeTextDocument
[11:33:39] withTelemetry: onDidChangeTextDocument
[11:33:39] withTelemetry: onDidChangeTextDocument
[11:33:39] withTelemetry: onDidChangeTextDocument
[11:33:39] withTelemetry: onDidChangeTextDocument
[11:33:40] withTelemetry: onDidChangeTextDocument
[11:33:40] withTelemetry: onDidChangeTextDocument
[11:33:40] withTelemetry: onDidChangeTextDocument
[11:33:40] withTelemetry: onDidChangeTextDocument
[11:33:40] withTelemetry: onDidChangeTextDocument
[11:33:41] withTelemetry: onDidChangeTextDocument
[11:33:41] withTelemetry: onDidChangeTextDocument
[11:33:41] withTelemetry: onDidChangeTextDocument
[11:33:41] withTelemetry: onDidChangeTextDocument
[11:33:41] withTelemetry: onDidChangeTextDocument
[11:33:42] withTelemetry: onDidChangeTextDocument
[11:33:42] withTelemetry: onDidChangeTextDocument
[11:33:42] withTelemetry: onDidChangeTextDocument
[11:33:43] withTelemetry: onDidChangeTextDocument
[11:33:43] withTelemetry: onDidChangeTextDocument
[11:33:44] withTelemetry: onDidChangeTextDocument
[11:33:45] withTelemetry: onDidChangeTextDocument
[11:33:45] withTelemetry: onDidChangeTextDocument
[11:33:45] withTelemetry: onDidChangeTextDocument
[11:33:45] withTelemetry: onDidChangeTextDocument
[11:33:45] withTelemetry: onDidChangeTextDocument
[11:33:45] withTelemetry: onDidChangeTextDocument
[11:33:46] withTelemetry: onDidChangeTextDocument
[11:33:46] withTelemetry: onDidChangeTextDocument
[11:33:46] withTelemetry: onDidChangeTextDocument
[11:33:47] withTelemetry: onDidChangeTextDocument
[11:33:47] withTelemetry: onDidChangeTextDocument
[11:33:47] withTelemetry: onDidChangeTextDocument
[11:33:47] withTelemetry: onDidChangeTextDocument
[11:33:49] withTelemetry: onDidChangeTextDocument
[11:33:49] withTelemetry: onDidChangeTextDocument
[11:33:49] withTelemetry: onDidChangeTextDocument
[11:33:49] withTelemetry: onDidChangeTextDocument
[11:33:49] withTelemetry: onDidChangeTextDocument
[11:33:50] withTelemetry: onDidChangeTextDocument
[11:33:50] withTelemetry: onDidChangeTextDocument
[11:33:52] withTelemetry: onDidChangeTextDocument
[11:33:52] withTelemetry: onDidChangeTextDocument
[11:33:52] withTelemetry: onDidChangeTextDocument
[11:33:53] withTelemetry: onDidChangeTextDocument
[11:33:53] withTelemetry: onDidChangeTextDocument
[11:33:54] withTelemetry: onDidChangeTextDocument
[11:33:54] withTelemetry: onDidChangeTextDocument
[11:33:54] withTelemetry: onDidChangeTextDocument
[11:33:54] withTelemetry: onDidChangeTextDocument
[11:33:54] withTelemetry: onDidChangeTextDocument
[11:33:55] withTelemetry: onDidChangeTextDocument
[11:33:56] withTelemetry: onDidChangeTextDocument
[11:33:58] withTelemetry: onDidChangeTextDocument
[11:33:59] withTelemetry: onDidChangeTextDocument
[11:34:06] withTelemetry: onDidChangeTextDocument
[11:34:06] withTelemetry: onDidChangeTextDocument
[11:34:06] withTelemetry: onDidChangeTextDocument
[11:34:06] withTelemetry: onDidChangeTextDocument
[11:34:06] withTelemetry: onDidChangeTextDocument
[11:34:08] withTelemetry: onDidChangeTextDocument
[11:34:08] withTelemetry: onDidChangeTextDocument
[11:34:08] withTelemetry: onDidChangeTextDocument
[11:34:09] withTelemetry: onDidChangeTextDocument
[11:34:10] withTelemetry: onDidChangeTextDocument
[11:34:13] withTelemetry: onDidChangeTextDocument
[11:34:13] withTelemetry: onDidChangeTextDocument
[11:34:13] withTelemetry: onDidChangeTextDocument
[11:34:14] withTelemetry: onDidChangeTextDocument
[11:34:14] withTelemetry: onDidChangeTextDocument
[11:34:14] withTelemetry: onDidChangeTextDocument
[11:34:15] withTelemetry: onDidChangeTextDocument
[11:34:15] withTelemetry: onDidChangeTextDocument
[11:34:15] withTelemetry: onDidChangeTextDocument
[11:34:15] withTelemetry: onDidChangeTextDocument
[11:34:15] withTelemetry: onDidChangeTextDocument
[11:34:15] withTelemetry: onDidChangeTextDocument
[11:34:16] withTelemetry: onDidChangeTextDocument
[11:34:17] withTelemetry: onDidChangeTextDocument
[11:34:17] withTelemetry: onDidChangeTextDocument
[11:34:17] withTelemetry: onDidChangeTextDocument
[11:34:18] withTelemetry: onDidChangeTextDocument
[11:34:18] withTelemetry: onDidChangeTextDocument
[11:34:18] withTelemetry: onDidChangeTextDocument
[11:34:18] withTelemetry: onDidChangeTextDocument
[11:34:18] withTelemetry: onDidChangeTextDocument
[11:34:18] withTelemetry: onDidChangeTextDocument
[11:34:18] withTelemetry: onDidChangeTextDocument
[11:34:18] withTelemetry: onDidChangeTextDocument
[11:34:18] withTelemetry: onDidChangeTextDocument
[11:34:19] withTelemetry: onDidChangeTextDocument
[11:34:19] withTelemetry: onDidChangeTextDocument
[11:34:19] withTelemetry: onDidChangeTextDocument
[11:34:19] withTelemetry: onDidChangeTextDocument
[11:34:19] withTelemetry: onDidChangeTextDocument
[11:34:19] withTelemetry: onDidChangeTextDocument
[11:34:19] withTelemetry: onDidChangeTextDocument
[11:35:37] withTelemetry: onDidChangeTextDocument
[11:35:38] withTelemetry: onDidChangeTextDocument
[11:35:38] withTelemetry: onDidChangeTextDocument
[11:35:38] withTelemetry: onDidChangeTextDocument
[11:35:39] withTelemetry: onDidChangeTextDocument
[11:35:39] withTelemetry: onDidChangeTextDocument
[11:35:40] withTelemetry: onDidChangeTextDocument
[11:35:40] withTelemetry: onDidChangeTextDocument
[11:35:40] withTelemetry: onDidChangeTextDocument
[11:35:40] withTelemetry: onDidChangeTextDocument
[11:35:40] withTelemetry: onDidChangeTextDocument
[11:35:40] withTelemetry: onDidChangeTextDocument
[11:35:41] withTelemetry: onDidChangeTextDocument
[11:35:41] withTelemetry: onDidChangeTextDocument
[11:35:41] withTelemetry: onDidChangeTextDocument
[11:35:41] withTelemetry: onDidChangeTextDocument
[11:35:43] withTelemetry: onDidChangeTextDocument
[11:35:43] withTelemetry: onDidChangeTextDocument
[11:35:43] withTelemetry: onDidChangeTextDocument
[11:35:45] withTelemetry: onDidChangeTextDocument
[11:35:46] withTelemetry: onDidChangeTextDocument
[11:35:46] withTelemetry: onDidChangeTextDocument
[11:35:46] withTelemetry: onDidChangeTextDocument
[11:35:46] withTelemetry: onDidChangeTextDocument
[11:35:46] withTelemetry: onDidChangeTextDocument
[11:35:46] withTelemetry: onDidChangeTextDocument
[11:35:46] withTelemetry: onDidChangeTextDocument
[11:35:46] withTelemetry: onDidChangeTextDocument
[11:35:46] withTelemetry: onDidChangeTextDocument
[11:35:46] withTelemetry: onDidChangeTextDocument
[11:35:46] withTelemetry: onDidChangeTextDocument
[11:35:46] withTelemetry: onDidChangeTextDocument
[11:35:46] withTelemetry: onDidChangeTextDocument
[11:35:46] withTelemetry: onDidChangeTextDocument
[11:35:47] withTelemetry: onDidChangeTextDocument
[11:35:47] withTelemetry: onDidChangeTextDocument
[11:35:49] withTelemetry: onDidChangeTextDocument
[11:35:49] withTelemetry: onDidChangeTextDocument
[11:35:49] withTelemetry: onDidChangeTextDocument
[11:35:49] withTelemetry: onDidChangeTextDocument
[11:35:49] withTelemetry: onDidChangeTextDocument
[11:35:50] withTelemetry: onDidChangeTextDocument
[11:35:50] withTelemetry: onDidChangeTextDocument
[11:35:50] withTelemetry: onDidChangeTextDocument
[11:35:50] withTelemetry: onDidChangeTextDocument
[11:35:50] withTelemetry: onDidChangeTextDocument
[11:35:50] withTelemetry: onDidChangeTextDocument
[11:35:51] withTelemetry: onDidChangeTextDocument
[11:39:26] withTelemetry: onDidChangeTextDocument
[11:39:27] withTelemetry: onDidChangeTextDocument
[11:39:27] withTelemetry: onDidChangeTextDocument
[11:39:27] withTelemetry: onDidChangeTextDocument
[11:39:27] withTelemetry: onDidChangeTextDocument
[11:39:27] withTelemetry: onDidChangeTextDocument
[11:39:27] withTelemetry: onDidChangeTextDocument
[11:39:27] withTelemetry: onDidChangeTextDocument
[11:39:27] withTelemetry: onDidChangeTextDocument
[11:39:28] withTelemetry: onDidChangeTextDocument
[11:39:28] withTelemetry: onDidChangeTextDocument
[11:39:28] withTelemetry: onDidChangeTextDocument
[11:39:29] withTelemetry: onDidChangeTextDocument
[11:39:29] withTelemetry: onDidChangeTextDocument
[11:39:29] withTelemetry: onDidChangeTextDocument
[11:39:29] withTelemetry: onDidChangeTextDocument
[11:39:29] withTelemetry: onDidChangeTextDocument
[11:39:30] withTelemetry: onDidChangeTextDocument
[11:39:30] withTelemetry: onDidChangeTextDocument
[11:39:30] withTelemetry: onDidChangeTextDocument
[11:39:30] withTelemetry: onDidChangeTextDocument
[11:39:30] withTelemetry: onDidChangeTextDocument
[11:39:31] withTelemetry: onDidChangeTextDocument
[11:39:31] withTelemetry: onDidChangeTextDocument
[11:39:31] withTelemetry: onDidChangeTextDocument
[11:39:31] withTelemetry: onDidChangeTextDocument
[11:39:31] withTelemetry: onDidChangeTextDocument
[11:39:31] withTelemetry: onDidChangeTextDocument
[11:39:32] withTelemetry: onDidChangeTextDocument
[11:39:32] withTelemetry: onDidChangeTextDocument
[11:39:32] withTelemetry: onDidChangeTextDocument
[11:39:34] withTelemetry: onDidChangeTextDocument
[11:39:34] withTelemetry: onDidChangeTextDocument
[11:39:34] withTelemetry: onDidChangeTextDocument
[11:39:35] withTelemetry: onDidChangeTextDocument
[11:39:35] withTelemetry: onDidChangeTextDocument
[11:39:35] withTelemetry: onDidChangeTextDocument
[11:39:36] withTelemetry: onDidChangeTextDocument
[11:39:36] withTelemetry: onDidChangeTextDocument
[11:39:36] withTelemetry: onDidChangeTextDocument
[11:39:36] withTelemetry: onDidChangeTextDocument
[11:39:37] withTelemetry: onDidChangeTextDocument
[11:39:37] withTelemetry: onDidChangeTextDocument
[11:39:37] withTelemetry: onDidChangeTextDocument
[11:39:37] withTelemetry: onDidChangeTextDocument
[11:39:39] withTelemetry: onDidChangeTextDocument
[11:39:39] withTelemetry: onDidChangeTextDocument
[11:39:39] withTelemetry: onDidChangeTextDocument
[11:39:39] withTelemetry: onDidChangeTextDocument
[11:39:40] withTelemetry: onDidChangeTextDocument
[11:39:40] withTelemetry: onDidChangeTextDocument
[11:39:40] withTelemetry: onDidChangeTextDocument
[11:39:40] withTelemetry: onDidChangeTextDocument
[11:39:41] withTelemetry: onDidChangeTextDocument
[11:39:42] withTelemetry: onDidChangeTextDocument
[11:39:42] withTelemetry: onDidChangeTextDocument
[11:39:42] withTelemetry: onDidChangeTextDocument
[11:39:42] withTelemetry: onDidChangeTextDocument
[11:39:45] withTelemetry: onDidChangeTextDocument
[11:39:46] withTelemetry: onDidChangeTextDocument
[11:39:46] withTelemetry: onDidChangeTextDocument
[11:39:46] withTelemetry: onDidChangeTextDocument
[11:39:46] withTelemetry: onDidChangeTextDocument
[11:39:46] withTelemetry: onDidChangeTextDocument
[11:39:46] withTelemetry: onDidChangeTextDocument
[11:39:46] withTelemetry: onDidChangeTextDocument
[11:39:46] withTelemetry: onDidChangeTextDocument
[11:39:46] withTelemetry: onDidChangeTextDocument
[11:39:46] withTelemetry: onDidChangeTextDocument
[11:39:46] withTelemetry: onDidChangeTextDocument
[11:39:46] withTelemetry: onDidChangeTextDocument
[11:39:46] withTelemetry: onDidChangeTextDocument
[11:39:46] withTelemetry: onDidChangeTextDocument
[11:39:46] withTelemetry: onDidChangeTextDocument
[11:39:46] withTelemetry: onDidChangeTextDocument
[11:39:46] withTelemetry: onDidChangeTextDocument
[11:39:46] withTelemetry: onDidChangeTextDocument
[11:39:46] withTelemetry: onDidChangeTextDocument
[11:39:46] withTelemetry: onDidChangeTextDocument
[11:39:46] withTelemetry: onDidChangeTextDocument
[11:39:46] withTelemetry: onDidChangeTextDocument
[11:39:46] withTelemetry: onDidChangeTextDocument
[11:39:46] withTelemetry: onDidChangeTextDocument
[11:39:46] withTelemetry: onDidChangeTextDocument
[11:39:47] withTelemetry: onDidChangeTextDocument
[11:39:47] withTelemetry: onDidChangeTextDocument
[11:39:47] withTelemetry: onDidChangeTextDocument
[11:39:48] withTelemetry: onDidChangeTextDocument
[11:39:48] withTelemetry: onDidChangeTextDocument
[11:39:48] withTelemetry: onDidChangeTextDocument
[11:39:48] withTelemetry: onDidChangeTextDocument
[11:39:48] withTelemetry: onDidChangeTextDocument
[11:39:48] withTelemetry: onDidChangeTextDocument
[11:39:49] withTelemetry: onDidChangeTextDocument
[11:39:49] withTelemetry: onDidChangeTextDocument
[11:39:49] withTelemetry: onDidChangeTextDocument
[11:39:49] withTelemetry: onDidChangeTextDocument
[11:39:49] withTelemetry: onDidChangeTextDocument
[11:39:50] withTelemetry: onDidChangeTextDocument
[11:39:50] withTelemetry: onDidChangeTextDocument
[11:39:51] withTelemetry: onDidChangeTextDocument
[11:39:51] withTelemetry: onDidChangeTextDocument
[11:39:51] withTelemetry: onDidChangeTextDocument
[11:39:51] withTelemetry: onDidChangeTextDocument
[11:39:51] withTelemetry: onDidChangeTextDocument
[11:39:51] withTelemetry: onDidChangeTextDocument
[11:39:51] withTelemetry: onDidChangeTextDocument
[11:39:52] withTelemetry: onDidChangeTextDocument
[11:39:52] withTelemetry: onDidChangeTextDocument
[11:39:52] withTelemetry: onDidChangeTextDocument
[11:39:52] withTelemetry: onDidChangeTextDocument
[11:39:52] withTelemetry: onDidChangeTextDocument
[11:39:52] withTelemetry: onDidChangeTextDocument
[11:39:53] withTelemetry: onDidChangeTextDocument
[11:39:53] withTelemetry: onDidChangeTextDocument
[11:39:53] withTelemetry: onDidChangeTextDocument
[11:39:54] withTelemetry: onDidChangeTextDocument
[11:39:54] withTelemetry: onDidChangeTextDocument
[11:39:54] withTelemetry: onDidChangeTextDocument
[11:39:54] withTelemetry: onDidChangeTextDocument
[11:39:54] withTelemetry: onDidChangeTextDocument
[11:39:54] withTelemetry: onDidChangeTextDocument
[11:39:55] withTelemetry: onDidChangeTextDocument
[11:39:55] withTelemetry: onDidChangeTextDocument
[11:39:55] withTelemetry: onDidChangeTextDocument
[11:39:55] withTelemetry: onDidChangeTextDocument
[11:39:55] withTelemetry: onDidChangeTextDocument
[11:39:55] withTelemetry: onDidChangeTextDocument
[11:39:56] withTelemetry: onDidChangeTextDocument
[11:39:56] withTelemetry: onDidChangeTextDocument
[11:39:56] withTelemetry: onDidChangeTextDocument
[11:39:56] withTelemetry: onDidChangeTextDocument
[11:39:57] withTelemetry: onDidChangeTextDocument
[11:39:57] withTelemetry: onDidChangeTextDocument
[11:39:58] withTelemetry: onDidChangeTextDocument
[11:39:58] withTelemetry: onDidChangeTextDocument
[11:39:58] withTelemetry: onDidChangeTextDocument
[11:39:58] withTelemetry: onDidChangeTextDocument
[11:39:58] withTelemetry: onDidChangeTextDocument
[11:39:58] withTelemetry: onDidChangeTextDocument
[11:39:59] withTelemetry: onDidChangeTextDocument
[11:39:59] withTelemetry: onDidChangeTextDocument
[11:39:59] withTelemetry: onDidChangeTextDocument
[11:39:59] withTelemetry: onDidChangeTextDocument
[11:39:59] withTelemetry: onDidChangeTextDocument
[11:40:01] withTelemetry: onDidChangeTextDocument
[11:40:01] withTelemetry: onDidChangeTextDocument
[11:40:01] withTelemetry: onDidChangeTextDocument
[11:40:01] withTelemetry: onDidChangeTextDocument
[11:40:01] withTelemetry: onDidChangeTextDocument
[11:40:02] withTelemetry: onDidChangeTextDocument
[11:40:02] withTelemetry: onDidChangeTextDocument
[11:40:02] withTelemetry: onDidChangeTextDocument
[11:40:02] withTelemetry: onDidChangeTextDocument
[11:40:02] withTelemetry: onDidChangeTextDocument
[11:40:03] withTelemetry: onDidChangeTextDocument
[11:40:03] withTelemetry: onDidChangeTextDocument
[11:40:03] withTelemetry: onDidChangeTextDocument
[11:40:03] withTelemetry: onDidChangeTextDocument
[11:40:03] withTelemetry: onDidChangeTextDocument
[11:40:04] withTelemetry: onDidChangeTextDocument
[11:40:04] withTelemetry: onDidChangeTextDocument
[11:40:04] withTelemetry: onDidChangeTextDocument
[11:40:04] withTelemetry: onDidChangeTextDocument
[11:40:05] withTelemetry: onDidChangeTextDocument
[11:40:05] withTelemetry: onDidChangeTextDocument
[11:40:06] withTelemetry: onDidChangeTextDocument
[11:40:06] withTelemetry: onDidChangeTextDocument
[11:40:06] withTelemetry: onDidChangeTextDocument
[11:40:06] withTelemetry: onDidChangeTextDocument
[11:40:08] withTelemetry: onDidChangeTextDocument
[11:40:08] withTelemetry: onDidChangeTextDocument
[11:40:08] withTelemetry: onDidChangeTextDocument
[11:40:08] withTelemetry: onDidChangeTextDocument
[11:44:35] withTelemetry: onDidChangeTextDocument
[11:44:39] withTelemetry: onDidChangeTextDocument
[11:44:39] withTelemetry: onDidChangeTextDocument
[11:44:39] withTelemetry: onDidChangeTextDocument
[11:44:40] withTelemetry: onDidChangeTextDocument
[11:44:40] withTelemetry: onDidChangeTextDocument
[11:44:41] withTelemetry: onDidChangeTextDocument
[11:44:41] withTelemetry: onDidChangeTextDocument
[11:44:42] withTelemetry: onDidChangeTextDocument
[11:44:43] withTelemetry: onDidChangeTextDocument
[11:44:44] withTelemetry: onDidChangeTextDocument
[11:44:44] withTelemetry: onDidChangeTextDocument
[11:44:44] withTelemetry: onDidChangeTextDocument
[11:44:44] withTelemetry: onDidChangeTextDocument
[11:44:44] withTelemetry: onDidChangeTextDocument
[11:44:44] withTelemetry: onDidChangeTextDocument
[11:44:45] withTelemetry: onDidChangeTextDocument
[11:44:45] withTelemetry: onDidChangeTextDocument
[11:44:45] withTelemetry: onDidChangeTextDocument
[11:44:45] withTelemetry: onDidChangeTextDocument
[11:44:45] withTelemetry: onDidChangeTextDocument
[11:44:45] withTelemetry: onDidChangeTextDocument
[11:44:49] withTelemetry: onDidChangeTextDocument
[11:44:49] withTelemetry: onDidChangeTextDocument
[11:44:49] withTelemetry: onDidChangeTextDocument
[11:44:49] withTelemetry: onDidChangeTextDocument
[11:44:49] withTelemetry: onDidChangeTextDocument
[11:44:49] withTelemetry: onDidChangeTextDocument
[11:44:50] withTelemetry: onDidChangeTextDocument
[11:44:50] withTelemetry: onDidChangeTextDocument
[11:44:50] withTelemetry: onDidChangeTextDocument
[11:44:50] withTelemetry: onDidChangeTextDocument
[11:44:50] withTelemetry: onDidChangeTextDocument
[11:44:51] withTelemetry: onDidChangeTextDocument
[11:44:51] withTelemetry: onDidChangeTextDocument
[11:44:51] withTelemetry: onDidChangeTextDocument
[11:44:51] withTelemetry: onDidChangeTextDocument
[11:44:51] withTelemetry: onDidChangeTextDocument
[11:44:51] withTelemetry: onDidChangeTextDocument
[11:44:52] withTelemetry: onDidChangeTextDocument
[11:44:52] withTelemetry: onDidChangeTextDocument
[11:44:52] withTelemetry: onDidChangeTextDocument
[11:44:52] withTelemetry: onDidChangeTextDocument
[11:44:53] withTelemetry: onDidChangeTextDocument
[11:44:53] withTelemetry: onDidChangeTextDocument
[11:44:53] withTelemetry: onDidChangeTextDocument
[11:44:53] withTelemetry: onDidChangeTextDocument
[11:44:53] withTelemetry: onDidChangeTextDocument
[11:44:53] withTelemetry: onDidChangeTextDocument
[11:44:54] withTelemetry: onDidChangeTextDocument
[11:44:54] withTelemetry: onDidChangeTextDocument
[11:44:54] withTelemetry: onDidChangeTextDocument
[11:44:54] withTelemetry: onDidChangeTextDocument
[11:44:54] withTelemetry: onDidChangeTextDocument
[11:44:54] withTelemetry: onDidChangeTextDocument
[11:44:54] withTelemetry: onDidChangeTextDocument
[11:44:55] withTelemetry: onDidChangeTextDocument
[11:44:55] withTelemetry: onDidChangeTextDocument
[11:44:55] withTelemetry: onDidChangeTextDocument
[11:44:56] withTelemetry: onDidChangeTextDocument
[11:44:56] withTelemetry: onDidChangeTextDocument
[11:44:56] withTelemetry: onDidChangeTextDocument
[11:44:57] withTelemetry: onDidChangeTextDocument
[11:44:57] withTelemetry: onDidChangeTextDocument
[11:44:57] withTelemetry: onDidChangeTextDocument
[11:44:57] withTelemetry: onDidChangeTextDocument
[11:44:59] withTelemetry: onDidChangeTextDocument
[11:44:59] withTelemetry: onDidChangeTextDocument
[11:44:59] withTelemetry: onDidChangeTextDocument
[11:44:59] withTelemetry: onDidChangeTextDocument
[11:44:59] withTelemetry: onDidChangeTextDocument
[11:45:00] withTelemetry: onDidChangeTextDocument
[11:45:00] withTelemetry: onDidChangeTextDocument
[11:45:00] withTelemetry: onDidChangeTextDocument
[11:45:00] withTelemetry: onDidChangeTextDocument
[11:45:01] withTelemetry: onDidChangeTextDocument
[11:45:01] withTelemetry: onDidChangeTextDocument
[11:45:01] withTelemetry: onDidChangeTextDocument
[11:45:01] withTelemetry: onDidChangeTextDocument
[11:45:01] withTelemetry: onDidChangeTextDocument
[11:45:01] withTelemetry: onDidChangeTextDocument
[11:45:03] withTelemetry: onDidChangeTextDocument
[11:45:03] withTelemetry: onDidChangeTextDocument
[11:45:03] withTelemetry: onDidChangeTextDocument
[11:45:03] withTelemetry: onDidChangeTextDocument
[11:45:03] withTelemetry: onDidChangeTextDocument
[11:45:03] withTelemetry: onDidChangeTextDocument
[11:45:03] withTelemetry: onDidChangeTextDocument
[11:45:05] withTelemetry: onDidChangeTextDocument
[11:45:05] withTelemetry: onDidChangeTextDocument
[11:45:05] withTelemetry: onDidChangeTextDocument
[11:45:06] withTelemetry: onDidChangeTextDocument
[11:45:07] withTelemetry: onDidChangeTextDocument
[11:45:07] withTelemetry: onDidChangeTextDocument
[11:45:08] withTelemetry: onDidChangeTextDocument
[11:45:08] withTelemetry: onDidChangeTextDocument
[11:45:08] withTelemetry: onDidChangeTextDocument
[11:45:08] withTelemetry: onDidChangeTextDocument
[11:45:09] withTelemetry: onDidChangeTextDocument
[11:45:09] withTelemetry: onDidChangeTextDocument
[11:45:09] withTelemetry: onDidChangeTextDocument
[11:45:09] withTelemetry: onDidChangeTextDocument
[11:45:10] withTelemetry: onDidChangeTextDocument
[11:45:10] withTelemetry: onDidChangeTextDocument
[11:45:10] withTelemetry: onDidChangeTextDocument
[11:45:11] withTelemetry: onDidChangeTextDocument
[11:45:11] withTelemetry: onDidChangeTextDocument
[11:45:11] withTelemetry: onDidChangeTextDocument
[11:45:11] withTelemetry: onDidChangeTextDocument
[11:45:12] withTelemetry: onDidChangeTextDocument
[11:45:12] withTelemetry: onDidChangeTextDocument
[11:45:12] withTelemetry: onDidChangeTextDocument
[11:45:12] withTelemetry: onDidChangeTextDocument
[11:45:12] withTelemetry: onDidChangeTextDocument
[11:45:13] withTelemetry: onDidChangeTextDocument
[11:45:27] withTelemetry: onDidChangeTextDocument
[11:45:27] withTelemetry: onDidChangeTextDocument
[11:45:28] withTelemetry: onDidChangeTextDocument
[11:45:28] withTelemetry: onDidChangeTextDocument
[11:45:28] withTelemetry: onDidChangeTextDocument
[11:45:28] withTelemetry: onDidChangeTextDocument
[11:45:28] withTelemetry: onDidChangeTextDocument
[11:45:29] withTelemetry: onDidChangeTextDocument
[11:45:29] withTelemetry: onDidChangeTextDocument
[11:45:29] withTelemetry: onDidChangeTextDocument
[11:45:30] withTelemetry: onDidChangeTextDocument
[11:45:30] withTelemetry: onDidChangeTextDocument
[11:45:30] withTelemetry: onDidChangeTextDocument
[11:45:30] withTelemetry: onDidChangeTextDocument
[11:45:30] withTelemetry: onDidChangeTextDocument
[11:45:30] withTelemetry: onDidChangeTextDocument
[11:45:30] withTelemetry: onDidChangeTextDocument
[11:45:31] withTelemetry: onDidChangeTextDocument
[11:45:31] withTelemetry: onDidChangeTextDocument
[11:45:32] withTelemetry: onDidChangeTextDocument
[11:45:32] withTelemetry: onDidChangeTextDocument
[11:45:32] withTelemetry: onDidChangeTextDocument
[11:45:32] withTelemetry: onDidChangeTextDocument
[11:45:33] withTelemetry: onDidChangeTextDocument
[11:45:33] withTelemetry: onDidChangeTextDocument
[11:45:34] withTelemetry: onDidChangeTextDocument
[11:45:34] withTelemetry: onDidChangeTextDocument
[11:45:44] withTelemetry: onDidChangeTextDocument
[11:45:44] withTelemetry: onDidChangeTextDocument
[11:45:45] withTelemetry: onDidChangeTextDocument
[11:45:45] withTelemetry: onDidChangeTextDocument
[11:45:45] withTelemetry: onDidChangeTextDocument
[11:45:45] withTelemetry: onDidChangeTextDocument
[11:45:45] withTelemetry: onDidChangeTextDocument
[11:45:46] withTelemetry: onDidChangeTextDocument
[11:45:47] withTelemetry: onDidChangeTextDocument
[11:45:48] withTelemetry: onDidChangeTextDocument
[11:45:48] withTelemetry: onDidChangeTextDocument
[11:45:48] withTelemetry: onDidChangeTextDocument
[11:45:50] withTelemetry: onDidChangeTextDocument
[11:45:51] withTelemetry: onDidChangeTextDocument
[11:45:51] withTelemetry: onDidChangeTextDocument
[11:45:51] withTelemetry: onDidChangeTextDocument
[11:45:51] withTelemetry: onDidChangeTextDocument
[11:45:51] withTelemetry: onDidChangeTextDocument
[11:45:52] withTelemetry: onDidChangeTextDocument
[11:45:52] withTelemetry: onDidChangeTextDocument
[11:45:52] withTelemetry: onDidChangeTextDocument
[11:45:52] withTelemetry: onDidChangeTextDocument
[11:45:52] withTelemetry: onDidChangeTextDocument
[11:45:53] withTelemetry: onDidChangeTextDocument
[11:45:53] withTelemetry: onDidChangeTextDocument
[11:45:53] withTelemetry: onDidChangeTextDocument
[11:45:53] withTelemetry: onDidChangeTextDocument
[11:45:54] withTelemetry: onDidChangeTextDocument
[11:45:54] withTelemetry: onDidChangeTextDocument
[11:45:54] withTelemetry: onDidChangeTextDocument
[11:45:55] withTelemetry: onDidChangeTextDocument
[11:45:55] withTelemetry: onDidChangeTextDocument
[11:45:57] withTelemetry: onDidChangeTextDocument
[11:45:57] withTelemetry: onDidChangeTextDocument
[11:45:57] withTelemetry: onDidChangeTextDocument
[11:45:57] withTelemetry: onDidChangeTextDocument
[11:45:58] withTelemetry: onDidChangeTextDocument
[11:45:58] withTelemetry: onDidChangeTextDocument
[11:45:58] withTelemetry: onDidChangeTextDocument
[11:45:59] withTelemetry: onDidChangeTextDocument
[11:45:59] withTelemetry: onDidChangeTextDocument
[11:45:59] withTelemetry: onDidChangeTextDocument
[11:45:59] withTelemetry: onDidChangeTextDocument
[11:45:59] withTelemetry: onDidChangeTextDocument
[11:45:59] withTelemetry: onDidChangeTextDocument
[11:45:59] withTelemetry: onDidChangeTextDocument
[11:46:00] withTelemetry: onDidChangeTextDocument
[11:46:01] withTelemetry: onDidChangeTextDocument
[11:46:01] withTelemetry: onDidChangeTextDocument
[11:46:02] withTelemetry: onDidChangeTextDocument
[11:46:02] withTelemetry: onDidChangeTextDocument
[11:46:02] withTelemetry: onDidChangeTextDocument
[11:46:12] withTelemetry: onDidChangeTextDocument
[11:46:12] withTelemetry: onDidChangeTextDocument
[11:46:13] withTelemetry: onDidChangeTextDocument
[11:46:13] withTelemetry: onDidChangeTextDocument
[11:46:13] withTelemetry: onDidChangeTextDocument
[11:46:13] withTelemetry: onDidChangeTextDocument
[11:46:13] withTelemetry: onDidChangeTextDocument
[11:46:13] withTelemetry: onDidChangeTextDocument
[11:46:14] withTelemetry: onDidChangeTextDocument
[11:46:14] withTelemetry: onDidChangeTextDocument
[11:46:14] withTelemetry: onDidChangeTextDocument
[11:46:14] withTelemetry: onDidChangeTextDocument
[11:46:14] withTelemetry: onDidChangeTextDocument
[11:46:14] withTelemetry: onDidChangeTextDocument
[11:46:15] withTelemetry: onDidChangeTextDocument
[11:46:15] withTelemetry: onDidChangeTextDocument
[11:46:15] withTelemetry: onDidChangeTextDocument
[11:46:15] withTelemetry: onDidChangeTextDocument
[11:46:15] withTelemetry: onDidChangeTextDocument
[11:46:16] withTelemetry: onDidChangeTextDocument
[11:46:16] withTelemetry: onDidChangeTextDocument
[11:46:16] withTelemetry: onDidChangeTextDocument
[11:46:17] withTelemetry: onDidChangeTextDocument
[11:46:17] withTelemetry: onDidChangeTextDocument
[11:46:17] withTelemetry: onDidChangeTextDocument
[11:46:17] withTelemetry: onDidChangeTextDocument
[11:46:17] withTelemetry: onDidChangeTextDocument
[11:46:18] withTelemetry: onDidChangeTextDocument
[11:46:18] withTelemetry: onDidChangeTextDocument
[11:46:18] withTelemetry: onDidChangeTextDocument
[11:46:18] withTelemetry: onDidChangeTextDocument
[11:46:18] withTelemetry: onDidChangeTextDocument
[11:46:18] withTelemetry: onDidChangeTextDocument
[11:46:19] withTelemetry: onDidChangeTextDocument
[11:46:19] withTelemetry: onDidChangeTextDocument
[11:46:19] withTelemetry: onDidChangeTextDocument
[11:46:19] withTelemetry: onDidChangeTextDocument
[11:46:19] withTelemetry: onDidChangeTextDocument
[11:46:19] withTelemetry: onDidChangeTextDocument
[11:46:19] withTelemetry: onDidChangeTextDocument
[11:46:41] withTelemetry: onDidChangeTextDocument
[11:46:41] withTelemetry: onDidChangeTextDocument
[11:46:42] withTelemetry: onDidChangeTextDocument
[11:46:42] withTelemetry: onDidChangeTextDocument
[11:46:48] withTelemetry: onDidChangeTextDocument
[11:46:48] withTelemetry: onDidChangeTextDocument
[11:46:51] withTelemetry: onDidChangeTextDocument
[11:46:51] withTelemetry: onDidChangeTextDocument
[11:46:52] withTelemetry: onDidChangeTextDocument
[11:46:52] withTelemetry: onDidChangeTextDocument
[11:47:16] withTelemetry: onDidChangeTextDocument
[11:47:19] withTelemetry: onDidChangeTextDocument
[11:47:19] withTelemetry: onDidChangeTextDocument
[11:47:19] withTelemetry: onDidChangeTextDocument
[11:47:19] withTelemetry: onDidChangeTextDocument
[11:47:19] withTelemetry: onDidChangeTextDocument
[11:47:19] withTelemetry: onDidChangeTextDocument
[11:47:20] withTelemetry: onDidChangeTextDocument
[11:47:20] withTelemetry: onDidChangeTextDocument
[11:47:20] withTelemetry: onDidChangeTextDocument
[11:47:20] withTelemetry: onDidChangeTextDocument
[11:47:20] withTelemetry: onDidChangeTextDocument
[11:47:21] withTelemetry: onDidChangeTextDocument
[11:47:21] withTelemetry: onDidChangeTextDocument
[11:47:24] withTelemetry: onDidChangeTextDocument
[11:47:25] withTelemetry: onDidChangeTextDocument
[11:47:26] withTelemetry: onDidChangeTextDocument
[11:47:26] withTelemetry: onDidChangeTextDocument
[11:47:26] withTelemetry: onDidChangeTextDocument
[11:47:27] withTelemetry: onDidChangeTextDocument
[11:47:27] withTelemetry: onDidChangeTextDocument
[11:47:27] withTelemetry: onDidChangeTextDocument
[11:47:27] withTelemetry: onDidChangeTextDocument
[11:48:03] withTelemetry: onDidChangeTextDocument
[11:48:04] withTelemetry: onDidChangeTextDocument
[11:48:04] withTelemetry: onDidChangeTextDocument
[11:48:04] withTelemetry: onDidChangeTextDocument
[11:48:05] withTelemetry: onDidChangeTextDocument
[11:48:05] withTelemetry: onDidChangeTextDocument
[11:48:06] withTelemetry: onDidChangeTextDocument
[11:48:10] withTelemetry: onDidChangeTextDocument
[11:48:10] withTelemetry: onDidChangeTextDocument
[11:48:10] withTelemetry: onDidChangeTextDocument
[11:48:11] withTelemetry: onDidChangeTextDocument
[11:48:12] withTelemetry: onDidChangeTextDocument
[11:48:12] withTelemetry: onDidChangeTextDocument
[11:48:13] withTelemetry: onDidChangeTextDocument
[11:48:14] withTelemetry: onDidChangeTextDocument
[11:48:14] withTelemetry: onDidChangeTextDocument
[11:48:14] withTelemetry: onDidChangeTextDocument
[11:48:14] withTelemetry: onDidChangeTextDocument
[11:48:16] withTelemetry: onDidChangeTextDocument
[11:48:18] withTelemetry: onDidChangeTextDocument
[11:48:18] withTelemetry: onDidChangeTextDocument
[11:48:18] withTelemetry: onDidSaveTextDocument_tex_wordcounter
[11:48:18] TexCount args: -merge,-brief
[11:48:18] TeXCount output for word: 1979+28+0 (16/0/54/0) File: TEPandIntegrity.tex

[11:48:18] TexCount args: -merge,-brief,-char
[11:48:19] TeXCount output for char: 10089+204+0 (16/0/54/0) File: TEPandIntegrity.tex

[11:48:20] withTelemetry: onDidChangeActiveTextEditor_tex_wordcounter
[11:48:27] withTelemetry: onDidChangeActiveTextEditor_tex_wordcounter
[11:48:27] TexCount args: -merge,-brief
[11:48:27] TeXCount output for word: 1979+28+0 (16/0/54/0) File: TEPandIntegrity.tex

[11:48:27] TexCount args: -merge,-brief,-char
[11:48:27] TeXCount output for char: 10089+204+0 (16/0/54/0) File: TEPandIntegrity.tex

[11:48:36] withTelemetry: onDidChangeTextDocument
[11:48:36] withTelemetry: onDidChangeTextDocument
[11:48:36] withTelemetry: onDidChangeTextDocument
[11:48:36] withTelemetry: onDidChangeTextDocument
[11:48:37] withTelemetry: onDidChangeTextDocument
[11:48:37] withTelemetry: onDidChangeTextDocument
[11:48:37] withTelemetry: onDidChangeTextDocument
[11:48:39] withTelemetry: onDidChangeTextDocument
[11:48:40] withTelemetry: onDidChangeTextDocument
[11:48:41] withTelemetry: onDidChangeTextDocument
[11:48:41] withTelemetry: onDidChangeTextDocument
[11:48:41] withTelemetry: onDidChangeTextDocument
[11:48:41] withTelemetry: onDidChangeTextDocument
[11:48:41] withTelemetry: onDidChangeTextDocument
[11:48:43] withTelemetry: onDidChangeTextDocument
[11:48:43] withTelemetry: onDidChangeTextDocument
[11:48:46] withTelemetry: onDidChangeTextDocument
[11:50:34] withTelemetry: onDidChangeTextDocument
[11:50:35] withTelemetry: onDidChangeTextDocument
[11:50:35] withTelemetry: onDidChangeTextDocument
[11:50:35] withTelemetry: onDidChangeTextDocument
[11:50:39] withTelemetry: onDidChangeTextDocument
[11:50:39] withTelemetry: onDidChangeTextDocument
[11:50:40] withTelemetry: onDidChangeTextDocument
[11:59:56] withTelemetry: onDidChangeTextDocument
[11:59:56] withTelemetry: onDidChangeTextDocument
[11:59:57] withTelemetry: onDidChangeTextDocument
[11:59:57] withTelemetry: onDidChangeTextDocument
[11:59:57] withTelemetry: onDidChangeTextDocument
[11:59:57] withTelemetry: onDidChangeTextDocument
[11:59:57] withTelemetry: onDidChangeTextDocument
[11:59:57] withTelemetry: onDidChangeTextDocument
[11:59:57] withTelemetry: onDidChangeTextDocument
[11:59:58] withTelemetry: onDidChangeTextDocument
[11:59:58] withTelemetry: onDidChangeTextDocument
[11:59:58] withTelemetry: onDidChangeTextDocument
[11:59:58] withTelemetry: onDidChangeTextDocument
[11:59:58] withTelemetry: onDidChangeTextDocument
[11:59:59] withTelemetry: onDidChangeTextDocument
[11:59:59] withTelemetry: onDidChangeTextDocument
[11:59:59] withTelemetry: onDidChangeTextDocument
[11:59:59] withTelemetry: onDidChangeTextDocument
[11:59:59] withTelemetry: onDidChangeTextDocument
[12:00:00] withTelemetry: onDidChangeTextDocument
[12:00:00] withTelemetry: onDidChangeTextDocument
[12:00:00] withTelemetry: onDidChangeTextDocument
[12:00:00] withTelemetry: onDidChangeTextDocument
[12:00:01] withTelemetry: onDidChangeTextDocument
[12:00:01] withTelemetry: onDidChangeTextDocument
[12:00:01] withTelemetry: onDidChangeTextDocument
[12:00:01] withTelemetry: onDidChangeTextDocument
[12:00:02] withTelemetry: onDidChangeTextDocument
[12:00:02] withTelemetry: onDidChangeTextDocument
[12:00:02] withTelemetry: onDidChangeTextDocument
[12:00:03] withTelemetry: onDidChangeTextDocument
[12:00:03] withTelemetry: onDidChangeTextDocument
[12:00:03] withTelemetry: onDidChangeTextDocument
[12:00:03] withTelemetry: onDidChangeTextDocument
[12:00:04] withTelemetry: onDidChangeTextDocument
[12:00:04] withTelemetry: onDidChangeTextDocument
[12:00:04] withTelemetry: onDidChangeTextDocument
[12:00:04] withTelemetry: onDidChangeTextDocument
[12:00:04] withTelemetry: onDidChangeTextDocument
[12:00:04] withTelemetry: onDidChangeTextDocument
[12:00:05] withTelemetry: onDidChangeTextDocument
[12:00:05] withTelemetry: onDidChangeTextDocument
[12:00:06] withTelemetry: onDidChangeTextDocument
[12:00:06] withTelemetry: onDidChangeTextDocument
[12:00:07] withTelemetry: onDidChangeTextDocument
[12:00:07] withTelemetry: onDidChangeTextDocument
[12:00:07] withTelemetry: onDidChangeTextDocument
[12:00:07] withTelemetry: onDidChangeTextDocument
[12:00:07] withTelemetry: onDidChangeTextDocument
[12:00:07] withTelemetry: onDidChangeTextDocument
[12:00:07] withTelemetry: onDidChangeTextDocument
[12:00:07] withTelemetry: onDidChangeTextDocument
[12:00:07] withTelemetry: onDidChangeTextDocument
[12:00:08] withTelemetry: onDidChangeTextDocument
[12:00:08] withTelemetry: onDidChangeTextDocument
[12:00:08] withTelemetry: onDidChangeTextDocument
[12:00:08] withTelemetry: onDidChangeTextDocument
[12:00:08] withTelemetry: onDidChangeTextDocument
[12:00:08] withTelemetry: onDidChangeTextDocument
[12:00:09] withTelemetry: onDidChangeTextDocument
[12:00:09] withTelemetry: onDidChangeTextDocument
[12:00:09] withTelemetry: onDidChangeTextDocument
[12:00:09] withTelemetry: onDidChangeTextDocument
[12:00:10] withTelemetry: onDidChangeTextDocument
[12:00:10] withTelemetry: onDidChangeTextDocument
[12:00:10] withTelemetry: onDidChangeTextDocument
[12:00:11] withTelemetry: onDidChangeTextDocument
[12:00:11] withTelemetry: onDidChangeTextDocument
[12:00:11] withTelemetry: onDidChangeTextDocument
[12:00:11] withTelemetry: onDidChangeTextDocument
[12:00:11] withTelemetry: onDidChangeTextDocument
[12:00:11] withTelemetry: onDidChangeTextDocument
[12:00:12] withTelemetry: onDidChangeTextDocument
[12:00:12] withTelemetry: onDidChangeTextDocument
[12:00:12] withTelemetry: onDidChangeTextDocument
[12:00:13] withTelemetry: onDidChangeTextDocument
[12:00:13] withTelemetry: onDidChangeTextDocument
[12:00:13] withTelemetry: onDidChangeTextDocument
[12:00:13] withTelemetry: onDidChangeTextDocument
[12:00:13] withTelemetry: onDidChangeTextDocument
[12:00:13] withTelemetry: onDidChangeTextDocument
[12:00:14] withTelemetry: onDidChangeTextDocument
[12:00:14] withTelemetry: onDidChangeTextDocument
[12:00:14] withTelemetry: onDidChangeTextDocument
[12:00:14] withTelemetry: onDidChangeTextDocument
[12:00:14] withTelemetry: onDidChangeTextDocument
[12:00:14] withTelemetry: onDidChangeTextDocument
[12:00:15] withTelemetry: onDidChangeTextDocument
[12:00:15] withTelemetry: onDidChangeTextDocument
[12:00:15] withTelemetry: onDidChangeTextDocument
[12:00:15] withTelemetry: onDidChangeTextDocument
[12:00:15] withTelemetry: onDidChangeTextDocument
[12:00:16] withTelemetry: onDidChangeTextDocument
[12:00:16] withTelemetry: onDidChangeTextDocument
[12:00:16] withTelemetry: onDidChangeTextDocument
[12:00:16] withTelemetry: onDidChangeTextDocument
[12:00:16] withTelemetry: onDidChangeTextDocument
[12:00:17] withTelemetry: onDidChangeTextDocument
[12:00:17] withTelemetry: onDidChangeTextDocument
[12:00:17] withTelemetry: onDidChangeTextDocument
[12:00:18] withTelemetry: onDidChangeTextDocument
[12:00:18] withTelemetry: onDidChangeTextDocument
[12:00:18] withTelemetry: onDidChangeTextDocument
[12:00:18] withTelemetry: onDidChangeTextDocument
[12:00:19] withTelemetry: onDidChangeTextDocument
[12:00:19] withTelemetry: onDidChangeTextDocument
[12:00:19] withTelemetry: onDidChangeTextDocument
[12:00:19] withTelemetry: onDidChangeTextDocument
[12:00:19] withTelemetry: onDidChangeTextDocument
[12:00:20] withTelemetry: onDidChangeTextDocument
[12:00:20] withTelemetry: onDidChangeTextDocument
[12:01:21] withTelemetry: onDidChangeTextDocument
[12:06:26] withTelemetry: onDidChangeTextDocument
[12:06:26] withTelemetry: onDidChangeTextDocument
[12:06:27] withTelemetry: onDidChangeTextDocument
[12:06:27] withTelemetry: onDidChangeTextDocument
[12:06:28] withTelemetry: onDidChangeTextDocument
[12:06:28] withTelemetry: onDidChangeTextDocument
[12:06:28] withTelemetry: onDidChangeTextDocument
[12:06:29] withTelemetry: onDidChangeTextDocument
[12:06:29] withTelemetry: onDidChangeTextDocument
[12:06:29] withTelemetry: onDidChangeTextDocument
[12:06:29] withTelemetry: onDidChangeTextDocument
[12:06:29] withTelemetry: onDidChangeTextDocument
[12:06:30] withTelemetry: onDidChangeTextDocument
[12:06:30] withTelemetry: onDidChangeTextDocument
[12:06:30] withTelemetry: onDidChangeTextDocument
[12:06:30] withTelemetry: onDidChangeTextDocument
[12:06:30] withTelemetry: onDidChangeTextDocument
[12:06:30] withTelemetry: onDidChangeTextDocument
[12:06:31] withTelemetry: onDidChangeTextDocument
[12:06:31] withTelemetry: onDidChangeTextDocument
[12:06:31] withTelemetry: onDidChangeTextDocument
[12:06:31] withTelemetry: onDidChangeTextDocument
[12:06:31] withTelemetry: onDidChangeTextDocument
[12:06:32] withTelemetry: onDidChangeTextDocument
[12:06:32] withTelemetry: onDidChangeTextDocument
[12:06:32] withTelemetry: onDidChangeTextDocument
[12:06:32] withTelemetry: onDidChangeTextDocument
[12:06:32] withTelemetry: onDidChangeTextDocument
[12:06:32] withTelemetry: onDidChangeTextDocument
[12:06:32] withTelemetry: onDidChangeTextDocument
[12:06:33] withTelemetry: onDidChangeTextDocument
[12:06:33] withTelemetry: onDidChangeTextDocument
[12:06:33] withTelemetry: onDidChangeTextDocument
[12:06:34] withTelemetry: onDidChangeTextDocument
[12:07:06] withTelemetry: onDidChangeTextDocument
[12:07:06] withTelemetry: onDidChangeTextDocument
[12:07:07] withTelemetry: onDidChangeTextDocument
[12:07:07] withTelemetry: onDidChangeTextDocument
[12:07:07] withTelemetry: onDidChangeTextDocument
[12:07:08] withTelemetry: onDidChangeTextDocument
[12:07:08] withTelemetry: onDidChangeTextDocument
[12:07:08] withTelemetry: onDidChangeTextDocument
[12:07:09] withTelemetry: onDidChangeTextDocument
[12:07:09] withTelemetry: onDidChangeTextDocument
[12:07:09] withTelemetry: onDidChangeTextDocument
[12:07:10] withTelemetry: onDidChangeTextDocument
[12:07:10] withTelemetry: onDidChangeTextDocument
[12:07:10] withTelemetry: onDidChangeTextDocument
[12:07:10] withTelemetry: onDidChangeTextDocument
[12:07:10] withTelemetry: onDidChangeTextDocument
[12:07:10] withTelemetry: onDidChangeTextDocument
[12:07:10] withTelemetry: onDidChangeTextDocument
[12:07:10] withTelemetry: onDidChangeTextDocument
[12:07:12] withTelemetry: onDidChangeTextDocument
[12:07:12] withTelemetry: onDidChangeTextDocument
[12:07:12] withTelemetry: onDidChangeTextDocument
[12:07:12] withTelemetry: onDidChangeTextDocument
[12:07:13] withTelemetry: onDidChangeTextDocument
[12:07:13] withTelemetry: onDidChangeTextDocument
[12:07:13] withTelemetry: onDidChangeTextDocument
[12:07:13] withTelemetry: onDidChangeTextDocument
[12:07:14] withTelemetry: onDidChangeTextDocument
[12:07:14] withTelemetry: onDidChangeTextDocument
[12:07:14] withTelemetry: onDidChangeTextDocument
[12:07:14] withTelemetry: onDidChangeTextDocument
[12:07:14] withTelemetry: onDidChangeTextDocument
[12:07:15] withTelemetry: onDidChangeTextDocument
[12:07:15] withTelemetry: onDidChangeTextDocument
[12:07:15] withTelemetry: onDidChangeTextDocument
[12:07:15] withTelemetry: onDidChangeTextDocument
[12:07:16] withTelemetry: onDidChangeTextDocument
[12:07:16] withTelemetry: onDidChangeTextDocument
[12:07:16] withTelemetry: onDidChangeTextDocument
[12:07:16] withTelemetry: onDidChangeTextDocument
[12:07:16] withTelemetry: onDidChangeTextDocument
[12:07:17] withTelemetry: onDidChangeTextDocument
[12:07:17] withTelemetry: onDidChangeTextDocument
[12:07:27] withTelemetry: onDidChangeTextDocument
[12:07:28] withTelemetry: onDidChangeTextDocument
[12:07:28] withTelemetry: onDidChangeTextDocument
[12:07:28] withTelemetry: onDidChangeTextDocument
[12:07:28] withTelemetry: onDidChangeTextDocument
[12:07:28] withTelemetry: onDidChangeTextDocument
[12:07:28] withTelemetry: onDidChangeTextDocument
[12:07:28] withTelemetry: onDidChangeTextDocument
[12:07:28] withTelemetry: onDidChangeTextDocument
[12:07:28] withTelemetry: onDidChangeTextDocument
[12:07:28] withTelemetry: onDidChangeTextDocument
[12:07:28] withTelemetry: onDidChangeTextDocument
[12:07:29] withTelemetry: onDidChangeTextDocument
[12:07:29] withTelemetry: onDidChangeTextDocument
[12:07:29] withTelemetry: onDidChangeTextDocument
[12:07:29] withTelemetry: onDidChangeTextDocument
[12:07:29] withTelemetry: onDidChangeTextDocument
[12:07:30] withTelemetry: onDidChangeTextDocument
[12:07:30] withTelemetry: onDidChangeTextDocument
[12:07:30] withTelemetry: onDidChangeTextDocument
[12:07:30] withTelemetry: onDidChangeTextDocument
[12:07:30] withTelemetry: onDidChangeTextDocument
[12:07:30] withTelemetry: onDidChangeTextDocument
[12:07:30] withTelemetry: onDidChangeTextDocument
[12:07:31] withTelemetry: onDidChangeTextDocument
[12:07:32] withTelemetry: onDidChangeTextDocument
[12:07:32] withTelemetry: onDidChangeTextDocument
[12:07:33] withTelemetry: onDidChangeTextDocument
[12:07:33] withTelemetry: onDidChangeTextDocument
[12:07:34] withTelemetry: onDidChangeTextDocument
[12:07:34] withTelemetry: onDidChangeTextDocument
[12:07:34] withTelemetry: onDidChangeTextDocument
[12:07:37] withTelemetry: onDidChangeTextDocument
[12:07:37] withTelemetry: onDidChangeTextDocument
[12:07:37] withTelemetry: onDidChangeTextDocument
[12:07:37] withTelemetry: onDidChangeTextDocument
[12:07:37] withTelemetry: onDidChangeTextDocument
[12:07:38] withTelemetry: onDidChangeTextDocument
[12:07:38] withTelemetry: onDidChangeTextDocument
[12:07:38] withTelemetry: onDidChangeTextDocument
[12:07:39] withTelemetry: onDidChangeTextDocument
[12:07:39] withTelemetry: onDidChangeTextDocument
[12:07:39] withTelemetry: onDidChangeTextDocument
[12:07:39] withTelemetry: onDidChangeTextDocument
[12:07:39] withTelemetry: onDidChangeTextDocument
[12:07:40] withTelemetry: onDidChangeTextDocument
[12:07:40] withTelemetry: onDidChangeTextDocument
[12:07:40] withTelemetry: onDidChangeTextDocument
[12:07:40] withTelemetry: onDidChangeTextDocument
[12:07:40] withTelemetry: onDidChangeTextDocument
[12:07:40] withTelemetry: onDidChangeTextDocument
[12:07:41] withTelemetry: onDidChangeTextDocument
[12:07:41] withTelemetry: onDidChangeTextDocument
[12:07:41] withTelemetry: onDidChangeTextDocument
[12:07:42] withTelemetry: onDidChangeTextDocument
[12:07:42] withTelemetry: onDidChangeTextDocument
[12:07:43] withTelemetry: onDidChangeTextDocument
[12:07:43] withTelemetry: onDidChangeTextDocument
[12:07:52] withTelemetry: onDidChangeTextDocument
[12:07:53] withTelemetry: onDidChangeTextDocument
[12:07:53] withTelemetry: onDidChangeTextDocument
[12:07:53] withTelemetry: onDidChangeTextDocument
[12:07:53] withTelemetry: onDidChangeTextDocument
[12:07:53] withTelemetry: onDidChangeTextDocument
[12:07:55] withTelemetry: onDidChangeTextDocument
[12:07:55] withTelemetry: onDidChangeTextDocument
[12:07:55] withTelemetry: onDidChangeTextDocument
[12:07:55] withTelemetry: onDidChangeTextDocument
[12:07:56] withTelemetry: onDidChangeTextDocument
[12:07:56] withTelemetry: onDidChangeTextDocument
[12:07:56] withTelemetry: onDidChangeTextDocument
[12:07:56] withTelemetry: onDidChangeTextDocument
[12:07:56] withTelemetry: onDidChangeTextDocument
[12:07:57] withTelemetry: onDidChangeTextDocument
[12:07:57] withTelemetry: onDidChangeTextDocument
[12:07:57] withTelemetry: onDidChangeTextDocument
[12:07:57] withTelemetry: onDidChangeTextDocument
[12:07:57] withTelemetry: onDidChangeTextDocument
[12:07:57] withTelemetry: onDidChangeTextDocument
[12:07:59] withTelemetry: onDidChangeTextDocument
[12:07:59] withTelemetry: onDidChangeTextDocument
[12:07:59] withTelemetry: onDidChangeTextDocument
[12:07:59] withTelemetry: onDidChangeTextDocument
[12:08:00] withTelemetry: onDidChangeTextDocument
[12:08:00] withTelemetry: onDidChangeTextDocument
[12:08:00] withTelemetry: onDidChangeTextDocument
[12:08:00] withTelemetry: onDidChangeTextDocument
[12:08:00] withTelemetry: onDidChangeTextDocument
[12:08:00] withTelemetry: onDidChangeTextDocument
[12:08:00] withTelemetry: onDidChangeTextDocument
[12:08:01] withTelemetry: onDidChangeTextDocument
[12:08:01] withTelemetry: onDidChangeTextDocument
[12:08:01] withTelemetry: onDidChangeTextDocument
[12:14:58] withTelemetry: onDidChangeTextDocument
[12:15:07] withTelemetry: onDidChangeTextDocument
[12:15:07] withTelemetry: onDidChangeTextDocument
[12:15:08] withTelemetry: onDidChangeTextDocument
[12:15:08] withTelemetry: onDidChangeTextDocument
[12:15:08] withTelemetry: onDidChangeTextDocument
[12:15:08] withTelemetry: onDidChangeTextDocument
[12:15:09] withTelemetry: onDidChangeTextDocument
[12:15:12] withTelemetry: onDidChangeTextDocument
[12:15:12] withTelemetry: onDidChangeTextDocument
[12:15:12] withTelemetry: onDidChangeTextDocument
[12:15:13] withTelemetry: onDidChangeTextDocument
[12:15:15] withTelemetry: onDidChangeTextDocument
[12:15:16] withTelemetry: onDidChangeTextDocument
[12:15:16] withTelemetry: onDidChangeTextDocument
[12:15:16] withTelemetry: onDidChangeTextDocument
[12:15:17] withTelemetry: onDidChangeTextDocument
[12:15:17] withTelemetry: onDidChangeTextDocument
[12:15:17] withTelemetry: onDidChangeTextDocument
[12:15:17] withTelemetry: onDidChangeTextDocument
[12:15:17] withTelemetry: onDidChangeTextDocument
[12:15:17] withTelemetry: onDidChangeTextDocument
[12:15:18] withTelemetry: onDidChangeTextDocument
[12:15:18] withTelemetry: onDidChangeTextDocument
[12:15:18] withTelemetry: onDidChangeTextDocument
[12:15:18] withTelemetry: onDidChangeTextDocument
[12:15:18] withTelemetry: onDidChangeTextDocument
[12:15:19] withTelemetry: onDidChangeTextDocument
[12:15:19] withTelemetry: onDidChangeTextDocument
[12:15:19] withTelemetry: onDidChangeTextDocument
[12:15:19] withTelemetry: onDidChangeTextDocument
[12:15:19] withTelemetry: onDidChangeTextDocument
[12:15:20] withTelemetry: onDidChangeTextDocument
[12:15:20] withTelemetry: onDidChangeTextDocument
[12:15:20] withTelemetry: onDidChangeTextDocument
[12:15:20] withTelemetry: onDidChangeTextDocument
[12:15:20] withTelemetry: onDidChangeTextDocument
[12:15:21] withTelemetry: onDidChangeTextDocument
[12:15:21] withTelemetry: onDidChangeTextDocument
[12:15:21] withTelemetry: onDidChangeTextDocument
[12:15:21] withTelemetry: onDidChangeTextDocument
[12:15:27] withTelemetry: onDidChangeTextDocument
[12:24:26] withTelemetry: onDidChangeTextDocument
[12:24:28] withTelemetry: onDidChangeTextDocument
[12:26:41] withTelemetry: onDidChangeTextDocument
[12:26:45] withTelemetry: onDidChangeTextDocument
[12:26:47] withTelemetry: onDidChangeTextDocument
[12:26:56] withTelemetry: onDidChangeTextDocument
[12:28:11] withTelemetry: onDidChangeActiveTextEditor_tex_wordcounter
[12:28:15] withTelemetry: onDidChangeActiveTextEditor_tex_wordcounter
[12:28:15] TexCount args: -merge,-brief
[12:28:15] TeXCount output for word: 1979+28+0 (16/0/54/0) File: TEPandIntegrity.tex

[12:28:15] TexCount args: -merge,-brief,-char
[12:28:15] TeXCount output for char: 10089+204+0 (16/0/54/0) File: TEPandIntegrity.tex

[12:28:16] withTelemetry: onDidChangeTextDocument
[12:28:16] withTelemetry: onDidChangeTextDocument
[12:28:16] withTelemetry: onDidSaveTextDocument_tex_wordcounter
[12:28:16] TexCount args: -merge,-brief
[12:28:17] TeXCount output for word: 1943+28+0 (16/0/54/0) File: TEPandIntegrity.tex

[12:28:17] TexCount args: -merge,-brief,-char
[12:28:17] TeXCount output for char: 9902+204+0 (16/0/54/0) File: TEPandIntegrity.tex

[12:28:18] withTelemetry: onDidChangeActiveTextEditor_tex_wordcounter
[12:29:42] withTelemetry: onDidChangeActiveTextEditor_tex_wordcounter
[12:29:42] TexCount args: -merge,-brief
[12:29:42] TeXCount output for word: 1943+28+0 (16/0/54/0) File: TEPandIntegrity.tex

[12:29:42] TexCount args: -merge,-brief,-char
[12:29:43] TeXCount output for char: 9902+204+0 (16/0/54/0) File: TEPandIntegrity.tex

[12:29:53] withTelemetry: onDidChangeTextDocument
[12:29:53] withTelemetry: onDidChangeTextDocument
[12:29:53] withTelemetry: onDidChangeTextDocument
[12:29:53] withTelemetry: onDidChangeTextDocument
[12:29:53] withTelemetry: onDidChangeTextDocument
[12:29:53] withTelemetry: onDidChangeTextDocument
[12:29:54] withTelemetry: onDidChangeTextDocument
[12:29:54] withTelemetry: onDidChangeTextDocument
[12:29:54] withTelemetry: onDidChangeTextDocument
[12:29:54] withTelemetry: onDidChangeTextDocument
[12:29:55] withTelemetry: onDidChangeTextDocument
[12:29:55] withTelemetry: onDidChangeTextDocument
[12:29:55] withTelemetry: onDidChangeTextDocument
[12:29:55] withTelemetry: onDidChangeTextDocument
[12:29:55] withTelemetry: onDidChangeTextDocument
[12:29:55] withTelemetry: onDidChangeTextDocument
[12:29:56] withTelemetry: onDidChangeTextDocument
[12:29:56] withTelemetry: onDidChangeTextDocument
[12:29:57] withTelemetry: onDidChangeTextDocument
[12:29:57] withTelemetry: onDidChangeTextDocument
[12:29:57] withTelemetry: onDidChangeTextDocument
[12:29:58] withTelemetry: onDidChangeTextDocument
[12:29:58] withTelemetry: onDidChangeTextDocument
[12:29:58] withTelemetry: onDidChangeTextDocument
[12:29:58] withTelemetry: onDidChangeTextDocument
[12:29:59] withTelemetry: onDidChangeTextDocument
[12:29:59] withTelemetry: onDidChangeTextDocument
[12:30:06] withTelemetry: onDidChangeTextDocument
[12:30:07] withTelemetry: onDidChangeTextDocument
[12:32:04] withTelemetry: onDidChangeTextDocument
[12:32:05] withTelemetry: onDidChangeTextDocument
[12:32:05] withTelemetry: onDidChangeTextDocument
[12:32:05] withTelemetry: onDidChangeTextDocument
[12:32:05] withTelemetry: onDidChangeTextDocument
[12:32:06] withTelemetry: onDidChangeTextDocument
[12:32:06] withTelemetry: onDidChangeTextDocument
[12:32:06] withTelemetry: onDidChangeTextDocument
[12:32:07] withTelemetry: onDidChangeTextDocument
[12:32:07] withTelemetry: onDidChangeTextDocument
[12:32:07] withTelemetry: onDidChangeTextDocument
[12:32:07] withTelemetry: onDidChangeTextDocument
[12:32:07] withTelemetry: onDidChangeTextDocument
[12:32:08] withTelemetry: onDidChangeTextDocument
[12:32:08] withTelemetry: onDidChangeTextDocument
[12:32:08] withTelemetry: onDidChangeTextDocument
[12:32:09] withTelemetry: onDidChangeTextDocument
[12:32:09] withTelemetry: onDidChangeTextDocument
[12:32:09] withTelemetry: onDidChangeTextDocument
[12:32:09] withTelemetry: onDidChangeTextDocument
[12:32:09] withTelemetry: onDidChangeTextDocument
[12:32:09] withTelemetry: onDidChangeTextDocument
[12:32:09] withTelemetry: onDidChangeTextDocument
[12:32:10] withTelemetry: onDidChangeTextDocument
[12:32:10] withTelemetry: onDidChangeTextDocument
[12:32:10] withTelemetry: onDidChangeTextDocument
[12:32:10] withTelemetry: onDidChangeTextDocument
[12:32:11] withTelemetry: onDidChangeTextDocument
[12:32:12] withTelemetry: onDidChangeTextDocument
[12:32:12] withTelemetry: onDidChangeTextDocument
[12:32:12] withTelemetry: onDidChangeTextDocument
[12:32:12] withTelemetry: onDidChangeTextDocument
[12:32:12] withTelemetry: onDidChangeTextDocument
[12:32:12] withTelemetry: onDidChangeTextDocument
[12:32:12] withTelemetry: onDidChangeTextDocument
[12:32:12] withTelemetry: onDidChangeTextDocument
[12:32:12] withTelemetry: onDidChangeTextDocument
[12:32:12] withTelemetry: onDidChangeTextDocument
[12:32:12] withTelemetry: onDidChangeTextDocument
[12:32:12] withTelemetry: onDidChangeTextDocument
[12:32:12] withTelemetry: onDidChangeTextDocument
[12:32:13] withTelemetry: onDidChangeTextDocument
[12:32:13] withTelemetry: onDidChangeTextDocument
[12:32:13] withTelemetry: onDidChangeTextDocument
[12:32:13] withTelemetry: onDidChangeTextDocument
[12:32:14] withTelemetry: onDidChangeTextDocument
[12:45:48] withTelemetry: onDidChangeTextDocument
[12:45:48] withTelemetry: onDidChangeTextDocument
[12:45:49] withTelemetry: onDidChangeTextDocument
[12:45:49] withTelemetry: onDidChangeTextDocument
[12:45:51] withTelemetry: onDidChangeTextDocument
[12:45:51] withTelemetry: onDidChangeTextDocument
[12:45:51] withTelemetry: onDidSaveTextDocument_tex_wordcounter
[12:45:51] TexCount args: -merge,-brief
[12:45:52] TeXCount output for word: 1941+28+0 (16/0/54/0) File: TEPandIntegrity.tex

[12:45:52] TexCount args: -merge,-brief,-char
[12:45:52] TeXCount output for char: 9900+204+0 (16/0/54/0) File: TEPandIntegrity.tex

[12:49:33] withTelemetry: onDidChangeTextDocument
[12:49:33] withTelemetry: onDidChangeTextDocument
[15:07:17] withTelemetry: onDidChangeActiveTextEditor_tex_wordcounter
[15:10:32] withTelemetry: onDidChangeActiveTextEditor_tex_wordcounter
[15:10:32] TexCount args: -merge,-brief
[15:10:32] TeXCount output for word: 1941+28+0 (16/0/54/0) File: TEPandIntegrity.tex

[15:10:32] TexCount args: -merge,-brief,-char
[15:10:32] TeXCount output for char: 9900+204+0 (16/0/54/0) File: TEPandIntegrity.tex

[15:10:34] withTelemetry: onDidChangeActiveTextEditor_tex_wordcounter
[15:10:40] withTelemetry: onDidChangeActiveTextEditor_tex_wordcounter
[15:10:40] TexCount args: -merge,-brief
[15:10:40] TeXCount output for word: 1941+28+0 (16/0/54/0) File: TEPandIntegrity.tex

[15:10:40] TexCount args: -merge,-brief,-char
[15:10:40] TeXCount output for char: 9900+204+0 (16/0/54/0) File: TEPandIntegrity.tex

[15:10:41] withTelemetry: onDidChangeActiveTextEditor_tex_wordcounter
[15:10:43] withTelemetry: onDidChangeActiveTextEditor_tex_wordcounter
[15:10:43] TexCount args: -merge,-brief
[15:10:43] TeXCount output for word: 1941+28+0 (16/0/54/0) File: TEPandIntegrity.tex

[15:10:43] TexCount args: -merge,-brief,-char
[15:10:43] TeXCount output for char: 9900+204+0 (16/0/54/0) File: TEPandIntegrity.tex

[15:11:22] withTelemetry: onDidChangeActiveTextEditor_tex_wordcounter
[15:11:23] withTelemetry: onDidChangeActiveTextEditor_tex_wordcounter
[15:11:23] TexCount args: -merge,-brief
[15:11:23] TeXCount output for word: 1941+28+0 (16/0/54/0) File: TEPandIntegrity.tex

[15:11:23] TexCount args: -merge,-brief,-char
[15:11:24] TeXCount output for char: 9900+204+0 (16/0/54/0) File: TEPandIntegrity.tex

[15:16:39] withTelemetry: onDidChangeTextDocument
[15:16:41] withTelemetry: onDidChangeTextDocument
[15:24:41] withTelemetry: onDidChangeTextDocument
[15:24:41] withTelemetry: onDidChangeTextDocument
[15:24:41] withTelemetry: onDidChangeTextDocument
[15:24:41] withTelemetry: onDidChangeTextDocument
[15:24:42] withTelemetry: onDidChangeTextDocument
[15:24:42] withTelemetry: onDidChangeTextDocument
[15:24:42] withTelemetry: onDidChangeTextDocument
[15:24:42] withTelemetry: onDidChangeTextDocument
[15:24:43] withTelemetry: onDidChangeTextDocument
[15:24:43] withTelemetry: onDidChangeTextDocument
[15:24:43] withTelemetry: onDidChangeTextDocument
[15:24:43] withTelemetry: onDidChangeTextDocument
[15:24:43] withTelemetry: onDidChangeTextDocument
[15:24:43] withTelemetry: onDidChangeTextDocument
[15:24:43] withTelemetry: onDidChangeTextDocument
[15:24:43] withTelemetry: onDidChangeTextDocument
[15:24:44] withTelemetry: onDidChangeTextDocument
[15:24:49] withTelemetry: onDidChangeTextDocument
[15:24:51] withTelemetry: onDidChangeTextDocument
[15:24:51] withTelemetry: onDidChangeTextDocument
[15:24:51] withTelemetry: onDidChangeTextDocument
[15:24:52] withTelemetry: onDidChangeTextDocument
[15:24:52] withTelemetry: onDidChangeTextDocument
[15:24:52] withTelemetry: onDidChangeTextDocument
[15:24:53] withTelemetry: onDidChangeTextDocument
[15:24:53] withTelemetry: onDidChangeTextDocument
[15:24:53] withTelemetry: onDidChangeTextDocument
[15:24:53] withTelemetry: onDidChangeTextDocument
[15:24:53] withTelemetry: onDidChangeTextDocument
[15:24:53] withTelemetry: onDidChangeTextDocument
[15:24:55] withTelemetry: onDidChangeTextDocument
[15:24:56] withTelemetry: onDidChangeTextDocument
[15:24:57] withTelemetry: onDidChangeTextDocument
[15:24:57] withTelemetry: onDidChangeTextDocument
[15:24:57] withTelemetry: onDidChangeTextDocument
[15:24:57] withTelemetry: onDidChangeTextDocument
[15:24:57] withTelemetry: onDidChangeTextDocument
[15:24:58] withTelemetry: onDidChangeTextDocument
[15:24:58] withTelemetry: onDidChangeTextDocument
[15:24:58] withTelemetry: onDidChangeTextDocument
[15:24:58] withTelemetry: onDidChangeTextDocument
[15:24:58] withTelemetry: onDidChangeTextDocument
[15:24:58] withTelemetry: onDidChangeTextDocument
[15:24:59] withTelemetry: onDidChangeTextDocument
[15:24:59] withTelemetry: onDidChangeTextDocument
[15:24:59] withTelemetry: onDidChangeTextDocument
[15:25:00] withTelemetry: onDidChangeTextDocument
[15:25:01] withTelemetry: onDidChangeTextDocument
[15:25:02] withTelemetry: onDidChangeTextDocument
[15:25:02] withTelemetry: onDidChangeTextDocument
[15:25:02] withTelemetry: onDidChangeTextDocument
[15:25:03] withTelemetry: onDidChangeTextDocument
[15:25:03] withTelemetry: onDidChangeTextDocument
[15:25:03] withTelemetry: onDidChangeTextDocument
[15:25:03] withTelemetry: onDidChangeTextDocument
[15:25:03] withTelemetry: onDidChangeTextDocument
[15:25:03] withTelemetry: onDidChangeTextDocument
[15:25:03] withTelemetry: onDidChangeTextDocument
[15:25:04] withTelemetry: onDidChangeTextDocument
[15:25:04] withTelemetry: onDidChangeTextDocument
[15:25:05] withTelemetry: onDidChangeTextDocument
[15:25:05] withTelemetry: onDidChangeTextDocument
[15:28:54] withTelemetry: onDidChangeTextDocument
[15:28:55] withTelemetry: onDidChangeTextDocument
[15:28:56] withTelemetry: onDidChangeTextDocument
[15:28:56] withTelemetry: onDidChangeTextDocument
[15:28:56] withTelemetry: onDidChangeTextDocument
[15:28:56] withTelemetry: onDidChangeTextDocument
[15:28:57] withTelemetry: onDidChangeTextDocument
[15:28:57] withTelemetry: onDidChangeTextDocument
[15:28:58] withTelemetry: onDidChangeTextDocument
[15:28:58] withTelemetry: onDidChangeTextDocument
[15:28:58] withTelemetry: onDidChangeTextDocument
[15:28:58] withTelemetry: onDidChangeTextDocument
[15:28:58] withTelemetry: onDidChangeTextDocument
[15:28:58] withTelemetry: onDidChangeTextDocument
[15:28:59] withTelemetry: onDidChangeTextDocument
[15:28:59] withTelemetry: onDidChangeTextDocument
[15:28:59] withTelemetry: onDidChangeTextDocument
[15:28:59] withTelemetry: onDidChangeTextDocument
[15:28:59] withTelemetry: onDidChangeTextDocument
[15:28:59] withTelemetry: onDidChangeTextDocument
[15:30:56] withTelemetry: onDidChangeTextDocument
[15:30:57] withTelemetry: onDidChangeTextDocument
[15:30:57] withTelemetry: onDidChangeTextDocument
[15:30:57] withTelemetry: onDidChangeTextDocument
[15:30:58] withTelemetry: onDidChangeTextDocument
[15:30:58] withTelemetry: onDidChangeTextDocument
[15:30:58] withTelemetry: onDidChangeTextDocument
[15:30:58] withTelemetry: onDidChangeTextDocument
[15:30:58] withTelemetry: onDidChangeTextDocument
[15:30:59] withTelemetry: onDidChangeTextDocument
[15:30:59] withTelemetry: onDidChangeTextDocument
[15:30:59] withTelemetry: onDidChangeTextDocument
[15:30:59] withTelemetry: onDidChangeTextDocument
[15:30:59] withTelemetry: onDidChangeTextDocument
[15:31:00] withTelemetry: onDidChangeTextDocument
[15:31:00] withTelemetry: onDidChangeTextDocument
[15:31:17] withTelemetry: onDidChangeTextDocument
[15:31:18] withTelemetry: onDidChangeTextDocument
[15:31:18] withTelemetry: onDidChangeTextDocument
[15:31:18] withTelemetry: onDidChangeTextDocument
[15:31:19] withTelemetry: onDidChangeTextDocument
[15:31:25] withTelemetry: onDidChangeTextDocument
[15:53:00] withTelemetry: onDidChangeActiveTextEditor_tex_wordcounter
[15:53:01] withTelemetry: onDidChangeActiveTextEditor_tex_wordcounter
[15:53:01] TexCount args: -merge,-brief
[15:53:01] TeXCount output for word: 1941+28+0 (16/0/54/0) File: TEPandIntegrity.tex

[15:53:01] TexCount args: -merge,-brief,-char
[15:53:01] TeXCount output for char: 9900+204+0 (16/0/54/0) File: TEPandIntegrity.tex

[15:54:59] withTelemetry: onDidChangeActiveTextEditor_tex_wordcounter
[15:55:00] withTelemetry: onDidChangeActiveTextEditor_tex_wordcounter
[15:55:00] TexCount args: -merge,-brief
[15:55:00] TeXCount output for word: 1941+28+0 (16/0/54/0) File: TEPandIntegrity.tex

[15:55:00] TexCount args: -merge,-brief,-char
[15:55:00] TeXCount output for char: 9900+204+0 (16/0/54/0) File: TEPandIntegrity.tex

[17:10:50] withTelemetry: onDidChangeActiveTextEditor_tex_wordcounter
[17:17:31] withTelemetry: onDidChangeActiveTextEditor_tex_wordcounter
[17:17:31] TexCount args: -merge,-brief
[17:17:31] TeXCount output for word: 1941+28+0 (16/0/54/0) File: TEPandIntegrity.tex

[17:17:31] TexCount args: -merge,-brief,-char
[17:17:31] TeXCount output for char: 9900+204+0 (16/0/54/0) File: TEPandIntegrity.tex

[10:14:02] withTelemetry: onDidChangeActiveTextEditor_tex_wordcounter
[10:14:06] withTelemetry: onDidChangeActiveTextEditor_tex_wordcounter
[10:14:06] TexCount args: -merge,-brief
[10:14:06] TeXCount output for word: 1941+28+0 (16/0/54/0) File: TEPandIntegrity.tex

[10:14:06] TexCount args: -merge,-brief,-char
[10:14:07] TeXCount output for char: 9900+204+0 (16/0/54/0) File: TEPandIntegrity.tex

[12:41:17] withTelemetry: onDidChangeActiveTextEditor_tex_wordcounter
[12:41:17] withTelemetry: onDidChangeActiveTextEditor_tex_wordcounter
[12:41:17] TexCount args: -merge,-brief
[12:41:17] TeXCount output for word: 21+1+0 (1/0/0/0) File: template-pdflatex.tex

[12:41:17] TexCount args: -merge,-brief,-char
[12:41:18] TeXCount output for char: 82+5+0 (1/0/0/0) File: template-pdflatex.tex

[12:41:20] withTelemetry: onDidChangeTextDocument
[12:41:20] withTelemetry: onDidChangeTextDocument
[12:41:20] withTelemetry: onDidSaveTextDocument_tex_wordcounter
[12:41:20] TexCount args: -merge,-brief
[12:41:20] TeXCount output for word: 21+1+0 (1/0/0/0) File: template-pdflatex.tex

[12:41:20] TexCount args: -merge,-brief,-char
[12:41:20] TeXCount output for char: 82+5+0 (1/0/0/0) File: template-pdflatex.tex

[12:41:26] withTelemetry: onDidChangeActiveTextEditor_tex_wordcounter
[12:41:37] withTelemetry: onDidChangeActiveTextEditor_tex_wordcounter
[12:41:37] TexCount args: -merge,-brief
[12:41:38] TeXCount output for word: 21+1+0 (1/0/0/0) File: template-pdflatex.tex

[12:41:38] TexCount args: -merge,-brief,-char
[12:41:38] TeXCount output for char: 82+5+0 (1/0/0/0) File: template-pdflatex.tex

[12:41:43] withTelemetry: onDidChangeActiveTextEditor_tex_wordcounter
[12:41:48] withTelemetry: onDidChangeActiveTextEditor_tex_wordcounter
[12:41:48] TexCount args: -merge,-brief
[12:41:48] TeXCount output for word: 1939+28+0 (16/0/54/0) File: TEPandIntegrity.tex

[12:41:48] TexCount args: -merge,-brief,-char
[12:41:49] TeXCount output for char: 9895+204+0 (16/0/54/0) File: TEPandIntegrity.tex

[12:41:50] withTelemetry: onDidChangeActiveTextEditor_tex_wordcounter
[12:41:50] withTelemetry: onDidChangeActiveTextEditor_tex_wordcounter
[12:41:50] TexCount args: -merge,-brief
[12:41:50] TeXCount output for word: 21+1+0 (1/0/0/0) File: template-pdflatex.tex

[12:41:50] TexCount args: -merge,-brief,-char
[12:41:50] TeXCount output for char: 82+5+0 (1/0/0/0) File: template-pdflatex.tex

[12:44:15] withTelemetry: onDidChangeActiveTextEditor_tex_wordcounter
[12:44:15] withTelemetry: onDidChangeActiveTextEditor_tex_wordcounter
[12:44:15] TexCount args: -merge,-brief
[12:44:15] TeXCount output for word: 1939+28+0 (16/0/54/0) File: TEPandIntegrity.tex

[12:44:15] TexCount args: -merge,-brief,-char
[12:44:15] withTelemetry: onDidChangeTextDocument
[12:44:15] withTelemetry: onDidChangeTextDocument
[12:44:16] TeXCount output for char: 9895+204+0 (16/0/54/0) File: TEPandIntegrity.tex

[12:44:17] withTelemetry: onDidChangeTextDocument
[12:44:17] withTelemetry: onDidChangeTextDocument
[12:44:17] withTelemetry: onDidChangeTextDocument
[12:44:18] withTelemetry: onDidChangeTextDocument
[12:44:19] withTelemetry: onDidChangeTextDocument
[12:44:19] withTelemetry: onDidChangeTextDocument
[12:44:19] withTelemetry: onDidChangeTextDocument
[12:44:19] withTelemetry: onDidChangeTextDocument
[12:44:19] withTelemetry: onDidChangeTextDocument
[12:44:19] withTelemetry: onDidChangeTextDocument
[12:44:19] withTelemetry: onDidChangeTextDocument
[12:44:19] withTelemetry: onDidChangeTextDocument
[12:44:22] withTelemetry: onDidChangeTextDocument
[12:44:22] withTelemetry: onDidChangeTextDocument
[12:44:28] withTelemetry: onDidChangeTextDocument
[12:44:29] withTelemetry: onDidChangeTextDocument
[12:44:29] withTelemetry: onDidChangeTextDocument
[12:44:30] withTelemetry: onDidChangeTextDocument
[12:44:32] withTelemetry: onDidChangeTextDocument
[12:44:34] withTelemetry: onDidChangeTextDocument
[12:44:42] withTelemetry: onDidChangeTextDocument
[12:44:45] withTelemetry: onDidChangeTextDocument
[12:44:46] withTelemetry: onDidChangeTextDocument
[12:44:48] withTelemetry: onDidChangeTextDocument
[12:44:50] withTelemetry: onDidChangeTextDocument
[12:44:51] withTelemetry: onDidChangeTextDocument
[12:44:51] withTelemetry: onDidChangeTextDocument
[12:44:52] withTelemetry: onDidChangeTextDocument
[12:44:55] withTelemetry: onDidChangeTextDocument
[12:44:56] withTelemetry: onDidChangeTextDocument
[12:44:57] withTelemetry: onDidChangeTextDocument
[12:44:59] withTelemetry: onDidChangeTextDocument
[12:45:00] withTelemetry: onDidChangeTextDocument
[12:45:01] withTelemetry: onDidChangeTextDocument
[14:42:19] withTelemetry: onDidChangeActiveTextEditor_tex_wordcounter
[14:42:21] withTelemetry: onDidChangeActiveTextEditor_tex_wordcounter
[14:42:21] TexCount args: -merge,-brief
[14:42:21] TeXCount output for word: 1939+28+0 (16/0/54/0) File: TEPandIntegrity.tex

[14:42:21] TexCount args: -merge,-brief,-char
[14:42:22] TeXCount output for char: 9895+204+0 (16/0/54/0) File: TEPandIntegrity.tex

