2024-01-29 10:23:16.487 [info] Added views:workbench.panel.markers.view in workbench.panel.markers
2024-01-29 10:23:16.487 [info] Added views:workbench.panel.output in workbench.panel.output
2024-01-29 10:23:16.487 [info] Added views:terminal in terminal
2024-01-29 10:23:16.487 [info] Added views:outline in workbench.view.explorer
2024-01-29 10:23:16.487 [info] Added views:workbench.scm in workbench.view.scm
2024-01-29 10:23:16.487 [info] Added views:workbench.view.search in workbench.view.search
2024-01-29 10:23:16.487 [info] Added views:timeline in workbench.view.explorer
2024-01-29 10:23:16.487 [info] Added views:workbench.explorer.emptyView in workbench.view.explorer
2024-01-29 10:23:17.081 [info] Added views:workbench.debug.variablesView,workbench.debug.watchExpressionsView,workbench.debug.callStackView,workbench.debug.breakPointsView in workbench.view.debug
2024-01-29 10:23:17.224 [info] Added views:~remote.forwardedPorts in ~remote.forwardedPortsContainer
2024-01-29 10:23:17.475 [info] Added views:workbench.panel.repl.view in workbench.panel.repl
2024-01-29 10:23:17.478 [info] Removed views:workbench.debug.breakPointsView,workbench.debug.callStackView,workbench.debug.watchExpressionsView,workbench.debug.variablesView from workbench.view.debug
2024-01-29 10:23:17.479 [info] Added views:workbench.debug.welcome in workbench.view.debug
2024-01-29 10:23:22.280 [info] Added views:workbench.panel.markers.view in workbench.panel.markers
2024-01-29 10:23:22.280 [info] Added views:workbench.panel.output in workbench.panel.output
2024-01-29 10:23:22.280 [info] Added views:terminal in terminal
2024-01-29 10:23:22.280 [info] Added views:outline in workbench.view.explorer
2024-01-29 10:23:22.280 [info] Added views:workbench.scm in workbench.view.scm
2024-01-29 10:23:22.280 [info] Added views:workbench.view.search in workbench.view.search
2024-01-29 10:23:22.280 [info] Added views:timeline in workbench.view.explorer
2024-01-29 10:23:22.280 [info] Added views:workbench.explorer.fileView in workbench.view.explorer
2024-01-29 10:23:22.622 [info] Added views:workbench.debug.welcome in workbench.view.debug
2024-01-29 10:23:23.389 [info] Added views:workbench.panel.repl.view in workbench.panel.repl
2024-01-29 10:23:25.045 [info] Added views:latex-workshop-commands,latex-workshop-structure,latex-workshop-snippet-view in workbench.view.extension.latex-workshop-activitybar
2024-01-29 10:23:25.354 [info] Added views:~remote.forwardedPorts in ~remote.forwardedPortsContainer
