2024-01-23 10:13:14.209 [info] Extension host with pid 2218 started
2024-01-23 10:13:14.210 [info] Skipping acquiring lock for /home/void/.config/Code - OSS/User/workspaceStorage/b150083f5db6176932f9fb100551e147.
2024-01-23 10:13:14.614 [info] ExtensionService#_doActivateExtension vscode.emmet, startup: false, activationEvent: 'onLanguage'
2024-01-23 10:13:14.664 [info] ExtensionService#_doActivateExtension James-Yu.latex-workshop, startup: false, activationEvent: 'onLanguage:latex'
2024-01-23 10:13:15.483 [warning] DiagnosticCollection with name 'BibTeX' does already exist.
2024-01-23 10:13:15.526 [info] ExtensionService#_doActivateExtension mathematic.vscode-latex, startup: false, activationEvent: 'onLanguage:latex'
2024-01-23 10:13:15.534 [info] ExtensionService#_doActivateExtension tecosaur.latex-utilities, startup: false, activationEvent: 'onLanguage:latex'
2024-01-23 10:13:16.154 [info] ExtensionService#_doActivateExtension vscode.git-base, startup: true, activationEvent: '*', root cause: vscode.git
2024-01-23 10:13:16.161 [info] ExtensionService#_doActivateExtension yzhang.markdown-all-in-one, startup: true, activationEvent: 'workspaceContains:README.md'
2024-01-23 10:13:16.566 [info] ExtensionService#_doActivateExtension vscode.markdown-math, startup: false, activationEvent: 'api', root cause: yzhang.markdown-all-in-one
2024-01-23 10:13:16.597 [info] ExtensionService#_doActivateExtension vscode.git, startup: true, activationEvent: '*'
2024-01-23 10:13:16.803 [info] ExtensionService#_doActivateExtension vscode.github, startup: true, activationEvent: '*'
2024-01-23 10:13:16.997 [info] Eager extensions activated
2024-01-23 10:13:17.354 [info] ExtensionService#_doActivateExtension vscode.debug-auto-launch, startup: false, activationEvent: 'onStartupFinished'
2024-01-23 10:13:17.357 [info] ExtensionService#_doActivateExtension vscode.merge-conflict, startup: false, activationEvent: 'onStartupFinished'
2024-01-23 10:13:17.387 [info] ExtensionService#_doActivateExtension PKief.material-icon-theme, startup: false, activationEvent: 'onStartupFinished'
2024-01-23 10:13:17.407 [info] ExtensionService#_doActivateExtension vscodevim.vim, startup: false, activationEvent: 'onStartupFinished'
2024-01-23 10:13:18.099 [info] ExtensionService#_doActivateExtension vscode.github-authentication, startup: false, activationEvent: 'onAuthenticationRequest:github'
2024-01-26 11:48:30.768 [error] [James-Yu.latex-workshop] provider FAILED
2024-01-26 11:48:30.769 [error] TypeError: Cannot read properties of undefined (reading 'slice')
	at insertCursor (/home/void/.vscode-oss/extensions/james-yu.latex-workshop-9.18.0/out/src/preview/math/mathpreviewlib/cursorrenderer.js:64:57)
