2024-01-23 10:13:17.699 [info] Log level: Info
2024-01-23 10:13:17.699 [info] Validating found git in: "git"
2024-01-23 10:13:17.699 [info] Using git "2.43.0" from "git"
2024-01-23 10:13:17.699 [info] > git rev-parse --show-toplevel [328ms]
2024-01-23 10:13:17.699 [info] > git rev-parse --git-dir --git-common-dir [6ms]
2024-01-23 10:13:17.699 [info] Open repository: /home/void/Documents/TEP-and-Integrity-Codes
2024-01-23 10:13:17.699 [info] > git rev-parse --show-toplevel [6ms]
2024-01-23 10:13:17.699 [info] > git config --get commit.template [18ms]
2024-01-23 10:13:17.713 [info] > git rev-parse --show-toplevel [22ms]
2024-01-23 10:13:17.733 [info] > git for-each-ref --format=%(refname)%00%(upstream:short)%00%(objectname)%00%(upstream:track)%00%(upstream:remotename)%00%(upstream:remoteref) refs/heads/main refs/remotes/main [23ms]
2024-01-23 10:13:17.736 [info] > git rev-parse --show-toplevel [4ms]
2024-01-23 10:13:17.758 [info] > git rev-parse --show-toplevel [11ms]
2024-01-23 10:13:18.030 [info] > git status -z -uall [14ms]
2024-01-23 10:13:18.062 [info] > git rev-parse --show-toplevel [33ms]
2024-01-23 10:13:18.065 [info] > git config --get commit.template [4ms]
2024-01-23 10:13:18.097 [info] > git show --textconv :Conference-LaTeX-template_10-17-19/TEPandIntegrity.tex [14ms]
2024-01-23 10:13:18.205 [info] > git ls-files --stage -- /home/void/Documents/TEP-and-Integrity-Codes/Conference-LaTeX-template_10-17-19/TEPandIntegrity.tex [108ms]
2024-01-23 10:13:18.237 [info] > git check-ignore -v -z --stdin [2ms]
2024-01-23 10:13:18.239 [info] > git cat-file -s 909f29c6e623ff53a014c3c64c2bf1ba8b29923e [22ms]
2024-01-23 10:13:18.240 [info] > git for-each-ref --format=%(refname)%00%(upstream:short)%00%(objectname)%00%(upstream:track)%00%(upstream:remotename)%00%(upstream:remoteref) refs/heads/main refs/remotes/main [37ms]
2024-01-23 10:13:18.264 [info] > git status -z -uall [5ms]
2024-01-23 10:13:20.093 [info] > git check-ignore -v -z --stdin [6ms]
2024-01-26 11:30:51.205 [info] > git config --get commit.template [33ms]
2024-01-26 11:30:51.208 [info] > git for-each-ref --format=%(refname)%00%(upstream:short)%00%(objectname)%00%(upstream:track)%00%(upstream:remotename)%00%(upstream:remoteref) refs/heads/main refs/remotes/main [8ms]
2024-01-26 11:30:51.250 [info] > git status -z -uall [11ms]
2024-01-26 11:48:21.108 [info] > git config --get commit.template [2ms]
2024-01-26 11:48:21.122 [info] > git for-each-ref --format=%(refname)%00%(upstream:short)%00%(objectname)%00%(upstream:track)%00%(upstream:remotename)%00%(upstream:remoteref) refs/heads/main refs/remotes/main [2ms]
2024-01-26 11:48:21.139 [info] > git status -z -uall [3ms]
2024-01-26 11:48:27.313 [info] > git show --textconv :Conference-LaTeX-template_10-17-19/TEPandIntegrity.tex [14ms]
2024-01-26 11:48:27.316 [info] > git ls-files --stage -- /home/void/Documents/TEP-and-Integrity-Codes/Conference-LaTeX-template_10-17-19/TEPandIntegrity.tex [6ms]
2024-01-26 11:48:27.328 [info] > git cat-file -s 909f29c6e623ff53a014c3c64c2bf1ba8b29923e [1ms]
2024-01-26 12:06:24.698 [info] > git config --get commit.template [27ms]
2024-01-26 12:06:24.700 [info] > git for-each-ref --format=%(refname)%00%(upstream:short)%00%(objectname)%00%(upstream:track)%00%(upstream:remotename)%00%(upstream:remoteref) refs/heads/main refs/remotes/main [6ms]
2024-01-26 12:06:24.730 [info] > git status -z -uall [8ms]
2024-01-26 12:22:19.742 [info] > git config --get commit.template [29ms]
2024-01-26 12:22:19.745 [info] > git for-each-ref --format=%(refname)%00%(upstream:short)%00%(objectname)%00%(upstream:track)%00%(upstream:remotename)%00%(upstream:remoteref) refs/heads/main refs/remotes/main [7ms]
2024-01-26 12:22:19.791 [info] > git status -z -uall [10ms]
2024-01-26 12:22:42.951 [info] > git config --get commit.template [35ms]
2024-01-26 12:22:42.953 [info] > git for-each-ref --format=%(refname)%00%(upstream:short)%00%(objectname)%00%(upstream:track)%00%(upstream:remotename)%00%(upstream:remoteref) refs/heads/main refs/remotes/main [9ms]
2024-01-26 12:22:42.989 [info] > git status -z -uall [10ms]
2024-01-26 12:28:15.374 [info] > git show --textconv :Conference-LaTeX-template_10-17-19/TEPandIntegrity.tex [11ms]
2024-01-26 12:28:15.376 [info] > git ls-files --stage -- /home/void/Documents/TEP-and-Integrity-Codes/Conference-LaTeX-template_10-17-19/TEPandIntegrity.tex [3ms]
2024-01-26 12:28:15.386 [info] > git cat-file -s 909f29c6e623ff53a014c3c64c2bf1ba8b29923e [2ms]
2024-01-26 12:28:19.214 [info] > git config --get commit.template [13ms]
2024-01-26 12:28:19.215 [info] > git for-each-ref --format=%(refname)%00%(upstream:short)%00%(objectname)%00%(upstream:track)%00%(upstream:remotename)%00%(upstream:remoteref) refs/heads/main refs/remotes/main [3ms]
2024-01-26 12:28:19.231 [info] > git status -z -uall [3ms]
2024-01-26 12:29:42.977 [info] > git show --textconv :Conference-LaTeX-template_10-17-19/TEPandIntegrity.tex [10ms]
2024-01-26 12:29:42.979 [info] > git ls-files --stage -- /home/void/Documents/TEP-and-Integrity-Codes/Conference-LaTeX-template_10-17-19/TEPandIntegrity.tex [1ms]
2024-01-26 12:29:42.989 [info] > git cat-file -s 909f29c6e623ff53a014c3c64c2bf1ba8b29923e [1ms]
2024-01-26 12:45:15.861 [info] > git config --get commit.template [32ms]
2024-01-26 12:45:15.864 [info] > git for-each-ref --format=%(refname)%00%(upstream:short)%00%(objectname)%00%(upstream:track)%00%(upstream:remotename)%00%(upstream:remoteref) refs/heads/main refs/remotes/main [7ms]
2024-01-26 12:45:15.902 [info] > git status -z -uall [9ms]
2024-01-26 12:45:55.241 [info] > git config --get commit.template [11ms]
2024-01-26 12:45:55.282 [info] > git for-each-ref --format=%(refname)%00%(upstream:short)%00%(objectname)%00%(upstream:track)%00%(upstream:remotename)%00%(upstream:remoteref) refs/heads/main refs/remotes/main [8ms]
2024-01-26 12:45:55.322 [info] > git status -z -uall [8ms]
2024-01-26 14:29:39.000 [info] > git config --get commit.template [39ms]
2024-01-26 14:29:39.002 [info] > git for-each-ref --format=%(refname)%00%(upstream:short)%00%(objectname)%00%(upstream:track)%00%(upstream:remotename)%00%(upstream:remoteref) refs/heads/main refs/remotes/main [6ms]
2024-01-26 14:29:39.041 [info] > git status -z -uall [10ms]
2024-01-26 14:29:44.114 [info] > git config --get commit.template [26ms]
2024-01-26 14:29:44.116 [info] > git for-each-ref --format=%(refname)%00%(upstream:short)%00%(objectname)%00%(upstream:track)%00%(upstream:remotename)%00%(upstream:remoteref) refs/heads/main refs/remotes/main [5ms]
2024-01-26 14:29:44.146 [info] > git status -z -uall [7ms]
2024-01-26 15:10:32.531 [info] > git show --textconv :Conference-LaTeX-template_10-17-19/TEPandIntegrity.tex [12ms]
2024-01-26 15:10:32.533 [info] > git ls-files --stage -- /home/void/Documents/TEP-and-Integrity-Codes/Conference-LaTeX-template_10-17-19/TEPandIntegrity.tex [2ms]
2024-01-26 15:10:32.546 [info] > git cat-file -s 909f29c6e623ff53a014c3c64c2bf1ba8b29923e [2ms]
2024-01-26 15:10:40.242 [info] > git show --textconv :Conference-LaTeX-template_10-17-19/TEPandIntegrity.tex [10ms]
2024-01-26 15:10:40.244 [info] > git ls-files --stage -- /home/void/Documents/TEP-and-Integrity-Codes/Conference-LaTeX-template_10-17-19/TEPandIntegrity.tex [2ms]
2024-01-26 15:10:40.255 [info] > git cat-file -s 909f29c6e623ff53a014c3c64c2bf1ba8b29923e [2ms]
2024-01-26 15:10:43.678 [info] > git show --textconv :Conference-LaTeX-template_10-17-19/TEPandIntegrity.tex [10ms]
2024-01-26 15:10:43.680 [info] > git ls-files --stage -- /home/void/Documents/TEP-and-Integrity-Codes/Conference-LaTeX-template_10-17-19/TEPandIntegrity.tex [2ms]
2024-01-26 15:10:43.691 [info] > git cat-file -s 909f29c6e623ff53a014c3c64c2bf1ba8b29923e [2ms]
2024-01-26 15:11:23.956 [info] > git show --textconv :Conference-LaTeX-template_10-17-19/TEPandIntegrity.tex [10ms]
2024-01-26 15:11:23.957 [info] > git ls-files --stage -- /home/void/Documents/TEP-and-Integrity-Codes/Conference-LaTeX-template_10-17-19/TEPandIntegrity.tex [2ms]
2024-01-26 15:11:23.969 [info] > git cat-file -s 909f29c6e623ff53a014c3c64c2bf1ba8b29923e [3ms]
2024-01-26 15:53:01.717 [info] > git show --textconv :Conference-LaTeX-template_10-17-19/TEPandIntegrity.tex [7ms]
2024-01-26 15:53:01.719 [info] > git ls-files --stage -- /home/void/Documents/TEP-and-Integrity-Codes/Conference-LaTeX-template_10-17-19/TEPandIntegrity.tex [2ms]
2024-01-26 15:53:01.727 [info] > git cat-file -s 909f29c6e623ff53a014c3c64c2bf1ba8b29923e [1ms]
2024-01-26 15:55:00.468 [info] > git show --textconv :Conference-LaTeX-template_10-17-19/TEPandIntegrity.tex [7ms]
2024-01-26 15:55:00.470 [info] > git ls-files --stage -- /home/void/Documents/TEP-and-Integrity-Codes/Conference-LaTeX-template_10-17-19/TEPandIntegrity.tex [1ms]
2024-01-26 15:55:00.477 [info] > git cat-file -s 909f29c6e623ff53a014c3c64c2bf1ba8b29923e [1ms]
2024-01-26 17:10:23.969 [info] > git config --get commit.template [32ms]
2024-01-26 17:10:23.971 [info] > git for-each-ref --format=%(refname)%00%(upstream:short)%00%(objectname)%00%(upstream:track)%00%(upstream:remotename)%00%(upstream:remoteref) refs/heads/main refs/remotes/main [5ms]
2024-01-26 17:10:24.012 [info] > git status -z -uall [9ms]
2024-01-26 17:10:48.890 [info] > git config --get commit.template [33ms]
2024-01-26 17:10:48.893 [info] > git for-each-ref --format=%(refname)%00%(upstream:short)%00%(objectname)%00%(upstream:track)%00%(upstream:remotename)%00%(upstream:remoteref) refs/heads/main refs/remotes/main [6ms]
2024-01-26 17:10:48.931 [info] > git status -z -uall [9ms]
2024-01-26 17:15:43.925 [info] > git config --get commit.template [43ms]
2024-01-26 17:15:43.929 [info] > git for-each-ref --format=%(refname)%00%(upstream:short)%00%(objectname)%00%(upstream:track)%00%(upstream:remotename)%00%(upstream:remoteref) refs/heads/main refs/remotes/main [7ms]
2024-01-26 17:15:43.970 [info] > git status -z -uall [11ms]
2024-01-26 17:17:31.414 [info] > git show --textconv :Conference-LaTeX-template_10-17-19/TEPandIntegrity.tex [13ms]
2024-01-26 17:17:31.417 [info] > git ls-files --stage -- /home/void/Documents/TEP-and-Integrity-Codes/Conference-LaTeX-template_10-17-19/TEPandIntegrity.tex [4ms]
2024-01-26 17:17:31.429 [info] > git cat-file -s 909f29c6e623ff53a014c3c64c2bf1ba8b29923e [2ms]
2024-01-29 10:14:07.033 [info] > git show --textconv :Conference-LaTeX-template_10-17-19/TEPandIntegrity.tex [11ms]
2024-01-29 10:14:07.035 [info] > git ls-files --stage -- /home/void/Documents/TEP-and-Integrity-Codes/Conference-LaTeX-template_10-17-19/TEPandIntegrity.tex [3ms]
2024-01-29 10:14:07.046 [info] > git cat-file -s 909f29c6e623ff53a014c3c64c2bf1ba8b29923e [1ms]
2024-01-29 12:40:40.522 [info] > git config --get commit.template [31ms]
2024-01-29 12:40:40.533 [info] > git for-each-ref --format=%(refname)%00%(upstream:short)%00%(objectname)%00%(upstream:track)%00%(upstream:remotename)%00%(upstream:remoteref) refs/heads/main refs/remotes/main [14ms]
2024-01-29 12:40:40.563 [info] > git status -z -uall [5ms]
2024-01-29 12:41:06.850 [info] > git config --get commit.template [9ms]
2024-01-29 12:41:06.920 [info] > git for-each-ref --format=%(refname)%00%(upstream:short)%00%(objectname)%00%(upstream:track)%00%(upstream:remotename)%00%(upstream:remoteref) refs/heads/main refs/remotes/main [14ms]
2024-01-29 12:41:06.982 [info] > git status -z -uall [15ms]
2024-01-29 12:41:11.445 [info] > git check-ignore -v -z --stdin [6ms]
2024-01-29 12:41:12.048 [info] > git config --get commit.template [31ms]
2024-01-29 12:41:12.051 [info] > git for-each-ref --format=%(refname)%00%(upstream:short)%00%(objectname)%00%(upstream:track)%00%(upstream:remotename)%00%(upstream:remoteref) refs/heads/main refs/remotes/main [6ms]
2024-01-29 12:41:12.090 [info] > git status -z -uall [9ms]
2024-01-29 12:41:13.616 [info] > git check-ignore -v -z --stdin [5ms]
2024-01-29 12:41:18.119 [info] > git show --textconv :beamer-tum/template-pdflatex.tex [29ms]
2024-01-29 12:41:18.125 [info] > git ls-files --stage -- /home/void/Documents/TEP-and-Integrity-Codes/beamer-tum/template-pdflatex.tex [7ms]
2024-01-29 12:41:21.568 [info] > git check-ignore -v -z --stdin [2ms]
2024-01-29 12:41:22.696 [info] > git check-ignore -v -z --stdin [2ms]
2024-01-29 12:41:23.310 [info] > git check-ignore -v -z --stdin [2ms]
2024-01-29 12:41:25.678 [info] > git config --get commit.template [25ms]
2024-01-29 12:41:25.680 [info] > git for-each-ref --format=%(refname)%00%(upstream:short)%00%(objectname)%00%(upstream:track)%00%(upstream:remotename)%00%(upstream:remoteref) refs/heads/main refs/remotes/main [4ms]
2024-01-29 12:41:25.710 [info] > git status -z -uall [7ms]
2024-01-29 12:41:38.173 [info] > git show --textconv :beamer-tum/template-pdflatex.tex [11ms]
2024-01-29 12:41:38.175 [info] > git ls-files --stage -- /home/void/Documents/TEP-and-Integrity-Codes/beamer-tum/template-pdflatex.tex [2ms]
2024-01-29 12:41:48.682 [info] > git show --textconv :Conference-LaTeX-template_10-17-19/TEPandIntegrity.tex [16ms]
2024-01-29 12:41:48.686 [info] > git ls-files --stage -- /home/void/Documents/TEP-and-Integrity-Codes/Conference-LaTeX-template_10-17-19/TEPandIntegrity.tex [5ms]
2024-01-29 12:41:48.714 [info] > git cat-file -s 909f29c6e623ff53a014c3c64c2bf1ba8b29923e [14ms]
2024-01-29 12:41:50.836 [info] > git show --textconv :beamer-tum/template-pdflatex.tex [17ms]
2024-01-29 12:41:50.838 [info] > git ls-files --stage -- /home/void/Documents/TEP-and-Integrity-Codes/beamer-tum/template-pdflatex.tex [4ms]
2024-01-29 12:44:15.884 [info] > git show --textconv :Conference-LaTeX-template_10-17-19/TEPandIntegrity.tex [17ms]
2024-01-29 12:44:15.902 [info] > git ls-files --stage -- /home/void/Documents/TEP-and-Integrity-Codes/Conference-LaTeX-template_10-17-19/TEPandIntegrity.tex [19ms]
2024-01-29 12:44:15.929 [info] > git cat-file -s 909f29c6e623ff53a014c3c64c2bf1ba8b29923e [14ms]
2024-01-29 14:42:21.924 [info] > git show --textconv :Conference-LaTeX-template_10-17-19/TEPandIntegrity.tex [11ms]
2024-01-29 14:42:21.925 [info] > git ls-files --stage -- /home/void/Documents/TEP-and-Integrity-Codes/Conference-LaTeX-template_10-17-19/TEPandIntegrity.tex [2ms]
2024-01-29 14:42:21.937 [info] > git cat-file -s 909f29c6e623ff53a014c3c64c2bf1ba8b29923e [2ms]
