2024-01-31 20:01:16.002 [info] Active editor: file:///home/void/Documents/TEP-and-Integrity-Codes/Paper/TEPandIntegrity.tex
2024-01-31 20:01:18.160 [info] /home/void/Documents/TEP-and-Integrity-Codes/Paper/TEPandIntegrity.tex closed
2024-01-31 20:01:18.196 [info] /home/void/Documents/TEP-and-Integrity-Codes/Paper/TEPandIntegrity.tex.git closed
2024-01-31 20:01:19.423 [info] Active editor: file:///home/void/Documents/TEP-and-Integrity-Codes/Presi/template-pdflatex.tex
2024-01-31 20:02:00.072 [info] /home/void/Documents/TEP-and-Integrity-Codes/Presi/template-pdflatex.tex.git closed
2024-01-31 20:02:39.250 [info] Active editor: file:///home/void/Documents/TEP-and-Integrity-Codes/Presi/template-pdflatex.tex
2024-01-31 20:03:09.926 [info] Executing :w
2024-01-31 20:03:27.135 [info] /home/void/Documents/TEP-and-Integrity-Codes/Presi/template-pdflatex.tex.git closed
2024-01-31 20:03:40.274 [info] Active editor: file:///home/void/Documents/TEP-and-Integrity-Codes/Presi/template-pdflatex.tex
2024-01-31 20:04:14.973 [info] Executing :w
2024-01-31 20:04:17.334 [info] /home/void/Documents/TEP-and-Integrity-Codes/Presi/template-pdflatex.tex.git closed
2024-01-31 20:09:39.148 [info] Active editor: file:///home/void/Documents/TEP-and-Integrity-Codes/Presi/template-pdflatex.tex
2024-01-31 20:27:53.399 [info] /home/void/Documents/TEP-and-Integrity-Codes/Presi/template-pdflatex.tex.git closed
2024-01-31 20:27:59.420 [info] Active editor: file:///home/void/Documents/TEP-and-Integrity-Codes/Presi/template-pdflatex.tex
2024-01-31 20:35:06.665 [info] /home/void/Documents/TEP-and-Integrity-Codes/Presi/template-pdflatex.tex.git closed
2024-01-31 20:35:59.458 [info] Active editor: file:///home/void/Documents/TEP-and-Integrity-Codes/Presi/template-pdflatex.tex
2024-01-31 20:40:03.841 [info] Executing :w
2024-01-31 21:00:05.787 [info] /home/void/Documents/TEP-and-Integrity-Codes/Presi/template-pdflatex.tex.git closed
2024-01-31 21:00:33.779 [info] Active editor: file:///home/void/Documents/TEP-and-Integrity-Codes/Presi/template-pdflatex.tex
2024-01-31 21:10:30.639 [info] Executing :w
2024-01-31 21:10:30.680 [warning] :w failed
2024-01-31 21:10:33.679 [info] Active editor: file:///home/void/Documents/TEP-and-Integrity-Codes/Presi/template-pdflatex.tex
2024-01-31 21:10:33.753 [info] /home/void/Documents/TEP-and-Integrity-Codes/Presi/template-pdflatex.tex.git closed
2024-01-31 21:10:55.160 [info] /home/void/Documents/TEP-and-Integrity-Codes/Presi/template-pdflatex.tex closed
2024-01-31 21:10:55.181 [info] Active editor: file:///home/void/Documents/TEP-and-Integrity-Codes/Presi/template-pdflatex.tex
2024-01-31 21:10:58.166 [info] Executing :'<,'>w
2024-01-31 21:11:00.254 [info] Executing :w
2024-01-31 21:11:00.294 [warning] :w failed
2024-01-31 21:11:58.952 [info] Active editor: file:///home/void/Documents/TEP-and-Integrity-Codes/Paper/TEPandIntegrity.tex
2024-01-31 21:11:58.971 [info] /home/void/Documents/TEP-and-Integrity-Codes/Presi/template-pdflatex.tex.git closed
2024-01-31 21:12:02.412 [info] /home/void/Documents/TEP-and-Integrity-Codes/Paper/TEPandIntegrity.tex closed
2024-01-31 21:12:02.455 [info] Active editor: file:///home/void/Documents/TEP-and-Integrity-Codes/Presi/template-pdflatex.tex
2024-01-31 21:12:02.473 [info] /home/void/Documents/TEP-and-Integrity-Codes/Paper/TEPandIntegrity.tex.git closed
2024-01-31 21:12:39.146 [info] Executing :w
2024-01-31 21:12:44.328 [info] /home/void/Documents/TEP-and-Integrity-Codes/Presi/template-pdflatex.tex.git closed
2024-01-31 21:12:49.884 [info] Active editor: file:///home/void/Documents/TEP-and-Integrity-Codes/Presi/template-pdflatex.tex
2024-01-31 21:13:30.990 [info] Executing :w
2024-01-31 21:13:33.285 [info] /home/void/Documents/TEP-and-Integrity-Codes/Presi/template-pdflatex.tex.git closed
2024-01-31 21:16:46.392 [info] Active editor: file:///home/void/Documents/TEP-and-Integrity-Codes/Presi/template-pdflatex.tex
2024-01-31 21:17:48.263 [info] /home/void/Documents/TEP-and-Integrity-Codes/Presi/template-pdflatex.tex.git closed
2024-01-31 21:18:36.002 [info] Active editor: file:///home/void/Documents/TEP-and-Integrity-Codes/Presi/template-pdflatex.tex
2024-01-31 21:19:28.546 [info] Executing :w
2024-01-31 21:21:08.553 [info] Executing :w
2024-01-31 21:30:44.448 [info] /home/void/Documents/TEP-and-Integrity-Codes/Presi/template-pdflatex.tex.git closed
2024-01-31 21:30:58.357 [info] Active editor: file:///home/void/Documents/TEP-and-Integrity-Codes/Presi/template-pdflatex.tex
2024-01-31 21:31:13.248 [info] /home/void/Documents/TEP-and-Integrity-Codes/Presi/template-pdflatex.tex.git closed
2024-01-31 21:33:13.610 [info] Active editor: file:///home/void/Documents/TEP-and-Integrity-Codes/Presi/template-pdflatex.tex
2024-01-31 21:34:59.888 [info] /home/void/Documents/TEP-and-Integrity-Codes/Presi/template-pdflatex.tex.git closed
2024-01-31 21:35:03.115 [info] Active editor: file:///home/void/Documents/TEP-and-Integrity-Codes/Paper/TEPandIntegrity.tex
2024-01-31 21:36:41.756 [info] /home/void/Documents/TEP-and-Integrity-Codes/Paper/TEPandIntegrity.tex closed
2024-01-31 21:36:41.783 [info] /home/void/Documents/TEP-and-Integrity-Codes/Paper/TEPandIntegrity.tex.git closed
2024-01-31 21:46:44.421 [info] Active editor: file:///home/void/Documents/TEP-and-Integrity-Codes/Presi/template-pdflatex.tex
2024-01-31 22:02:16.030 [info] /home/void/Documents/TEP-and-Integrity-Codes/Presi/template-pdflatex.tex.git closed
2024-01-31 22:21:31.858 [info] Active editor: file:///home/void/Documents/TEP-and-Integrity-Codes/Presi/template-pdflatex.tex
2024-01-31 22:21:39.809 [info] /home/void/Documents/TEP-and-Integrity-Codes/Presi/template-pdflatex.tex.git closed
2024-01-31 22:21:41.221 [info] Active editor: file:///home/void/Documents/TEP-and-Integrity-Codes/Presi/template-pdflatex.tex
2024-01-31 22:24:57.782 [info] Executing :w
2024-01-31 22:25:01.630 [info] /home/void/Documents/TEP-and-Integrity-Codes/Presi/template-pdflatex.tex.git closed
2024-01-31 22:25:02.294 [info] Active editor: file:///home/void/Documents/TEP-and-Integrity-Codes/Presi/template-pdflatex.tex
2024-01-31 22:25:04.097 [info] /home/void/Documents/TEP-and-Integrity-Codes/Presi/template-pdflatex.tex.git closed
2024-01-31 22:25:30.827 [info] Active editor: file:///home/void/Documents/TEP-and-Integrity-Codes/Presi/template-pdflatex.tex
2024-01-31 22:25:36.298 [info] Executing :w
2024-01-31 22:25:36.923 [info] /home/void/Documents/TEP-and-Integrity-Codes/Presi/template-pdflatex.tex.git closed
2024-01-31 22:25:49.512 [info] Active editor: file:///home/void/Documents/TEP-and-Integrity-Codes/Presi/template-pdflatex.tex
2024-01-31 22:25:57.306 [info] Executing :w
2024-01-31 22:25:57.788 [info] /home/void/Documents/TEP-and-Integrity-Codes/Presi/template-pdflatex.tex.git closed
2024-01-31 22:26:11.840 [info] Active editor: file:///home/void/Documents/TEP-and-Integrity-Codes/Presi/template-pdflatex.tex
2024-01-31 22:39:26.808 [info] /home/void/Documents/TEP-and-Integrity-Codes/Presi/template-pdflatex.tex.git closed
2024-01-31 22:39:43.118 [info] Active editor: file:///home/void/Documents/TEP-and-Integrity-Codes/Presi/template-pdflatex.tex
2024-01-31 23:10:39.574 [info] Executing :w
2024-01-31 23:10:51.348 [info] Executing :w
2024-01-31 23:10:52.201 [info] /home/void/Documents/TEP-and-Integrity-Codes/Presi/template-pdflatex.tex.git closed
2024-01-31 23:11:08.305 [info] Active editor: file:///home/void/Documents/TEP-and-Integrity-Codes/Presi/template-pdflatex.tex
2024-01-31 23:11:36.906 [info] Executing :w
2024-01-31 23:11:42.490 [info] /home/void/Documents/TEP-and-Integrity-Codes/Presi/template-pdflatex.tex.git closed
2024-01-31 23:12:09.181 [info] Active editor: file:///home/void/Documents/TEP-and-Integrity-Codes/Presi/template-pdflatex.tex
2024-01-31 23:12:23.596 [info] /home/void/Documents/TEP-and-Integrity-Codes/Presi/template-pdflatex.tex.git closed
2024-01-31 23:12:27.602 [info] Active editor: file:///home/void/Documents/TEP-and-Integrity-Codes/Presi/template-pdflatex.tex
2024-01-31 23:12:28.093 [info] /home/void/Documents/TEP-and-Integrity-Codes/Presi/template-pdflatex.tex.git closed
2024-01-31 23:17:15.117 [info] Active editor: file:///home/void/Documents/TEP-and-Integrity-Codes/Presi/template-pdflatex.tex
2024-01-31 23:17:22.580 [info] Executing :w
2024-01-31 23:17:24.916 [info] /home/void/Documents/TEP-and-Integrity-Codes/Presi/template-pdflatex.tex.git closed
2024-01-31 23:27:58.845 [info] Active editor: file:///home/void/Documents/TEP-and-Integrity-Codes/Presi/template-pdflatex.tex
2024-01-31 23:28:15.321 [info] Executing :w
2024-01-31 23:28:18.956 [info] Executing :w
2024-01-31 23:28:20.580 [info] /home/void/Documents/TEP-and-Integrity-Codes/Presi/template-pdflatex.tex.git closed
2024-01-31 23:36:08.304 [info] Active editor: file:///home/void/Documents/TEP-and-Integrity-Codes/Presi/template-pdflatex.tex
2024-01-31 23:36:10.010 [info] /home/void/Documents/TEP-and-Integrity-Codes/Presi/template-pdflatex.tex.git closed
2024-02-01 10:56:09.970 [info] Active editor: file:///home/void/Documents/TEP-and-Integrity-Codes/Presi/template-pdflatex.tex
2024-02-01 10:56:15.342 [info] /home/void/Documents/TEP-and-Integrity-Codes/Presi/template-pdflatex.tex.git closed
2024-02-01 10:59:26.476 [info] Active editor: file:///home/void/Documents/TEP-and-Integrity-Codes/Presi/template-pdflatex.tex
2024-02-01 10:59:39.358 [info] Executing :w
2024-02-01 10:59:42.680 [info] Executing :w
2024-02-01 11:00:03.482 [info] /home/void/Documents/TEP-and-Integrity-Codes/Presi/template-pdflatex.tex.git closed
2024-02-01 17:49:34.957 [info] Active editor: file:///home/void/Documents/TEP-and-Integrity-Codes/Presi/template-pdflatex.tex
2024-02-01 17:49:48.395 [info] Active editor: file:///home/void/Documents/TEP-and-Integrity-Codes/Paper/TEPandIntegrity.tex
2024-02-01 17:49:48.409 [info] /home/void/Documents/TEP-and-Integrity-Codes/Presi/template-pdflatex.tex.git closed
2024-02-01 17:49:50.682 [info] /home/void/Documents/TEP-and-Integrity-Codes/Presi/template-pdflatex.tex closed
2024-02-01 17:50:04.082 [info] /home/void/Documents/TEP-and-Integrity-Codes/Paper/TEPandIntegrity.tex.git closed
2024-02-01 17:50:07.783 [info] Active editor: file:///home/void/Documents/TEP-and-Integrity-Codes/Paper/TEPandIntegrity.tex
2024-02-01 18:05:29.603 [info] Executing :w
2024-02-01 18:05:59.747 [info] Executing :w
2024-02-05 09:48:49.122 [info] Configuration changed
2024-02-05 10:10:02.546 [info] /home/void/Documents/TEP-and-Integrity-Codes/Paper/TEPandIntegrity.tex.git closed
2024-02-05 12:37:09.057 [info] Active editor: file:///home/void/Documents/TEP-and-Integrity-Codes/Paper/TEPandIntegrity.tex
2024-02-05 12:39:17.210 [info] Executing :w
2024-02-05 12:39:18.836 [info] /home/void/Documents/TEP-and-Integrity-Codes/Paper/TEPandIntegrity.tex.git closed
2024-02-05 12:39:19.494 [info] Active editor: file:///home/void/Documents/TEP-and-Integrity-Codes/Paper/TEPandIntegrity.tex
2024-02-05 12:40:47.172 [info] Executing :w
2024-02-05 14:35:15.242 [info] /opt/texlive/2023/texmf-dist/tex/latex/ieeetran/IEEEtran.cls closed
2024-02-05 15:01:28.820 [info] Executing :w
2024-02-05 15:01:39.171 [info] /home/void/Documents/TEP-and-Integrity-Codes/Paper/TEPandIntegrity.tex.git closed
2024-02-05 15:01:50.691 [info] Active editor: file:///home/void/Documents/TEP-and-Integrity-Codes/Paper/TEPandIntegrity.tex
2024-02-05 15:01:57.292 [info] Executing :w
2024-02-05 15:02:05.586 [info] Executing :w
2024-02-05 15:02:06.349 [info] /home/void/Documents/TEP-and-Integrity-Codes/Paper/TEPandIntegrity.tex.git closed
2024-02-05 15:08:06.576 [info] Active editor: file:///home/void/Documents/TEP-and-Integrity-Codes/Paper/TEPandIntegrity.tex
2024-02-05 16:41:51.023 [info] Executing :w
2024-02-05 16:41:51.981 [info] /home/void/Documents/TEP-and-Integrity-Codes/Paper/TEPandIntegrity.tex.git closed
2024-02-05 16:42:16.269 [info] Active editor: file:///home/void/Documents/TEP-and-Integrity-Codes/Paper/TEPandIntegrity.tex
2024-02-05 16:43:18.874 [info] Searching for bit
2024-02-05 16:44:26.092 [info] Executing :w
2024-02-05 16:50:33.752 [info] Executing :w
2024-02-05 16:50:35.235 [info] /home/void/Documents/TEP-and-Integrity-Codes/Paper/TEPandIntegrity.tex.git closed
2024-02-05 16:50:38.986 [info] Active editor: file:///home/void/Documents/TEP-and-Integrity-Codes/Paper/TEPandIntegrity.tex
2024-02-05 16:50:40.345 [info] /home/void/Documents/TEP-and-Integrity-Codes/Paper/TEPandIntegrity.tex.git closed
2024-02-05 16:51:09.183 [info] Active editor: file:///home/void/Documents/TEP-and-Integrity-Codes/Paper/TEPandIntegrity.tex
2024-02-05 16:58:12.186 [info] /home/void/Documents/TEP-and-Integrity-Codes/Paper/TEPandIntegrity.tex.git closed
2024-02-05 16:58:32.682 [info] Active editor: file:///home/void/Documents/TEP-and-Integrity-Codes/Paper/TEPandIntegrity.tex
2024-02-05 17:00:07.384 [info] /home/void/Documents/TEP-and-Integrity-Codes/Paper/TEPandIntegrity.tex.git closed
2024-02-05 17:00:22.447 [info] Active editor: file:///home/void/Documents/TEP-and-Integrity-Codes/Paper/TEPandIntegrity.tex
2024-02-05 17:32:10.952 [info] Executing :w
2024-02-05 17:32:16.527 [info] /home/void/Documents/TEP-and-Integrity-Codes/Paper/TEPandIntegrity.tex.git closed
2024-02-05 17:32:30.503 [info] Active editor: file:///home/void/Documents/TEP-and-Integrity-Codes/Paper/TEPandIntegrity.tex
