2024-01-31 11:57:15.990 [info] Active editor: file:///home/void/Documents/TEP-and-Integrity-Codes/Presi/template-pdflatex.tex
2024-01-31 11:58:52.379 [info] Executing :w
2024-01-31 11:58:56.195 [info] /home/void/Documents/TEP-and-Integrity-Codes/Presi/template-pdflatex.tex.git closed
2024-01-31 11:59:01.099 [info] Active editor: file:///home/void/Documents/TEP-and-Integrity-Codes/Presi/template-pdflatex.tex
2024-01-31 12:01:30.714 [info] Executing :w
2024-01-31 12:02:38.864 [info] Executing :w
2024-01-31 12:02:58.097 [info] Executing :w
2024-01-31 12:03:05.562 [info] /home/void/Documents/TEP-and-Integrity-Codes/Presi/template-pdflatex.tex.git closed
2024-01-31 12:03:16.805 [info] Active editor: file:///home/void/Documents/TEP-and-Integrity-Codes/Presi/template-pdflatex.tex
2024-01-31 12:03:24.626 [info] Executing :w
2024-01-31 12:04:36.624 [info] Executing :w
2024-01-31 12:05:14.460 [info] Executing :w
2024-01-31 12:05:18.549 [info] /home/void/Documents/TEP-and-Integrity-Codes/Presi/template-pdflatex.tex.git closed
2024-01-31 12:05:20.839 [info] Active editor: file:///home/void/Documents/TEP-and-Integrity-Codes/Presi/template-pdflatex.tex
2024-01-31 12:05:25.229 [info] Executing :w
2024-01-31 12:05:27.755 [info] /home/void/Documents/TEP-and-Integrity-Codes/Presi/template-pdflatex.tex.git closed
2024-01-31 12:05:29.961 [info] Active editor: file:///home/void/Documents/TEP-and-Integrity-Codes/Presi/template-pdflatex.tex
2024-01-31 12:05:34.623 [info] Executing :w
2024-01-31 12:05:42.511 [info] /home/void/Documents/TEP-and-Integrity-Codes/Presi/template-pdflatex.tex.git closed
2024-01-31 12:09:04.734 [info] Active editor: file:///home/void/Documents/TEP-and-Integrity-Codes/Presi/template-pdflatex.tex
2024-01-31 12:09:44.947 [info] Executing :w
2024-01-31 12:10:25.640 [info] /home/void/Documents/TEP-and-Integrity-Codes/Presi/template-pdflatex.tex.git closed
2024-01-31 12:46:26.536 [info] Active editor: file:///home/void/Documents/TEP-and-Integrity-Codes/Presi/template-pdflatex.tex
2024-01-31 13:58:17.031 [info] Executing :w
2024-01-31 13:58:19.511 [info] /home/void/Documents/TEP-and-Integrity-Codes/Presi/template-pdflatex.tex.git closed
2024-01-31 13:58:21.797 [info] Active editor: file:///home/void/Documents/TEP-and-Integrity-Codes/Presi/template-pdflatex.tex
2024-01-31 13:58:25.507 [info] /home/void/Documents/TEP-and-Integrity-Codes/Presi/template-pdflatex.tex.git closed
2024-01-31 13:58:26.046 [info] Active editor: file:///home/void/Documents/TEP-and-Integrity-Codes/Presi/template-pdflatex.tex
2024-01-31 13:59:20.706 [info] Executing :w
2024-01-31 13:59:29.198 [info] Executing :w
2024-01-31 14:00:02.606 [info] Executing :w
2024-01-31 14:01:59.723 [info] Executing :w
2024-01-31 14:02:46.013 [info] Executing :w
2024-01-31 14:02:52.298 [info] /home/void/Documents/TEP-and-Integrity-Codes/Presi/template-pdflatex.tex.git closed
2024-01-31 14:03:06.966 [info] Active editor: file:///home/void/Documents/TEP-and-Integrity-Codes/Presi/template-pdflatex.tex
2024-01-31 14:03:32.472 [info] Executing :w
2024-01-31 14:03:37.743 [info] /home/void/Documents/TEP-and-Integrity-Codes/Presi/template-pdflatex.tex.git closed
2024-01-31 14:03:39.043 [info] Active editor: file:///home/void/Documents/TEP-and-Integrity-Codes/Presi/template-pdflatex.tex
2024-01-31 14:03:41.957 [info] Executing :w
2024-01-31 14:03:43.392 [info] /home/void/Documents/TEP-and-Integrity-Codes/Presi/template-pdflatex.tex.git closed
2024-01-31 14:03:50.468 [info] Active editor: file:///home/void/Documents/TEP-and-Integrity-Codes/Presi/template-pdflatex.tex
2024-01-31 14:56:08.840 [info] Executing :w
2024-01-31 14:56:34.127 [info] Executing :w
2024-01-31 15:02:34.253 [info] /home/void/Documents/TEP-and-Integrity-Codes/Presi/template-pdflatex.tex.git closed
2024-01-31 15:21:44.610 [info] Active editor: file:///home/void/Documents/TEP-and-Integrity-Codes/Presi/template-pdflatex.tex
2024-01-31 15:22:27.711 [info] Executing :w
2024-01-31 15:26:27.962 [info] Executing :w
2024-01-31 15:26:35.186 [info] Executing :w
2024-01-31 15:26:42.896 [info] /home/void/Documents/TEP-and-Integrity-Codes/Presi/template-pdflatex.tex.git closed
2024-01-31 15:27:54.126 [info] Active editor: file:///home/void/Documents/TEP-and-Integrity-Codes/Presi/template-pdflatex.tex
2024-01-31 15:27:59.103 [info] Executing :w
2024-01-31 15:28:19.818 [info] /home/void/Documents/TEP-and-Integrity-Codes/Presi/template-pdflatex.tex.git closed
2024-01-31 15:57:00.637 [info] Active editor: file:///home/void/Documents/TEP-and-Integrity-Codes/Presi/template-pdflatex.tex
2024-01-31 16:11:07.456 [info] Executing :w
2024-01-31 16:22:16.898 [info] Executing :W
2024-01-31 16:22:21.140 [info] /home/void/Documents/TEP-and-Integrity-Codes/Presi/template-pdflatex.tex.git closed
2024-01-31 16:22:26.944 [info] Active editor: file:///home/void/Documents/TEP-and-Integrity-Codes/Presi/template-pdflatex.tex
2024-01-31 16:26:12.307 [info] Executing :w
2024-01-31 16:26:16.279 [info] Executing :w
2024-01-31 16:26:17.669 [info] /home/void/Documents/TEP-and-Integrity-Codes/Presi/template-pdflatex.tex.git closed
2024-01-31 16:26:29.757 [info] Active editor: file:///home/void/Documents/TEP-and-Integrity-Codes/Presi/template-pdflatex.tex
2024-01-31 16:30:07.673 [info] Executing :w
2024-01-31 16:30:16.092 [info] Executing :w
2024-01-31 16:30:22.610 [info] /home/void/Documents/TEP-and-Integrity-Codes/Presi/template-pdflatex.tex.git closed
2024-01-31 16:33:10.705 [info] Active editor: file:///home/void/Documents/TEP-and-Integrity-Codes/Presi/template-pdflatex.tex
2024-01-31 16:35:03.331 [info] /home/void/Documents/TEP-and-Integrity-Codes/Presi/template-pdflatex.tex.git closed
2024-01-31 16:35:05.260 [info] Active editor: file:///home/void/Documents/TEP-and-Integrity-Codes/Presi/template-pdflatex.tex
2024-01-31 16:35:19.180 [info] Executing :w
2024-01-31 16:40:08.816 [info] /home/void/Documents/TEP-and-Integrity-Codes/Presi/template-pdflatex.tex.git closed
2024-01-31 16:40:12.255 [info] Active editor: file:///home/void/Documents/TEP-and-Integrity-Codes/Presi/template-pdflatex.tex
2024-01-31 16:40:13.166 [info] /home/void/Documents/TEP-and-Integrity-Codes/Presi/template-pdflatex.tex.git closed
2024-01-31 16:40:40.915 [info] Active editor: file:///home/void/Documents/TEP-and-Integrity-Codes/Presi/template-pdflatex.tex
2024-01-31 16:41:00.507 [info] /home/void/Documents/TEP-and-Integrity-Codes/Presi/template-pdflatex.tex.git closed
2024-01-31 16:41:07.530 [info] Active editor: file:///home/void/Documents/TEP-and-Integrity-Codes/Presi/template-pdflatex.tex
2024-01-31 16:45:25.163 [info] /home/void/Documents/TEP-and-Integrity-Codes/Presi/template-pdflatex.tex.git closed
2024-01-31 16:48:20.744 [info] Active editor: file:///home/void/Documents/TEP-and-Integrity-Codes/Presi/template-pdflatex.tex
2024-01-31 16:52:19.951 [info] Executing :w
2024-01-31 16:54:04.250 [info] Executing :w
2024-01-31 16:54:06.930 [info] /home/void/Documents/TEP-and-Integrity-Codes/Presi/template-pdflatex.tex.git closed
2024-01-31 16:54:10.567 [info] Active editor: file:///home/void/Documents/TEP-and-Integrity-Codes/Presi/template-pdflatex.tex
2024-01-31 17:01:57.651 [info] Executing :w
2024-01-31 17:03:19.359 [info] Executing :w
2024-01-31 17:06:56.407 [info] Executing :w
2024-01-31 17:08:53.861 [info] Executing :w
2024-01-31 17:12:02.370 [info] /home/void/Documents/TEP-and-Integrity-Codes/Presi/template-pdflatex.tex.git closed
2024-01-31 17:12:11.999 [info] Active editor: file:///home/void/Documents/TEP-and-Integrity-Codes/Presi/template-pdflatex.tex
2024-01-31 17:16:39.053 [info] /home/void/Documents/TEP-and-Integrity-Codes/Presi/template-pdflatex.tex.git closed
2024-01-31 17:17:56.358 [info] Active editor: file:///home/void/Documents/TEP-and-Integrity-Codes/Presi/template-pdflatex.tex
2024-01-31 17:24:27.181 [info] Active editor: file:///home/void/Documents/TEP-and-Integrity-Codes/Paper/TEPandIntegrity.tex
2024-01-31 17:24:27.238 [info] /home/void/Documents/TEP-and-Integrity-Codes/Presi/template-pdflatex.tex.git closed
2024-01-31 17:24:37.789 [info] Active editor: file:///home/void/Documents/TEP-and-Integrity-Codes/Presi/template-pdflatex.tex
2024-01-31 17:24:37.798 [info] /home/void/Documents/TEP-and-Integrity-Codes/Paper/TEPandIntegrity.tex.git closed
2024-01-31 17:24:52.614 [info] Active editor: file:///home/void/Documents/TEP-and-Integrity-Codes/Paper/TEPandIntegrity.tex
2024-01-31 17:24:52.625 [info] /home/void/Documents/TEP-and-Integrity-Codes/Presi/template-pdflatex.tex.git closed
2024-01-31 17:24:54.738 [info] Active editor: file:///home/void/Documents/TEP-and-Integrity-Codes/Presi/template-pdflatex.tex
2024-01-31 17:24:54.751 [info] /home/void/Documents/TEP-and-Integrity-Codes/Paper/TEPandIntegrity.tex.git closed
2024-01-31 17:25:55.262 [info] Active editor: file:///home/void/Documents/TEP-and-Integrity-Codes/Paper/TEPandIntegrity.tex
2024-01-31 17:25:55.270 [info] /home/void/Documents/TEP-and-Integrity-Codes/Presi/template-pdflatex.tex.git closed
2024-01-31 17:25:57.724 [info] Active editor: file:///home/void/Documents/TEP-and-Integrity-Codes/Presi/template-pdflatex.tex
2024-01-31 17:25:57.732 [info] /home/void/Documents/TEP-and-Integrity-Codes/Paper/TEPandIntegrity.tex.git closed
2024-01-31 17:26:40.551 [info] Executing :w
2024-01-31 17:26:47.047 [info] Executing :w
2024-01-31 17:26:50.925 [info] /home/void/Documents/TEP-and-Integrity-Codes/Presi/template-pdflatex.tex.git closed
2024-01-31 17:26:54.806 [info] Active editor: file:///home/void/Documents/TEP-and-Integrity-Codes/Paper/TEPandIntegrity.tex
2024-01-31 17:26:56.151 [info] Active editor: file:///home/void/Documents/TEP-and-Integrity-Codes/Presi/template-pdflatex.tex
2024-01-31 17:26:56.159 [info] /home/void/Documents/TEP-and-Integrity-Codes/Paper/TEPandIntegrity.tex.git closed
2024-01-31 17:27:06.921 [info] Executing :w
2024-01-31 17:27:09.340 [info] Active editor: file:///home/void/Documents/TEP-and-Integrity-Codes/Paper/TEPandIntegrity.tex
2024-01-31 17:27:09.348 [info] /home/void/Documents/TEP-and-Integrity-Codes/Presi/template-pdflatex.tex.git closed
2024-01-31 17:27:10.093 [info] Active editor: file:///home/void/Documents/TEP-and-Integrity-Codes/Presi/template-pdflatex.tex
2024-01-31 17:27:10.103 [info] /home/void/Documents/TEP-and-Integrity-Codes/Paper/TEPandIntegrity.tex.git closed
2024-01-31 17:27:11.492 [info] /home/void/Documents/TEP-and-Integrity-Codes/Presi/template-pdflatex.tex.git closed
2024-01-31 17:27:13.669 [info] Active editor: file:///home/void/Documents/TEP-and-Integrity-Codes/Presi/template-pdflatex.tex
2024-01-31 17:27:31.898 [info] Executing :w
2024-01-31 17:27:40.609 [info] /home/void/Documents/TEP-and-Integrity-Codes/Presi/template-pdflatex.tex.git closed
2024-01-31 17:27:44.060 [info] Active editor: file:///home/void/Documents/TEP-and-Integrity-Codes/Presi/template-pdflatex.tex
2024-01-31 17:28:14.568 [info] /home/void/Documents/TEP-and-Integrity-Codes/Presi/template-pdflatex.tex.git closed
2024-01-31 17:28:52.079 [info] Active editor: file:///home/void/Documents/TEP-and-Integrity-Codes/Presi/template-pdflatex.tex
2024-01-31 17:28:55.016 [info] /home/void/Documents/TEP-and-Integrity-Codes/Presi/template-pdflatex.tex.git closed
2024-01-31 17:29:56.377 [info] Active editor: file:///home/void/Documents/TEP-and-Integrity-Codes/Presi/template-pdflatex.tex
2024-01-31 18:15:39.581 [info] Executing :w
2024-01-31 18:15:42.917 [info] /home/void/Documents/TEP-and-Integrity-Codes/Presi/template-pdflatex.tex.git closed
2024-01-31 18:16:05.126 [info] Active editor: file:///home/void/Documents/TEP-and-Integrity-Codes/Presi/template-pdflatex.tex
2024-01-31 18:16:13.927 [info] Executing :w
2024-01-31 18:16:14.647 [info] /home/void/Documents/TEP-and-Integrity-Codes/Presi/template-pdflatex.tex.git closed
2024-01-31 18:16:31.162 [info] Active editor: file:///home/void/Documents/TEP-and-Integrity-Codes/Presi/template-pdflatex.tex
2024-01-31 18:17:09.016 [info] Executing :w
2024-01-31 18:25:48.941 [info] /home/void/Documents/TEP-and-Integrity-Codes/Presi/template-pdflatex.tex.git closed
2024-01-31 18:28:57.912 [info] Active editor: file:///home/void/Documents/TEP-and-Integrity-Codes/Presi/template-pdflatex.tex
2024-01-31 18:44:42.326 [info] Executing :w
2024-01-31 19:02:48.020 [info] Executing :w
2024-01-31 19:02:57.630 [info] Executing :w
2024-01-31 19:02:58.800 [info] /home/void/Documents/TEP-and-Integrity-Codes/Presi/template-pdflatex.tex.git closed
2024-01-31 19:03:13.157 [info] Active editor: file:///home/void/Documents/TEP-and-Integrity-Codes/Presi/template-pdflatex.tex
2024-01-31 19:03:25.600 [info] /home/void/Documents/TEP-and-Integrity-Codes/Presi/template-pdflatex.tex.git closed
2024-01-31 19:03:39.457 [info] Active editor: file:///home/void/Documents/TEP-and-Integrity-Codes/Presi/template-pdflatex.tex
2024-01-31 19:03:48.953 [info] Executing :w
2024-01-31 19:04:11.557 [info] Executing :w
2024-01-31 19:27:04.741 [info] /home/void/Documents/TEP-and-Integrity-Codes/Presi/template-pdflatex.tex.git closed
2024-01-31 19:27:11.893 [info] Active editor: file:///home/void/Documents/TEP-and-Integrity-Codes/Presi/template-pdflatex.tex
2024-01-31 19:27:16.002 [info] /home/void/Documents/TEP-and-Integrity-Codes/Presi/template-pdflatex.tex.git closed
2024-01-31 19:27:45.352 [info] Active editor: file:///home/void/Documents/TEP-and-Integrity-Codes/Presi/template-pdflatex.tex
2024-01-31 19:29:08.059 [info] Executing :w
2024-01-31 19:29:09.749 [info] Active editor: file:///home/void/Documents/TEP-and-Integrity-Codes/Paper/TEPandIntegrity.tex
2024-01-31 19:29:09.762 [info] /home/void/Documents/TEP-and-Integrity-Codes/Presi/template-pdflatex.tex.git closed
2024-01-31 19:29:11.052 [info] /home/void/Documents/TEP-and-Integrity-Codes/Paper/TEPandIntegrity.tex.git closed
2024-01-31 19:29:27.219 [info] Active editor: file:///home/void/Documents/TEP-and-Integrity-Codes/Paper/TEPandIntegrity.tex
2024-01-31 19:29:31.661 [info] /home/void/Documents/TEP-and-Integrity-Codes/Paper/TEPandIntegrity.tex.git closed
2024-01-31 19:29:32.567 [info] Active editor: file:///home/void/Documents/TEP-and-Integrity-Codes/Presi/template-pdflatex.tex
2024-01-31 19:29:38.038 [info] Executing :w
2024-01-31 19:29:39.429 [info] /home/void/Documents/TEP-and-Integrity-Codes/Presi/template-pdflatex.tex.git closed
2024-01-31 19:36:30.547 [info] Active editor: file:///home/void/Documents/TEP-and-Integrity-Codes/Presi/template-pdflatex.tex
2024-01-31 19:36:32.344 [info] /home/void/Documents/TEP-and-Integrity-Codes/Presi/template-pdflatex.tex.git closed
2024-01-31 19:36:42.827 [info] Active editor: file:///home/void/Documents/TEP-and-Integrity-Codes/Presi/template-pdflatex.tex
2024-01-31 19:36:44.148 [info] Active editor: file:///home/void/Documents/TEP-and-Integrity-Codes/Paper/TEPandIntegrity.tex
2024-01-31 19:36:44.163 [info] /home/void/Documents/TEP-and-Integrity-Codes/Presi/template-pdflatex.tex.git closed
2024-01-31 19:36:45.555 [info] /home/void/Documents/TEP-and-Integrity-Codes/Paper/TEPandIntegrity.tex.git closed
