2024-01-26 11:48:18.526 [info] Executing :w
2024-01-26 11:48:20.737 [info] /home/void/Documents/TEP-and-Integrity-Codes/Conference-LaTeX-template_10-17-19/TEPandIntegrity.tex.git closed
2024-01-26 11:48:27.066 [info] Active editor: file:///home/void/Documents/TEP-and-Integrity-Codes/Conference-LaTeX-template_10-17-19/TEPandIntegrity.tex
2024-01-26 12:28:12.033 [info] /home/void/Documents/TEP-and-Integrity-Codes/Conference-LaTeX-template_10-17-19/TEPandIntegrity.tex.git closed
2024-01-26 12:28:15.134 [info] Active editor: file:///home/void/Documents/TEP-and-Integrity-Codes/Conference-LaTeX-template_10-17-19/TEPandIntegrity.tex
2024-01-26 12:28:16.857 [info] Executing :w
2024-01-26 12:28:19.046 [info] /home/void/Documents/TEP-and-Integrity-Codes/Conference-LaTeX-template_10-17-19/TEPandIntegrity.tex.git closed
2024-01-26 12:29:42.753 [info] Active editor: file:///home/void/Documents/TEP-and-Integrity-Codes/Conference-LaTeX-template_10-17-19/TEPandIntegrity.tex
2024-01-26 12:45:51.758 [info] Executing :w
2024-01-26 15:07:17.534 [info] /home/void/Documents/TEP-and-Integrity-Codes/Conference-LaTeX-template_10-17-19/TEPandIntegrity.tex.git closed
2024-01-26 15:10:32.296 [info] Active editor: file:///home/void/Documents/TEP-and-Integrity-Codes/Conference-LaTeX-template_10-17-19/TEPandIntegrity.tex
2024-01-26 15:10:34.564 [info] /home/void/Documents/TEP-and-Integrity-Codes/Conference-LaTeX-template_10-17-19/TEPandIntegrity.tex.git closed
2024-01-26 15:10:40.014 [info] Active editor: file:///home/void/Documents/TEP-and-Integrity-Codes/Conference-LaTeX-template_10-17-19/TEPandIntegrity.tex
2024-01-26 15:10:41.355 [info] /home/void/Documents/TEP-and-Integrity-Codes/Conference-LaTeX-template_10-17-19/TEPandIntegrity.tex.git closed
2024-01-26 15:10:43.453 [info] Active editor: file:///home/void/Documents/TEP-and-Integrity-Codes/Conference-LaTeX-template_10-17-19/TEPandIntegrity.tex
2024-01-26 15:11:23.030 [info] /home/void/Documents/TEP-and-Integrity-Codes/Conference-LaTeX-template_10-17-19/TEPandIntegrity.tex.git closed
2024-01-26 15:11:23.728 [info] Active editor: file:///home/void/Documents/TEP-and-Integrity-Codes/Conference-LaTeX-template_10-17-19/TEPandIntegrity.tex
2024-01-26 15:53:00.186 [info] /home/void/Documents/TEP-and-Integrity-Codes/Conference-LaTeX-template_10-17-19/TEPandIntegrity.tex.git closed
2024-01-26 15:53:01.495 [info] Active editor: file:///home/void/Documents/TEP-and-Integrity-Codes/Conference-LaTeX-template_10-17-19/TEPandIntegrity.tex
2024-01-26 15:54:59.027 [info] /home/void/Documents/TEP-and-Integrity-Codes/Conference-LaTeX-template_10-17-19/TEPandIntegrity.tex.git closed
2024-01-26 15:55:00.249 [info] Active editor: file:///home/void/Documents/TEP-and-Integrity-Codes/Conference-LaTeX-template_10-17-19/TEPandIntegrity.tex
2024-01-26 17:10:50.501 [info] /home/void/Documents/TEP-and-Integrity-Codes/Conference-LaTeX-template_10-17-19/TEPandIntegrity.tex.git closed
2024-01-26 17:17:31.176 [info] Active editor: file:///home/void/Documents/TEP-and-Integrity-Codes/Conference-LaTeX-template_10-17-19/TEPandIntegrity.tex
2024-01-29 10:14:02.766 [info] /home/void/Documents/TEP-and-Integrity-Codes/Conference-LaTeX-template_10-17-19/TEPandIntegrity.tex.git closed
2024-01-29 10:14:06.795 [info] Active editor: file:///home/void/Documents/TEP-and-Integrity-Codes/Conference-LaTeX-template_10-17-19/TEPandIntegrity.tex
2024-01-29 12:41:17.620 [info] Active editor: file:///home/void/Documents/TEP-and-Integrity-Codes/beamer-tum/template-pdflatex.tex
2024-01-29 12:41:17.655 [info] /home/void/Documents/TEP-and-Integrity-Codes/Conference-LaTeX-template_10-17-19/TEPandIntegrity.tex.git closed
2024-01-29 12:41:26.352 [info] /home/void/Documents/TEP-and-Integrity-Codes/beamer-tum/template-pdflatex.tex.git closed
2024-01-29 12:41:37.945 [info] Active editor: file:///home/void/Documents/TEP-and-Integrity-Codes/beamer-tum/template-pdflatex.tex
2024-01-29 12:41:43.338 [info] /home/void/Documents/TEP-and-Integrity-Codes/beamer-tum/template-pdflatex.tex.git closed
2024-01-29 12:41:48.437 [info] Active editor: file:///home/void/Documents/TEP-and-Integrity-Codes/Conference-LaTeX-template_10-17-19/TEPandIntegrity.tex
2024-01-29 12:41:50.437 [info] Active editor: file:///home/void/Documents/TEP-and-Integrity-Codes/beamer-tum/template-pdflatex.tex
2024-01-29 12:41:50.461 [info] /home/void/Documents/TEP-and-Integrity-Codes/Conference-LaTeX-template_10-17-19/TEPandIntegrity.tex.git closed
2024-01-29 12:44:15.648 [info] Active editor: file:///home/void/Documents/TEP-and-Integrity-Codes/Conference-LaTeX-template_10-17-19/TEPandIntegrity.tex
2024-01-29 12:44:15.668 [info] /home/void/Documents/TEP-and-Integrity-Codes/beamer-tum/template-pdflatex.tex.git closed
2024-01-29 14:42:19.532 [info] /home/void/Documents/TEP-and-Integrity-Codes/Conference-LaTeX-template_10-17-19/TEPandIntegrity.tex.git closed
2024-01-29 14:42:21.670 [info] Active editor: file:///home/void/Documents/TEP-and-Integrity-Codes/Conference-LaTeX-template_10-17-19/TEPandIntegrity.tex
