[17:47:03.785][Logger] New log placeholder %WS1% registered for /home/void/Documents/TEP-and-Integrity-Codes .
[17:47:03.785][Extension] Initializing LaTeX Workshop.
[17:47:04.193][Build][Recipe] Set $LATEXWORKSHOP_DOCKER_LATEX: ""
[17:47:04.278][Server] Creating LaTeX Workshop http and websocket server.
[17:47:04.451][Format][Bib] Bibtex format config: {"tab":"  ","case":"lowercase","left":"{","right":"}","trailingComma":false,"sort":["key"],"alignOnEqual":true,"sortFields":false,"fieldsOrder":[],"firstEntries":["string","xdata"]}
[17:47:04.531][Server] Server successfully started: {"address":"127.0.0.1","family":"IPv4","port":35305} .
[17:47:04.716][Extension] Extension root: /home/void/.vscode-oss/extensions/james-yu.latex-workshop-9.18.0
[17:47:04.717][Extension] $PATH: /home/void/.local/bin:/home/void/.opam/5.0.0/bin:/opt/texlive/2023/bin/x86_64-linux:/usr/local/sbin:/usr/local/bin:/usr/bin:/usr/sbin:/sbin:/bin
[17:47:04.718][Extension] $SHELL: /bin/fish
[17:47:04.718][Extension] $LANG: en_GB.UTF-8
[17:47:04.719][Extension] $LC_ALL: undefined
[17:47:04.719][Extension] process.platform: linux
[17:47:04.720][Extension] process.arch: x64
[17:47:04.721][Extension] vscode.env.appName: Code - OSS
[17:47:04.731][Extension] vscode.env.remoteName: undefined
[17:47:04.732][Extension] vscode.env.uiKind: 1
[17:47:04.842][Extension] Trigger characters for intellisense of LaTeX documents: ["\\",",","{"]
[17:47:04.846][Root] Current workspace folders: ["file://%WS1%"]
[17:47:04.848][Extension] LaTeX Workshop initialized.
[17:47:04.850][Root] Found root file from active editor: %WS1%/Paper/TEPandIntegrity.tex
[17:47:04.851][Root] Root file changed: from %WS1%/Paper/TEPandIntegrity.tex to %WS1%/Paper/TEPandIntegrity.tex, langID latex . Refresh dependencies
[17:47:04.851][Event] ROOT_FILE_CHANGED: "%WS1%/Paper/TEPandIntegrity.tex"
[17:47:04.853][Cacher][Watcher] Reset.
[17:47:04.853][Cacher][Watcher] Reset.
[17:47:04.854][Cacher][Watcher] Reset.
[17:47:04.866][Cacher] Adding %WS1%/Paper/TEPandIntegrity.tex .
[17:47:04.869][Cacher][Watcher] Watched %WS1%/Paper/TEPandIntegrity.tex with a new watcher on %WS1%/Paper .
[17:47:04.870][Event] FILE_WATCHED: "%WS1%/Paper/TEPandIntegrity.tex"
[17:47:04.875][Cacher] Caching %WS1%/Paper/TEPandIntegrity.tex .
[17:47:04.877][Cacher] Updated inputs of %WS1%/Paper/TEPandIntegrity.tex .
[17:47:04.878][Cacher] Parse LaTeX AST: %WS1%/Paper/TEPandIntegrity.tex .
[17:47:04.878][Event] ROOT_FILE_SEARCHED
[17:47:04.889][Server] valdOrigin is http://127.0.0.1:35305
[17:47:06.067][Cacher] Parsed LaTeX AST: %WS1%/Paper/TEPandIntegrity.tex .
[17:47:06.069][File] Calling kpsewhich to resolve IEEEtran.cls .
[17:47:06.378][Cacher] Updated elements in 309.96 ms: %WS1%/Paper/TEPandIntegrity.tex .
[17:47:06.379][Event] FILE_PARSED: "%WS1%/Paper/TEPandIntegrity.tex"
[17:47:06.385][Cacher] Parsing .fls %WS1%/Paper/TEPandIntegrity.fls .
[17:47:06.389][Cacher] Adding %WS1%/Paper/IEEEtran.cls .
[17:47:06.389][Cacher][Watcher] Watched %WS1%/Paper/IEEEtran.cls .
[17:47:06.390][Event] FILE_WATCHED: "%WS1%/Paper/IEEEtran.cls"
[17:47:06.401][Cacher] Found .aux %WS1%/Paper/TEPandIntegrity.tex from .fls %WS1%/Paper/TEPandIntegrity.fls , parsing.
[17:47:06.402][Cacher] Parsed .aux %WS1%/Paper/TEPandIntegrity.tex .
[17:47:06.402][Cacher] Parsed .fls %WS1%/Paper/TEPandIntegrity.fls .
[17:47:06.405][Structure] Structure force updated with 0 root sections for %WS1%/Paper/TEPandIntegrity.tex .
[17:47:06.406][Event] STRUCTURE_UPDATED
[17:49:38.328][Viewer][Panel] Internal PDF viewer at http://127.0.0.1:35305/viewer.html?file=pdf..ZmlsZSUzQSUyRiUyRiUyRmhvbWUlMkZ2b2lkJTJGRG9jdW1lbnRzJTJGVEVQLWFuZC1JbnRlZ3JpdHktQ29kZXMlMkZQcmVzaSUyRnRlbXBsYXRlLXBkZmxhdGV4LnBkZg .
[17:49:38.329][Cacher][Watcher] Watched %WS1%/Presi/template-pdflatex.pdf with a new watcher on %WS1%/Presi .
[17:49:38.329][Event] FILE_WATCHED: "%WS1%/Presi/template-pdflatex.pdf"
[17:49:38.570][Viewer] Handle data type: open
[17:49:38.681][Server] Preview PDF file: file://%WS1%/Presi/template-pdflatex.pdf
[17:49:38.888][Viewer] Handle data type: loaded
[17:49:38.888][Event] VIEWER_PAGE_LOADED
[18:01:50.087][Event] STRUCTURE_UPDATED
[18:31:47.438][Viewer][Panel] Internal PDF viewer at http://127.0.0.1:35305/viewer.html?file=pdf..ZmlsZSUzQSUyRiUyRiUyRmhvbWUlMkZ2b2lkJTJGRG9jdW1lbnRzJTJGVEVQLWFuZC1JbnRlZ3JpdHktQ29kZXMlMkZQYXBlciUyRlRFUGFuZEludGVncml0eS5wZGY .
[18:31:47.439][Cacher][Watcher] Watched %WS1%/Paper/TEPandIntegrity.pdf with a new watcher on %WS1%/Paper .
[18:31:47.439][Event] FILE_WATCHED: "%WS1%/Paper/TEPandIntegrity.pdf"
[18:31:47.585][Viewer] Handle data type: open
[18:31:47.692][Server] Preview PDF file: file://%WS1%/Paper/TEPandIntegrity.pdf
[18:31:47.898][Viewer] Handle data type: loaded
[18:31:47.899][Event] VIEWER_PAGE_LOADED
[18:33:42.719][Event] STRUCTURE_UPDATED
[18:43:01.870][Event] STRUCTURE_UPDATED
[20:47:30.351][Event] STRUCTURE_UPDATED
[20:47:32.368][Extension] onDidSaveTextDocument triggered: file://%WS1%/Paper/TEPandIntegrity.tex
[20:47:32.433][Cacher][Watcher] "change" emitted on %WS1%/Paper/TEPandIntegrity.tex.
[20:47:32.444][Cacher] Caching %WS1%/Paper/TEPandIntegrity.tex .
[20:47:32.449][Cacher] Updated inputs of %WS1%/Paper/TEPandIntegrity.tex .
[20:47:32.450][Cacher] Parse LaTeX AST: %WS1%/Paper/TEPandIntegrity.tex .
[20:47:32.451][Build] Auto build starteddetecting the change of a file: %WS1%/Paper/TEPandIntegrity.tex .
[20:47:32.452][Event] AUTO_BUILD_INITIATED: {"type":"onFileChange","file":"%WS1%/Paper/TEPandIntegrity.tex"}
[20:47:32.456][Build] The document of the active editor: file://%WS1%/Paper/TEPandIntegrity.tex
[20:47:32.457][Build] The languageId of the document: latex
[20:47:32.458][Build] Building root file: %WS1%/Paper/TEPandIntegrity.tex
[20:47:32.459][Build][Recipe] Build root file %WS1%/Paper/TEPandIntegrity.tex
[20:47:32.461][Event] FILE_CHANGED: "%WS1%/Paper/TEPandIntegrity.tex"
[20:47:32.470][Build][Recipe] Preparing to run recipe: latexmk.
[20:47:32.472][Build][Recipe] Prepared 1 tools.
[20:47:32.506][Build][Recipe] outDir: %WS1%/Paper .
[20:47:32.512][Build] Recipe step 1 The command is latexmk:["-synctex=1","-interaction=nonstopmode","-file-line-error","-pdf","-outdir=%WS1%/Paper","%WS1%/Paper/TEPandIntegrity"].
[20:47:32.513][Build] env: {}
[20:47:32.514][Build] root: %WS1%/Paper/TEPandIntegrity.tex
[20:47:32.515][Build] cwd: %WS1%/Paper
[20:47:32.531][Build] LaTeX build process spawned with PID 12040.
[20:47:32.893][Cacher] Parsed LaTeX AST: %WS1%/Paper/TEPandIntegrity.tex .
[20:47:32.913][File] Calling kpsewhich to resolve IEEEtran.cls .
[20:47:33.170][Cacher] Updated elements in 276.99 ms: %WS1%/Paper/TEPandIntegrity.tex .
[20:47:33.172][Event] FILE_PARSED: "%WS1%/Paper/TEPandIntegrity.tex"
[20:47:33.175][Structure] Structure force updated with 14 root sections for %WS1%/Paper/TEPandIntegrity.tex .
[20:47:33.175][Event] STRUCTURE_UPDATED
[20:47:33.652][Parser][TexLog] Logged 16 messages.
[20:47:33.653][Build] Finished a step in recipe with PID 12040.
[20:47:33.654][Build] Successfully built %WS1%/Paper/TEPandIntegrity.tex .
[20:47:33.655][Event] BUILD_DONE
[20:47:33.656][Viewer] Call refreshExistingViewer: "%WS1%/Paper/TEPandIntegrity.pdf" .
[20:47:33.656][Viewer] Refresh PDF viewer: %WS1%/Paper/TEPandIntegrity.pdf
[20:47:33.658][Cacher] Parsing .fls %WS1%/Paper/TEPandIntegrity.fls .
[20:47:33.674][Cacher] Found .aux %WS1%/Paper/TEPandIntegrity.tex from .fls %WS1%/Paper/TEPandIntegrity.fls , parsing.
[20:47:33.674][Cacher] Parsed .aux %WS1%/Paper/TEPandIntegrity.tex .
[20:47:33.675][Cacher] Parsed .fls %WS1%/Paper/TEPandIntegrity.fls .
[20:47:33.689][Server] Preview PDF file: file://%WS1%/Paper/TEPandIntegrity.pdf
[20:47:33.865][Cacher][Watcher] "change" emitted on %WS1%/Paper/TEPandIntegrity.pdf after polling for 251 ms.
[20:47:33.866][Viewer] Call refreshExistingViewer: "%WS1%/Paper/TEPandIntegrity.pdf" .
[20:47:33.866][Viewer] Refresh PDF viewer: %WS1%/Paper/TEPandIntegrity.pdf
[20:47:33.867][Event] FILE_CHANGED: "%WS1%/Paper/TEPandIntegrity.pdf"
[20:47:33.903][Server] Preview PDF file: file://%WS1%/Paper/TEPandIntegrity.pdf
[20:47:33.913][Viewer] Handle data type: loaded
[20:47:33.913][Event] VIEWER_PAGE_LOADED
[20:47:33.914][Viewer] Handle data type: loaded
[20:47:33.914][Event] VIEWER_PAGE_LOADED
[20:47:50.366][Event] STRUCTURE_UPDATED
[20:54:08.115][Extension] onDidSaveTextDocument triggered: file://%WS1%/Paper/TEPandIntegrity.tex
[20:54:08.169][Cacher][Watcher] "change" emitted on %WS1%/Paper/TEPandIntegrity.tex.
[20:54:08.182][Cacher] Caching %WS1%/Paper/TEPandIntegrity.tex .
[20:54:08.188][Cacher] Updated inputs of %WS1%/Paper/TEPandIntegrity.tex .
[20:54:08.189][Cacher] Parse LaTeX AST: %WS1%/Paper/TEPandIntegrity.tex .
[20:54:08.191][Build] Auto build starteddetecting the change of a file: %WS1%/Paper/TEPandIntegrity.tex .
[20:54:08.193][Event] AUTO_BUILD_INITIATED: {"type":"onFileChange","file":"%WS1%/Paper/TEPandIntegrity.tex"}
[20:54:08.194][Build] The document of the active editor: file://%WS1%/Paper/TEPandIntegrity.tex
[20:54:08.196][Build] The languageId of the document: latex
[20:54:08.198][Build] Building root file: %WS1%/Paper/TEPandIntegrity.tex
[20:54:08.199][Build][Recipe] Build root file %WS1%/Paper/TEPandIntegrity.tex
[20:54:08.201][Event] FILE_CHANGED: "%WS1%/Paper/TEPandIntegrity.tex"
[20:54:08.208][Build][Recipe] Preparing to run recipe: latexmk.
[20:54:08.210][Build][Recipe] Prepared 1 tools.
[20:54:08.219][Build][Recipe] outDir: %WS1%/Paper .
[20:54:08.223][Build] Recipe step 1 The command is latexmk:["-synctex=1","-interaction=nonstopmode","-file-line-error","-pdf","-outdir=%WS1%/Paper","%WS1%/Paper/TEPandIntegrity"].
[20:54:08.224][Build] env: {}
[20:54:08.226][Build] root: %WS1%/Paper/TEPandIntegrity.tex
[20:54:08.228][Build] cwd: %WS1%/Paper
[20:54:08.258][Build] LaTeX build process spawned with PID 15808.
[20:54:08.682][Cacher] Parsed LaTeX AST: %WS1%/Paper/TEPandIntegrity.tex .
[20:54:08.683][File] Calling kpsewhich to resolve IEEEtran.cls .
[20:54:08.944][Cacher] Updated elements in 261.99 ms: %WS1%/Paper/TEPandIntegrity.tex .
[20:54:08.946][Event] FILE_PARSED: "%WS1%/Paper/TEPandIntegrity.tex"
[20:54:08.947][Structure] Structure force updated with 14 root sections for %WS1%/Paper/TEPandIntegrity.tex .
[20:54:08.948][Event] STRUCTURE_UPDATED
[20:54:09.453][Parser][TexLog] Logged 16 messages.
[20:54:09.454][Build] Finished a step in recipe with PID 15808.
[20:54:09.455][Build] Successfully built %WS1%/Paper/TEPandIntegrity.tex .
[20:54:09.455][Event] BUILD_DONE
[20:54:09.456][Viewer] Call refreshExistingViewer: "%WS1%/Paper/TEPandIntegrity.pdf" .
[20:54:09.456][Viewer] Refresh PDF viewer: %WS1%/Paper/TEPandIntegrity.pdf
[20:54:09.457][Cacher] Parsing .fls %WS1%/Paper/TEPandIntegrity.fls .
[20:54:09.478][Cacher] Found .aux %WS1%/Paper/TEPandIntegrity.tex from .fls %WS1%/Paper/TEPandIntegrity.fls , parsing.
[20:54:09.479][Cacher] Parsed .aux %WS1%/Paper/TEPandIntegrity.tex .
[20:54:09.479][Cacher] Parsed .fls %WS1%/Paper/TEPandIntegrity.fls .
[20:54:09.484][Server] Preview PDF file: file://%WS1%/Paper/TEPandIntegrity.pdf
[20:54:11.596][Viewer] Handle data type: loaded
[20:54:11.597][Event] VIEWER_PAGE_LOADED
[20:54:12.677][Event] STRUCTURE_UPDATED
[20:54:31.998][Event] STRUCTURE_UPDATED
[20:54:33.707][Extension] onDidSaveTextDocument triggered: file://%WS1%/Paper/TEPandIntegrity.tex
[20:54:33.765][Cacher][Watcher] "change" emitted on %WS1%/Paper/TEPandIntegrity.tex.
[20:54:33.774][Cacher] Caching %WS1%/Paper/TEPandIntegrity.tex .
[20:54:33.778][Cacher] Updated inputs of %WS1%/Paper/TEPandIntegrity.tex .
[20:54:33.779][Cacher] Parse LaTeX AST: %WS1%/Paper/TEPandIntegrity.tex .
[20:54:33.780][Build] Auto build starteddetecting the change of a file: %WS1%/Paper/TEPandIntegrity.tex .
[20:54:33.781][Event] AUTO_BUILD_INITIATED: {"type":"onFileChange","file":"%WS1%/Paper/TEPandIntegrity.tex"}
[20:54:33.782][Build] The document of the active editor: file://%WS1%/Paper/TEPandIntegrity.tex
[20:54:33.783][Build] The languageId of the document: latex
[20:54:33.784][Build] Building root file: %WS1%/Paper/TEPandIntegrity.tex
[20:54:33.784][Build][Recipe] Build root file %WS1%/Paper/TEPandIntegrity.tex
[20:54:33.786][Event] FILE_CHANGED: "%WS1%/Paper/TEPandIntegrity.tex"
[20:54:33.791][Build][Recipe] Preparing to run recipe: latexmk.
[20:54:33.792][Build][Recipe] Prepared 1 tools.
[20:54:33.796][Build][Recipe] outDir: %WS1%/Paper .
[20:54:33.798][Build] Recipe step 1 The command is latexmk:["-synctex=1","-interaction=nonstopmode","-file-line-error","-pdf","-outdir=%WS1%/Paper","%WS1%/Paper/TEPandIntegrity"].
[20:54:33.799][Build] env: {}
[20:54:33.800][Build] root: %WS1%/Paper/TEPandIntegrity.tex
[20:54:33.801][Build] cwd: %WS1%/Paper
[20:54:33.820][Build] LaTeX build process spawned with PID 16066.
[20:54:34.188][Cacher] Parsed LaTeX AST: %WS1%/Paper/TEPandIntegrity.tex .
[20:54:34.189][File] Calling kpsewhich to resolve IEEEtran.cls .
[20:54:34.505][Cacher] Updated elements in 316.64 ms: %WS1%/Paper/TEPandIntegrity.tex .
[20:54:34.507][Event] FILE_PARSED: "%WS1%/Paper/TEPandIntegrity.tex"
[20:54:34.510][Structure] Structure force updated with 14 root sections for %WS1%/Paper/TEPandIntegrity.tex .
[20:54:34.510][Event] STRUCTURE_UPDATED
[20:54:34.978][Parser][TexLog] Logged 16 messages.
[20:54:34.979][Build] Finished a step in recipe with PID 16066.
[20:54:34.980][Build] Successfully built %WS1%/Paper/TEPandIntegrity.tex .
[20:54:34.980][Event] BUILD_DONE
[20:54:34.981][Viewer] Call refreshExistingViewer: "%WS1%/Paper/TEPandIntegrity.pdf" .
[20:54:34.981][Viewer] Refresh PDF viewer: %WS1%/Paper/TEPandIntegrity.pdf
[20:54:34.982][Cacher] Parsing .fls %WS1%/Paper/TEPandIntegrity.fls .
[20:54:35.001][Cacher] Found .aux %WS1%/Paper/TEPandIntegrity.tex from .fls %WS1%/Paper/TEPandIntegrity.fls , parsing.
[20:54:35.002][Cacher] Parsed .aux %WS1%/Paper/TEPandIntegrity.tex .
[20:54:35.003][Cacher] Parsed .fls %WS1%/Paper/TEPandIntegrity.fls .
[20:54:35.009][Server] Preview PDF file: file://%WS1%/Paper/TEPandIntegrity.pdf
[20:54:35.176][Viewer] Handle data type: loaded
[20:54:35.177][Event] VIEWER_PAGE_LOADED
[20:54:45.156][Event] STRUCTURE_UPDATED
[20:59:10.172][Event] STRUCTURE_UPDATED
[20:59:13.813][Event] STRUCTURE_UPDATED
[21:03:00.120][Event] STRUCTURE_UPDATED
[21:05:06.329][Extension] onDidSaveTextDocument triggered: file://%WS1%/Paper/TEPandIntegrity.tex
[21:05:06.395][Cacher][Watcher] "change" emitted on %WS1%/Paper/TEPandIntegrity.tex.
[21:05:06.399][Cacher] Caching %WS1%/Paper/TEPandIntegrity.tex .
[21:05:06.401][Cacher] Updated inputs of %WS1%/Paper/TEPandIntegrity.tex .
[21:05:06.402][Cacher] Parse LaTeX AST: %WS1%/Paper/TEPandIntegrity.tex .
[21:05:06.403][Build] Auto build starteddetecting the change of a file: %WS1%/Paper/TEPandIntegrity.tex .
[21:05:06.403][Event] AUTO_BUILD_INITIATED: {"type":"onFileChange","file":"%WS1%/Paper/TEPandIntegrity.tex"}
[21:05:06.404][Build] The document of the active editor: file://%WS1%/Paper/TEPandIntegrity.tex
[21:05:06.405][Build] The languageId of the document: latex
[21:05:06.405][Build] Building root file: %WS1%/Paper/TEPandIntegrity.tex
[21:05:06.406][Build][Recipe] Build root file %WS1%/Paper/TEPandIntegrity.tex
[21:05:06.406][Event] FILE_CHANGED: "%WS1%/Paper/TEPandIntegrity.tex"
[21:05:06.411][Build][Recipe] Preparing to run recipe: latexmk.
[21:05:06.412][Build][Recipe] Prepared 1 tools.
[21:05:06.413][Build][Recipe] outDir: %WS1%/Paper .
[21:05:06.414][Build] Recipe step 1 The command is latexmk:["-synctex=1","-interaction=nonstopmode","-file-line-error","-pdf","-outdir=%WS1%/Paper","%WS1%/Paper/TEPandIntegrity"].
[21:05:06.415][Build] env: {}
[21:05:06.415][Build] root: %WS1%/Paper/TEPandIntegrity.tex
[21:05:06.415][Build] cwd: %WS1%/Paper
[21:05:06.429][Build] LaTeX build process spawned with PID 22723.
[21:05:06.763][Cacher] Parsed LaTeX AST: %WS1%/Paper/TEPandIntegrity.tex .
[21:05:06.763][File] Calling kpsewhich to resolve IEEEtran.cls .
[21:05:07.039][Cacher] Updated elements in 276.20 ms: %WS1%/Paper/TEPandIntegrity.tex .
[21:05:07.040][Event] FILE_PARSED: "%WS1%/Paper/TEPandIntegrity.tex"
[21:05:07.041][Structure] Structure force updated with 14 root sections for %WS1%/Paper/TEPandIntegrity.tex .
[21:05:07.042][Event] STRUCTURE_UPDATED
[21:05:08.361][Parser][TexLog] Logged 16 messages.
[21:05:08.362][Build] Finished a step in recipe with PID 22723.
[21:05:08.362][Build] Successfully built %WS1%/Paper/TEPandIntegrity.tex .
[21:05:08.363][Event] BUILD_DONE
[21:05:08.363][Viewer] Call refreshExistingViewer: "%WS1%/Paper/TEPandIntegrity.pdf" .
[21:05:08.364][Viewer] Refresh PDF viewer: %WS1%/Paper/TEPandIntegrity.pdf
[21:05:08.365][Cacher] Parsing .fls %WS1%/Paper/TEPandIntegrity.fls .
[21:05:08.376][Cacher] Found .aux %WS1%/Paper/TEPandIntegrity.tex from .fls %WS1%/Paper/TEPandIntegrity.fls , parsing.
[21:05:08.377][Cacher] Parsed .aux %WS1%/Paper/TEPandIntegrity.tex .
[21:05:08.377][Cacher] Parsed .fls %WS1%/Paper/TEPandIntegrity.fls .
[21:05:08.395][Server] Preview PDF file: file://%WS1%/Paper/TEPandIntegrity.pdf
[21:06:03.633][Viewer] Handle data type: loaded
[21:06:03.635][Event] VIEWER_PAGE_LOADED
[21:07:57.466][Event] STRUCTURE_UPDATED
[21:19:20.674][Extension] onDidSaveTextDocument triggered: file://%WS1%/Paper/TEPandIntegrity.tex
[21:19:20.731][Cacher][Watcher] "change" emitted on %WS1%/Paper/TEPandIntegrity.tex.
[21:19:20.745][Cacher] Caching %WS1%/Paper/TEPandIntegrity.tex .
[21:19:20.750][Cacher] Updated inputs of %WS1%/Paper/TEPandIntegrity.tex .
[21:19:20.751][Cacher] Parse LaTeX AST: %WS1%/Paper/TEPandIntegrity.tex .
[21:19:20.753][Build] Auto build starteddetecting the change of a file: %WS1%/Paper/TEPandIntegrity.tex .
[21:19:20.754][Event] AUTO_BUILD_INITIATED: {"type":"onFileChange","file":"%WS1%/Paper/TEPandIntegrity.tex"}
[21:19:20.756][Build] The document of the active editor: file://%WS1%/Paper/TEPandIntegrity.tex
[21:19:20.757][Build] The languageId of the document: latex
[21:19:20.759][Build] Building root file: %WS1%/Paper/TEPandIntegrity.tex
[21:19:20.760][Build][Recipe] Build root file %WS1%/Paper/TEPandIntegrity.tex
[21:19:20.761][Event] FILE_CHANGED: "%WS1%/Paper/TEPandIntegrity.tex"
[21:19:20.770][Build][Recipe] Preparing to run recipe: latexmk.
[21:19:20.771][Build][Recipe] Prepared 1 tools.
[21:19:20.774][Build][Recipe] outDir: %WS1%/Paper .
[21:19:20.777][Build] Recipe step 1 The command is latexmk:["-synctex=1","-interaction=nonstopmode","-file-line-error","-pdf","-outdir=%WS1%/Paper","%WS1%/Paper/TEPandIntegrity"].
[21:19:20.777][Build] env: {}
[21:19:20.778][Build] root: %WS1%/Paper/TEPandIntegrity.tex
[21:19:20.779][Build] cwd: %WS1%/Paper
[21:19:20.793][Build] LaTeX build process spawned with PID 30672.
[21:19:21.116][Cacher] Parsed LaTeX AST: %WS1%/Paper/TEPandIntegrity.tex .
[21:19:21.117][File] Calling kpsewhich to resolve IEEEtran.cls .
[21:19:21.400][Cacher] Updated elements in 283.38 ms: %WS1%/Paper/TEPandIntegrity.tex .
[21:19:21.401][Event] FILE_PARSED: "%WS1%/Paper/TEPandIntegrity.tex"
[21:19:21.402][Structure] Structure force updated with 13 root sections for %WS1%/Paper/TEPandIntegrity.tex .
[21:19:21.403][Event] STRUCTURE_UPDATED
[21:19:21.901][Parser][TexLog] Logged 16 messages.
[21:19:21.903][Build] Finished a step in recipe with PID 30672.
[21:19:21.903][Build] Successfully built %WS1%/Paper/TEPandIntegrity.tex .
[21:19:21.904][Event] BUILD_DONE
[21:19:21.904][Viewer] Call refreshExistingViewer: "%WS1%/Paper/TEPandIntegrity.pdf" .
[21:19:21.905][Viewer] Refresh PDF viewer: %WS1%/Paper/TEPandIntegrity.pdf
[21:19:21.907][Cacher] Parsing .fls %WS1%/Paper/TEPandIntegrity.fls .
[21:19:21.929][Cacher] Found .aux %WS1%/Paper/TEPandIntegrity.tex from .fls %WS1%/Paper/TEPandIntegrity.fls , parsing.
[21:19:21.930][Cacher] Parsed .aux %WS1%/Paper/TEPandIntegrity.tex .
[21:19:21.930][Cacher] Parsed .fls %WS1%/Paper/TEPandIntegrity.fls .
[21:19:21.936][Server] Preview PDF file: file://%WS1%/Paper/TEPandIntegrity.pdf
[21:19:22.893][Viewer] Handle data type: loaded
[21:19:22.893][Event] VIEWER_PAGE_LOADED
[19:47:51.130][Cacher][Watcher] "change" emitted on %WS1%/Paper/TEPandIntegrity.tex.
[19:47:51.131][Cacher] Caching %WS1%/Paper/TEPandIntegrity.tex .
[19:47:51.132][Cacher] Updated inputs of %WS1%/Paper/TEPandIntegrity.tex .
[19:47:51.133][Cacher] Parse LaTeX AST: %WS1%/Paper/TEPandIntegrity.tex .
[19:47:51.133][Build] Auto build starteddetecting the change of a file: %WS1%/Paper/TEPandIntegrity.tex .
[19:47:51.133][Event] AUTO_BUILD_INITIATED: {"type":"onFileChange","file":"%WS1%/Paper/TEPandIntegrity.tex"}
[19:47:51.135][Build] Cannot start to build because the active editor is undefined.
[19:47:51.135][Event] FILE_CHANGED: "%WS1%/Paper/TEPandIntegrity.tex"
[19:47:51.350][Cacher] Parsed LaTeX AST: %WS1%/Paper/TEPandIntegrity.tex .
[19:47:51.350][File] Calling kpsewhich to resolve IEEEtran.cls .
[19:47:51.499][Cacher] Updated elements in 149.16 ms: %WS1%/Paper/TEPandIntegrity.tex .
[19:47:51.500][Event] FILE_PARSED: "%WS1%/Paper/TEPandIntegrity.tex"
[19:47:51.501][Structure] Structure force updated with 13 root sections for %WS1%/Paper/TEPandIntegrity.tex .
[19:47:51.502][Event] STRUCTURE_UPDATED
[19:47:51.502][Cacher][Watcher] "change" emitted on %WS1%/Presi/template-pdflatex.pdf after polling for 365 ms.
[19:47:51.502][Viewer] Call refreshExistingViewer: "%WS1%/Presi/template-pdflatex.pdf" .
[19:47:51.503][Viewer] Refresh PDF viewer: %WS1%/Presi/template-pdflatex.pdf
[19:47:51.503][Event] FILE_CHANGED: "%WS1%/Presi/template-pdflatex.pdf"
[19:47:51.520][Server] Preview PDF file: file://%WS1%/Presi/template-pdflatex.pdf
[19:47:53.335][Event] STRUCTURE_UPDATED
[19:47:54.295][Viewer] Handle data type: loaded
[19:47:54.296][Event] VIEWER_PAGE_LOADED
[19:48:00.469][Event] STRUCTURE_UPDATED
[19:48:03.075][Commander] VIEW command invoked with mode: file://%WS1%/Paper/TEPandIntegrity.tex.
[19:48:03.076][Root] Current workspace folders: ["file://%WS1%"]
[19:48:03.078][Root] Found root file from active editor: %WS1%/Paper/TEPandIntegrity.tex
[19:48:03.078][Root] Keep using the same root file: %WS1%/Paper/TEPandIntegrity.tex
[19:48:03.079][Event] ROOT_FILE_SEARCHED
[19:48:03.079][Event] STRUCTURE_UPDATED
[19:48:03.218][Viewer][Panel] Internal PDF viewer at http://127.0.0.1:35305/viewer.html?file=pdf..ZmlsZSUzQSUyRiUyRiUyRmhvbWUlMkZ2b2lkJTJGRG9jdW1lbnRzJTJGVEVQLWFuZC1JbnRlZ3JpdHktQ29kZXMlMkZQYXBlciUyRlRFUGFuZEludGVncml0eS5wZGY .
[19:48:03.219][Cacher][Watcher] Watched %WS1%/Paper/TEPandIntegrity.pdf .
[19:48:03.219][Event] FILE_WATCHED: "%WS1%/Paper/TEPandIntegrity.pdf"
[19:48:03.247][Viewer] Open PDF tab for file://%WS1%/Paper/TEPandIntegrity.pdf
[19:48:03.377][Viewer] Handle data type: open
[19:48:03.474][Server] Preview PDF file: file://%WS1%/Paper/TEPandIntegrity.pdf
[19:48:03.677][Viewer] Handle data type: loaded
[19:48:03.678][Event] VIEWER_PAGE_LOADED
[19:48:09.881][Event] STRUCTURE_UPDATED
[23:32:57.430][Cacher][Watcher] "change" emitted on %WS1%/Paper/TEPandIntegrity.tex.
[23:32:57.438][Cacher] Caching %WS1%/Paper/TEPandIntegrity.tex .
[23:32:57.441][Cacher] Updated inputs of %WS1%/Paper/TEPandIntegrity.tex .
[23:32:57.442][Cacher] Parse LaTeX AST: %WS1%/Paper/TEPandIntegrity.tex .
[23:32:57.443][Build] Auto build starteddetecting the change of a file: %WS1%/Paper/TEPandIntegrity.tex .
[23:32:57.444][Event] AUTO_BUILD_INITIATED: {"type":"onFileChange","file":"%WS1%/Paper/TEPandIntegrity.tex"}
[23:32:57.445][Build] The document of the active editor: file://%WS1%/Paper/TEPandIntegrity.tex
[23:32:57.446][Build] The languageId of the document: latex
[23:32:57.447][Build] Building root file: %WS1%/Paper/TEPandIntegrity.tex
[23:32:57.448][Build][Recipe] Build root file %WS1%/Paper/TEPandIntegrity.tex
[23:32:57.449][Event] FILE_CHANGED: "%WS1%/Paper/TEPandIntegrity.tex"
[23:32:57.594][Build][Recipe] Preparing to run recipe: latexmk.
[23:32:57.595][Build][Recipe] Prepared 1 tools.
[23:32:57.596][Build][Recipe] outDir: %WS1%/Paper .
[23:32:57.597][Build] Recipe step 1 The command is latexmk:["-synctex=1","-interaction=nonstopmode","-file-line-error","-pdf","-outdir=%WS1%/Paper","%WS1%/Paper/TEPandIntegrity"].
[23:32:57.597][Build] env: {}
[23:32:57.597][Build] root: %WS1%/Paper/TEPandIntegrity.tex
[23:32:57.598][Build] cwd: %WS1%/Paper
[23:32:57.610][Build] LaTeX build process spawned with PID 7268.
[23:32:57.920][Cacher] Parsed LaTeX AST: %WS1%/Paper/TEPandIntegrity.tex .
[23:32:57.921][File] Calling kpsewhich to resolve IEEEtran.cls .
[23:32:58.162][Cacher] Updated elements in 241.56 ms: %WS1%/Paper/TEPandIntegrity.tex .
[23:32:58.163][Event] FILE_PARSED: "%WS1%/Paper/TEPandIntegrity.tex"
[23:32:58.164][Structure] Structure force updated with 13 root sections for %WS1%/Paper/TEPandIntegrity.tex .
[23:32:58.165][Event] STRUCTURE_UPDATED
[23:32:58.814][Parser][TexLog] Logged 17 messages.
[23:32:58.815][Build] Finished a step in recipe with PID 7268.
[23:32:58.815][Build] Successfully built %WS1%/Paper/TEPandIntegrity.tex .
[23:32:58.816][Event] BUILD_DONE
[23:32:58.816][Viewer] Call refreshExistingViewer: "%WS1%/Paper/TEPandIntegrity.pdf" .
[23:32:58.817][Viewer] Refresh PDF viewer: %WS1%/Paper/TEPandIntegrity.pdf
[23:32:58.818][Cacher] Parsing .fls %WS1%/Paper/TEPandIntegrity.fls .
[23:32:58.833][Cacher] Found .aux %WS1%/Paper/TEPandIntegrity.tex from .fls %WS1%/Paper/TEPandIntegrity.fls , parsing.
[23:32:58.834][Cacher] Parsed .aux %WS1%/Paper/TEPandIntegrity.tex .
[23:32:58.834][Cacher] Parsed .fls %WS1%/Paper/TEPandIntegrity.fls .
[23:32:58.838][Server] Preview PDF file: file://%WS1%/Paper/TEPandIntegrity.pdf
[23:32:58.861][Viewer] Handle data type: loaded
[23:32:58.862][Event] VIEWER_PAGE_LOADED
[23:34:46.068][Event] STRUCTURE_UPDATED
[10:21:28.048][Extension] onDidSaveTextDocument triggered: file://%WS1%/Paper/TEPandIntegrity.tex
[10:21:28.102][Cacher][Watcher] "change" emitted on %WS1%/Paper/TEPandIntegrity.tex.
[10:21:28.112][Cacher] Caching %WS1%/Paper/TEPandIntegrity.tex .
[10:21:28.115][Cacher] Updated inputs of %WS1%/Paper/TEPandIntegrity.tex .
[10:21:28.116][Cacher] Parse LaTeX AST: %WS1%/Paper/TEPandIntegrity.tex .
[10:21:28.117][Build] Auto build starteddetecting the change of a file: %WS1%/Paper/TEPandIntegrity.tex .
[10:21:28.118][Event] AUTO_BUILD_INITIATED: {"type":"onFileChange","file":"%WS1%/Paper/TEPandIntegrity.tex"}
[10:21:28.119][Build] The document of the active editor: file://%WS1%/Paper/TEPandIntegrity.tex
[10:21:28.120][Build] The languageId of the document: latex
[10:21:28.121][Build] Building root file: %WS1%/Paper/TEPandIntegrity.tex
[10:21:28.122][Build][Recipe] Build root file %WS1%/Paper/TEPandIntegrity.tex
[10:21:28.123][Event] FILE_CHANGED: "%WS1%/Paper/TEPandIntegrity.tex"
[10:21:28.128][Build][Recipe] Preparing to run recipe: latexmk.
[10:21:28.130][Build][Recipe] Prepared 1 tools.
[10:21:28.133][Build][Recipe] outDir: %WS1%/Paper .
[10:21:28.138][Build] Recipe step 1 The command is latexmk:["-synctex=1","-interaction=nonstopmode","-file-line-error","-pdf","-outdir=%WS1%/Paper","%WS1%/Paper/TEPandIntegrity"].
[10:21:28.139][Build] env: {}
[10:21:28.141][Build] root: %WS1%/Paper/TEPandIntegrity.tex
[10:21:28.143][Build] cwd: %WS1%/Paper
[10:21:28.170][Build] LaTeX build process spawned with PID 21597.
[10:21:28.613][Cacher] Parsed LaTeX AST: %WS1%/Paper/TEPandIntegrity.tex .
[10:21:28.614][File] Calling kpsewhich to resolve IEEEtran.cls .
[10:21:28.851][Cacher] Updated elements in 237.76 ms: %WS1%/Paper/TEPandIntegrity.tex .
[10:21:28.852][Event] FILE_PARSED: "%WS1%/Paper/TEPandIntegrity.tex"
[10:21:28.854][Structure] Structure force updated with 13 root sections for %WS1%/Paper/TEPandIntegrity.tex .
[10:21:28.854][Event] STRUCTURE_UPDATED
[10:21:29.343][Parser][TexLog] Logged 15 messages.
[10:21:29.344][Build] Finished a step in recipe with PID 21597.
[10:21:29.345][Build] Successfully built %WS1%/Paper/TEPandIntegrity.tex .
[10:21:29.345][Event] BUILD_DONE
[10:21:29.346][Viewer] Call refreshExistingViewer: "%WS1%/Paper/TEPandIntegrity.pdf" .
[10:21:29.347][Viewer] Refresh PDF viewer: %WS1%/Paper/TEPandIntegrity.pdf
[10:21:29.349][Cacher] Parsing .fls %WS1%/Paper/TEPandIntegrity.fls .
[10:21:29.372][Cacher] Found .aux %WS1%/Paper/TEPandIntegrity.tex from .fls %WS1%/Paper/TEPandIntegrity.fls , parsing.
[10:21:29.373][Cacher] Parsed .aux %WS1%/Paper/TEPandIntegrity.tex .
[10:21:29.373][Cacher] Parsed .fls %WS1%/Paper/TEPandIntegrity.fls .
[10:21:29.377][Server] Preview PDF file: file://%WS1%/Paper/TEPandIntegrity.pdf
[10:21:34.663][Viewer] Handle data type: loaded
[10:21:34.665][Event] VIEWER_PAGE_LOADED
[10:22:46.174][Extension] onDidSaveTextDocument triggered: file://%WS1%/Paper/TEPandIntegrity.tex
[10:22:46.234][Cacher][Watcher] "change" emitted on %WS1%/Paper/TEPandIntegrity.tex.
[10:22:46.243][Cacher] Caching %WS1%/Paper/TEPandIntegrity.tex .
[10:22:46.247][Cacher] Updated inputs of %WS1%/Paper/TEPandIntegrity.tex .
[10:22:46.248][Cacher] Parse LaTeX AST: %WS1%/Paper/TEPandIntegrity.tex .
[10:22:46.249][Build] Auto build starteddetecting the change of a file: %WS1%/Paper/TEPandIntegrity.tex .
[10:22:46.250][Event] AUTO_BUILD_INITIATED: {"type":"onFileChange","file":"%WS1%/Paper/TEPandIntegrity.tex"}
[10:22:46.251][Build] The document of the active editor: file://%WS1%/Paper/TEPandIntegrity.tex
[10:22:46.252][Build] The languageId of the document: latex
[10:22:46.253][Build] Building root file: %WS1%/Paper/TEPandIntegrity.tex
[10:22:46.253][Build][Recipe] Build root file %WS1%/Paper/TEPandIntegrity.tex
[10:22:46.254][Event] FILE_CHANGED: "%WS1%/Paper/TEPandIntegrity.tex"
[10:22:46.260][Build][Recipe] Preparing to run recipe: latexmk.
[10:22:46.262][Build][Recipe] Prepared 1 tools.
[10:22:46.265][Build][Recipe] outDir: %WS1%/Paper .
[10:22:46.267][Build] Recipe step 1 The command is latexmk:["-synctex=1","-interaction=nonstopmode","-file-line-error","-pdf","-outdir=%WS1%/Paper","%WS1%/Paper/TEPandIntegrity"].
[10:22:46.268][Build] env: {}
[10:22:46.269][Build] root: %WS1%/Paper/TEPandIntegrity.tex
[10:22:46.270][Build] cwd: %WS1%/Paper
[10:22:46.296][Build] LaTeX build process spawned with PID 22330.
[10:22:46.770][Cacher] Parsed LaTeX AST: %WS1%/Paper/TEPandIntegrity.tex .
[10:22:46.772][File] Calling kpsewhich to resolve IEEEtran.cls .
[10:22:47.011][Cacher] Updated elements in 239.67 ms: %WS1%/Paper/TEPandIntegrity.tex .
[10:22:47.012][Event] FILE_PARSED: "%WS1%/Paper/TEPandIntegrity.tex"
[10:22:47.013][Structure] Structure force updated with 13 root sections for %WS1%/Paper/TEPandIntegrity.tex .
[10:22:47.013][Event] STRUCTURE_UPDATED
[10:22:48.488][Parser][TexLog] Logged 16 messages.
[10:22:48.489][Build] Finished a step in recipe with PID 22330.
[10:22:48.490][Build] Successfully built %WS1%/Paper/TEPandIntegrity.tex .
[10:22:48.490][Event] BUILD_DONE
[10:22:48.491][Viewer] Call refreshExistingViewer: "%WS1%/Paper/TEPandIntegrity.pdf" .
[10:22:48.491][Viewer] Refresh PDF viewer: %WS1%/Paper/TEPandIntegrity.pdf
[10:22:48.492][Cacher] Parsing .fls %WS1%/Paper/TEPandIntegrity.fls .
[10:22:48.504][Cacher] Adding %WS1%/Paper/img/ICodes.png .
[10:22:48.505][Cacher][Watcher] Watched %WS1%/Paper/img/ICodes.png with a new watcher on %WS1%/Paper/img .
[10:22:48.505][Event] FILE_WATCHED: "%WS1%/Paper/img/ICodes.png"
[10:22:48.512][Cacher] Found .aux %WS1%/Paper/TEPandIntegrity.tex from .fls %WS1%/Paper/TEPandIntegrity.fls , parsing.
[10:22:48.513][Cacher] Parsed .aux %WS1%/Paper/TEPandIntegrity.tex .
[10:22:48.514][Cacher] Parsed .fls %WS1%/Paper/TEPandIntegrity.fls .
[10:22:48.576][Server] Preview PDF file: file://%WS1%/Paper/TEPandIntegrity.pdf
[10:22:48.874][Viewer] Handle data type: loaded
[10:22:48.874][Event] VIEWER_PAGE_LOADED
[10:22:59.152][Event] STRUCTURE_UPDATED
[10:23:54.600][Event] STRUCTURE_UPDATED
[10:23:57.315][Extension] onDidSaveTextDocument triggered: file://%WS1%/Paper/TEPandIntegrity.tex
[10:23:57.373][Cacher][Watcher] "change" emitted on %WS1%/Paper/TEPandIntegrity.tex.
[10:23:57.376][Cacher] Caching %WS1%/Paper/TEPandIntegrity.tex .
[10:23:57.379][Cacher] Updated inputs of %WS1%/Paper/TEPandIntegrity.tex .
[10:23:57.380][Cacher] Parse LaTeX AST: %WS1%/Paper/TEPandIntegrity.tex .
[10:23:57.381][Build] Auto build starteddetecting the change of a file: %WS1%/Paper/TEPandIntegrity.tex .
[10:23:57.382][Event] AUTO_BUILD_INITIATED: {"type":"onFileChange","file":"%WS1%/Paper/TEPandIntegrity.tex"}
[10:23:57.383][Build] The document of the active editor: file://%WS1%/Paper/TEPandIntegrity.tex
[10:23:57.384][Build] The languageId of the document: latex
[10:23:57.385][Build] Building root file: %WS1%/Paper/TEPandIntegrity.tex
[10:23:57.386][Build][Recipe] Build root file %WS1%/Paper/TEPandIntegrity.tex
[10:23:57.387][Event] FILE_CHANGED: "%WS1%/Paper/TEPandIntegrity.tex"
[10:23:57.392][Build][Recipe] Preparing to run recipe: latexmk.
[10:23:57.393][Build][Recipe] Prepared 1 tools.
[10:23:57.396][Build][Recipe] outDir: %WS1%/Paper .
[10:23:57.398][Build] Recipe step 1 The command is latexmk:["-synctex=1","-interaction=nonstopmode","-file-line-error","-pdf","-outdir=%WS1%/Paper","%WS1%/Paper/TEPandIntegrity"].
[10:23:57.399][Build] env: {}
[10:23:57.400][Build] root: %WS1%/Paper/TEPandIntegrity.tex
[10:23:57.402][Build] cwd: %WS1%/Paper
[10:23:57.428][Build] LaTeX build process spawned with PID 23017.
[10:23:57.951][Cacher] Parsed LaTeX AST: %WS1%/Paper/TEPandIntegrity.tex .
[10:23:57.952][File] Calling kpsewhich to resolve IEEEtran.cls .
[10:23:58.167][Cacher] Updated elements in 215.52 ms: %WS1%/Paper/TEPandIntegrity.tex .
[10:23:58.168][Event] FILE_PARSED: "%WS1%/Paper/TEPandIntegrity.tex"
[10:23:58.170][Structure] Structure force updated with 13 root sections for %WS1%/Paper/TEPandIntegrity.tex .
[10:23:58.170][Event] STRUCTURE_UPDATED
[10:23:59.585][Parser][TexLog] Logged 16 messages.
[10:23:59.586][Build] Finished a step in recipe with PID 23017.
[10:23:59.586][Build] Successfully built %WS1%/Paper/TEPandIntegrity.tex .
[10:23:59.586][Event] BUILD_DONE
[10:23:59.587][Viewer] Call refreshExistingViewer: "%WS1%/Paper/TEPandIntegrity.pdf" .
[10:23:59.587][Viewer] Refresh PDF viewer: %WS1%/Paper/TEPandIntegrity.pdf
[10:23:59.589][Cacher] Parsing .fls %WS1%/Paper/TEPandIntegrity.fls .
[10:23:59.614][Cacher] Found .aux %WS1%/Paper/TEPandIntegrity.tex from .fls %WS1%/Paper/TEPandIntegrity.fls , parsing.
[10:23:59.614][Cacher] Parsed .aux %WS1%/Paper/TEPandIntegrity.tex .
[10:23:59.615][Cacher] Parsed .fls %WS1%/Paper/TEPandIntegrity.fls .
[10:23:59.621][Server] Preview PDF file: file://%WS1%/Paper/TEPandIntegrity.pdf
[10:23:59.881][Viewer] Handle data type: loaded
[10:23:59.882][Event] VIEWER_PAGE_LOADED
[10:24:09.449][Event] STRUCTURE_UPDATED
[10:24:23.424][Event] STRUCTURE_UPDATED
[10:24:53.652][Extension] onDidSaveTextDocument triggered: file://%WS1%/Paper/TEPandIntegrity.tex
[10:24:53.714][Cacher][Watcher] "change" emitted on %WS1%/Paper/TEPandIntegrity.tex.
[10:24:53.723][Cacher] Caching %WS1%/Paper/TEPandIntegrity.tex .
[10:24:53.726][Cacher] Updated inputs of %WS1%/Paper/TEPandIntegrity.tex .
[10:24:53.727][Cacher] Parse LaTeX AST: %WS1%/Paper/TEPandIntegrity.tex .
[10:24:53.728][Build] Auto build starteddetecting the change of a file: %WS1%/Paper/TEPandIntegrity.tex .
[10:24:53.729][Event] AUTO_BUILD_INITIATED: {"type":"onFileChange","file":"%WS1%/Paper/TEPandIntegrity.tex"}
[10:24:53.730][Build] The document of the active editor: file://%WS1%/Paper/TEPandIntegrity.tex
[10:24:53.731][Build] The languageId of the document: latex
[10:24:53.732][Build] Building root file: %WS1%/Paper/TEPandIntegrity.tex
[10:24:53.733][Build][Recipe] Build root file %WS1%/Paper/TEPandIntegrity.tex
[10:24:53.734][Event] FILE_CHANGED: "%WS1%/Paper/TEPandIntegrity.tex"
[10:24:53.739][Build][Recipe] Preparing to run recipe: latexmk.
[10:24:53.741][Build][Recipe] Prepared 1 tools.
[10:24:53.744][Build][Recipe] outDir: %WS1%/Paper .
[10:24:53.746][Build] Recipe step 1 The command is latexmk:["-synctex=1","-interaction=nonstopmode","-file-line-error","-pdf","-outdir=%WS1%/Paper","%WS1%/Paper/TEPandIntegrity"].
[10:24:53.753][Build] env: {}
[10:24:53.754][Build] root: %WS1%/Paper/TEPandIntegrity.tex
[10:24:53.755][Build] cwd: %WS1%/Paper
[10:24:53.775][Build] LaTeX build process spawned with PID 23559.
[10:24:54.177][Cacher] Parsed LaTeX AST: %WS1%/Paper/TEPandIntegrity.tex .
[10:24:54.178][File] Calling kpsewhich to resolve IEEEtran.cls .
[10:24:54.405][Cacher] Updated elements in 227.17 ms: %WS1%/Paper/TEPandIntegrity.tex .
[10:24:54.406][Event] FILE_PARSED: "%WS1%/Paper/TEPandIntegrity.tex"
[10:24:54.408][Structure] Structure force updated with 13 root sections for %WS1%/Paper/TEPandIntegrity.tex .
[10:24:54.408][Event] STRUCTURE_UPDATED
[10:24:54.909][Parser][TexLog] Logged 15 messages.
[10:24:54.910][Build] Finished a step in recipe with PID 23559.
[10:24:54.911][Build] Successfully built %WS1%/Paper/TEPandIntegrity.tex .
[10:24:54.912][Event] BUILD_DONE
[10:24:54.913][Viewer] Call refreshExistingViewer: "%WS1%/Paper/TEPandIntegrity.pdf" .
[10:24:54.913][Viewer] Refresh PDF viewer: %WS1%/Paper/TEPandIntegrity.pdf
[10:24:54.915][Cacher] Parsing .fls %WS1%/Paper/TEPandIntegrity.fls .
[10:24:54.933][Cacher] Found .aux %WS1%/Paper/TEPandIntegrity.tex from .fls %WS1%/Paper/TEPandIntegrity.fls , parsing.
[10:24:54.934][Cacher] Parsed .aux %WS1%/Paper/TEPandIntegrity.tex .
[10:24:54.934][Cacher] Parsed .fls %WS1%/Paper/TEPandIntegrity.fls .
[10:24:54.939][Server] Preview PDF file: file://%WS1%/Paper/TEPandIntegrity.pdf
[10:24:57.311][Viewer] Handle data type: loaded
[10:24:57.312][Event] VIEWER_PAGE_LOADED
[10:25:01.714][Event] STRUCTURE_UPDATED
[10:43:12.968][Event] STRUCTURE_UPDATED
[22:50:27.767][Cacher][Watcher] "change" emitted on %WS1%/Paper/TEPandIntegrity.tex.
[22:50:27.769][Cacher] Caching %WS1%/Paper/TEPandIntegrity.tex .
[22:50:27.771][Cacher] Updated inputs of %WS1%/Paper/TEPandIntegrity.tex .
[22:50:27.772][Cacher] Parse LaTeX AST: %WS1%/Paper/TEPandIntegrity.tex .
[22:50:27.773][Build] Auto build starteddetecting the change of a file: %WS1%/Paper/TEPandIntegrity.tex .
[22:50:27.773][Event] AUTO_BUILD_INITIATED: {"type":"onFileChange","file":"%WS1%/Paper/TEPandIntegrity.tex"}
[22:50:27.774][Build] The document of the active editor: file://%WS1%/Paper/TEPandIntegrity.tex
[22:50:27.774][Build] The languageId of the document: latex
[22:50:27.775][Build] Building root file: %WS1%/Paper/TEPandIntegrity.tex
[22:50:27.776][Build][Recipe] Build root file %WS1%/Paper/TEPandIntegrity.tex
[22:50:27.776][Event] FILE_CHANGED: "%WS1%/Paper/TEPandIntegrity.tex"
[22:50:27.830][Build][Recipe] Preparing to run recipe: latexmk.
[22:50:27.832][Build][Recipe] Prepared 1 tools.
[22:50:27.833][Build][Recipe] outDir: %WS1%/Paper .
[22:50:27.835][Build] Recipe step 1 The command is latexmk:["-synctex=1","-interaction=nonstopmode","-file-line-error","-pdf","-outdir=%WS1%/Paper","%WS1%/Paper/TEPandIntegrity"].
[22:50:27.836][Build] env: {}
[22:50:27.836][Build] root: %WS1%/Paper/TEPandIntegrity.tex
[22:50:27.837][Build] cwd: %WS1%/Paper
[22:50:27.853][Build] LaTeX build process spawned with PID 9674.
[22:50:28.300][Cacher] Parsed LaTeX AST: %WS1%/Paper/TEPandIntegrity.tex .
[22:50:28.301][File] Calling kpsewhich to resolve IEEEtran.cls .
[22:50:28.548][Cacher] Updated elements in 247.07 ms: %WS1%/Paper/TEPandIntegrity.tex .
[22:50:28.549][Event] FILE_PARSED: "%WS1%/Paper/TEPandIntegrity.tex"
[22:50:28.550][Structure] Structure force updated with 13 root sections for %WS1%/Paper/TEPandIntegrity.tex .
[22:50:28.550][Event] STRUCTURE_UPDATED
[22:50:29.793][Parser][TexLog] Logged 9 messages.
[22:50:29.794][Build] Finished a step in recipe with PID 9674.
[22:50:29.795][Build] Successfully built %WS1%/Paper/TEPandIntegrity.tex .
[22:50:29.795][Event] BUILD_DONE
[22:50:29.796][Viewer] Call refreshExistingViewer: "%WS1%/Paper/TEPandIntegrity.pdf" .
[22:50:29.796][Viewer] Refresh PDF viewer: %WS1%/Paper/TEPandIntegrity.pdf
[22:50:29.797][Cacher] Parsing .fls %WS1%/Paper/TEPandIntegrity.fls .
[22:50:29.807][Cacher] Adding %WS1%/Paper/img/ICodes2.png .
[22:50:29.807][Cacher][Watcher] Watched %WS1%/Paper/img/ICodes2.png .
[22:50:29.808][Event] FILE_WATCHED: "%WS1%/Paper/img/ICodes2.png"
[22:50:29.810][Cacher] Adding %WS1%/Paper/img/ICodesDH.png .
[22:50:29.810][Cacher][Watcher] Watched %WS1%/Paper/img/ICodesDH.png .
[22:50:29.811][Event] FILE_WATCHED: "%WS1%/Paper/img/ICodesDH.png"
[22:50:29.812][Cacher] Adding %WS1%/Paper/img/TEA.png .
[22:50:29.812][Cacher][Watcher] Watched %WS1%/Paper/img/TEA.png .
[22:50:29.812][Event] FILE_WATCHED: "%WS1%/Paper/img/TEA.png"
[22:50:29.815][Cacher] Adding %WS1%/Paper/img/HELP.png .
[22:50:29.816][Cacher][Watcher] Watched %WS1%/Paper/img/HELP.png .
[22:50:29.816][Event] FILE_WATCHED: "%WS1%/Paper/img/HELP.png"
[22:50:29.817][Cacher] Adding %WS1%/Paper/img/HELP2.png .
[22:50:29.818][Cacher][Watcher] Watched %WS1%/Paper/img/HELP2.png .
[22:50:29.818][Event] FILE_WATCHED: "%WS1%/Paper/img/HELP2.png"
[22:50:29.819][Cacher] Adding %WS1%/Paper/img/Verse.png .
[22:50:29.820][Cacher][Watcher] Watched %WS1%/Paper/img/Verse.png .
[22:50:29.821][Event] FILE_WATCHED: "%WS1%/Paper/img/Verse.png"
[22:50:29.824][Cacher] Found .aux %WS1%/Paper/TEPandIntegrity.tex from .fls %WS1%/Paper/TEPandIntegrity.fls , parsing.
[22:50:29.824][Cacher] Parsed .aux %WS1%/Paper/TEPandIntegrity.tex .
[22:50:29.825][Cacher] Parsed .fls %WS1%/Paper/TEPandIntegrity.fls .
[22:50:29.830][Server] Preview PDF file: file://%WS1%/Paper/TEPandIntegrity.pdf
[22:50:44.224][Viewer] Handle data type: loaded
[22:50:44.226][Event] VIEWER_PAGE_LOADED
[22:51:30.072][Cacher][Watcher] "change" emitted on %WS1%/Paper/TEPandIntegrity.tex.
[22:51:30.080][Cacher] Caching %WS1%/Paper/TEPandIntegrity.tex .
[22:51:30.084][Cacher] Updated inputs of %WS1%/Paper/TEPandIntegrity.tex .
[22:51:30.085][Cacher] Parse LaTeX AST: %WS1%/Paper/TEPandIntegrity.tex .
[22:51:30.089][Build] Auto build starteddetecting the change of a file: %WS1%/Paper/TEPandIntegrity.tex .
[22:51:30.090][Event] AUTO_BUILD_INITIATED: {"type":"onFileChange","file":"%WS1%/Paper/TEPandIntegrity.tex"}
[22:51:30.092][Build] The document of the active editor: file://%WS1%/Paper/TEPandIntegrity.tex
[22:51:30.093][Build] The languageId of the document: latex
[22:51:30.094][Build] Building root file: %WS1%/Paper/TEPandIntegrity.tex
[22:51:30.094][Build][Recipe] Build root file %WS1%/Paper/TEPandIntegrity.tex
[22:51:30.096][Event] FILE_CHANGED: "%WS1%/Paper/TEPandIntegrity.tex"
[22:51:30.105][Build][Recipe] Preparing to run recipe: latexmk.
[22:51:30.106][Build][Recipe] Prepared 1 tools.
[22:51:30.111][Build][Recipe] outDir: %WS1%/Paper .
[22:51:30.114][Build] Recipe step 1 The command is latexmk:["-synctex=1","-interaction=nonstopmode","-file-line-error","-pdf","-outdir=%WS1%/Paper","%WS1%/Paper/TEPandIntegrity"].
[22:51:30.114][Build] env: {}
[22:51:30.115][Build] root: %WS1%/Paper/TEPandIntegrity.tex
[22:51:30.117][Build] cwd: %WS1%/Paper
[22:51:30.141][Build] LaTeX build process spawned with PID 10745.
[22:51:30.609][Cacher] Parsed LaTeX AST: %WS1%/Paper/TEPandIntegrity.tex .
[22:51:30.614][File] Calling kpsewhich to resolve IEEEtran.cls .
[22:51:30.856][Cacher] Updated elements in 242.68 ms: %WS1%/Paper/TEPandIntegrity.tex .
[22:51:30.857][Event] FILE_PARSED: "%WS1%/Paper/TEPandIntegrity.tex"
[22:51:30.859][Structure] Structure force updated with 10 root sections for %WS1%/Paper/TEPandIntegrity.tex .
[22:51:30.860][Event] STRUCTURE_UPDATED
[22:51:32.056][Parser][TexLog] Logged 9 messages.
[22:51:32.057][Build] Finished a step in recipe with PID 10745.
[22:51:32.058][Build] Successfully built %WS1%/Paper/TEPandIntegrity.tex .
[22:51:32.058][Event] BUILD_DONE
[22:51:32.060][Viewer] Call refreshExistingViewer: "%WS1%/Paper/TEPandIntegrity.pdf" .
[22:51:32.061][Viewer] Refresh PDF viewer: %WS1%/Paper/TEPandIntegrity.pdf
[22:51:32.062][Cacher] Parsing .fls %WS1%/Paper/TEPandIntegrity.fls .
[22:51:32.076][Cacher] Found .aux %WS1%/Paper/TEPandIntegrity.tex from .fls %WS1%/Paper/TEPandIntegrity.fls , parsing.
[22:51:32.077][Cacher] Parsed .aux %WS1%/Paper/TEPandIntegrity.tex .
[22:51:32.077][Cacher] Parsed .fls %WS1%/Paper/TEPandIntegrity.fls .
[22:51:32.083][Server] Preview PDF file: file://%WS1%/Paper/TEPandIntegrity.pdf
[22:51:57.730][Event] STRUCTURE_UPDATED
[22:51:59.109][Commander] BUILD command invoked.
[22:51:59.109][Build] The document of the active editor: file://%WS1%/Paper/TEPandIntegrity.tex
[22:51:59.110][Build] The languageId of the document: latex
[22:51:59.110][Root] Current workspace folders: ["file://%WS1%"]
[22:51:59.114][Root] Found root file from active editor: %WS1%/Paper/TEPandIntegrity.tex
[22:51:59.115][Root] Keep using the same root file: %WS1%/Paper/TEPandIntegrity.tex
[22:51:59.115][Event] ROOT_FILE_SEARCHED
[22:51:59.116][Event] STRUCTURE_UPDATED
[22:51:59.117][Build] Building root file: %WS1%/Paper/TEPandIntegrity.tex
[22:51:59.117][Build][Recipe] Build root file %WS1%/Paper/TEPandIntegrity.tex
[22:51:59.120][Build][Recipe] Preparing to run recipe: latexmk.
[22:51:59.121][Build][Recipe] Prepared 1 tools.
[22:51:59.123][Build][Recipe] outDir: %WS1%/Paper .
[22:51:59.125][Build] Recipe step 1 The command is latexmk:["-synctex=1","-interaction=nonstopmode","-file-line-error","-pdf","-outdir=%WS1%/Paper","%WS1%/Paper/TEPandIntegrity"].
[22:51:59.125][Build] env: {}
[22:51:59.126][Build] root: %WS1%/Paper/TEPandIntegrity.tex
[22:51:59.127][Build] cwd: %WS1%/Paper
[22:51:59.144][Build] LaTeX build process spawned with PID 11094.
[22:51:59.393][Build] Finished a step in recipe with PID 11094.
[22:51:59.393][Build] Successfully built %WS1%/Paper/TEPandIntegrity.tex .
[22:51:59.394][Event] BUILD_DONE
[22:52:07.128][Viewer] Handle data type: loaded
[22:52:07.129][Event] VIEWER_PAGE_LOADED
[22:52:21.791][Cacher][Watcher] Reset.
[22:52:21.791][Cacher][Watcher] Reset.
[22:52:21.791][Cacher][Watcher] Reset.
