2024-01-31 11:52:15.868 [info] Log level: Info
2024-01-31 11:52:15.868 [info] Validating found git in: "git"
2024-01-31 11:52:15.868 [info] Using git "2.43.0" from "git"
2024-01-31 11:52:15.868 [info] > git rev-parse --show-toplevel [740ms]
2024-01-31 11:52:15.868 [info] > git rev-parse --git-dir --git-common-dir [6ms]
2024-01-31 11:52:15.869 [info] Open repository: /home/void/Documents/TEP-and-Integrity-Codes
2024-01-31 11:52:15.897 [info] > git config --get commit.template [17ms]
2024-01-31 11:52:15.900 [info] > git rev-parse --show-toplevel [11ms]
2024-01-31 11:52:15.930 [info] > git for-each-ref --format=%(refname)%00%(upstream:short)%00%(objectname)%00%(upstream:track)%00%(upstream:remotename)%00%(upstream:remoteref) refs/heads/main refs/remotes/main [18ms]
2024-01-31 11:52:15.932 [info] > git rev-parse --show-toplevel [6ms]
2024-01-31 11:52:15.994 [info] > git status -z -uall [21ms]
2024-01-31 11:52:15.994 [info] > git rev-parse --show-toplevel [47ms]
2024-01-31 11:52:16.034 [info] > git rev-parse --show-toplevel [29ms]
2024-01-31 11:52:16.051 [info] > git config --get commit.template [18ms]
2024-01-31 11:52:16.055 [info] > git rev-parse --show-toplevel [6ms]
2024-01-31 11:52:16.074 [info] > git for-each-ref --format=%(refname)%00%(upstream:short)%00%(objectname)%00%(upstream:track)%00%(upstream:remotename)%00%(upstream:remoteref) refs/heads/main refs/remotes/main [4ms]
2024-01-31 11:52:16.103 [info] > git status -z -uall [11ms]
2024-01-31 11:52:16.852 [info] > git check-ignore -v -z --stdin [5ms]
2024-01-31 11:57:05.471 [info] > git config --get commit.template [24ms]
2024-01-31 11:57:05.473 [info] > git for-each-ref --format=%(refname)%00%(upstream:short)%00%(objectname)%00%(upstream:track)%00%(upstream:remotename)%00%(upstream:remoteref) refs/heads/main refs/remotes/main [6ms]
2024-01-31 11:57:05.501 [info] > git status -z -uall [7ms]
2024-01-31 11:57:11.726 [info] > git config --get commit.template [22ms]
2024-01-31 11:57:11.727 [info] > git for-each-ref --format=%(refname)%00%(upstream:short)%00%(objectname)%00%(upstream:track)%00%(upstream:remotename)%00%(upstream:remoteref) refs/heads/main refs/remotes/main [5ms]
2024-01-31 11:57:11.755 [info] > git status -z -uall [7ms]
2024-01-31 11:57:17.249 [info] > git show --textconv :Presi/template-pdflatex.tex [37ms]
2024-01-31 11:57:17.249 [info] > git ls-files --stage -- /home/void/Documents/TEP-and-Integrity-Codes/Presi/template-pdflatex.tex [13ms]
2024-01-31 11:57:17.280 [info] > git cat-file -s d4d2f0a02cefb3315657d99864e38c69814b8d08 [12ms]
2024-01-31 11:58:58.222 [info] > git config --get commit.template [6ms]
2024-01-31 11:58:58.262 [info] > git for-each-ref --format=%(refname)%00%(upstream:short)%00%(objectname)%00%(upstream:track)%00%(upstream:remotename)%00%(upstream:remoteref) refs/heads/main refs/remotes/main [13ms]
2024-01-31 11:58:58.351 [info] > git status -z -uall [22ms]
2024-01-31 11:59:01.343 [info] > git show --textconv :Presi/template-pdflatex.tex [11ms]
2024-01-31 11:59:01.345 [info] > git ls-files --stage -- /home/void/Documents/TEP-and-Integrity-Codes/Presi/template-pdflatex.tex [3ms]
2024-01-31 11:59:01.356 [info] > git cat-file -s d4d2f0a02cefb3315657d99864e38c69814b8d08 [2ms]
2024-01-31 12:01:09.320 [info] > git check-ignore -v -z --stdin [4ms]
2024-01-31 12:01:32.578 [info] > git check-ignore -v -z --stdin [1ms]
2024-01-31 12:01:34.980 [info] > git check-ignore -v -z --stdin [3ms]
2024-01-31 12:01:37.919 [info] > git config --get commit.template [33ms]
2024-01-31 12:01:37.921 [info] > git for-each-ref --format=%(refname)%00%(upstream:short)%00%(objectname)%00%(upstream:track)%00%(upstream:remotename)%00%(upstream:remoteref) refs/heads/main refs/remotes/main [8ms]
2024-01-31 12:01:37.959 [info] > git status -z -uall [8ms]
2024-01-31 12:02:31.540 [info] > git config --get commit.template [24ms]
2024-01-31 12:02:31.542 [info] > git for-each-ref --format=%(refname)%00%(upstream:short)%00%(objectname)%00%(upstream:track)%00%(upstream:remotename)%00%(upstream:remoteref) refs/heads/main refs/remotes/main [5ms]
2024-01-31 12:02:31.574 [info] > git status -z -uall [7ms]
2024-01-31 12:02:31.620 [info] > git ls-files --stage -- /home/void/Documents/TEP-and-Integrity-Codes/Presi/template-pdflatex.tex [4ms]
2024-01-31 12:02:31.645 [info] > git cat-file -s d4d2f0a02cefb3315657d99864e38c69814b8d08 [4ms]
2024-01-31 12:02:31.674 [info] > git show --textconv :Presi/template-pdflatex.tex [5ms]
2024-01-31 12:02:33.404 [info] > git check-ignore -v -z --stdin [4ms]
2024-01-31 12:02:33.475 [info] > git ls-files --stage -- /home/void/Documents/TEP-and-Integrity-Codes/Presi/template-pdflatex.tex [5ms]
2024-01-31 12:02:33.510 [info] > git cat-file -s d4d2f0a02cefb3315657d99864e38c69814b8d08 [5ms]
2024-01-31 12:02:33.547 [info] > git show --textconv :Presi/template-pdflatex.tex [6ms]
2024-01-31 12:02:36.637 [info] > git config --get commit.template [27ms]
2024-01-31 12:02:36.639 [info] > git for-each-ref --format=%(refname)%00%(upstream:short)%00%(objectname)%00%(upstream:track)%00%(upstream:remotename)%00%(upstream:remoteref) refs/heads/main refs/remotes/main [5ms]
2024-01-31 12:02:36.673 [info] > git status -z -uall [9ms]
2024-01-31 12:02:59.425 [info] > git check-ignore -v -z --stdin [5ms]
2024-01-31 12:03:02.155 [info] > git config --get commit.template [30ms]
2024-01-31 12:03:02.158 [info] > git for-each-ref --format=%(refname)%00%(upstream:short)%00%(objectname)%00%(upstream:track)%00%(upstream:remotename)%00%(upstream:remoteref) refs/heads/main refs/remotes/main [6ms]
2024-01-31 12:03:02.199 [info] > git status -z -uall [13ms]
2024-01-31 12:03:17.050 [info] > git show --textconv :Presi/template-pdflatex.tex [17ms]
2024-01-31 12:03:17.053 [info] > git ls-files --stage -- /home/void/Documents/TEP-and-Integrity-Codes/Presi/template-pdflatex.tex [7ms]
2024-01-31 12:03:17.067 [info] > git cat-file -s d4d2f0a02cefb3315657d99864e38c69814b8d08 [3ms]
2024-01-31 12:03:30.686 [info] > git config --get commit.template [27ms]
2024-01-31 12:03:30.688 [info] > git for-each-ref --format=%(refname)%00%(upstream:short)%00%(objectname)%00%(upstream:track)%00%(upstream:remotename)%00%(upstream:remoteref) refs/heads/main refs/remotes/main [6ms]
2024-01-31 12:03:30.720 [info] > git status -z -uall [8ms]
2024-01-31 12:04:43.675 [info] > git config --get commit.template [13ms]
2024-01-31 12:04:43.676 [info] > git for-each-ref --format=%(refname)%00%(upstream:short)%00%(objectname)%00%(upstream:track)%00%(upstream:remotename)%00%(upstream:remoteref) refs/heads/main refs/remotes/main [3ms]
2024-01-31 12:04:43.694 [info] > git status -z -uall [6ms]
2024-01-31 12:05:18.531 [info] > git config --get commit.template [18ms]
2024-01-31 12:05:18.532 [info] > git for-each-ref --format=%(refname)%00%(upstream:short)%00%(objectname)%00%(upstream:track)%00%(upstream:remotename)%00%(upstream:remoteref) refs/heads/main refs/remotes/main [4ms]
2024-01-31 12:05:18.553 [info] > git status -z -uall [6ms]
2024-01-31 12:05:21.156 [info] > git show --textconv :Presi/template-pdflatex.tex [33ms]
2024-01-31 12:05:21.162 [info] > git ls-files --stage -- /home/void/Documents/TEP-and-Integrity-Codes/Presi/template-pdflatex.tex [9ms]
2024-01-31 12:05:21.197 [info] > git cat-file -s d4d2f0a02cefb3315657d99864e38c69814b8d08 [6ms]
2024-01-31 12:05:30.192 [info] > git show --textconv :Presi/template-pdflatex.tex [13ms]
2024-01-31 12:05:30.194 [info] > git ls-files --stage -- /home/void/Documents/TEP-and-Integrity-Codes/Presi/template-pdflatex.tex [3ms]
2024-01-31 12:05:30.209 [info] > git cat-file -s d4d2f0a02cefb3315657d99864e38c69814b8d08 [3ms]
2024-01-31 12:05:32.423 [info] > git config --get commit.template [26ms]
2024-01-31 12:05:32.425 [info] > git for-each-ref --format=%(refname)%00%(upstream:short)%00%(objectname)%00%(upstream:track)%00%(upstream:remotename)%00%(upstream:remoteref) refs/heads/main refs/remotes/main [5ms]
2024-01-31 12:05:32.460 [info] > git status -z -uall [8ms]
2024-01-31 12:05:38.602 [info] > git config --get commit.template [27ms]
2024-01-31 12:05:38.604 [info] > git for-each-ref --format=%(refname)%00%(upstream:short)%00%(objectname)%00%(upstream:track)%00%(upstream:remotename)%00%(upstream:remoteref) refs/heads/main refs/remotes/main [5ms]
2024-01-31 12:05:38.638 [info] > git status -z -uall [9ms]
2024-01-31 12:09:04.963 [info] > git show --textconv :Presi/template-pdflatex.tex [11ms]
2024-01-31 12:09:04.964 [info] > git ls-files --stage -- /home/void/Documents/TEP-and-Integrity-Codes/Presi/template-pdflatex.tex [2ms]
2024-01-31 12:09:04.976 [info] > git cat-file -s d4d2f0a02cefb3315657d99864e38c69814b8d08 [2ms]
2024-01-31 12:09:49.221 [info] > git config --get commit.template [30ms]
2024-01-31 12:09:49.223 [info] > git for-each-ref --format=%(refname)%00%(upstream:short)%00%(objectname)%00%(upstream:track)%00%(upstream:remotename)%00%(upstream:remoteref) refs/heads/main refs/remotes/main [6ms]
2024-01-31 12:09:49.260 [info] > git status -z -uall [9ms]
2024-01-31 12:46:26.782 [info] > git show --textconv :Presi/template-pdflatex.tex [13ms]
2024-01-31 12:46:26.784 [info] > git ls-files --stage -- /home/void/Documents/TEP-and-Integrity-Codes/Presi/template-pdflatex.tex [3ms]
2024-01-31 12:46:26.797 [info] > git cat-file -s d4d2f0a02cefb3315657d99864e38c69814b8d08 [3ms]
2024-01-31 13:58:22.035 [info] > git show --textconv :Presi/template-pdflatex.tex [14ms]
2024-01-31 13:58:22.037 [info] > git ls-files --stage -- /home/void/Documents/TEP-and-Integrity-Codes/Presi/template-pdflatex.tex [3ms]
2024-01-31 13:58:22.052 [info] > git cat-file -s d4d2f0a02cefb3315657d99864e38c69814b8d08 [4ms]
2024-01-31 13:58:24.119 [info] > git config --get commit.template [32ms]
2024-01-31 13:58:24.122 [info] > git for-each-ref --format=%(refname)%00%(upstream:short)%00%(objectname)%00%(upstream:track)%00%(upstream:remotename)%00%(upstream:remoteref) refs/heads/main refs/remotes/main [7ms]
2024-01-31 13:58:24.160 [info] > git status -z -uall [10ms]
2024-01-31 13:58:26.318 [info] > git show --textconv :Presi/template-pdflatex.tex [29ms]
2024-01-31 13:58:26.321 [info] > git ls-files --stage -- /home/void/Documents/TEP-and-Integrity-Codes/Presi/template-pdflatex.tex [6ms]
2024-01-31 13:58:26.337 [info] > git cat-file -s d4d2f0a02cefb3315657d99864e38c69814b8d08 [2ms]
2024-01-31 13:59:27.328 [info] > git config --get commit.template [31ms]
2024-01-31 13:59:27.331 [info] > git for-each-ref --format=%(refname)%00%(upstream:short)%00%(objectname)%00%(upstream:track)%00%(upstream:remotename)%00%(upstream:remoteref) refs/heads/main refs/remotes/main [7ms]
2024-01-31 13:59:27.370 [info] > git status -z -uall [12ms]
2024-01-31 14:00:09.292 [info] > git config --get commit.template [6ms]
2024-01-31 14:00:09.329 [info] > git for-each-ref --format=%(refname)%00%(upstream:short)%00%(objectname)%00%(upstream:track)%00%(upstream:remotename)%00%(upstream:remoteref) refs/heads/main refs/remotes/main [8ms]
2024-01-31 14:00:09.376 [info] > git status -z -uall [14ms]
2024-01-31 14:02:04.207 [info] > git config --get commit.template [26ms]
2024-01-31 14:02:04.209 [info] > git for-each-ref --format=%(refname)%00%(upstream:short)%00%(objectname)%00%(upstream:track)%00%(upstream:remotename)%00%(upstream:remoteref) refs/heads/main refs/remotes/main [5ms]
2024-01-31 14:02:04.243 [info] > git status -z -uall [9ms]
2024-01-31 14:02:50.088 [info] > git config --get commit.template [28ms]
2024-01-31 14:02:50.090 [info] > git for-each-ref --format=%(refname)%00%(upstream:short)%00%(objectname)%00%(upstream:track)%00%(upstream:remotename)%00%(upstream:remoteref) refs/heads/main refs/remotes/main [5ms]
2024-01-31 14:02:50.128 [info] > git status -z -uall [12ms]
2024-01-31 14:03:07.223 [info] > git show --textconv :Presi/template-pdflatex.tex [24ms]
2024-01-31 14:03:07.223 [info] > git ls-files --stage -- /home/void/Documents/TEP-and-Integrity-Codes/Presi/template-pdflatex.tex [2ms]
2024-01-31 14:03:07.245 [info] > git cat-file -s d4d2f0a02cefb3315657d99864e38c69814b8d08 [3ms]
2024-01-31 14:03:38.882 [info] > git config --get commit.template [29ms]
2024-01-31 14:03:38.884 [info] > git for-each-ref --format=%(refname)%00%(upstream:short)%00%(objectname)%00%(upstream:track)%00%(upstream:remotename)%00%(upstream:remoteref) refs/heads/main refs/remotes/main [5ms]
2024-01-31 14:03:38.918 [info] > git status -z -uall [9ms]
2024-01-31 14:03:39.352 [info] > git show --textconv :Presi/template-pdflatex.tex [19ms]
2024-01-31 14:03:39.356 [info] > git ls-files --stage -- /home/void/Documents/TEP-and-Integrity-Codes/Presi/template-pdflatex.tex [5ms]
2024-01-31 14:03:39.380 [info] > git cat-file -s d4d2f0a02cefb3315657d99864e38c69814b8d08 [6ms]
2024-01-31 14:03:50.697 [info] > git show --textconv :Presi/template-pdflatex.tex [12ms]
2024-01-31 14:03:50.699 [info] > git ls-files --stage -- /home/void/Documents/TEP-and-Integrity-Codes/Presi/template-pdflatex.tex [3ms]
2024-01-31 14:03:50.712 [info] > git cat-file -s d4d2f0a02cefb3315657d99864e38c69814b8d08 [3ms]
2024-01-31 14:56:12.647 [info] > git config --get commit.template [27ms]
2024-01-31 14:56:12.650 [info] > git for-each-ref --format=%(refname)%00%(upstream:short)%00%(objectname)%00%(upstream:track)%00%(upstream:remotename)%00%(upstream:remoteref) refs/heads/main refs/remotes/main [6ms]
2024-01-31 14:56:12.681 [info] > git status -z -uall [8ms]
2024-01-31 15:02:33.061 [info] > git config --get commit.template [4ms]
2024-01-31 15:02:33.077 [info] > git for-each-ref --format=%(refname)%00%(upstream:short)%00%(objectname)%00%(upstream:track)%00%(upstream:remotename)%00%(upstream:remoteref) refs/heads/main refs/remotes/main [4ms]
2024-01-31 15:02:33.096 [info] > git status -z -uall [5ms]
2024-01-31 15:03:02.047 [info] > git config --get commit.template [28ms]
2024-01-31 15:03:02.049 [info] > git for-each-ref --format=%(refname)%00%(upstream:short)%00%(objectname)%00%(upstream:track)%00%(upstream:remotename)%00%(upstream:remoteref) refs/heads/main refs/remotes/main [5ms]
2024-01-31 15:03:02.084 [info] > git status -z -uall [10ms]
2024-01-31 15:21:44.843 [info] > git show --textconv :Presi/template-pdflatex.tex [11ms]
2024-01-31 15:21:44.845 [info] > git ls-files --stage -- /home/void/Documents/TEP-and-Integrity-Codes/Presi/template-pdflatex.tex [3ms]
2024-01-31 15:21:44.857 [info] > git cat-file -s d4d2f0a02cefb3315657d99864e38c69814b8d08 [2ms]
2024-01-31 15:22:31.715 [info] > git config --get commit.template [25ms]
2024-01-31 15:22:31.716 [info] > git for-each-ref --format=%(refname)%00%(upstream:short)%00%(objectname)%00%(upstream:track)%00%(upstream:remotename)%00%(upstream:remoteref) refs/heads/main refs/remotes/main [4ms]
2024-01-31 15:22:31.752 [info] > git status -z -uall [9ms]
2024-01-31 15:26:34.252 [info] > git for-each-ref --format=%(refname)%00%(upstream:short)%00%(objectname)%00%(upstream:track)%00%(upstream:remotename)%00%(upstream:remoteref) refs/heads/main refs/remotes/main [11ms]
2024-01-31 15:26:34.253 [info] > git config --get commit.template [41ms]
2024-01-31 15:26:34.300 [info] > git status -z -uall [10ms]
2024-01-31 15:26:39.360 [info] > git config --get commit.template [25ms]
2024-01-31 15:26:39.362 [info] > git for-each-ref --format=%(refname)%00%(upstream:short)%00%(objectname)%00%(upstream:track)%00%(upstream:remotename)%00%(upstream:remoteref) refs/heads/main refs/remotes/main [4ms]
2024-01-31 15:26:39.396 [info] > git status -z -uall [9ms]
2024-01-31 15:27:54.380 [info] > git show --textconv :Presi/template-pdflatex.tex [13ms]
2024-01-31 15:27:54.382 [info] > git ls-files --stage -- /home/void/Documents/TEP-and-Integrity-Codes/Presi/template-pdflatex.tex [3ms]
2024-01-31 15:27:54.396 [info] > git cat-file -s d4d2f0a02cefb3315657d99864e38c69814b8d08 [3ms]
2024-01-31 15:28:02.856 [info] > git config --get commit.template [25ms]
2024-01-31 15:28:02.858 [info] > git for-each-ref --format=%(refname)%00%(upstream:short)%00%(objectname)%00%(upstream:track)%00%(upstream:remotename)%00%(upstream:remoteref) refs/heads/main refs/remotes/main [4ms]
2024-01-31 15:28:02.889 [info] > git status -z -uall [8ms]
2024-01-31 15:51:51.411 [info] > git config --get commit.template [15ms]
2024-01-31 15:51:51.413 [info] > git for-each-ref --format=%(refname)%00%(upstream:short)%00%(objectname)%00%(upstream:track)%00%(upstream:remotename)%00%(upstream:remoteref) refs/heads/main refs/remotes/main [2ms]
2024-01-31 15:51:51.434 [info] > git status -z -uall [5ms]
2024-01-31 15:57:00.886 [info] > git show --textconv :Presi/template-pdflatex.tex [10ms]
2024-01-31 15:57:00.888 [info] > git ls-files --stage -- /home/void/Documents/TEP-and-Integrity-Codes/Presi/template-pdflatex.tex [2ms]
2024-01-31 15:57:00.899 [info] > git cat-file -s d4d2f0a02cefb3315657d99864e38c69814b8d08 [2ms]
2024-01-31 16:11:11.477 [info] > git config --get commit.template [28ms]
2024-01-31 16:11:11.480 [info] > git for-each-ref --format=%(refname)%00%(upstream:short)%00%(objectname)%00%(upstream:track)%00%(upstream:remotename)%00%(upstream:remoteref) refs/heads/main refs/remotes/main [5ms]
2024-01-31 16:11:11.516 [info] > git status -z -uall [10ms]
2024-01-31 16:22:27.188 [info] > git show --textconv :Presi/template-pdflatex.tex [12ms]
2024-01-31 16:22:27.191 [info] > git ls-files --stage -- /home/void/Documents/TEP-and-Integrity-Codes/Presi/template-pdflatex.tex [3ms]
2024-01-31 16:22:27.204 [info] > git cat-file -s d4d2f0a02cefb3315657d99864e38c69814b8d08 [3ms]
2024-01-31 16:26:16.777 [info] > git config --get commit.template [10ms]
2024-01-31 16:26:16.777 [info] > git for-each-ref --format=%(refname)%00%(upstream:short)%00%(objectname)%00%(upstream:track)%00%(upstream:remotename)%00%(upstream:remoteref) refs/heads/main refs/remotes/main [1ms]
2024-01-31 16:26:16.789 [info] > git status -z -uall [3ms]
2024-01-31 16:26:30.028 [info] > git show --textconv :Presi/template-pdflatex.tex [29ms]
2024-01-31 16:26:30.030 [info] > git ls-files --stage -- /home/void/Documents/TEP-and-Integrity-Codes/Presi/template-pdflatex.tex [4ms]
2024-01-31 16:26:30.051 [info] > git cat-file -s d4d2f0a02cefb3315657d99864e38c69814b8d08 [4ms]
2024-01-31 16:30:12.388 [info] > git config --get commit.template [19ms]
2024-01-31 16:30:12.389 [info] > git for-each-ref --format=%(refname)%00%(upstream:short)%00%(objectname)%00%(upstream:track)%00%(upstream:remotename)%00%(upstream:remoteref) refs/heads/main refs/remotes/main [3ms]
2024-01-31 16:30:12.405 [info] > git status -z -uall [3ms]
2024-01-31 16:30:19.065 [info] > git config --get commit.template [10ms]
2024-01-31 16:30:19.066 [info] > git for-each-ref --format=%(refname)%00%(upstream:short)%00%(objectname)%00%(upstream:track)%00%(upstream:remotename)%00%(upstream:remoteref) refs/heads/main refs/remotes/main [2ms]
2024-01-31 16:30:19.078 [info] > git status -z -uall [3ms]
2024-01-31 16:33:10.940 [info] > git show --textconv :Presi/template-pdflatex.tex [14ms]
2024-01-31 16:33:10.942 [info] > git ls-files --stage -- /home/void/Documents/TEP-and-Integrity-Codes/Presi/template-pdflatex.tex [6ms]
2024-01-31 16:33:10.953 [info] > git cat-file -s d4d2f0a02cefb3315657d99864e38c69814b8d08 [2ms]
2024-01-31 16:35:05.483 [info] > git show --textconv :Presi/template-pdflatex.tex [10ms]
2024-01-31 16:35:05.484 [info] > git ls-files --stage -- /home/void/Documents/TEP-and-Integrity-Codes/Presi/template-pdflatex.tex [2ms]
2024-01-31 16:35:05.494 [info] > git cat-file -s d4d2f0a02cefb3315657d99864e38c69814b8d08 [2ms]
2024-01-31 16:36:35.515 [info] > git config --get commit.template [13ms]
2024-01-31 16:36:35.516 [info] > git for-each-ref --format=%(refname)%00%(upstream:short)%00%(objectname)%00%(upstream:track)%00%(upstream:remotename)%00%(upstream:remoteref) refs/heads/main refs/remotes/main [3ms]
2024-01-31 16:36:35.528 [info] > git status -z -uall [3ms]
2024-01-31 16:40:12.520 [info] > git show --textconv :Presi/template-pdflatex.tex [32ms]
2024-01-31 16:40:12.524 [info] > git ls-files --stage -- /home/void/Documents/TEP-and-Integrity-Codes/Presi/template-pdflatex.tex [8ms]
2024-01-31 16:40:12.543 [info] > git cat-file -s d4d2f0a02cefb3315657d99864e38c69814b8d08 [2ms]
2024-01-31 16:40:41.141 [info] > git show --textconv :Presi/template-pdflatex.tex [12ms]
2024-01-31 16:40:41.142 [info] > git ls-files --stage -- /home/void/Documents/TEP-and-Integrity-Codes/Presi/template-pdflatex.tex [2ms]
2024-01-31 16:40:41.154 [info] > git cat-file -s d4d2f0a02cefb3315657d99864e38c69814b8d08 [2ms]
2024-01-31 16:41:07.795 [info] > git show --textconv :Presi/template-pdflatex.tex [30ms]
2024-01-31 16:41:07.800 [info] > git ls-files --stage -- /home/void/Documents/TEP-and-Integrity-Codes/Presi/template-pdflatex.tex [6ms]
2024-01-31 16:41:07.822 [info] > git cat-file -s d4d2f0a02cefb3315657d99864e38c69814b8d08 [2ms]
2024-01-31 16:48:21.013 [info] > git show --textconv :Presi/template-pdflatex.tex [28ms]
2024-01-31 16:48:21.015 [info] > git ls-files --stage -- /home/void/Documents/TEP-and-Integrity-Codes/Presi/template-pdflatex.tex [4ms]
2024-01-31 16:48:21.033 [info] > git cat-file -s d4d2f0a02cefb3315657d99864e38c69814b8d08 [4ms]
2024-01-31 16:52:24.732 [info] > git config --get commit.template [13ms]
2024-01-31 16:52:24.733 [info] > git for-each-ref --format=%(refname)%00%(upstream:short)%00%(objectname)%00%(upstream:track)%00%(upstream:remotename)%00%(upstream:remoteref) refs/heads/main refs/remotes/main [2ms]
2024-01-31 16:52:24.751 [info] > git status -z -uall [4ms]
2024-01-31 16:54:07.249 [info] > git config --get commit.template [13ms]
2024-01-31 16:54:07.250 [info] > git for-each-ref --format=%(refname)%00%(upstream:short)%00%(objectname)%00%(upstream:track)%00%(upstream:remotename)%00%(upstream:remoteref) refs/heads/main refs/remotes/main [2ms]
2024-01-31 16:54:07.262 [info] > git status -z -uall [3ms]
2024-01-31 16:54:10.835 [info] > git show --textconv :Presi/template-pdflatex.tex [29ms]
2024-01-31 16:54:10.839 [info] > git ls-files --stage -- /home/void/Documents/TEP-and-Integrity-Codes/Presi/template-pdflatex.tex [5ms]
2024-01-31 16:54:10.864 [info] > git cat-file -s d4d2f0a02cefb3315657d99864e38c69814b8d08 [4ms]
2024-01-31 17:03:10.491 [info] > git config --get commit.template [1ms]
2024-01-31 17:03:10.503 [info] > git for-each-ref --format=%(refname)%00%(upstream:short)%00%(objectname)%00%(upstream:track)%00%(upstream:remotename)%00%(upstream:remoteref) refs/heads/main refs/remotes/main [2ms]
2024-01-31 17:03:10.515 [info] > git status -z -uall [4ms]
2024-01-31 17:03:23.974 [info] > git config --get commit.template [26ms]
2024-01-31 17:03:23.976 [info] > git for-each-ref --format=%(refname)%00%(upstream:short)%00%(objectname)%00%(upstream:track)%00%(upstream:remotename)%00%(upstream:remoteref) refs/heads/main refs/remotes/main [5ms]
2024-01-31 17:03:24.001 [info] > git status -z -uall [4ms]
2024-01-31 17:06:59.616 [info] > git config --get commit.template [27ms]
2024-01-31 17:06:59.618 [info] > git for-each-ref --format=%(refname)%00%(upstream:short)%00%(objectname)%00%(upstream:track)%00%(upstream:remotename)%00%(upstream:remoteref) refs/heads/main refs/remotes/main [5ms]
2024-01-31 17:06:59.639 [info] > git status -z -uall [5ms]
2024-01-31 17:09:37.055 [info] > git config --get commit.template [12ms]
2024-01-31 17:09:37.056 [info] > git for-each-ref --format=%(refname)%00%(upstream:short)%00%(objectname)%00%(upstream:track)%00%(upstream:remotename)%00%(upstream:remoteref) refs/heads/main refs/remotes/main [3ms]
2024-01-31 17:09:37.068 [info] > git status -z -uall [3ms]
2024-01-31 17:12:12.261 [info] > git show --textconv :Presi/template-pdflatex.tex [30ms]
2024-01-31 17:12:12.266 [info] > git ls-files --stage -- /home/void/Documents/TEP-and-Integrity-Codes/Presi/template-pdflatex.tex [6ms]
2024-01-31 17:12:12.288 [info] > git cat-file -s d4d2f0a02cefb3315657d99864e38c69814b8d08 [3ms]
2024-01-31 17:17:56.582 [info] > git show --textconv :Presi/template-pdflatex.tex [8ms]
2024-01-31 17:17:56.583 [info] > git ls-files --stage -- /home/void/Documents/TEP-and-Integrity-Codes/Presi/template-pdflatex.tex [2ms]
2024-01-31 17:17:56.592 [info] > git cat-file -s d4d2f0a02cefb3315657d99864e38c69814b8d08 [2ms]
2024-01-31 17:24:05.623 [info] > git check-ignore -v -z --stdin [4ms]
2024-01-31 17:24:11.662 [info] > git check-ignore -v -z --stdin [6ms]
2024-01-31 17:24:13.971 [info] > git check-ignore -v -z --stdin [5ms]
2024-01-31 17:24:14.988 [info] > git check-ignore -v -z --stdin [1ms]
2024-01-31 17:24:18.803 [info] > git check-ignore -v -z --stdin [4ms]
2024-01-31 17:24:27.404 [info] > git show --textconv :Paper/TEPandIntegrity.tex [10ms]
2024-01-31 17:24:27.405 [info] > git ls-files --stage -- /home/void/Documents/TEP-and-Integrity-Codes/Paper/TEPandIntegrity.tex [2ms]
2024-01-31 17:24:27.416 [info] > git cat-file -s f8b9cc0b42b99fdaab51a34f7c3bba4a179152c4 [2ms]
2024-01-31 17:24:38.086 [info] > git show --textconv :Presi/template-pdflatex.tex [9ms]
2024-01-31 17:24:38.087 [info] > git ls-files --stage -- /home/void/Documents/TEP-and-Integrity-Codes/Presi/template-pdflatex.tex [2ms]
2024-01-31 17:24:38.097 [info] > git cat-file -s d4d2f0a02cefb3315657d99864e38c69814b8d08 [1ms]
2024-01-31 17:24:52.837 [info] > git show --textconv :Paper/TEPandIntegrity.tex [11ms]
2024-01-31 17:24:52.839 [info] > git ls-files --stage -- /home/void/Documents/TEP-and-Integrity-Codes/Paper/TEPandIntegrity.tex [2ms]
2024-01-31 17:24:52.848 [info] > git cat-file -s f8b9cc0b42b99fdaab51a34f7c3bba4a179152c4 [1ms]
2024-01-31 17:24:55.029 [info] > git show --textconv :Presi/template-pdflatex.tex [10ms]
2024-01-31 17:24:55.031 [info] > git ls-files --stage -- /home/void/Documents/TEP-and-Integrity-Codes/Presi/template-pdflatex.tex [2ms]
2024-01-31 17:24:55.041 [info] > git cat-file -s d4d2f0a02cefb3315657d99864e38c69814b8d08 [2ms]
2024-01-31 17:25:55.491 [info] > git show --textconv :Paper/TEPandIntegrity.tex [14ms]
2024-01-31 17:25:55.495 [info] > git ls-files --stage -- /home/void/Documents/TEP-and-Integrity-Codes/Paper/TEPandIntegrity.tex [4ms]
2024-01-31 17:25:55.509 [info] > git cat-file -s f8b9cc0b42b99fdaab51a34f7c3bba4a179152c4 [2ms]
2024-01-31 17:25:58.006 [info] > git show --textconv :Presi/template-pdflatex.tex [9ms]
2024-01-31 17:25:58.007 [info] > git ls-files --stage -- /home/void/Documents/TEP-and-Integrity-Codes/Presi/template-pdflatex.tex [1ms]
2024-01-31 17:25:58.016 [info] > git cat-file -s d4d2f0a02cefb3315657d99864e38c69814b8d08 [1ms]
2024-01-31 17:26:45.364 [info] > git config --get commit.template [22ms]
2024-01-31 17:26:45.364 [info] > git for-each-ref --format=%(refname)%00%(upstream:short)%00%(objectname)%00%(upstream:track)%00%(upstream:remotename)%00%(upstream:remoteref) refs/heads/main refs/remotes/main [2ms]
2024-01-31 17:26:45.380 [info] > git status -z -uall [4ms]
2024-01-31 17:26:50.451 [info] > git config --get commit.template [33ms]
2024-01-31 17:26:50.452 [info] > git for-each-ref --format=%(refname)%00%(upstream:short)%00%(objectname)%00%(upstream:track)%00%(upstream:remotename)%00%(upstream:remoteref) refs/heads/main refs/remotes/main [3ms]
2024-01-31 17:26:50.474 [info] > git status -z -uall [5ms]
2024-01-31 17:26:55.038 [info] > git show --textconv :Paper/TEPandIntegrity.tex [14ms]
2024-01-31 17:26:55.039 [info] > git ls-files --stage -- /home/void/Documents/TEP-and-Integrity-Codes/Paper/TEPandIntegrity.tex [2ms]
2024-01-31 17:26:55.050 [info] > git cat-file -s f8b9cc0b42b99fdaab51a34f7c3bba4a179152c4 [1ms]
2024-01-31 17:26:56.445 [info] > git show --textconv :Presi/template-pdflatex.tex [12ms]
2024-01-31 17:26:56.447 [info] > git ls-files --stage -- /home/void/Documents/TEP-and-Integrity-Codes/Presi/template-pdflatex.tex [4ms]
2024-01-31 17:26:56.457 [info] > git cat-file -s d4d2f0a02cefb3315657d99864e38c69814b8d08 [1ms]
2024-01-31 17:27:09.679 [info] > git show --textconv :Paper/TEPandIntegrity.tex [10ms]
2024-01-31 17:27:09.681 [info] > git ls-files --stage -- /home/void/Documents/TEP-and-Integrity-Codes/Paper/TEPandIntegrity.tex [1ms]
2024-01-31 17:27:09.691 [info] > git cat-file -s f8b9cc0b42b99fdaab51a34f7c3bba4a179152c4 [2ms]
2024-01-31 17:27:10.440 [info] > git show --textconv :Presi/template-pdflatex.tex [9ms]
2024-01-31 17:27:10.441 [info] > git ls-files --stage -- /home/void/Documents/TEP-and-Integrity-Codes/Presi/template-pdflatex.tex [2ms]
2024-01-31 17:27:10.450 [info] > git cat-file -s d4d2f0a02cefb3315657d99864e38c69814b8d08 [1ms]
2024-01-31 17:27:13.907 [info] > git show --textconv :Presi/template-pdflatex.tex [20ms]
2024-01-31 17:27:13.909 [info] > git ls-files --stage -- /home/void/Documents/TEP-and-Integrity-Codes/Presi/template-pdflatex.tex [4ms]
2024-01-31 17:27:13.931 [info] > git cat-file -s d4d2f0a02cefb3315657d99864e38c69814b8d08 [4ms]
2024-01-31 17:27:35.056 [info] > git config --get commit.template [23ms]
2024-01-31 17:27:35.058 [info] > git for-each-ref --format=%(refname)%00%(upstream:short)%00%(objectname)%00%(upstream:track)%00%(upstream:remotename)%00%(upstream:remoteref) refs/heads/main refs/remotes/main [2ms]
2024-01-31 17:27:35.075 [info] > git status -z -uall [4ms]
2024-01-31 17:27:44.286 [info] > git show --textconv :Presi/template-pdflatex.tex [13ms]
2024-01-31 17:27:44.287 [info] > git ls-files --stage -- /home/void/Documents/TEP-and-Integrity-Codes/Presi/template-pdflatex.tex [2ms]
2024-01-31 17:27:44.300 [info] > git cat-file -s d4d2f0a02cefb3315657d99864e38c69814b8d08 [2ms]
2024-01-31 17:28:52.308 [info] > git show --textconv :Presi/template-pdflatex.tex [11ms]
2024-01-31 17:28:52.309 [info] > git ls-files --stage -- /home/void/Documents/TEP-and-Integrity-Codes/Presi/template-pdflatex.tex [1ms]
2024-01-31 17:28:52.321 [info] > git cat-file -s d4d2f0a02cefb3315657d99864e38c69814b8d08 [1ms]
2024-01-31 17:29:56.631 [info] > git show --textconv :Presi/template-pdflatex.tex [27ms]
2024-01-31 17:29:56.633 [info] > git ls-files --stage -- /home/void/Documents/TEP-and-Integrity-Codes/Presi/template-pdflatex.tex [3ms]
2024-01-31 17:29:56.645 [info] > git cat-file -s d4d2f0a02cefb3315657d99864e38c69814b8d08 [2ms]
2024-01-31 18:15:46.487 [info] > git config --get commit.template [29ms]
2024-01-31 18:15:46.489 [info] > git for-each-ref --format=%(refname)%00%(upstream:short)%00%(objectname)%00%(upstream:track)%00%(upstream:remotename)%00%(upstream:remoteref) refs/heads/main refs/remotes/main [5ms]
2024-01-31 18:15:46.526 [info] > git status -z -uall [9ms]
2024-01-31 18:16:05.360 [info] > git show --textconv :Presi/template-pdflatex.tex [11ms]
2024-01-31 18:16:05.362 [info] > git ls-files --stage -- /home/void/Documents/TEP-and-Integrity-Codes/Presi/template-pdflatex.tex [3ms]
2024-01-31 18:16:05.375 [info] > git cat-file -s d4d2f0a02cefb3315657d99864e38c69814b8d08 [2ms]
2024-01-31 18:16:20.725 [info] > git config --get commit.template [43ms]
2024-01-31 18:16:20.730 [info] > git for-each-ref --format=%(refname)%00%(upstream:short)%00%(objectname)%00%(upstream:track)%00%(upstream:remotename)%00%(upstream:remoteref) refs/heads/main refs/remotes/main [7ms]
2024-01-31 18:16:20.770 [info] > git status -z -uall [10ms]
2024-01-31 18:16:31.393 [info] > git show --textconv :Presi/template-pdflatex.tex [13ms]
2024-01-31 18:16:31.394 [info] > git ls-files --stage -- /home/void/Documents/TEP-and-Integrity-Codes/Presi/template-pdflatex.tex [2ms]
2024-01-31 18:16:31.407 [info] > git cat-file -s d4d2f0a02cefb3315657d99864e38c69814b8d08 [2ms]
2024-01-31 18:17:13.135 [info] > git config --get commit.template [27ms]
2024-01-31 18:17:13.136 [info] > git for-each-ref --format=%(refname)%00%(upstream:short)%00%(objectname)%00%(upstream:track)%00%(upstream:remotename)%00%(upstream:remoteref) refs/heads/main refs/remotes/main [4ms]
2024-01-31 18:17:13.170 [info] > git status -z -uall [8ms]
2024-01-31 18:24:02.052 [info] > git config --get commit.template [27ms]
2024-01-31 18:24:02.054 [info] > git for-each-ref --format=%(refname)%00%(upstream:short)%00%(objectname)%00%(upstream:track)%00%(upstream:remotename)%00%(upstream:remoteref) refs/heads/main refs/remotes/main [4ms]
2024-01-31 18:24:02.087 [info] > git status -z -uall [8ms]
2024-01-31 18:28:58.147 [info] > git show --textconv :Presi/template-pdflatex.tex [12ms]
2024-01-31 18:28:58.148 [info] > git ls-files --stage -- /home/void/Documents/TEP-and-Integrity-Codes/Presi/template-pdflatex.tex [2ms]
2024-01-31 18:28:58.160 [info] > git cat-file -s d4d2f0a02cefb3315657d99864e38c69814b8d08 [2ms]
2024-01-31 18:44:48.756 [info] > git ls-files --stage -- /home/void/Documents/TEP-and-Integrity-Codes/Presi/template-pdflatex.tex [5ms]
2024-01-31 18:44:48.790 [info] > git cat-file -s fa49d907e7c53274969098ce3d372283a80614a9 [6ms]
2024-01-31 18:44:48.829 [info] > git show --textconv :Presi/template-pdflatex.tex [5ms]
2024-01-31 18:44:49.149 [info] > git config --get commit.template [5ms]
2024-01-31 18:44:49.184 [info] > git for-each-ref --format=%(refname)%00%(upstream:short)%00%(objectname)%00%(upstream:track)%00%(upstream:remotename)%00%(upstream:remoteref) refs/heads/main refs/remotes/main [4ms]
2024-01-31 18:44:49.204 [info] > git status -z -uall [3ms]
2024-01-31 18:44:54.852 [info] > git config --get commit.template [30ms]
2024-01-31 18:44:54.854 [info] > git for-each-ref --format=%(refname)%00%(upstream:short)%00%(objectname)%00%(upstream:track)%00%(upstream:remotename)%00%(upstream:remoteref) refs/heads/main refs/remotes/main [5ms]
2024-01-31 18:44:54.891 [info] > git status -z -uall [8ms]
2024-01-31 18:44:54.943 [info] > git ls-files --stage -- /home/void/Documents/TEP-and-Integrity-Codes/Presi/template-pdflatex.tex [5ms]
2024-01-31 18:44:54.974 [info] > git cat-file -s fa49d907e7c53274969098ce3d372283a80614a9 [6ms]
2024-01-31 18:44:55.010 [info] > git show --textconv :Presi/template-pdflatex.tex [8ms]
2024-01-31 19:00:48.684 [info] > git config --get commit.template [10ms]
2024-01-31 19:00:48.761 [info] > git for-each-ref --format=%(refname)%00%(upstream:short)%00%(objectname)%00%(upstream:track)%00%(upstream:remotename)%00%(upstream:remoteref) refs/heads/main refs/remotes/main [17ms]
2024-01-31 19:00:48.827 [info] > git status -z -uall [16ms]
2024-01-31 19:02:52.299 [info] > git config --get commit.template [26ms]
2024-01-31 19:02:52.301 [info] > git for-each-ref --format=%(refname)%00%(upstream:short)%00%(objectname)%00%(upstream:track)%00%(upstream:remotename)%00%(upstream:remoteref) refs/heads/main refs/remotes/main [5ms]
2024-01-31 19:02:52.334 [info] > git status -z -uall [8ms]
2024-01-31 19:03:13.391 [info] > git show --textconv :Presi/template-pdflatex.tex [11ms]
2024-01-31 19:03:13.393 [info] > git ls-files --stage -- /home/void/Documents/TEP-and-Integrity-Codes/Presi/template-pdflatex.tex [2ms]
2024-01-31 19:03:13.408 [info] > git cat-file -s fa49d907e7c53274969098ce3d372283a80614a9 [3ms]
2024-01-31 19:03:23.430 [info] > git config --get commit.template [37ms]
2024-01-31 19:03:23.434 [info] > git for-each-ref --format=%(refname)%00%(upstream:short)%00%(objectname)%00%(upstream:track)%00%(upstream:remotename)%00%(upstream:remoteref) refs/heads/main refs/remotes/main [9ms]
2024-01-31 19:03:23.486 [info] > git status -z -uall [9ms]
2024-01-31 19:03:39.693 [info] > git show --textconv :Presi/template-pdflatex.tex [12ms]
2024-01-31 19:03:39.695 [info] > git ls-files --stage -- /home/void/Documents/TEP-and-Integrity-Codes/Presi/template-pdflatex.tex [3ms]
2024-01-31 19:03:39.707 [info] > git cat-file -s fa49d907e7c53274969098ce3d372283a80614a9 [2ms]
2024-01-31 19:03:53.308 [info] > git config --get commit.template [29ms]
2024-01-31 19:03:53.310 [info] > git for-each-ref --format=%(refname)%00%(upstream:short)%00%(objectname)%00%(upstream:track)%00%(upstream:remotename)%00%(upstream:remoteref) refs/heads/main refs/remotes/main [5ms]
2024-01-31 19:03:53.344 [info] > git status -z -uall [8ms]
2024-01-31 19:26:05.089 [info] > git config --get commit.template [30ms]
2024-01-31 19:26:05.092 [info] > git for-each-ref --format=%(refname)%00%(upstream:short)%00%(objectname)%00%(upstream:track)%00%(upstream:remotename)%00%(upstream:remoteref) refs/heads/main refs/remotes/main [6ms]
2024-01-31 19:26:05.128 [info] > git status -z -uall [8ms]
2024-01-31 19:26:05.190 [info] > git ls-files --stage -- /home/void/Documents/TEP-and-Integrity-Codes/Presi/template-pdflatex.tex [7ms]
2024-01-31 19:26:05.223 [info] > git cat-file -s b473d39442144fb214b45825ea3879c6b82dd41b [5ms]
2024-01-31 19:26:05.263 [info] > git show --textconv :Presi/template-pdflatex.tex [5ms]
2024-01-31 19:26:08.208 [info] > git ls-files --stage -- /home/void/Documents/TEP-and-Integrity-Codes/Presi/template-pdflatex.tex [4ms]
2024-01-31 19:26:08.239 [info] > git cat-file -s b473d39442144fb214b45825ea3879c6b82dd41b [5ms]
2024-01-31 19:26:08.276 [info] > git show --textconv :Presi/template-pdflatex.tex [6ms]
2024-01-31 19:26:10.231 [info] > git config --get commit.template [59ms]
2024-01-31 19:26:10.232 [info] > git ls-files --stage -- /home/void/Documents/TEP-and-Integrity-Codes/Presi/template-pdflatex.tex [30ms]
2024-01-31 19:26:10.267 [info] > git for-each-ref --format=%(refname)%00%(upstream:short)%00%(objectname)%00%(upstream:track)%00%(upstream:remotename)%00%(upstream:remoteref) refs/heads/main refs/remotes/main [39ms]
2024-01-31 19:26:10.270 [info] > git cat-file -s b473d39442144fb214b45825ea3879c6b82dd41b [5ms]
2024-01-31 19:26:10.336 [info] > git status -z -uall [37ms]
2024-01-31 19:26:10.348 [info] > git show --textconv :Presi/template-pdflatex.tex [16ms]
2024-01-31 19:26:33.094 [info] > git config --get commit.template [30ms]
2024-01-31 19:26:33.098 [info] > git for-each-ref --format=%(refname)%00%(upstream:short)%00%(objectname)%00%(upstream:track)%00%(upstream:remotename)%00%(upstream:remoteref) refs/heads/main refs/remotes/main [7ms]
2024-01-31 19:26:33.138 [info] > git status -z -uall [8ms]
2024-01-31 19:26:33.178 [info] > git ls-files --stage -- /home/void/Documents/TEP-and-Integrity-Codes/Presi/template-pdflatex.tex [5ms]
2024-01-31 19:26:33.209 [info] > git cat-file -s b473d39442144fb214b45825ea3879c6b82dd41b [5ms]
2024-01-31 19:26:33.245 [info] > git show --textconv :Presi/template-pdflatex.tex [6ms]
2024-01-31 19:26:35.796 [info] > git ls-files --stage -- /home/void/Documents/TEP-and-Integrity-Codes/Presi/template-pdflatex.tex [5ms]
2024-01-31 19:26:35.829 [info] > git cat-file -s b473d39442144fb214b45825ea3879c6b82dd41b [5ms]
2024-01-31 19:26:35.873 [info] > git show --textconv :Presi/template-pdflatex.tex [6ms]
2024-01-31 19:26:38.206 [info] > git config --get commit.template [31ms]
2024-01-31 19:26:38.209 [info] > git for-each-ref --format=%(refname)%00%(upstream:short)%00%(objectname)%00%(upstream:track)%00%(upstream:remotename)%00%(upstream:remoteref) refs/heads/main refs/remotes/main [6ms]
2024-01-31 19:26:38.250 [info] > git status -z -uall [8ms]
2024-01-31 19:26:42.377 [info] > git ls-files --stage -- /home/void/Documents/TEP-and-Integrity-Codes/Presi/template-pdflatex.tex [5ms]
2024-01-31 19:26:42.410 [info] > git cat-file -s b473d39442144fb214b45825ea3879c6b82dd41b [5ms]
2024-01-31 19:26:42.448 [info] > git show --textconv :Presi/template-pdflatex.tex [6ms]
2024-01-31 19:26:43.294 [info] > git for-each-ref --format=%(refname)%00%(upstream:short)%00%(objectname)%00%(upstream:track)%00%(upstream:remotename)%00%(upstream:remoteref) refs/heads/main refs/remotes/main [7ms]
2024-01-31 19:26:43.334 [info] > git status -z -uall [11ms]
2024-01-31 19:27:00.010 [info] > git check-ignore -v -z --stdin [5ms]
2024-01-31 19:27:12.131 [info] > git show --textconv :Presi/template-pdflatex.tex [13ms]
2024-01-31 19:27:12.133 [info] > git ls-files --stage -- /home/void/Documents/TEP-and-Integrity-Codes/Presi/template-pdflatex.tex [3ms]
2024-01-31 19:27:12.146 [info] > git cat-file -s b473d39442144fb214b45825ea3879c6b82dd41b [3ms]
2024-01-31 19:27:13.236 [info] > git for-each-ref --format=%(refname)%00%(upstream:short)%00%(objectname)%00%(upstream:track)%00%(upstream:remotename)%00%(upstream:remoteref) refs/heads/main refs/remotes/main [4ms]
2024-01-31 19:27:13.257 [info] > git status -z -uall [6ms]
2024-01-31 19:27:40.839 [info] > git for-each-ref --format=%(refname)%00%(upstream:short)%00%(objectname)%00%(upstream:track)%00%(upstream:remotename)%00%(upstream:remoteref) refs/heads/main refs/remotes/main [9ms]
2024-01-31 19:27:40.884 [info] > git status -z -uall [11ms]
2024-01-31 19:27:45.621 [info] > git show --textconv :Presi/template-pdflatex.tex [15ms]
2024-01-31 19:27:45.623 [info] > git ls-files --stage -- /home/void/Documents/TEP-and-Integrity-Codes/Presi/template-pdflatex.tex [3ms]
2024-01-31 19:27:45.638 [info] > git cat-file -s b473d39442144fb214b45825ea3879c6b82dd41b [3ms]
2024-01-31 19:29:09.989 [info] > git show --textconv :Paper/TEPandIntegrity.tex [16ms]
2024-01-31 19:29:09.994 [info] > git ls-files --stage -- /home/void/Documents/TEP-and-Integrity-Codes/Paper/TEPandIntegrity.tex [6ms]
2024-01-31 19:29:10.009 [info] > git cat-file -s f8b9cc0b42b99fdaab51a34f7c3bba4a179152c4 [3ms]
2024-01-31 19:29:15.484 [info] > git for-each-ref --format=%(refname)%00%(upstream:short)%00%(objectname)%00%(upstream:track)%00%(upstream:remotename)%00%(upstream:remoteref) refs/heads/main refs/remotes/main [7ms]
2024-01-31 19:29:15.527 [info] > git status -z -uall [12ms]
2024-01-31 19:29:27.449 [info] > git show --textconv :Paper/TEPandIntegrity.tex [13ms]
2024-01-31 19:29:27.450 [info] > git ls-files --stage -- /home/void/Documents/TEP-and-Integrity-Codes/Paper/TEPandIntegrity.tex [2ms]
2024-01-31 19:29:27.463 [info] > git cat-file -s f8b9cc0b42b99fdaab51a34f7c3bba4a179152c4 [2ms]
2024-01-31 19:29:33.061 [info] > git show --textconv :Presi/template-pdflatex.tex [25ms]
2024-01-31 19:29:33.061 [info] > git ls-files --stage -- /home/void/Documents/TEP-and-Integrity-Codes/Presi/template-pdflatex.tex [5ms]
2024-01-31 19:29:33.085 [info] > git cat-file -s b473d39442144fb214b45825ea3879c6b82dd41b [5ms]
2024-01-31 19:29:42.312 [info] > git for-each-ref --format=%(refname)%00%(upstream:short)%00%(objectname)%00%(upstream:track)%00%(upstream:remotename)%00%(upstream:remoteref) refs/heads/main refs/remotes/main [7ms]
2024-01-31 19:29:42.357 [info] > git status -z -uall [13ms]
2024-01-31 19:36:30.781 [info] > git show --textconv :Presi/template-pdflatex.tex [12ms]
2024-01-31 19:36:30.784 [info] > git ls-files --stage -- /home/void/Documents/TEP-and-Integrity-Codes/Presi/template-pdflatex.tex [5ms]
2024-01-31 19:36:30.796 [info] > git cat-file -s b473d39442144fb214b45825ea3879c6b82dd41b [2ms]
2024-01-31 19:36:43.054 [info] > git show --textconv :Presi/template-pdflatex.tex [11ms]
2024-01-31 19:36:43.056 [info] > git ls-files --stage -- /home/void/Documents/TEP-and-Integrity-Codes/Presi/template-pdflatex.tex [2ms]
2024-01-31 19:36:43.068 [info] > git cat-file -s b473d39442144fb214b45825ea3879c6b82dd41b [2ms]
2024-01-31 19:36:44.199 [info] > git show --textconv :Paper/TEPandIntegrity.tex [14ms]
2024-01-31 19:36:44.201 [info] > git ls-files --stage -- /home/void/Documents/TEP-and-Integrity-Codes/Paper/TEPandIntegrity.tex [3ms]
2024-01-31 19:36:44.214 [info] > git cat-file -s f8b9cc0b42b99fdaab51a34f7c3bba4a179152c4 [2ms]
