2024-01-29 14:57:24.936 [info] Active editor: file:///home/void/Documents/TEP-and-Integrity-Codes/beamer-tum/template-pdflatex.tex
2024-01-29 14:57:24.983 [info] /home/void/Documents/TEP-and-Integrity-Codes/Conference-LaTeX-template_10-17-19/TEPandIntegrity.tex.git closed
2024-01-29 15:02:31.208 [info] Active editor: file:///home/void/Documents/TEP-and-Integrity-Codes/Conference-LaTeX-template_10-17-19/TEPandIntegrity.tex
2024-01-29 15:02:31.224 [info] /home/void/Documents/TEP-and-Integrity-Codes/beamer-tum/template-pdflatex.tex.git closed
2024-01-29 15:02:32.600 [info] Active editor: file:///home/void/Documents/TEP-and-Integrity-Codes/beamer-tum/template-pdflatex.tex
2024-01-29 15:02:32.615 [info] /home/void/Documents/TEP-and-Integrity-Codes/Conference-LaTeX-template_10-17-19/TEPandIntegrity.tex.git closed
2024-01-29 15:02:34.473 [info] /home/void/Documents/TEP-and-Integrity-Codes/beamer-tum/template-pdflatex.tex.git closed
2024-01-29 15:02:45.290 [info] Active editor: file:///home/void/Documents/TEP-and-Integrity-Codes/beamer-tum/template-pdflatex.tex
2024-01-29 15:03:03.932 [info] Searching for Author
2024-01-29 15:03:35.996 [info] Active editor: file:///home/void/Documents/TEP-and-Integrity-Codes/Conference-LaTeX-template_10-17-19/TEPandIntegrity.tex
2024-01-29 15:03:36.016 [info] /home/void/Documents/TEP-and-Integrity-Codes/beamer-tum/template-pdflatex.tex.git closed
2024-01-29 15:03:48.832 [info] Active editor: file:///home/void/Documents/TEP-and-Integrity-Codes/beamer-tum/template-pdflatex.tex
2024-01-29 15:03:48.853 [info] /home/void/Documents/TEP-and-Integrity-Codes/Conference-LaTeX-template_10-17-19/TEPandIntegrity.tex.git closed
2024-01-29 15:04:00.131 [info] Active editor: file:///home/void/Documents/TEP-and-Integrity-Codes/Conference-LaTeX-template_10-17-19/TEPandIntegrity.tex
2024-01-29 15:04:00.147 [info] /home/void/Documents/TEP-and-Integrity-Codes/beamer-tum/template-pdflatex.tex.git closed
2024-01-29 15:04:11.660 [info] Active editor: file:///home/void/Documents/TEP-and-Integrity-Codes/beamer-tum/template-pdflatex.tex
2024-01-29 15:04:11.678 [info] /home/void/Documents/TEP-and-Integrity-Codes/Conference-LaTeX-template_10-17-19/TEPandIntegrity.tex.git closed
2024-01-29 15:04:20.375 [info] Executing :w
2024-01-29 15:04:25.852 [info] /home/void/Documents/TEP-and-Integrity-Codes/beamer-tum/template-pdflatex.tex.git closed
2024-01-29 15:04:34.049 [info] Active editor: file:///home/void/Documents/TEP-and-Integrity-Codes/beamer-tum/template-pdflatex.tex
2024-01-29 15:04:41.213 [info] Executing :w
2024-01-29 15:04:44.393 [info] /home/void/Documents/TEP-and-Integrity-Codes/beamer-tum/template-pdflatex.tex.git closed
2024-01-29 15:04:46.735 [info] Active editor: file:///home/void/Documents/TEP-and-Integrity-Codes/beamer-tum/template-pdflatex.tex
2024-01-29 15:05:18.016 [info] /home/void/Documents/TEP-and-Integrity-Codes/beamer-tum/template-pdflatex.tex.git closed
2024-01-29 15:05:21.032 [info] Active editor: file:///home/void/Documents/TEP-and-Integrity-Codes/beamer-tum/template-pdflatex.tex
2024-01-29 15:05:24.927 [info] /home/void/Documents/TEP-and-Integrity-Codes/beamer-tum/template-pdflatex.tex.git closed
2024-01-29 15:05:25.909 [info] Active editor: file:///home/void/Documents/TEP-and-Integrity-Codes/beamer-tum/template-pdflatex.tex
2024-01-29 15:05:28.519 [info] Active editor: file:///home/void/Documents/TEP-and-Integrity-Codes/Conference-LaTeX-template_10-17-19/TEPandIntegrity.tex
2024-01-29 15:05:28.548 [info] /home/void/Documents/TEP-and-Integrity-Codes/beamer-tum/template-pdflatex.tex.git closed
2024-01-29 15:05:30.764 [info] Active editor: file:///home/void/Documents/TEP-and-Integrity-Codes/beamer-tum/template-pdflatex.tex
2024-01-29 15:05:30.788 [info] /home/void/Documents/TEP-and-Integrity-Codes/Conference-LaTeX-template_10-17-19/TEPandIntegrity.tex.git closed
2024-01-29 15:05:33.443 [info] /home/void/Documents/TEP-and-Integrity-Codes/beamer-tum/template-pdflatex.tex.git closed
2024-01-29 15:11:27.245 [info] Active editor: file:///home/void/Documents/TEP-and-Integrity-Codes/beamer-tum/template-pdflatex.tex
2024-01-29 15:14:47.682 [info] /home/void/Documents/TEP-and-Integrity-Codes/beamer-tum/template-pdflatex.tex.git closed
2024-01-29 15:15:20.666 [info] Active editor: file:///home/void/Documents/TEP-and-Integrity-Codes/beamer-tum/template-pdflatex.tex
2024-01-29 15:16:00.754 [info] Executing :w
2024-01-29 15:16:03.308 [info] /home/void/Documents/TEP-and-Integrity-Codes/beamer-tum/template-pdflatex.tex.git closed
2024-01-29 15:16:07.525 [info] Active editor: file:///home/void/Documents/TEP-and-Integrity-Codes/beamer-tum/template-pdflatex.tex
2024-01-29 15:17:09.357 [info] /home/void/Documents/TEP-and-Integrity-Codes/beamer-tum/template-pdflatex.tex.git closed
2024-01-29 15:17:10.558 [info] Active editor: file:///home/void/Documents/TEP-and-Integrity-Codes/beamer-tum/template-pdflatex.tex
2024-01-29 15:17:11.297 [info] /home/void/Documents/TEP-and-Integrity-Codes/beamer-tum/template-pdflatex.tex.git closed
2024-01-29 15:17:16.794 [info] Active editor: file:///home/void/Documents/TEP-and-Integrity-Codes/beamer-tum/template-pdflatex.tex
2024-01-29 15:18:14.629 [info] Executing :w
2024-01-29 15:18:15.286 [info] /home/void/Documents/TEP-and-Integrity-Codes/beamer-tum/template-pdflatex.tex.git closed
2024-01-29 15:18:16.309 [info] Active editor: file:///home/void/Documents/TEP-and-Integrity-Codes/beamer-tum/template-pdflatex.tex
2024-01-29 15:18:17.286 [info] /home/void/Documents/TEP-and-Integrity-Codes/beamer-tum/template-pdflatex.tex.git closed
2024-01-29 15:18:33.379 [info] Active editor: file:///home/void/Documents/TEP-and-Integrity-Codes/beamer-tum/template-pdflatex.tex
2024-01-29 15:18:55.405 [info] /home/void/Documents/TEP-and-Integrity-Codes/beamer-tum/template-pdflatex.tex.git closed
2024-01-29 15:18:57.998 [info] Active editor: file:///home/void/Documents/TEP-and-Integrity-Codes/beamer-tum/template-pdflatex.tex
2024-01-29 15:19:17.784 [info] Executing :w
2024-01-29 15:19:19.206 [info] /home/void/Documents/TEP-and-Integrity-Codes/beamer-tum/template-pdflatex.tex.git closed
2024-01-29 15:19:20.181 [info] Active editor: file:///home/void/Documents/TEP-and-Integrity-Codes/beamer-tum/template-pdflatex.tex
2024-01-29 15:19:21.418 [info] /home/void/Documents/TEP-and-Integrity-Codes/beamer-tum/template-pdflatex.tex.git closed
2024-01-29 15:19:24.231 [info] Active editor: file:///home/void/Documents/TEP-and-Integrity-Codes/beamer-tum/template-pdflatex.tex
2024-01-29 15:20:30.617 [info] /home/void/Documents/TEP-and-Integrity-Codes/beamer-tum/template-pdflatex.tex.git closed
2024-01-29 15:20:34.153 [info] Active editor: file:///home/void/Documents/TEP-and-Integrity-Codes/beamer-tum/template-pdflatex.tex
2024-01-29 15:20:36.904 [info] /home/void/Documents/TEP-and-Integrity-Codes/beamer-tum/template-pdflatex.tex.git closed
2024-01-29 15:20:54.467 [info] Active editor: file:///home/void/Documents/TEP-and-Integrity-Codes/Conference-LaTeX-template_10-17-19/TEPandIntegrity.tex
2024-01-29 15:20:56.349 [info] Active editor: file:///home/void/Documents/TEP-and-Integrity-Codes/beamer-tum/template-pdflatex.tex
2024-01-29 15:20:56.364 [info] /home/void/Documents/TEP-and-Integrity-Codes/Conference-LaTeX-template_10-17-19/TEPandIntegrity.tex.git closed
2024-01-29 15:21:12.276 [info] Executing :w
2024-01-29 15:22:12.897 [info] Executing :w
2024-01-29 15:22:16.902 [info] Active editor: file:///home/void/Documents/TEP-and-Integrity-Codes/Conference-LaTeX-template_10-17-19/TEPandIntegrity.tex
2024-01-29 15:22:16.919 [info] /home/void/Documents/TEP-and-Integrity-Codes/beamer-tum/template-pdflatex.tex.git closed
2024-01-29 15:22:17.910 [info] Active editor: file:///home/void/Documents/TEP-and-Integrity-Codes/beamer-tum/template-pdflatex.tex
2024-01-29 15:22:17.926 [info] /home/void/Documents/TEP-and-Integrity-Codes/Conference-LaTeX-template_10-17-19/TEPandIntegrity.tex.git closed
2024-01-29 15:22:20.410 [info] /home/void/Documents/TEP-and-Integrity-Codes/beamer-tum/template-pdflatex.tex.git closed
2024-01-29 15:22:30.298 [info] Active editor: file:///home/void/Documents/TEP-and-Integrity-Codes/beamer-tum/template-pdflatex.tex
2024-01-29 15:24:12.623 [info] Executing :w
2024-01-29 15:24:28.451 [info] Executing :w
2024-01-29 15:24:30.041 [info] Executing :w
2024-01-29 15:24:42.954 [info] /home/void/Documents/TEP-and-Integrity-Codes/beamer-tum/template-pdflatex.tex.git closed
2024-01-29 15:29:17.028 [info] Active editor: file:///home/void/Documents/TEP-and-Integrity-Codes/beamer-tum/template-pdflatex.tex
2024-01-29 15:29:41.391 [info] Executing :w
2024-01-29 15:35:52.697 [info] /home/void/Documents/TEP-and-Integrity-Codes/beamer-tum/template-pdflatex.tex.git closed
2024-01-29 15:35:53.993 [info] Active editor: file:///home/void/Documents/TEP-and-Integrity-Codes/beamer-tum/template-pdflatex.tex
2024-01-29 15:37:54.008 [info] /home/void/Documents/TEP-and-Integrity-Codes/beamer-tum/template-pdflatex.tex.git closed
2024-01-29 15:37:54.857 [info] Active editor: file:///home/void/Documents/TEP-and-Integrity-Codes/beamer-tum/template-pdflatex.tex
2024-01-29 15:37:56.205 [info] Executing :w
2024-01-29 15:37:57.007 [info] /home/void/Documents/TEP-and-Integrity-Codes/beamer-tum/template-pdflatex.tex.git closed
2024-01-29 15:38:14.648 [info] Active editor: file:///home/void/Documents/TEP-and-Integrity-Codes/Conference-LaTeX-template_10-17-19/TEPandIntegrity.tex
2024-01-29 15:38:35.008 [info] /home/void/Documents/TEP-and-Integrity-Codes/Conference-LaTeX-template_10-17-19/TEPandIntegrity.tex.git closed
2024-01-29 15:40:49.952 [info] Active editor: file:///home/void/Documents/TEP-and-Integrity-Codes/beamer-tum/template-pdflatex.tex
2024-01-29 16:02:42.274 [info] /home/void/Documents/TEP-and-Integrity-Codes/beamer-tum/template-pdflatex.tex.git closed
2024-01-29 16:10:08.009 [info] Active editor: file:///home/void/Documents/TEP-and-Integrity-Codes/beamer-tum/template-pdflatex.tex
2024-01-29 16:47:00.964 [info] /home/void/Documents/TEP-and-Integrity-Codes/beamer-tum/template-pdflatex.tex.git closed
2024-01-29 16:51:24.904 [info] Active editor: file:///home/void/Documents/TEP-and-Integrity-Codes/beamer-tum/template-pdflatex.tex
2024-01-29 16:53:13.589 [info] /home/void/Documents/TEP-and-Integrity-Codes/beamer-tum/template-pdflatex.tex.git closed
2024-01-29 17:17:25.002 [info] Active editor: file:///home/void/Documents/TEP-and-Integrity-Codes/beamer-tum/template-pdflatex.tex
2024-01-29 20:26:22.232 [info] /home/void/Documents/TEP-and-Integrity-Codes/beamer-tum/template-pdflatex.tex.git closed
2024-01-30 16:36:48.414 [info] Active editor: file:///home/void/Documents/TEP-and-Integrity-Codes/beamer-tum/template-pdflatex.tex
2024-01-30 16:39:42.882 [info] Executing :w
2024-01-30 16:39:45.597 [info] /home/void/Documents/TEP-and-Integrity-Codes/beamer-tum/template-pdflatex.tex.git closed
2024-01-30 16:39:51.770 [info] Active editor: file:///home/void/Documents/TEP-and-Integrity-Codes/beamer-tum/template-pdflatex.tex
2024-01-30 16:40:10.985 [info] /home/void/Documents/TEP-and-Integrity-Codes/beamer-tum/template-pdflatex.tex.git closed
2024-01-30 16:40:13.761 [info] Active editor: file:///home/void/Documents/TEP-and-Integrity-Codes/beamer-tum/template-pdflatex.tex
2024-01-30 16:40:50.552 [info] /home/void/Documents/TEP-and-Integrity-Codes/beamer-tum/template-pdflatex.tex.git closed
2024-01-30 16:55:09.854 [info] Active editor: file:///home/void/Documents/TEP-and-Integrity-Codes/beamer-tum/template-pdflatex.tex
2024-01-30 16:55:15.550 [info] Active editor: file:///home/void/Documents/TEP-and-Integrity-Codes/Conference-LaTeX-template_10-17-19/TEPandIntegrity.tex
2024-01-30 16:55:15.577 [info] /home/void/Documents/TEP-and-Integrity-Codes/beamer-tum/template-pdflatex.tex.git closed
2024-01-31 10:24:51.471 [info] /home/void/Documents/TEP-and-Integrity-Codes/Conference-LaTeX-template_10-17-19/TEPandIntegrity.tex.git closed
2024-01-31 10:24:56.508 [info] Active editor: file:///home/void/Documents/TEP-and-Integrity-Codes/beamer-tum/template-pdflatex.tex
2024-01-31 10:28:22.165 [info] /home/void/Documents/TEP-and-Integrity-Codes/beamer-tum/template-pdflatex.tex.git closed
2024-01-31 10:28:31.292 [info] Active editor: file:///home/void/Documents/TEP-and-Integrity-Codes/beamer-tum/template-pdflatex.tex
2024-01-31 10:28:36.566 [info] /home/void/Documents/TEP-and-Integrity-Codes/beamer-tum/template-pdflatex.tex.git closed
2024-01-31 10:28:37.587 [info] Active editor: file:///home/void/Documents/TEP-and-Integrity-Codes/beamer-tum/template-pdflatex.tex
2024-01-31 10:28:39.177 [info] /home/void/Documents/TEP-and-Integrity-Codes/beamer-tum/template-pdflatex.tex.git closed
2024-01-31 10:30:06.098 [info] Active editor: file:///home/void/Documents/TEP-and-Integrity-Codes/beamer-tum/template-pdflatex.tex
2024-01-31 11:33:20.925 [info] Executing :w
2024-01-31 11:33:23.083 [info] /home/void/Documents/TEP-and-Integrity-Codes/beamer-tum/template-pdflatex.tex.git closed
2024-01-31 11:33:44.705 [info] Active editor: file:///home/void/Documents/TEP-and-Integrity-Codes/beamer-tum/template-pdflatex.tex
2024-01-31 11:34:01.055 [info] Executing :w
2024-01-31 11:34:02.379 [info] /home/void/Documents/TEP-and-Integrity-Codes/beamer-tum/template-pdflatex.tex.git closed
2024-01-31 11:34:05.287 [info] Active editor: file:///home/void/Documents/TEP-and-Integrity-Codes/beamer-tum/template-pdflatex.tex
2024-01-31 11:38:30.068 [info] Executing :w
2024-01-31 11:38:33.349 [info] /home/void/Documents/TEP-and-Integrity-Codes/beamer-tum/template-pdflatex.tex.git closed
2024-01-31 11:38:43.454 [info] Active editor: file:///home/void/Documents/TEP-and-Integrity-Codes/beamer-tum/template-pdflatex.tex
